[2021-03-02 07:12:09,521] {scheduler_job.py:182} INFO - Started process (PID=23992) to work on /media/thiagola92/LinuxHD/Documents/public/learning-apache-airflow/venv/lib/python3.7/site-packages/airflow/example_dags/example_complex.py
[2021-03-02 07:12:09,523] {scheduler_job.py:629} INFO - Processing file /media/thiagola92/LinuxHD/Documents/public/learning-apache-airflow/venv/lib/python3.7/site-packages/airflow/example_dags/example_complex.py for tasks to queue
[2021-03-02 07:12:09,523] {logging_mixin.py:104} INFO - [2021-03-02 07:12:09,523] {dagbag.py:448} INFO - Filling up the DagBag from /media/thiagola92/LinuxHD/Documents/public/learning-apache-airflow/venv/lib/python3.7/site-packages/airflow/example_dags/example_complex.py
[2021-03-02 07:12:09,536] {scheduler_job.py:639} INFO - DAG(s) dict_keys(['example_complex']) retrieved from /media/thiagola92/LinuxHD/Documents/public/learning-apache-airflow/venv/lib/python3.7/site-packages/airflow/example_dags/example_complex.py
[2021-03-02 07:12:09,561] {logging_mixin.py:104} INFO - [2021-03-02 07:12:09,561] {dag.py:1818} INFO - Sync 1 DAGs
[2021-03-02 07:12:09,588] {logging_mixin.py:104} INFO - [2021-03-02 07:12:09,588] {dag.py:2273} INFO - Setting next_dagrun for example_complex to None
[2021-03-02 07:12:09,683] {scheduler_job.py:190} INFO - Processing /media/thiagola92/LinuxHD/Documents/public/learning-apache-airflow/venv/lib/python3.7/site-packages/airflow/example_dags/example_complex.py took 0.164 seconds
[2021-03-02 07:12:40,125] {scheduler_job.py:182} INFO - Started process (PID=24687) to work on /media/thiagola92/LinuxHD/Documents/public/learning-apache-airflow/venv/lib/python3.7/site-packages/airflow/example_dags/example_complex.py
[2021-03-02 07:12:40,127] {scheduler_job.py:629} INFO - Processing file /media/thiagola92/LinuxHD/Documents/public/learning-apache-airflow/venv/lib/python3.7/site-packages/airflow/example_dags/example_complex.py for tasks to queue
[2021-03-02 07:12:40,127] {logging_mixin.py:104} INFO - [2021-03-02 07:12:40,127] {dagbag.py:448} INFO - Filling up the DagBag from /media/thiagola92/LinuxHD/Documents/public/learning-apache-airflow/venv/lib/python3.7/site-packages/airflow/example_dags/example_complex.py
[2021-03-02 07:12:40,143] {scheduler_job.py:639} INFO - DAG(s) dict_keys(['example_complex']) retrieved from /media/thiagola92/LinuxHD/Documents/public/learning-apache-airflow/venv/lib/python3.7/site-packages/airflow/example_dags/example_complex.py
[2021-03-02 07:12:40,155] {logging_mixin.py:104} INFO - [2021-03-02 07:12:40,155] {dag.py:1818} INFO - Sync 1 DAGs
[2021-03-02 07:12:40,161] {logging_mixin.py:104} INFO - [2021-03-02 07:12:40,161] {dag.py:2273} INFO - Setting next_dagrun for example_complex to None
[2021-03-02 07:12:40,166] {scheduler_job.py:190} INFO - Processing /media/thiagola92/LinuxHD/Documents/public/learning-apache-airflow/venv/lib/python3.7/site-packages/airflow/example_dags/example_complex.py took 0.045 seconds
[2021-03-02 07:13:11,364] {scheduler_job.py:182} INFO - Started process (PID=25164) to work on /media/thiagola92/LinuxHD/Documents/public/learning-apache-airflow/venv/lib/python3.7/site-packages/airflow/example_dags/example_complex.py
[2021-03-02 07:13:11,366] {scheduler_job.py:629} INFO - Processing file /media/thiagola92/LinuxHD/Documents/public/learning-apache-airflow/venv/lib/python3.7/site-packages/airflow/example_dags/example_complex.py for tasks to queue
[2021-03-02 07:13:11,367] {logging_mixin.py:104} INFO - [2021-03-02 07:13:11,367] {dagbag.py:448} INFO - Filling up the DagBag from /media/thiagola92/LinuxHD/Documents/public/learning-apache-airflow/venv/lib/python3.7/site-packages/airflow/example_dags/example_complex.py
[2021-03-02 07:13:11,393] {scheduler_job.py:639} INFO - DAG(s) dict_keys(['example_complex']) retrieved from /media/thiagola92/LinuxHD/Documents/public/learning-apache-airflow/venv/lib/python3.7/site-packages/airflow/example_dags/example_complex.py
[2021-03-02 07:13:11,406] {logging_mixin.py:104} INFO - [2021-03-02 07:13:11,406] {dag.py:1818} INFO - Sync 1 DAGs
[2021-03-02 07:13:11,413] {logging_mixin.py:104} INFO - [2021-03-02 07:13:11,413] {dag.py:2273} INFO - Setting next_dagrun for example_complex to None
[2021-03-02 07:13:11,417] {scheduler_job.py:190} INFO - Processing /media/thiagola92/LinuxHD/Documents/public/learning-apache-airflow/venv/lib/python3.7/site-packages/airflow/example_dags/example_complex.py took 0.058 seconds
[2021-03-02 07:13:42,194] {scheduler_job.py:182} INFO - Started process (PID=25563) to work on /media/thiagola92/LinuxHD/Documents/public/learning-apache-airflow/venv/lib/python3.7/site-packages/airflow/example_dags/example_complex.py
[2021-03-02 07:13:42,197] {scheduler_job.py:629} INFO - Processing file /media/thiagola92/LinuxHD/Documents/public/learning-apache-airflow/venv/lib/python3.7/site-packages/airflow/example_dags/example_complex.py for tasks to queue
[2021-03-02 07:13:42,201] {logging_mixin.py:104} INFO - [2021-03-02 07:13:42,201] {dagbag.py:448} INFO - Filling up the DagBag from /media/thiagola92/LinuxHD/Documents/public/learning-apache-airflow/venv/lib/python3.7/site-packages/airflow/example_dags/example_complex.py
[2021-03-02 07:13:42,224] {scheduler_job.py:639} INFO - DAG(s) dict_keys(['example_complex']) retrieved from /media/thiagola92/LinuxHD/Documents/public/learning-apache-airflow/venv/lib/python3.7/site-packages/airflow/example_dags/example_complex.py
[2021-03-02 07:13:42,240] {logging_mixin.py:104} INFO - [2021-03-02 07:13:42,240] {dag.py:1818} INFO - Sync 1 DAGs
[2021-03-02 07:13:42,251] {logging_mixin.py:104} INFO - [2021-03-02 07:13:42,251] {dag.py:2273} INFO - Setting next_dagrun for example_complex to None
[2021-03-02 07:13:42,262] {scheduler_job.py:190} INFO - Processing /media/thiagola92/LinuxHD/Documents/public/learning-apache-airflow/venv/lib/python3.7/site-packages/airflow/example_dags/example_complex.py took 0.069 seconds
[2021-03-02 07:14:32,419] {scheduler_job.py:182} INFO - Started process (PID=26245) to work on /media/thiagola92/LinuxHD/Documents/public/learning-apache-airflow/venv/lib/python3.7/site-packages/airflow/example_dags/example_complex.py
[2021-03-02 07:14:32,421] {scheduler_job.py:629} INFO - Processing file /media/thiagola92/LinuxHD/Documents/public/learning-apache-airflow/venv/lib/python3.7/site-packages/airflow/example_dags/example_complex.py for tasks to queue
[2021-03-02 07:14:32,422] {logging_mixin.py:104} INFO - [2021-03-02 07:14:32,422] {dagbag.py:448} INFO - Filling up the DagBag from /media/thiagola92/LinuxHD/Documents/public/learning-apache-airflow/venv/lib/python3.7/site-packages/airflow/example_dags/example_complex.py
[2021-03-02 07:14:32,444] {scheduler_job.py:639} INFO - DAG(s) dict_keys(['example_complex']) retrieved from /media/thiagola92/LinuxHD/Documents/public/learning-apache-airflow/venv/lib/python3.7/site-packages/airflow/example_dags/example_complex.py
[2021-03-02 07:14:32,457] {logging_mixin.py:104} INFO - [2021-03-02 07:14:32,457] {dag.py:1818} INFO - Sync 1 DAGs
[2021-03-02 07:14:32,463] {logging_mixin.py:104} INFO - [2021-03-02 07:14:32,462] {dag.py:2273} INFO - Setting next_dagrun for example_complex to None
[2021-03-02 07:14:32,467] {scheduler_job.py:190} INFO - Processing /media/thiagola92/LinuxHD/Documents/public/learning-apache-airflow/venv/lib/python3.7/site-packages/airflow/example_dags/example_complex.py took 0.054 seconds
[2021-03-02 07:15:03,861] {scheduler_job.py:182} INFO - Started process (PID=26660) to work on /media/thiagola92/LinuxHD/Documents/public/learning-apache-airflow/venv/lib/python3.7/site-packages/airflow/example_dags/example_complex.py
[2021-03-02 07:15:03,862] {scheduler_job.py:629} INFO - Processing file /media/thiagola92/LinuxHD/Documents/public/learning-apache-airflow/venv/lib/python3.7/site-packages/airflow/example_dags/example_complex.py for tasks to queue
[2021-03-02 07:15:03,862] {logging_mixin.py:104} INFO - [2021-03-02 07:15:03,862] {dagbag.py:448} INFO - Filling up the DagBag from /media/thiagola92/LinuxHD/Documents/public/learning-apache-airflow/venv/lib/python3.7/site-packages/airflow/example_dags/example_complex.py
[2021-03-02 07:15:03,871] {scheduler_job.py:639} INFO - DAG(s) dict_keys(['example_complex']) retrieved from /media/thiagola92/LinuxHD/Documents/public/learning-apache-airflow/venv/lib/python3.7/site-packages/airflow/example_dags/example_complex.py
[2021-03-02 07:15:03,881] {logging_mixin.py:104} INFO - [2021-03-02 07:15:03,881] {dag.py:1818} INFO - Sync 1 DAGs
[2021-03-02 07:15:03,887] {logging_mixin.py:104} INFO - [2021-03-02 07:15:03,887] {dag.py:2273} INFO - Setting next_dagrun for example_complex to None
[2021-03-02 07:15:03,891] {scheduler_job.py:190} INFO - Processing /media/thiagola92/LinuxHD/Documents/public/learning-apache-airflow/venv/lib/python3.7/site-packages/airflow/example_dags/example_complex.py took 0.033 seconds
[2021-03-02 07:15:34,205] {scheduler_job.py:182} INFO - Started process (PID=27060) to work on /media/thiagola92/LinuxHD/Documents/public/learning-apache-airflow/venv/lib/python3.7/site-packages/airflow/example_dags/example_complex.py
[2021-03-02 07:15:34,206] {scheduler_job.py:629} INFO - Processing file /media/thiagola92/LinuxHD/Documents/public/learning-apache-airflow/venv/lib/python3.7/site-packages/airflow/example_dags/example_complex.py for tasks to queue
[2021-03-02 07:15:34,207] {logging_mixin.py:104} INFO - [2021-03-02 07:15:34,207] {dagbag.py:448} INFO - Filling up the DagBag from /media/thiagola92/LinuxHD/Documents/public/learning-apache-airflow/venv/lib/python3.7/site-packages/airflow/example_dags/example_complex.py
[2021-03-02 07:15:34,218] {scheduler_job.py:639} INFO - DAG(s) dict_keys(['example_complex']) retrieved from /media/thiagola92/LinuxHD/Documents/public/learning-apache-airflow/venv/lib/python3.7/site-packages/airflow/example_dags/example_complex.py
[2021-03-02 07:15:34,229] {logging_mixin.py:104} INFO - [2021-03-02 07:15:34,229] {dag.py:1818} INFO - Sync 1 DAGs
[2021-03-02 07:15:34,234] {logging_mixin.py:104} INFO - [2021-03-02 07:15:34,234] {dag.py:2273} INFO - Setting next_dagrun for example_complex to None
[2021-03-02 07:15:34,239] {scheduler_job.py:190} INFO - Processing /media/thiagola92/LinuxHD/Documents/public/learning-apache-airflow/venv/lib/python3.7/site-packages/airflow/example_dags/example_complex.py took 0.036 seconds
[2021-03-02 07:16:04,357] {scheduler_job.py:182} INFO - Started process (PID=27484) to work on /media/thiagola92/LinuxHD/Documents/public/learning-apache-airflow/venv/lib/python3.7/site-packages/airflow/example_dags/example_complex.py
[2021-03-02 07:16:04,358] {scheduler_job.py:629} INFO - Processing file /media/thiagola92/LinuxHD/Documents/public/learning-apache-airflow/venv/lib/python3.7/site-packages/airflow/example_dags/example_complex.py for tasks to queue
[2021-03-02 07:16:04,360] {logging_mixin.py:104} INFO - [2021-03-02 07:16:04,359] {dagbag.py:448} INFO - Filling up the DagBag from /media/thiagola92/LinuxHD/Documents/public/learning-apache-airflow/venv/lib/python3.7/site-packages/airflow/example_dags/example_complex.py
[2021-03-02 07:16:04,376] {scheduler_job.py:639} INFO - DAG(s) dict_keys(['example_complex']) retrieved from /media/thiagola92/LinuxHD/Documents/public/learning-apache-airflow/venv/lib/python3.7/site-packages/airflow/example_dags/example_complex.py
[2021-03-02 07:16:04,389] {logging_mixin.py:104} INFO - [2021-03-02 07:16:04,389] {dag.py:1818} INFO - Sync 1 DAGs
[2021-03-02 07:16:04,396] {logging_mixin.py:104} INFO - [2021-03-02 07:16:04,396] {dag.py:2273} INFO - Setting next_dagrun for example_complex to None
[2021-03-02 07:16:04,401] {scheduler_job.py:190} INFO - Processing /media/thiagola92/LinuxHD/Documents/public/learning-apache-airflow/venv/lib/python3.7/site-packages/airflow/example_dags/example_complex.py took 0.047 seconds
[2021-03-02 07:16:34,841] {scheduler_job.py:182} INFO - Started process (PID=27881) to work on /media/thiagola92/LinuxHD/Documents/public/learning-apache-airflow/venv/lib/python3.7/site-packages/airflow/example_dags/example_complex.py
[2021-03-02 07:16:34,842] {scheduler_job.py:629} INFO - Processing file /media/thiagola92/LinuxHD/Documents/public/learning-apache-airflow/venv/lib/python3.7/site-packages/airflow/example_dags/example_complex.py for tasks to queue
[2021-03-02 07:16:34,843] {logging_mixin.py:104} INFO - [2021-03-02 07:16:34,843] {dagbag.py:448} INFO - Filling up the DagBag from /media/thiagola92/LinuxHD/Documents/public/learning-apache-airflow/venv/lib/python3.7/site-packages/airflow/example_dags/example_complex.py
[2021-03-02 07:16:34,858] {scheduler_job.py:639} INFO - DAG(s) dict_keys(['example_complex']) retrieved from /media/thiagola92/LinuxHD/Documents/public/learning-apache-airflow/venv/lib/python3.7/site-packages/airflow/example_dags/example_complex.py
[2021-03-02 07:16:34,871] {logging_mixin.py:104} INFO - [2021-03-02 07:16:34,871] {dag.py:1818} INFO - Sync 1 DAGs
[2021-03-02 07:16:34,876] {logging_mixin.py:104} INFO - [2021-03-02 07:16:34,876] {dag.py:2273} INFO - Setting next_dagrun for example_complex to None
[2021-03-02 07:16:34,881] {scheduler_job.py:190} INFO - Processing /media/thiagola92/LinuxHD/Documents/public/learning-apache-airflow/venv/lib/python3.7/site-packages/airflow/example_dags/example_complex.py took 0.044 seconds
[2021-03-02 07:17:05,911] {scheduler_job.py:182} INFO - Started process (PID=28306) to work on /media/thiagola92/LinuxHD/Documents/public/learning-apache-airflow/venv/lib/python3.7/site-packages/airflow/example_dags/example_complex.py
[2021-03-02 07:17:05,913] {scheduler_job.py:629} INFO - Processing file /media/thiagola92/LinuxHD/Documents/public/learning-apache-airflow/venv/lib/python3.7/site-packages/airflow/example_dags/example_complex.py for tasks to queue
[2021-03-02 07:17:05,915] {logging_mixin.py:104} INFO - [2021-03-02 07:17:05,914] {dagbag.py:448} INFO - Filling up the DagBag from /media/thiagola92/LinuxHD/Documents/public/learning-apache-airflow/venv/lib/python3.7/site-packages/airflow/example_dags/example_complex.py
[2021-03-02 07:17:05,936] {scheduler_job.py:639} INFO - DAG(s) dict_keys(['example_complex']) retrieved from /media/thiagola92/LinuxHD/Documents/public/learning-apache-airflow/venv/lib/python3.7/site-packages/airflow/example_dags/example_complex.py
[2021-03-02 07:17:05,948] {logging_mixin.py:104} INFO - [2021-03-02 07:17:05,948] {dag.py:1818} INFO - Sync 1 DAGs
[2021-03-02 07:17:05,954] {logging_mixin.py:104} INFO - [2021-03-02 07:17:05,954] {dag.py:2273} INFO - Setting next_dagrun for example_complex to None
[2021-03-02 07:17:05,958] {scheduler_job.py:190} INFO - Processing /media/thiagola92/LinuxHD/Documents/public/learning-apache-airflow/venv/lib/python3.7/site-packages/airflow/example_dags/example_complex.py took 0.054 seconds
[2021-03-02 07:17:36,172] {scheduler_job.py:182} INFO - Started process (PID=28711) to work on /media/thiagola92/LinuxHD/Documents/public/learning-apache-airflow/venv/lib/python3.7/site-packages/airflow/example_dags/example_complex.py
[2021-03-02 07:17:36,173] {scheduler_job.py:629} INFO - Processing file /media/thiagola92/LinuxHD/Documents/public/learning-apache-airflow/venv/lib/python3.7/site-packages/airflow/example_dags/example_complex.py for tasks to queue
[2021-03-02 07:17:36,174] {logging_mixin.py:104} INFO - [2021-03-02 07:17:36,174] {dagbag.py:448} INFO - Filling up the DagBag from /media/thiagola92/LinuxHD/Documents/public/learning-apache-airflow/venv/lib/python3.7/site-packages/airflow/example_dags/example_complex.py
[2021-03-02 07:17:36,192] {scheduler_job.py:639} INFO - DAG(s) dict_keys(['example_complex']) retrieved from /media/thiagola92/LinuxHD/Documents/public/learning-apache-airflow/venv/lib/python3.7/site-packages/airflow/example_dags/example_complex.py
[2021-03-02 07:17:36,206] {logging_mixin.py:104} INFO - [2021-03-02 07:17:36,206] {dag.py:1818} INFO - Sync 1 DAGs
[2021-03-02 07:17:36,212] {logging_mixin.py:104} INFO - [2021-03-02 07:17:36,212] {dag.py:2273} INFO - Setting next_dagrun for example_complex to None
[2021-03-02 07:17:36,217] {scheduler_job.py:190} INFO - Processing /media/thiagola92/LinuxHD/Documents/public/learning-apache-airflow/venv/lib/python3.7/site-packages/airflow/example_dags/example_complex.py took 0.048 seconds
[2021-03-02 07:21:49,588] {scheduler_job.py:182} INFO - Started process (PID=31979) to work on /media/thiagola92/LinuxHD/Documents/public/learning-apache-airflow/venv/lib/python3.7/site-packages/airflow/example_dags/example_complex.py
[2021-03-02 07:21:49,590] {scheduler_job.py:629} INFO - Processing file /media/thiagola92/LinuxHD/Documents/public/learning-apache-airflow/venv/lib/python3.7/site-packages/airflow/example_dags/example_complex.py for tasks to queue
[2021-03-02 07:21:49,591] {logging_mixin.py:104} INFO - [2021-03-02 07:21:49,590] {dagbag.py:448} INFO - Filling up the DagBag from /media/thiagola92/LinuxHD/Documents/public/learning-apache-airflow/venv/lib/python3.7/site-packages/airflow/example_dags/example_complex.py
[2021-03-02 07:21:49,605] {scheduler_job.py:639} INFO - DAG(s) dict_keys(['example_complex']) retrieved from /media/thiagola92/LinuxHD/Documents/public/learning-apache-airflow/venv/lib/python3.7/site-packages/airflow/example_dags/example_complex.py
[2021-03-02 07:21:49,618] {logging_mixin.py:104} INFO - [2021-03-02 07:21:49,618] {dag.py:1818} INFO - Sync 1 DAGs
[2021-03-02 07:21:49,624] {logging_mixin.py:104} INFO - [2021-03-02 07:21:49,624] {dag.py:2273} INFO - Setting next_dagrun for example_complex to None
[2021-03-02 07:21:49,739] {scheduler_job.py:190} INFO - Processing /media/thiagola92/LinuxHD/Documents/public/learning-apache-airflow/venv/lib/python3.7/site-packages/airflow/example_dags/example_complex.py took 0.155 seconds
[2021-03-02 07:22:20,859] {scheduler_job.py:182} INFO - Started process (PID=32396) to work on /media/thiagola92/LinuxHD/Documents/public/learning-apache-airflow/venv/lib/python3.7/site-packages/airflow/example_dags/example_complex.py
[2021-03-02 07:22:20,860] {scheduler_job.py:629} INFO - Processing file /media/thiagola92/LinuxHD/Documents/public/learning-apache-airflow/venv/lib/python3.7/site-packages/airflow/example_dags/example_complex.py for tasks to queue
[2021-03-02 07:22:20,860] {logging_mixin.py:104} INFO - [2021-03-02 07:22:20,860] {dagbag.py:448} INFO - Filling up the DagBag from /media/thiagola92/LinuxHD/Documents/public/learning-apache-airflow/venv/lib/python3.7/site-packages/airflow/example_dags/example_complex.py
[2021-03-02 07:22:20,869] {scheduler_job.py:639} INFO - DAG(s) dict_keys(['example_complex']) retrieved from /media/thiagola92/LinuxHD/Documents/public/learning-apache-airflow/venv/lib/python3.7/site-packages/airflow/example_dags/example_complex.py
[2021-03-02 07:22:20,879] {logging_mixin.py:104} INFO - [2021-03-02 07:22:20,879] {dag.py:1818} INFO - Sync 1 DAGs
[2021-03-02 07:22:20,885] {logging_mixin.py:104} INFO - [2021-03-02 07:22:20,885] {dag.py:2273} INFO - Setting next_dagrun for example_complex to None
[2021-03-02 07:22:20,889] {scheduler_job.py:190} INFO - Processing /media/thiagola92/LinuxHD/Documents/public/learning-apache-airflow/venv/lib/python3.7/site-packages/airflow/example_dags/example_complex.py took 0.032 seconds
[2021-03-02 07:22:51,280] {scheduler_job.py:182} INFO - Started process (PID=32826) to work on /media/thiagola92/LinuxHD/Documents/public/learning-apache-airflow/venv/lib/python3.7/site-packages/airflow/example_dags/example_complex.py
[2021-03-02 07:22:51,282] {scheduler_job.py:629} INFO - Processing file /media/thiagola92/LinuxHD/Documents/public/learning-apache-airflow/venv/lib/python3.7/site-packages/airflow/example_dags/example_complex.py for tasks to queue
[2021-03-02 07:22:51,284] {logging_mixin.py:104} INFO - [2021-03-02 07:22:51,283] {dagbag.py:448} INFO - Filling up the DagBag from /media/thiagola92/LinuxHD/Documents/public/learning-apache-airflow/venv/lib/python3.7/site-packages/airflow/example_dags/example_complex.py
[2021-03-02 07:22:51,310] {scheduler_job.py:639} INFO - DAG(s) dict_keys(['example_complex']) retrieved from /media/thiagola92/LinuxHD/Documents/public/learning-apache-airflow/venv/lib/python3.7/site-packages/airflow/example_dags/example_complex.py
[2021-03-02 07:22:51,323] {logging_mixin.py:104} INFO - [2021-03-02 07:22:51,323] {dag.py:1818} INFO - Sync 1 DAGs
[2021-03-02 07:22:51,330] {logging_mixin.py:104} INFO - [2021-03-02 07:22:51,329] {dag.py:2273} INFO - Setting next_dagrun for example_complex to None
[2021-03-02 07:22:51,334] {scheduler_job.py:190} INFO - Processing /media/thiagola92/LinuxHD/Documents/public/learning-apache-airflow/venv/lib/python3.7/site-packages/airflow/example_dags/example_complex.py took 0.060 seconds
[2021-03-02 07:23:21,583] {scheduler_job.py:182} INFO - Started process (PID=33311) to work on /media/thiagola92/LinuxHD/Documents/public/learning-apache-airflow/venv/lib/python3.7/site-packages/airflow/example_dags/example_complex.py
[2021-03-02 07:23:21,586] {scheduler_job.py:629} INFO - Processing file /media/thiagola92/LinuxHD/Documents/public/learning-apache-airflow/venv/lib/python3.7/site-packages/airflow/example_dags/example_complex.py for tasks to queue
[2021-03-02 07:23:21,587] {logging_mixin.py:104} INFO - [2021-03-02 07:23:21,587] {dagbag.py:448} INFO - Filling up the DagBag from /media/thiagola92/LinuxHD/Documents/public/learning-apache-airflow/venv/lib/python3.7/site-packages/airflow/example_dags/example_complex.py
[2021-03-02 07:23:21,613] {scheduler_job.py:639} INFO - DAG(s) dict_keys(['example_complex']) retrieved from /media/thiagola92/LinuxHD/Documents/public/learning-apache-airflow/venv/lib/python3.7/site-packages/airflow/example_dags/example_complex.py
[2021-03-02 07:23:21,626] {logging_mixin.py:104} INFO - [2021-03-02 07:23:21,626] {dag.py:1818} INFO - Sync 1 DAGs
[2021-03-02 07:23:21,633] {logging_mixin.py:104} INFO - [2021-03-02 07:23:21,633] {dag.py:2273} INFO - Setting next_dagrun for example_complex to None
[2021-03-02 07:23:21,638] {scheduler_job.py:190} INFO - Processing /media/thiagola92/LinuxHD/Documents/public/learning-apache-airflow/venv/lib/python3.7/site-packages/airflow/example_dags/example_complex.py took 0.061 seconds
