[2021-03-02 07:11:58,944] {scheduler_job.py:182} INFO - Started process (PID=23847) to work on /media/thiagola92/LinuxHD/Documents/public/learning-apache-airflow/venv/lib/python3.7/site-packages/airflow/example_dags/example_bash_operator.py
[2021-03-02 07:11:58,946] {scheduler_job.py:629} INFO - Processing file /media/thiagola92/LinuxHD/Documents/public/learning-apache-airflow/venv/lib/python3.7/site-packages/airflow/example_dags/example_bash_operator.py for tasks to queue
[2021-03-02 07:11:58,948] {logging_mixin.py:104} INFO - [2021-03-02 07:11:58,947] {dagbag.py:448} INFO - Filling up the DagBag from /media/thiagola92/LinuxHD/Documents/public/learning-apache-airflow/venv/lib/python3.7/site-packages/airflow/example_dags/example_bash_operator.py
[2021-03-02 07:11:58,968] {scheduler_job.py:639} INFO - DAG(s) dict_keys(['example_bash_operator']) retrieved from /media/thiagola92/LinuxHD/Documents/public/learning-apache-airflow/venv/lib/python3.7/site-packages/airflow/example_dags/example_bash_operator.py
[2021-03-02 07:11:58,980] {logging_mixin.py:104} INFO - [2021-03-02 07:11:58,980] {dag.py:1818} INFO - Sync 1 DAGs
[2021-03-02 07:11:58,992] {logging_mixin.py:104} INFO - [2021-03-02 07:11:58,992] {dag.py:2273} INFO - Setting next_dagrun for example_bash_operator to 2021-02-28 00:00:00+00:00
[2021-03-02 07:11:58,996] {scheduler_job.py:190} INFO - Processing /media/thiagola92/LinuxHD/Documents/public/learning-apache-airflow/venv/lib/python3.7/site-packages/airflow/example_dags/example_bash_operator.py took 0.058 seconds
[2021-03-02 07:12:29,478] {scheduler_job.py:182} INFO - Started process (PID=24301) to work on /media/thiagola92/LinuxHD/Documents/public/learning-apache-airflow/venv/lib/python3.7/site-packages/airflow/example_dags/example_bash_operator.py
[2021-03-02 07:12:29,481] {scheduler_job.py:629} INFO - Processing file /media/thiagola92/LinuxHD/Documents/public/learning-apache-airflow/venv/lib/python3.7/site-packages/airflow/example_dags/example_bash_operator.py for tasks to queue
[2021-03-02 07:12:29,482] {logging_mixin.py:104} INFO - [2021-03-02 07:12:29,482] {dagbag.py:448} INFO - Filling up the DagBag from /media/thiagola92/LinuxHD/Documents/public/learning-apache-airflow/venv/lib/python3.7/site-packages/airflow/example_dags/example_bash_operator.py
[2021-03-02 07:12:29,504] {scheduler_job.py:639} INFO - DAG(s) dict_keys(['example_bash_operator']) retrieved from /media/thiagola92/LinuxHD/Documents/public/learning-apache-airflow/venv/lib/python3.7/site-packages/airflow/example_dags/example_bash_operator.py
[2021-03-02 07:12:29,516] {logging_mixin.py:104} INFO - [2021-03-02 07:12:29,516] {dag.py:1818} INFO - Sync 1 DAGs
[2021-03-02 07:12:29,528] {logging_mixin.py:104} INFO - [2021-03-02 07:12:29,528] {dag.py:2273} INFO - Setting next_dagrun for example_bash_operator to 2021-02-28 00:00:00+00:00
[2021-03-02 07:12:29,533] {scheduler_job.py:190} INFO - Processing /media/thiagola92/LinuxHD/Documents/public/learning-apache-airflow/venv/lib/python3.7/site-packages/airflow/example_dags/example_bash_operator.py took 0.061 seconds
[2021-03-02 07:13:00,643] {scheduler_job.py:182} INFO - Started process (PID=24976) to work on /media/thiagola92/LinuxHD/Documents/public/learning-apache-airflow/venv/lib/python3.7/site-packages/airflow/example_dags/example_bash_operator.py
[2021-03-02 07:13:00,645] {scheduler_job.py:629} INFO - Processing file /media/thiagola92/LinuxHD/Documents/public/learning-apache-airflow/venv/lib/python3.7/site-packages/airflow/example_dags/example_bash_operator.py for tasks to queue
[2021-03-02 07:13:00,646] {logging_mixin.py:104} INFO - [2021-03-02 07:13:00,646] {dagbag.py:448} INFO - Filling up the DagBag from /media/thiagola92/LinuxHD/Documents/public/learning-apache-airflow/venv/lib/python3.7/site-packages/airflow/example_dags/example_bash_operator.py
[2021-03-02 07:13:00,661] {scheduler_job.py:639} INFO - DAG(s) dict_keys(['example_bash_operator']) retrieved from /media/thiagola92/LinuxHD/Documents/public/learning-apache-airflow/venv/lib/python3.7/site-packages/airflow/example_dags/example_bash_operator.py
[2021-03-02 07:13:00,673] {logging_mixin.py:104} INFO - [2021-03-02 07:13:00,673] {dag.py:1818} INFO - Sync 1 DAGs
[2021-03-02 07:13:00,687] {logging_mixin.py:104} INFO - [2021-03-02 07:13:00,687] {dag.py:2273} INFO - Setting next_dagrun for example_bash_operator to 2021-02-28 00:00:00+00:00
[2021-03-02 07:13:00,691] {scheduler_job.py:190} INFO - Processing /media/thiagola92/LinuxHD/Documents/public/learning-apache-airflow/venv/lib/python3.7/site-packages/airflow/example_dags/example_bash_operator.py took 0.054 seconds
[2021-03-02 07:13:31,926] {scheduler_job.py:182} INFO - Started process (PID=25440) to work on /media/thiagola92/LinuxHD/Documents/public/learning-apache-airflow/venv/lib/python3.7/site-packages/airflow/example_dags/example_bash_operator.py
[2021-03-02 07:13:31,927] {scheduler_job.py:629} INFO - Processing file /media/thiagola92/LinuxHD/Documents/public/learning-apache-airflow/venv/lib/python3.7/site-packages/airflow/example_dags/example_bash_operator.py for tasks to queue
[2021-03-02 07:13:31,928] {logging_mixin.py:104} INFO - [2021-03-02 07:13:31,928] {dagbag.py:448} INFO - Filling up the DagBag from /media/thiagola92/LinuxHD/Documents/public/learning-apache-airflow/venv/lib/python3.7/site-packages/airflow/example_dags/example_bash_operator.py
[2021-03-02 07:13:31,940] {scheduler_job.py:639} INFO - DAG(s) dict_keys(['example_bash_operator']) retrieved from /media/thiagola92/LinuxHD/Documents/public/learning-apache-airflow/venv/lib/python3.7/site-packages/airflow/example_dags/example_bash_operator.py
[2021-03-02 07:13:31,949] {logging_mixin.py:104} INFO - [2021-03-02 07:13:31,949] {dag.py:1818} INFO - Sync 1 DAGs
[2021-03-02 07:13:31,960] {logging_mixin.py:104} INFO - [2021-03-02 07:13:31,960] {dag.py:2273} INFO - Setting next_dagrun for example_bash_operator to 2021-02-28 00:00:00+00:00
[2021-03-02 07:13:31,964] {scheduler_job.py:190} INFO - Processing /media/thiagola92/LinuxHD/Documents/public/learning-apache-airflow/venv/lib/python3.7/site-packages/airflow/example_dags/example_bash_operator.py took 0.042 seconds
[2021-03-02 07:14:21,956] {scheduler_job.py:182} INFO - Started process (PID=26095) to work on /media/thiagola92/LinuxHD/Documents/public/learning-apache-airflow/venv/lib/python3.7/site-packages/airflow/example_dags/example_bash_operator.py
[2021-03-02 07:14:21,962] {scheduler_job.py:629} INFO - Processing file /media/thiagola92/LinuxHD/Documents/public/learning-apache-airflow/venv/lib/python3.7/site-packages/airflow/example_dags/example_bash_operator.py for tasks to queue
[2021-03-02 07:14:21,963] {logging_mixin.py:104} INFO - [2021-03-02 07:14:21,963] {dagbag.py:448} INFO - Filling up the DagBag from /media/thiagola92/LinuxHD/Documents/public/learning-apache-airflow/venv/lib/python3.7/site-packages/airflow/example_dags/example_bash_operator.py
[2021-03-02 07:14:21,975] {scheduler_job.py:639} INFO - DAG(s) dict_keys(['example_bash_operator']) retrieved from /media/thiagola92/LinuxHD/Documents/public/learning-apache-airflow/venv/lib/python3.7/site-packages/airflow/example_dags/example_bash_operator.py
[2021-03-02 07:14:21,985] {logging_mixin.py:104} INFO - [2021-03-02 07:14:21,985] {dag.py:1818} INFO - Sync 1 DAGs
[2021-03-02 07:14:21,993] {logging_mixin.py:104} INFO - [2021-03-02 07:14:21,993] {dag.py:2273} INFO - Setting next_dagrun for example_bash_operator to 2021-03-02 00:00:00+00:00
[2021-03-02 07:14:21,997] {scheduler_job.py:190} INFO - Processing /media/thiagola92/LinuxHD/Documents/public/learning-apache-airflow/venv/lib/python3.7/site-packages/airflow/example_dags/example_bash_operator.py took 0.047 seconds
[2021-03-02 07:14:52,252] {scheduler_job.py:182} INFO - Started process (PID=26502) to work on /media/thiagola92/LinuxHD/Documents/public/learning-apache-airflow/venv/lib/python3.7/site-packages/airflow/example_dags/example_bash_operator.py
[2021-03-02 07:14:52,253] {scheduler_job.py:629} INFO - Processing file /media/thiagola92/LinuxHD/Documents/public/learning-apache-airflow/venv/lib/python3.7/site-packages/airflow/example_dags/example_bash_operator.py for tasks to queue
[2021-03-02 07:14:52,253] {logging_mixin.py:104} INFO - [2021-03-02 07:14:52,253] {dagbag.py:448} INFO - Filling up the DagBag from /media/thiagola92/LinuxHD/Documents/public/learning-apache-airflow/venv/lib/python3.7/site-packages/airflow/example_dags/example_bash_operator.py
[2021-03-02 07:14:52,262] {scheduler_job.py:639} INFO - DAG(s) dict_keys(['example_bash_operator']) retrieved from /media/thiagola92/LinuxHD/Documents/public/learning-apache-airflow/venv/lib/python3.7/site-packages/airflow/example_dags/example_bash_operator.py
[2021-03-02 07:14:52,272] {logging_mixin.py:104} INFO - [2021-03-02 07:14:52,272] {dag.py:1818} INFO - Sync 1 DAGs
[2021-03-02 07:14:52,283] {logging_mixin.py:104} INFO - [2021-03-02 07:14:52,282] {dag.py:2273} INFO - Setting next_dagrun for example_bash_operator to 2021-03-02 00:00:00+00:00
[2021-03-02 07:14:52,287] {scheduler_job.py:190} INFO - Processing /media/thiagola92/LinuxHD/Documents/public/learning-apache-airflow/venv/lib/python3.7/site-packages/airflow/example_dags/example_bash_operator.py took 0.037 seconds
[2021-03-02 07:15:22,593] {scheduler_job.py:182} INFO - Started process (PID=26902) to work on /media/thiagola92/LinuxHD/Documents/public/learning-apache-airflow/venv/lib/python3.7/site-packages/airflow/example_dags/example_bash_operator.py
[2021-03-02 07:15:22,594] {scheduler_job.py:629} INFO - Processing file /media/thiagola92/LinuxHD/Documents/public/learning-apache-airflow/venv/lib/python3.7/site-packages/airflow/example_dags/example_bash_operator.py for tasks to queue
[2021-03-02 07:15:22,595] {logging_mixin.py:104} INFO - [2021-03-02 07:15:22,595] {dagbag.py:448} INFO - Filling up the DagBag from /media/thiagola92/LinuxHD/Documents/public/learning-apache-airflow/venv/lib/python3.7/site-packages/airflow/example_dags/example_bash_operator.py
[2021-03-02 07:15:22,607] {scheduler_job.py:639} INFO - DAG(s) dict_keys(['example_bash_operator']) retrieved from /media/thiagola92/LinuxHD/Documents/public/learning-apache-airflow/venv/lib/python3.7/site-packages/airflow/example_dags/example_bash_operator.py
[2021-03-02 07:15:22,618] {logging_mixin.py:104} INFO - [2021-03-02 07:15:22,618] {dag.py:1818} INFO - Sync 1 DAGs
[2021-03-02 07:15:22,627] {logging_mixin.py:104} INFO - [2021-03-02 07:15:22,627] {dag.py:2273} INFO - Setting next_dagrun for example_bash_operator to 2021-03-02 00:00:00+00:00
[2021-03-02 07:15:22,632] {scheduler_job.py:190} INFO - Processing /media/thiagola92/LinuxHD/Documents/public/learning-apache-airflow/venv/lib/python3.7/site-packages/airflow/example_dags/example_bash_operator.py took 0.044 seconds
[2021-03-02 07:15:52,734] {scheduler_job.py:182} INFO - Started process (PID=27343) to work on /media/thiagola92/LinuxHD/Documents/public/learning-apache-airflow/venv/lib/python3.7/site-packages/airflow/example_dags/example_bash_operator.py
[2021-03-02 07:15:52,735] {scheduler_job.py:629} INFO - Processing file /media/thiagola92/LinuxHD/Documents/public/learning-apache-airflow/venv/lib/python3.7/site-packages/airflow/example_dags/example_bash_operator.py for tasks to queue
[2021-03-02 07:15:52,736] {logging_mixin.py:104} INFO - [2021-03-02 07:15:52,736] {dagbag.py:448} INFO - Filling up the DagBag from /media/thiagola92/LinuxHD/Documents/public/learning-apache-airflow/venv/lib/python3.7/site-packages/airflow/example_dags/example_bash_operator.py
[2021-03-02 07:15:52,745] {scheduler_job.py:639} INFO - DAG(s) dict_keys(['example_bash_operator']) retrieved from /media/thiagola92/LinuxHD/Documents/public/learning-apache-airflow/venv/lib/python3.7/site-packages/airflow/example_dags/example_bash_operator.py
[2021-03-02 07:15:52,756] {logging_mixin.py:104} INFO - [2021-03-02 07:15:52,756] {dag.py:1818} INFO - Sync 1 DAGs
[2021-03-02 07:15:52,766] {logging_mixin.py:104} INFO - [2021-03-02 07:15:52,766] {dag.py:2273} INFO - Setting next_dagrun for example_bash_operator to 2021-03-02 00:00:00+00:00
[2021-03-02 07:15:52,772] {scheduler_job.py:190} INFO - Processing /media/thiagola92/LinuxHD/Documents/public/learning-apache-airflow/venv/lib/python3.7/site-packages/airflow/example_dags/example_bash_operator.py took 0.041 seconds
[2021-03-02 07:16:23,770] {scheduler_job.py:182} INFO - Started process (PID=27730) to work on /media/thiagola92/LinuxHD/Documents/public/learning-apache-airflow/venv/lib/python3.7/site-packages/airflow/example_dags/example_bash_operator.py
[2021-03-02 07:16:23,772] {scheduler_job.py:629} INFO - Processing file /media/thiagola92/LinuxHD/Documents/public/learning-apache-airflow/venv/lib/python3.7/site-packages/airflow/example_dags/example_bash_operator.py for tasks to queue
[2021-03-02 07:16:23,774] {logging_mixin.py:104} INFO - [2021-03-02 07:16:23,773] {dagbag.py:448} INFO - Filling up the DagBag from /media/thiagola92/LinuxHD/Documents/public/learning-apache-airflow/venv/lib/python3.7/site-packages/airflow/example_dags/example_bash_operator.py
[2021-03-02 07:16:23,796] {scheduler_job.py:639} INFO - DAG(s) dict_keys(['example_bash_operator']) retrieved from /media/thiagola92/LinuxHD/Documents/public/learning-apache-airflow/venv/lib/python3.7/site-packages/airflow/example_dags/example_bash_operator.py
[2021-03-02 07:16:23,809] {logging_mixin.py:104} INFO - [2021-03-02 07:16:23,809] {dag.py:1818} INFO - Sync 1 DAGs
[2021-03-02 07:16:23,819] {logging_mixin.py:104} INFO - [2021-03-02 07:16:23,819] {dag.py:2273} INFO - Setting next_dagrun for example_bash_operator to 2021-03-02 00:00:00+00:00
[2021-03-02 07:16:23,824] {scheduler_job.py:190} INFO - Processing /media/thiagola92/LinuxHD/Documents/public/learning-apache-airflow/venv/lib/python3.7/site-packages/airflow/example_dags/example_bash_operator.py took 0.060 seconds
[2021-03-02 07:16:54,147] {scheduler_job.py:182} INFO - Started process (PID=28118) to work on /media/thiagola92/LinuxHD/Documents/public/learning-apache-airflow/venv/lib/python3.7/site-packages/airflow/example_dags/example_bash_operator.py
[2021-03-02 07:16:54,148] {scheduler_job.py:629} INFO - Processing file /media/thiagola92/LinuxHD/Documents/public/learning-apache-airflow/venv/lib/python3.7/site-packages/airflow/example_dags/example_bash_operator.py for tasks to queue
[2021-03-02 07:16:54,148] {logging_mixin.py:104} INFO - [2021-03-02 07:16:54,148] {dagbag.py:448} INFO - Filling up the DagBag from /media/thiagola92/LinuxHD/Documents/public/learning-apache-airflow/venv/lib/python3.7/site-packages/airflow/example_dags/example_bash_operator.py
[2021-03-02 07:16:54,156] {scheduler_job.py:639} INFO - DAG(s) dict_keys(['example_bash_operator']) retrieved from /media/thiagola92/LinuxHD/Documents/public/learning-apache-airflow/venv/lib/python3.7/site-packages/airflow/example_dags/example_bash_operator.py
[2021-03-02 07:16:54,164] {logging_mixin.py:104} INFO - [2021-03-02 07:16:54,164] {dag.py:1818} INFO - Sync 1 DAGs
[2021-03-02 07:16:54,172] {logging_mixin.py:104} INFO - [2021-03-02 07:16:54,172] {dag.py:2273} INFO - Setting next_dagrun for example_bash_operator to 2021-03-02 00:00:00+00:00
[2021-03-02 07:16:54,177] {scheduler_job.py:190} INFO - Processing /media/thiagola92/LinuxHD/Documents/public/learning-apache-airflow/venv/lib/python3.7/site-packages/airflow/example_dags/example_bash_operator.py took 0.035 seconds
[2021-03-02 07:17:24,584] {scheduler_job.py:182} INFO - Started process (PID=28566) to work on /media/thiagola92/LinuxHD/Documents/public/learning-apache-airflow/venv/lib/python3.7/site-packages/airflow/example_dags/example_bash_operator.py
[2021-03-02 07:17:24,587] {scheduler_job.py:629} INFO - Processing file /media/thiagola92/LinuxHD/Documents/public/learning-apache-airflow/venv/lib/python3.7/site-packages/airflow/example_dags/example_bash_operator.py for tasks to queue
[2021-03-02 07:17:24,588] {logging_mixin.py:104} INFO - [2021-03-02 07:17:24,588] {dagbag.py:448} INFO - Filling up the DagBag from /media/thiagola92/LinuxHD/Documents/public/learning-apache-airflow/venv/lib/python3.7/site-packages/airflow/example_dags/example_bash_operator.py
[2021-03-02 07:17:24,610] {scheduler_job.py:639} INFO - DAG(s) dict_keys(['example_bash_operator']) retrieved from /media/thiagola92/LinuxHD/Documents/public/learning-apache-airflow/venv/lib/python3.7/site-packages/airflow/example_dags/example_bash_operator.py
[2021-03-02 07:17:24,622] {logging_mixin.py:104} INFO - [2021-03-02 07:17:24,622] {dag.py:1818} INFO - Sync 1 DAGs
[2021-03-02 07:17:24,632] {logging_mixin.py:104} INFO - [2021-03-02 07:17:24,632] {dag.py:2273} INFO - Setting next_dagrun for example_bash_operator to 2021-03-02 00:00:00+00:00
[2021-03-02 07:17:24,637] {scheduler_job.py:190} INFO - Processing /media/thiagola92/LinuxHD/Documents/public/learning-apache-airflow/venv/lib/python3.7/site-packages/airflow/example_dags/example_bash_operator.py took 0.059 seconds
[2021-03-02 07:21:49,091] {scheduler_job.py:182} INFO - Started process (PID=31975) to work on /media/thiagola92/LinuxHD/Documents/public/learning-apache-airflow/venv/lib/python3.7/site-packages/airflow/example_dags/example_bash_operator.py
[2021-03-02 07:21:49,093] {scheduler_job.py:629} INFO - Processing file /media/thiagola92/LinuxHD/Documents/public/learning-apache-airflow/venv/lib/python3.7/site-packages/airflow/example_dags/example_bash_operator.py for tasks to queue
[2021-03-02 07:21:49,094] {logging_mixin.py:104} INFO - [2021-03-02 07:21:49,093] {dagbag.py:448} INFO - Filling up the DagBag from /media/thiagola92/LinuxHD/Documents/public/learning-apache-airflow/venv/lib/python3.7/site-packages/airflow/example_dags/example_bash_operator.py
[2021-03-02 07:21:49,103] {scheduler_job.py:639} INFO - DAG(s) dict_keys(['example_bash_operator']) retrieved from /media/thiagola92/LinuxHD/Documents/public/learning-apache-airflow/venv/lib/python3.7/site-packages/airflow/example_dags/example_bash_operator.py
[2021-03-02 07:21:49,112] {logging_mixin.py:104} INFO - [2021-03-02 07:21:49,112] {dag.py:1818} INFO - Sync 1 DAGs
[2021-03-02 07:21:49,120] {logging_mixin.py:104} INFO - [2021-03-02 07:21:49,120] {dag.py:2273} INFO - Setting next_dagrun for example_bash_operator to 2021-03-02 00:00:00+00:00
[2021-03-02 07:21:49,125] {scheduler_job.py:190} INFO - Processing /media/thiagola92/LinuxHD/Documents/public/learning-apache-airflow/venv/lib/python3.7/site-packages/airflow/example_dags/example_bash_operator.py took 0.036 seconds
[2021-03-02 07:22:19,736] {scheduler_job.py:182} INFO - Started process (PID=32377) to work on /media/thiagola92/LinuxHD/Documents/public/learning-apache-airflow/venv/lib/python3.7/site-packages/airflow/example_dags/example_bash_operator.py
[2021-03-02 07:22:19,738] {scheduler_job.py:629} INFO - Processing file /media/thiagola92/LinuxHD/Documents/public/learning-apache-airflow/venv/lib/python3.7/site-packages/airflow/example_dags/example_bash_operator.py for tasks to queue
[2021-03-02 07:22:19,740] {logging_mixin.py:104} INFO - [2021-03-02 07:22:19,740] {dagbag.py:448} INFO - Filling up the DagBag from /media/thiagola92/LinuxHD/Documents/public/learning-apache-airflow/venv/lib/python3.7/site-packages/airflow/example_dags/example_bash_operator.py
[2021-03-02 07:22:19,755] {scheduler_job.py:639} INFO - DAG(s) dict_keys(['example_bash_operator']) retrieved from /media/thiagola92/LinuxHD/Documents/public/learning-apache-airflow/venv/lib/python3.7/site-packages/airflow/example_dags/example_bash_operator.py
[2021-03-02 07:22:19,767] {logging_mixin.py:104} INFO - [2021-03-02 07:22:19,767] {dag.py:1818} INFO - Sync 1 DAGs
[2021-03-02 07:22:19,777] {logging_mixin.py:104} INFO - [2021-03-02 07:22:19,777] {dag.py:2273} INFO - Setting next_dagrun for example_bash_operator to 2021-03-02 00:00:00+00:00
[2021-03-02 07:22:19,781] {scheduler_job.py:190} INFO - Processing /media/thiagola92/LinuxHD/Documents/public/learning-apache-airflow/venv/lib/python3.7/site-packages/airflow/example_dags/example_bash_operator.py took 0.052 seconds
[2021-03-02 07:22:50,150] {scheduler_job.py:182} INFO - Started process (PID=32810) to work on /media/thiagola92/LinuxHD/Documents/public/learning-apache-airflow/venv/lib/python3.7/site-packages/airflow/example_dags/example_bash_operator.py
[2021-03-02 07:22:50,153] {scheduler_job.py:629} INFO - Processing file /media/thiagola92/LinuxHD/Documents/public/learning-apache-airflow/venv/lib/python3.7/site-packages/airflow/example_dags/example_bash_operator.py for tasks to queue
[2021-03-02 07:22:50,154] {logging_mixin.py:104} INFO - [2021-03-02 07:22:50,154] {dagbag.py:448} INFO - Filling up the DagBag from /media/thiagola92/LinuxHD/Documents/public/learning-apache-airflow/venv/lib/python3.7/site-packages/airflow/example_dags/example_bash_operator.py
[2021-03-02 07:22:50,182] {scheduler_job.py:639} INFO - DAG(s) dict_keys(['example_bash_operator']) retrieved from /media/thiagola92/LinuxHD/Documents/public/learning-apache-airflow/venv/lib/python3.7/site-packages/airflow/example_dags/example_bash_operator.py
[2021-03-02 07:22:50,208] {logging_mixin.py:104} INFO - [2021-03-02 07:22:50,208] {dag.py:1818} INFO - Sync 1 DAGs
[2021-03-02 07:22:50,222] {logging_mixin.py:104} INFO - [2021-03-02 07:22:50,222] {dag.py:2273} INFO - Setting next_dagrun for example_bash_operator to 2021-03-02 00:00:00+00:00
[2021-03-02 07:22:50,229] {scheduler_job.py:190} INFO - Processing /media/thiagola92/LinuxHD/Documents/public/learning-apache-airflow/venv/lib/python3.7/site-packages/airflow/example_dags/example_bash_operator.py took 0.085 seconds
[2021-03-02 07:23:20,417] {scheduler_job.py:182} INFO - Started process (PID=33293) to work on /media/thiagola92/LinuxHD/Documents/public/learning-apache-airflow/venv/lib/python3.7/site-packages/airflow/example_dags/example_bash_operator.py
[2021-03-02 07:23:20,418] {scheduler_job.py:629} INFO - Processing file /media/thiagola92/LinuxHD/Documents/public/learning-apache-airflow/venv/lib/python3.7/site-packages/airflow/example_dags/example_bash_operator.py for tasks to queue
[2021-03-02 07:23:20,419] {logging_mixin.py:104} INFO - [2021-03-02 07:23:20,419] {dagbag.py:448} INFO - Filling up the DagBag from /media/thiagola92/LinuxHD/Documents/public/learning-apache-airflow/venv/lib/python3.7/site-packages/airflow/example_dags/example_bash_operator.py
[2021-03-02 07:23:20,425] {scheduler_job.py:639} INFO - DAG(s) dict_keys(['example_bash_operator']) retrieved from /media/thiagola92/LinuxHD/Documents/public/learning-apache-airflow/venv/lib/python3.7/site-packages/airflow/example_dags/example_bash_operator.py
[2021-03-02 07:23:20,432] {logging_mixin.py:104} INFO - [2021-03-02 07:23:20,432] {dag.py:1818} INFO - Sync 1 DAGs
[2021-03-02 07:23:20,440] {logging_mixin.py:104} INFO - [2021-03-02 07:23:20,439] {dag.py:2273} INFO - Setting next_dagrun for example_bash_operator to 2021-03-02 00:00:00+00:00
[2021-03-02 07:23:20,443] {scheduler_job.py:190} INFO - Processing /media/thiagola92/LinuxHD/Documents/public/learning-apache-airflow/venv/lib/python3.7/site-packages/airflow/example_dags/example_bash_operator.py took 0.028 seconds
