[2021-03-02 07:11:54,817] {scheduler_job.py:182} INFO - Started process (PID=23791) to work on /media/thiagola92/LinuxHD/Documents/public/learning-apache-airflow/venv/lib/python3.7/site-packages/airflow/example_dags/example_kubernetes_executor.py
[2021-03-02 07:11:54,818] {scheduler_job.py:629} INFO - Processing file /media/thiagola92/LinuxHD/Documents/public/learning-apache-airflow/venv/lib/python3.7/site-packages/airflow/example_dags/example_kubernetes_executor.py for tasks to queue
[2021-03-02 07:11:54,819] {logging_mixin.py:104} INFO - [2021-03-02 07:11:54,819] {dagbag.py:448} INFO - Filling up the DagBag from /media/thiagola92/LinuxHD/Documents/public/learning-apache-airflow/venv/lib/python3.7/site-packages/airflow/example_dags/example_kubernetes_executor.py
[2021-03-02 07:11:54,826] {scheduler_job.py:639} INFO - DAG(s) dict_keys(['example_kubernetes_executor']) retrieved from /media/thiagola92/LinuxHD/Documents/public/learning-apache-airflow/venv/lib/python3.7/site-packages/airflow/example_dags/example_kubernetes_executor.py
[2021-03-02 07:11:54,839] {logging_mixin.py:104} INFO - [2021-03-02 07:11:54,839] {dag.py:1818} INFO - Sync 1 DAGs
[2021-03-02 07:11:54,850] {logging_mixin.py:104} INFO - [2021-03-02 07:11:54,850] {dag.py:2273} INFO - Setting next_dagrun for example_kubernetes_executor to None
[2021-03-02 07:11:54,929] {scheduler_job.py:190} INFO - Processing /media/thiagola92/LinuxHD/Documents/public/learning-apache-airflow/venv/lib/python3.7/site-packages/airflow/example_dags/example_kubernetes_executor.py took 0.122 seconds
[2021-03-02 07:12:25,464] {scheduler_job.py:182} INFO - Started process (PID=24244) to work on /media/thiagola92/LinuxHD/Documents/public/learning-apache-airflow/venv/lib/python3.7/site-packages/airflow/example_dags/example_kubernetes_executor.py
[2021-03-02 07:12:25,465] {scheduler_job.py:629} INFO - Processing file /media/thiagola92/LinuxHD/Documents/public/learning-apache-airflow/venv/lib/python3.7/site-packages/airflow/example_dags/example_kubernetes_executor.py for tasks to queue
[2021-03-02 07:12:25,466] {logging_mixin.py:104} INFO - [2021-03-02 07:12:25,465] {dagbag.py:448} INFO - Filling up the DagBag from /media/thiagola92/LinuxHD/Documents/public/learning-apache-airflow/venv/lib/python3.7/site-packages/airflow/example_dags/example_kubernetes_executor.py
[2021-03-02 07:12:25,471] {scheduler_job.py:639} INFO - DAG(s) dict_keys(['example_kubernetes_executor']) retrieved from /media/thiagola92/LinuxHD/Documents/public/learning-apache-airflow/venv/lib/python3.7/site-packages/airflow/example_dags/example_kubernetes_executor.py
[2021-03-02 07:12:25,479] {logging_mixin.py:104} INFO - [2021-03-02 07:12:25,479] {dag.py:1818} INFO - Sync 1 DAGs
[2021-03-02 07:12:25,486] {logging_mixin.py:104} INFO - [2021-03-02 07:12:25,486] {dag.py:2273} INFO - Setting next_dagrun for example_kubernetes_executor to None
[2021-03-02 07:12:25,490] {scheduler_job.py:190} INFO - Processing /media/thiagola92/LinuxHD/Documents/public/learning-apache-airflow/venv/lib/python3.7/site-packages/airflow/example_dags/example_kubernetes_executor.py took 0.027 seconds
[2021-03-02 07:12:55,772] {scheduler_job.py:182} INFO - Started process (PID=24914) to work on /media/thiagola92/LinuxHD/Documents/public/learning-apache-airflow/venv/lib/python3.7/site-packages/airflow/example_dags/example_kubernetes_executor.py
[2021-03-02 07:12:55,772] {scheduler_job.py:629} INFO - Processing file /media/thiagola92/LinuxHD/Documents/public/learning-apache-airflow/venv/lib/python3.7/site-packages/airflow/example_dags/example_kubernetes_executor.py for tasks to queue
[2021-03-02 07:12:55,773] {logging_mixin.py:104} INFO - [2021-03-02 07:12:55,772] {dagbag.py:448} INFO - Filling up the DagBag from /media/thiagola92/LinuxHD/Documents/public/learning-apache-airflow/venv/lib/python3.7/site-packages/airflow/example_dags/example_kubernetes_executor.py
[2021-03-02 07:12:55,779] {scheduler_job.py:639} INFO - DAG(s) dict_keys(['example_kubernetes_executor']) retrieved from /media/thiagola92/LinuxHD/Documents/public/learning-apache-airflow/venv/lib/python3.7/site-packages/airflow/example_dags/example_kubernetes_executor.py
[2021-03-02 07:12:55,787] {logging_mixin.py:104} INFO - [2021-03-02 07:12:55,787] {dag.py:1818} INFO - Sync 1 DAGs
[2021-03-02 07:12:55,793] {logging_mixin.py:104} INFO - [2021-03-02 07:12:55,793] {dag.py:2273} INFO - Setting next_dagrun for example_kubernetes_executor to None
[2021-03-02 07:12:55,798] {scheduler_job.py:190} INFO - Processing /media/thiagola92/LinuxHD/Documents/public/learning-apache-airflow/venv/lib/python3.7/site-packages/airflow/example_dags/example_kubernetes_executor.py took 0.028 seconds
[2021-03-02 07:13:27,006] {scheduler_job.py:182} INFO - Started process (PID=25370) to work on /media/thiagola92/LinuxHD/Documents/public/learning-apache-airflow/venv/lib/python3.7/site-packages/airflow/example_dags/example_kubernetes_executor.py
[2021-03-02 07:13:27,008] {scheduler_job.py:629} INFO - Processing file /media/thiagola92/LinuxHD/Documents/public/learning-apache-airflow/venv/lib/python3.7/site-packages/airflow/example_dags/example_kubernetes_executor.py for tasks to queue
[2021-03-02 07:13:27,009] {logging_mixin.py:104} INFO - [2021-03-02 07:13:27,009] {dagbag.py:448} INFO - Filling up the DagBag from /media/thiagola92/LinuxHD/Documents/public/learning-apache-airflow/venv/lib/python3.7/site-packages/airflow/example_dags/example_kubernetes_executor.py
[2021-03-02 07:13:27,015] {scheduler_job.py:639} INFO - DAG(s) dict_keys(['example_kubernetes_executor']) retrieved from /media/thiagola92/LinuxHD/Documents/public/learning-apache-airflow/venv/lib/python3.7/site-packages/airflow/example_dags/example_kubernetes_executor.py
[2021-03-02 07:13:27,023] {logging_mixin.py:104} INFO - [2021-03-02 07:13:27,023] {dag.py:1818} INFO - Sync 1 DAGs
[2021-03-02 07:13:27,030] {logging_mixin.py:104} INFO - [2021-03-02 07:13:27,030] {dag.py:2273} INFO - Setting next_dagrun for example_kubernetes_executor to None
[2021-03-02 07:13:27,035] {scheduler_job.py:190} INFO - Processing /media/thiagola92/LinuxHD/Documents/public/learning-apache-airflow/venv/lib/python3.7/site-packages/airflow/example_dags/example_kubernetes_executor.py took 0.031 seconds
[2021-03-02 07:14:18,328] {scheduler_job.py:182} INFO - Started process (PID=26052) to work on /media/thiagola92/LinuxHD/Documents/public/learning-apache-airflow/venv/lib/python3.7/site-packages/airflow/example_dags/example_kubernetes_executor.py
[2021-03-02 07:14:18,331] {scheduler_job.py:629} INFO - Processing file /media/thiagola92/LinuxHD/Documents/public/learning-apache-airflow/venv/lib/python3.7/site-packages/airflow/example_dags/example_kubernetes_executor.py for tasks to queue
[2021-03-02 07:14:18,333] {logging_mixin.py:104} INFO - [2021-03-02 07:14:18,333] {dagbag.py:448} INFO - Filling up the DagBag from /media/thiagola92/LinuxHD/Documents/public/learning-apache-airflow/venv/lib/python3.7/site-packages/airflow/example_dags/example_kubernetes_executor.py
[2021-03-02 07:14:18,362] {scheduler_job.py:639} INFO - DAG(s) dict_keys(['example_kubernetes_executor']) retrieved from /media/thiagola92/LinuxHD/Documents/public/learning-apache-airflow/venv/lib/python3.7/site-packages/airflow/example_dags/example_kubernetes_executor.py
[2021-03-02 07:14:18,380] {logging_mixin.py:104} INFO - [2021-03-02 07:14:18,380] {dag.py:1818} INFO - Sync 1 DAGs
[2021-03-02 07:14:18,391] {logging_mixin.py:104} INFO - [2021-03-02 07:14:18,391] {dag.py:2273} INFO - Setting next_dagrun for example_kubernetes_executor to None
[2021-03-02 07:14:18,398] {scheduler_job.py:190} INFO - Processing /media/thiagola92/LinuxHD/Documents/public/learning-apache-airflow/venv/lib/python3.7/site-packages/airflow/example_dags/example_kubernetes_executor.py took 0.077 seconds
[2021-03-02 07:14:49,233] {scheduler_job.py:182} INFO - Started process (PID=26461) to work on /media/thiagola92/LinuxHD/Documents/public/learning-apache-airflow/venv/lib/python3.7/site-packages/airflow/example_dags/example_kubernetes_executor.py
[2021-03-02 07:14:49,237] {scheduler_job.py:629} INFO - Processing file /media/thiagola92/LinuxHD/Documents/public/learning-apache-airflow/venv/lib/python3.7/site-packages/airflow/example_dags/example_kubernetes_executor.py for tasks to queue
[2021-03-02 07:14:49,238] {logging_mixin.py:104} INFO - [2021-03-02 07:14:49,238] {dagbag.py:448} INFO - Filling up the DagBag from /media/thiagola92/LinuxHD/Documents/public/learning-apache-airflow/venv/lib/python3.7/site-packages/airflow/example_dags/example_kubernetes_executor.py
[2021-03-02 07:14:49,258] {scheduler_job.py:639} INFO - DAG(s) dict_keys(['example_kubernetes_executor']) retrieved from /media/thiagola92/LinuxHD/Documents/public/learning-apache-airflow/venv/lib/python3.7/site-packages/airflow/example_dags/example_kubernetes_executor.py
[2021-03-02 07:14:49,269] {logging_mixin.py:104} INFO - [2021-03-02 07:14:49,269] {dag.py:1818} INFO - Sync 1 DAGs
[2021-03-02 07:14:49,277] {logging_mixin.py:104} INFO - [2021-03-02 07:14:49,276] {dag.py:2273} INFO - Setting next_dagrun for example_kubernetes_executor to None
[2021-03-02 07:14:49,281] {scheduler_job.py:190} INFO - Processing /media/thiagola92/LinuxHD/Documents/public/learning-apache-airflow/venv/lib/python3.7/site-packages/airflow/example_dags/example_kubernetes_executor.py took 0.054 seconds
[2021-03-02 07:15:19,644] {scheduler_job.py:182} INFO - Started process (PID=26863) to work on /media/thiagola92/LinuxHD/Documents/public/learning-apache-airflow/venv/lib/python3.7/site-packages/airflow/example_dags/example_kubernetes_executor.py
[2021-03-02 07:15:19,646] {scheduler_job.py:629} INFO - Processing file /media/thiagola92/LinuxHD/Documents/public/learning-apache-airflow/venv/lib/python3.7/site-packages/airflow/example_dags/example_kubernetes_executor.py for tasks to queue
[2021-03-02 07:15:19,647] {logging_mixin.py:104} INFO - [2021-03-02 07:15:19,647] {dagbag.py:448} INFO - Filling up the DagBag from /media/thiagola92/LinuxHD/Documents/public/learning-apache-airflow/venv/lib/python3.7/site-packages/airflow/example_dags/example_kubernetes_executor.py
[2021-03-02 07:15:19,660] {scheduler_job.py:639} INFO - DAG(s) dict_keys(['example_kubernetes_executor']) retrieved from /media/thiagola92/LinuxHD/Documents/public/learning-apache-airflow/venv/lib/python3.7/site-packages/airflow/example_dags/example_kubernetes_executor.py
[2021-03-02 07:15:19,669] {logging_mixin.py:104} INFO - [2021-03-02 07:15:19,669] {dag.py:1818} INFO - Sync 1 DAGs
[2021-03-02 07:15:19,676] {logging_mixin.py:104} INFO - [2021-03-02 07:15:19,676] {dag.py:2273} INFO - Setting next_dagrun for example_kubernetes_executor to None
[2021-03-02 07:15:19,681] {scheduler_job.py:190} INFO - Processing /media/thiagola92/LinuxHD/Documents/public/learning-apache-airflow/venv/lib/python3.7/site-packages/airflow/example_dags/example_kubernetes_executor.py took 0.041 seconds
[2021-03-02 07:15:49,863] {scheduler_job.py:182} INFO - Started process (PID=27303) to work on /media/thiagola92/LinuxHD/Documents/public/learning-apache-airflow/venv/lib/python3.7/site-packages/airflow/example_dags/example_kubernetes_executor.py
[2021-03-02 07:15:49,865] {scheduler_job.py:629} INFO - Processing file /media/thiagola92/LinuxHD/Documents/public/learning-apache-airflow/venv/lib/python3.7/site-packages/airflow/example_dags/example_kubernetes_executor.py for tasks to queue
[2021-03-02 07:15:49,866] {logging_mixin.py:104} INFO - [2021-03-02 07:15:49,866] {dagbag.py:448} INFO - Filling up the DagBag from /media/thiagola92/LinuxHD/Documents/public/learning-apache-airflow/venv/lib/python3.7/site-packages/airflow/example_dags/example_kubernetes_executor.py
[2021-03-02 07:15:49,883] {scheduler_job.py:639} INFO - DAG(s) dict_keys(['example_kubernetes_executor']) retrieved from /media/thiagola92/LinuxHD/Documents/public/learning-apache-airflow/venv/lib/python3.7/site-packages/airflow/example_dags/example_kubernetes_executor.py
[2021-03-02 07:15:49,903] {logging_mixin.py:104} INFO - [2021-03-02 07:15:49,903] {dag.py:1818} INFO - Sync 1 DAGs
[2021-03-02 07:15:49,920] {logging_mixin.py:104} INFO - [2021-03-02 07:15:49,920] {dag.py:2273} INFO - Setting next_dagrun for example_kubernetes_executor to None
[2021-03-02 07:15:49,932] {scheduler_job.py:190} INFO - Processing /media/thiagola92/LinuxHD/Documents/public/learning-apache-airflow/venv/lib/python3.7/site-packages/airflow/example_dags/example_kubernetes_executor.py took 0.072 seconds
[2021-03-02 07:16:20,218] {scheduler_job.py:182} INFO - Started process (PID=27687) to work on /media/thiagola92/LinuxHD/Documents/public/learning-apache-airflow/venv/lib/python3.7/site-packages/airflow/example_dags/example_kubernetes_executor.py
[2021-03-02 07:16:20,219] {scheduler_job.py:629} INFO - Processing file /media/thiagola92/LinuxHD/Documents/public/learning-apache-airflow/venv/lib/python3.7/site-packages/airflow/example_dags/example_kubernetes_executor.py for tasks to queue
[2021-03-02 07:16:20,219] {logging_mixin.py:104} INFO - [2021-03-02 07:16:20,219] {dagbag.py:448} INFO - Filling up the DagBag from /media/thiagola92/LinuxHD/Documents/public/learning-apache-airflow/venv/lib/python3.7/site-packages/airflow/example_dags/example_kubernetes_executor.py
[2021-03-02 07:16:20,228] {scheduler_job.py:639} INFO - DAG(s) dict_keys(['example_kubernetes_executor']) retrieved from /media/thiagola92/LinuxHD/Documents/public/learning-apache-airflow/venv/lib/python3.7/site-packages/airflow/example_dags/example_kubernetes_executor.py
[2021-03-02 07:16:20,237] {logging_mixin.py:104} INFO - [2021-03-02 07:16:20,237] {dag.py:1818} INFO - Sync 1 DAGs
[2021-03-02 07:16:20,244] {logging_mixin.py:104} INFO - [2021-03-02 07:16:20,244] {dag.py:2273} INFO - Setting next_dagrun for example_kubernetes_executor to None
[2021-03-02 07:16:20,248] {scheduler_job.py:190} INFO - Processing /media/thiagola92/LinuxHD/Documents/public/learning-apache-airflow/venv/lib/python3.7/site-packages/airflow/example_dags/example_kubernetes_executor.py took 0.033 seconds
[2021-03-02 07:16:50,528] {scheduler_job.py:182} INFO - Started process (PID=28076) to work on /media/thiagola92/LinuxHD/Documents/public/learning-apache-airflow/venv/lib/python3.7/site-packages/airflow/example_dags/example_kubernetes_executor.py
[2021-03-02 07:16:50,530] {scheduler_job.py:629} INFO - Processing file /media/thiagola92/LinuxHD/Documents/public/learning-apache-airflow/venv/lib/python3.7/site-packages/airflow/example_dags/example_kubernetes_executor.py for tasks to queue
[2021-03-02 07:16:50,532] {logging_mixin.py:104} INFO - [2021-03-02 07:16:50,532] {dagbag.py:448} INFO - Filling up the DagBag from /media/thiagola92/LinuxHD/Documents/public/learning-apache-airflow/venv/lib/python3.7/site-packages/airflow/example_dags/example_kubernetes_executor.py
[2021-03-02 07:16:50,553] {scheduler_job.py:639} INFO - DAG(s) dict_keys(['example_kubernetes_executor']) retrieved from /media/thiagola92/LinuxHD/Documents/public/learning-apache-airflow/venv/lib/python3.7/site-packages/airflow/example_dags/example_kubernetes_executor.py
[2021-03-02 07:16:50,565] {logging_mixin.py:104} INFO - [2021-03-02 07:16:50,565] {dag.py:1818} INFO - Sync 1 DAGs
[2021-03-02 07:16:50,572] {logging_mixin.py:104} INFO - [2021-03-02 07:16:50,572] {dag.py:2273} INFO - Setting next_dagrun for example_kubernetes_executor to None
[2021-03-02 07:16:50,577] {scheduler_job.py:190} INFO - Processing /media/thiagola92/LinuxHD/Documents/public/learning-apache-airflow/venv/lib/python3.7/site-packages/airflow/example_dags/example_kubernetes_executor.py took 0.055 seconds
[2021-03-02 07:17:21,489] {scheduler_job.py:182} INFO - Started process (PID=28522) to work on /media/thiagola92/LinuxHD/Documents/public/learning-apache-airflow/venv/lib/python3.7/site-packages/airflow/example_dags/example_kubernetes_executor.py
[2021-03-02 07:17:21,490] {scheduler_job.py:629} INFO - Processing file /media/thiagola92/LinuxHD/Documents/public/learning-apache-airflow/venv/lib/python3.7/site-packages/airflow/example_dags/example_kubernetes_executor.py for tasks to queue
[2021-03-02 07:17:21,490] {logging_mixin.py:104} INFO - [2021-03-02 07:17:21,490] {dagbag.py:448} INFO - Filling up the DagBag from /media/thiagola92/LinuxHD/Documents/public/learning-apache-airflow/venv/lib/python3.7/site-packages/airflow/example_dags/example_kubernetes_executor.py
[2021-03-02 07:17:21,497] {scheduler_job.py:639} INFO - DAG(s) dict_keys(['example_kubernetes_executor']) retrieved from /media/thiagola92/LinuxHD/Documents/public/learning-apache-airflow/venv/lib/python3.7/site-packages/airflow/example_dags/example_kubernetes_executor.py
[2021-03-02 07:17:21,505] {logging_mixin.py:104} INFO - [2021-03-02 07:17:21,505] {dag.py:1818} INFO - Sync 1 DAGs
[2021-03-02 07:17:21,511] {logging_mixin.py:104} INFO - [2021-03-02 07:17:21,511] {dag.py:2273} INFO - Setting next_dagrun for example_kubernetes_executor to None
[2021-03-02 07:17:21,516] {scheduler_job.py:190} INFO - Processing /media/thiagola92/LinuxHD/Documents/public/learning-apache-airflow/venv/lib/python3.7/site-packages/airflow/example_dags/example_kubernetes_executor.py took 0.028 seconds
[2021-03-02 07:17:58,030] {scheduler_job.py:182} INFO - Started process (PID=29017) to work on /media/thiagola92/LinuxHD/Documents/public/learning-apache-airflow/venv/lib/python3.7/site-packages/airflow/example_dags/example_kubernetes_executor.py
[2021-03-02 07:17:58,033] {scheduler_job.py:629} INFO - Processing file /media/thiagola92/LinuxHD/Documents/public/learning-apache-airflow/venv/lib/python3.7/site-packages/airflow/example_dags/example_kubernetes_executor.py for tasks to queue
[2021-03-02 07:17:58,033] {logging_mixin.py:104} INFO - [2021-03-02 07:17:58,033] {dagbag.py:448} INFO - Filling up the DagBag from /media/thiagola92/LinuxHD/Documents/public/learning-apache-airflow/venv/lib/python3.7/site-packages/airflow/example_dags/example_kubernetes_executor.py
[2021-03-02 07:17:58,040] {scheduler_job.py:639} INFO - DAG(s) dict_keys(['example_kubernetes_executor']) retrieved from /media/thiagola92/LinuxHD/Documents/public/learning-apache-airflow/venv/lib/python3.7/site-packages/airflow/example_dags/example_kubernetes_executor.py
[2021-03-02 07:17:58,048] {logging_mixin.py:104} INFO - [2021-03-02 07:17:58,048] {dag.py:1818} INFO - Sync 1 DAGs
[2021-03-02 07:17:58,055] {logging_mixin.py:104} INFO - [2021-03-02 07:17:58,055] {dag.py:2273} INFO - Setting next_dagrun for example_kubernetes_executor to None
[2021-03-02 07:17:58,060] {scheduler_job.py:190} INFO - Processing /media/thiagola92/LinuxHD/Documents/public/learning-apache-airflow/venv/lib/python3.7/site-packages/airflow/example_dags/example_kubernetes_executor.py took 0.032 seconds
[2021-03-02 07:21:59,772] {scheduler_job.py:182} INFO - Started process (PID=32118) to work on /media/thiagola92/LinuxHD/Documents/public/learning-apache-airflow/venv/lib/python3.7/site-packages/airflow/example_dags/example_kubernetes_executor.py
[2021-03-02 07:21:59,774] {scheduler_job.py:629} INFO - Processing file /media/thiagola92/LinuxHD/Documents/public/learning-apache-airflow/venv/lib/python3.7/site-packages/airflow/example_dags/example_kubernetes_executor.py for tasks to queue
[2021-03-02 07:21:59,775] {logging_mixin.py:104} INFO - [2021-03-02 07:21:59,774] {dagbag.py:448} INFO - Filling up the DagBag from /media/thiagola92/LinuxHD/Documents/public/learning-apache-airflow/venv/lib/python3.7/site-packages/airflow/example_dags/example_kubernetes_executor.py
[2021-03-02 07:21:59,788] {scheduler_job.py:639} INFO - DAG(s) dict_keys(['example_kubernetes_executor']) retrieved from /media/thiagola92/LinuxHD/Documents/public/learning-apache-airflow/venv/lib/python3.7/site-packages/airflow/example_dags/example_kubernetes_executor.py
[2021-03-02 07:21:59,799] {logging_mixin.py:104} INFO - [2021-03-02 07:21:59,799] {dag.py:1818} INFO - Sync 1 DAGs
[2021-03-02 07:21:59,805] {logging_mixin.py:104} INFO - [2021-03-02 07:21:59,805] {dag.py:2273} INFO - Setting next_dagrun for example_kubernetes_executor to None
[2021-03-02 07:21:59,892] {scheduler_job.py:190} INFO - Processing /media/thiagola92/LinuxHD/Documents/public/learning-apache-airflow/venv/lib/python3.7/site-packages/airflow/example_dags/example_kubernetes_executor.py took 0.126 seconds
[2021-03-02 07:22:30,260] {scheduler_job.py:182} INFO - Started process (PID=32528) to work on /media/thiagola92/LinuxHD/Documents/public/learning-apache-airflow/venv/lib/python3.7/site-packages/airflow/example_dags/example_kubernetes_executor.py
[2021-03-02 07:22:30,261] {scheduler_job.py:629} INFO - Processing file /media/thiagola92/LinuxHD/Documents/public/learning-apache-airflow/venv/lib/python3.7/site-packages/airflow/example_dags/example_kubernetes_executor.py for tasks to queue
[2021-03-02 07:22:30,262] {logging_mixin.py:104} INFO - [2021-03-02 07:22:30,262] {dagbag.py:448} INFO - Filling up the DagBag from /media/thiagola92/LinuxHD/Documents/public/learning-apache-airflow/venv/lib/python3.7/site-packages/airflow/example_dags/example_kubernetes_executor.py
[2021-03-02 07:22:30,275] {scheduler_job.py:639} INFO - DAG(s) dict_keys(['example_kubernetes_executor']) retrieved from /media/thiagola92/LinuxHD/Documents/public/learning-apache-airflow/venv/lib/python3.7/site-packages/airflow/example_dags/example_kubernetes_executor.py
[2021-03-02 07:22:30,286] {logging_mixin.py:104} INFO - [2021-03-02 07:22:30,286] {dag.py:1818} INFO - Sync 1 DAGs
[2021-03-02 07:22:30,294] {logging_mixin.py:104} INFO - [2021-03-02 07:22:30,294] {dag.py:2273} INFO - Setting next_dagrun for example_kubernetes_executor to None
[2021-03-02 07:22:30,299] {scheduler_job.py:190} INFO - Processing /media/thiagola92/LinuxHD/Documents/public/learning-apache-airflow/venv/lib/python3.7/site-packages/airflow/example_dags/example_kubernetes_executor.py took 0.043 seconds
[2021-03-02 07:23:00,626] {scheduler_job.py:182} INFO - Started process (PID=32954) to work on /media/thiagola92/LinuxHD/Documents/public/learning-apache-airflow/venv/lib/python3.7/site-packages/airflow/example_dags/example_kubernetes_executor.py
[2021-03-02 07:23:00,627] {scheduler_job.py:629} INFO - Processing file /media/thiagola92/LinuxHD/Documents/public/learning-apache-airflow/venv/lib/python3.7/site-packages/airflow/example_dags/example_kubernetes_executor.py for tasks to queue
[2021-03-02 07:23:00,627] {logging_mixin.py:104} INFO - [2021-03-02 07:23:00,627] {dagbag.py:448} INFO - Filling up the DagBag from /media/thiagola92/LinuxHD/Documents/public/learning-apache-airflow/venv/lib/python3.7/site-packages/airflow/example_dags/example_kubernetes_executor.py
[2021-03-02 07:23:00,635] {scheduler_job.py:639} INFO - DAG(s) dict_keys(['example_kubernetes_executor']) retrieved from /media/thiagola92/LinuxHD/Documents/public/learning-apache-airflow/venv/lib/python3.7/site-packages/airflow/example_dags/example_kubernetes_executor.py
[2021-03-02 07:23:00,645] {logging_mixin.py:104} INFO - [2021-03-02 07:23:00,645] {dag.py:1818} INFO - Sync 1 DAGs
[2021-03-02 07:23:00,653] {logging_mixin.py:104} INFO - [2021-03-02 07:23:00,653] {dag.py:2273} INFO - Setting next_dagrun for example_kubernetes_executor to None
[2021-03-02 07:23:00,659] {scheduler_job.py:190} INFO - Processing /media/thiagola92/LinuxHD/Documents/public/learning-apache-airflow/venv/lib/python3.7/site-packages/airflow/example_dags/example_kubernetes_executor.py took 0.035 seconds
[2021-03-02 07:23:30,913] {scheduler_job.py:182} INFO - Started process (PID=33452) to work on /media/thiagola92/LinuxHD/Documents/public/learning-apache-airflow/venv/lib/python3.7/site-packages/airflow/example_dags/example_kubernetes_executor.py
[2021-03-02 07:23:30,915] {scheduler_job.py:629} INFO - Processing file /media/thiagola92/LinuxHD/Documents/public/learning-apache-airflow/venv/lib/python3.7/site-packages/airflow/example_dags/example_kubernetes_executor.py for tasks to queue
[2021-03-02 07:23:30,917] {logging_mixin.py:104} INFO - [2021-03-02 07:23:30,916] {dagbag.py:448} INFO - Filling up the DagBag from /media/thiagola92/LinuxHD/Documents/public/learning-apache-airflow/venv/lib/python3.7/site-packages/airflow/example_dags/example_kubernetes_executor.py
[2021-03-02 07:23:30,937] {scheduler_job.py:639} INFO - DAG(s) dict_keys(['example_kubernetes_executor']) retrieved from /media/thiagola92/LinuxHD/Documents/public/learning-apache-airflow/venv/lib/python3.7/site-packages/airflow/example_dags/example_kubernetes_executor.py
[2021-03-02 07:23:30,949] {logging_mixin.py:104} INFO - [2021-03-02 07:23:30,949] {dag.py:1818} INFO - Sync 1 DAGs
[2021-03-02 07:23:30,956] {logging_mixin.py:104} INFO - [2021-03-02 07:23:30,956] {dag.py:2273} INFO - Setting next_dagrun for example_kubernetes_executor to None
[2021-03-02 07:23:30,960] {scheduler_job.py:190} INFO - Processing /media/thiagola92/LinuxHD/Documents/public/learning-apache-airflow/venv/lib/python3.7/site-packages/airflow/example_dags/example_kubernetes_executor.py took 0.055 seconds
