[2021-03-02 07:12:04,306] {scheduler_job.py:182} INFO - Started process (PID=23917) to work on /media/thiagola92/LinuxHD/Documents/public/learning-apache-airflow/venv/lib/python3.7/site-packages/airflow/example_dags/example_dag_decorator.py
[2021-03-02 07:12:04,308] {scheduler_job.py:629} INFO - Processing file /media/thiagola92/LinuxHD/Documents/public/learning-apache-airflow/venv/lib/python3.7/site-packages/airflow/example_dags/example_dag_decorator.py for tasks to queue
[2021-03-02 07:12:04,309] {logging_mixin.py:104} INFO - [2021-03-02 07:12:04,308] {dagbag.py:448} INFO - Filling up the DagBag from /media/thiagola92/LinuxHD/Documents/public/learning-apache-airflow/venv/lib/python3.7/site-packages/airflow/example_dags/example_dag_decorator.py
[2021-03-02 07:12:04,325] {scheduler_job.py:639} INFO - DAG(s) dict_keys(['example_dag_decorator']) retrieved from /media/thiagola92/LinuxHD/Documents/public/learning-apache-airflow/venv/lib/python3.7/site-packages/airflow/example_dags/example_dag_decorator.py
[2021-03-02 07:12:04,337] {logging_mixin.py:104} INFO - [2021-03-02 07:12:04,337] {dag.py:1818} INFO - Sync 1 DAGs
[2021-03-02 07:12:04,343] {logging_mixin.py:104} INFO - [2021-03-02 07:12:04,343] {dag.py:2273} INFO - Setting next_dagrun for example_dag_decorator to None
[2021-03-02 07:12:04,434] {scheduler_job.py:190} INFO - Processing /media/thiagola92/LinuxHD/Documents/public/learning-apache-airflow/venv/lib/python3.7/site-packages/airflow/example_dags/example_dag_decorator.py took 0.132 seconds
[2021-03-02 07:12:34,740] {scheduler_job.py:182} INFO - Started process (PID=24613) to work on /media/thiagola92/LinuxHD/Documents/public/learning-apache-airflow/venv/lib/python3.7/site-packages/airflow/example_dags/example_dag_decorator.py
[2021-03-02 07:12:34,741] {scheduler_job.py:629} INFO - Processing file /media/thiagola92/LinuxHD/Documents/public/learning-apache-airflow/venv/lib/python3.7/site-packages/airflow/example_dags/example_dag_decorator.py for tasks to queue
[2021-03-02 07:12:34,741] {logging_mixin.py:104} INFO - [2021-03-02 07:12:34,741] {dagbag.py:448} INFO - Filling up the DagBag from /media/thiagola92/LinuxHD/Documents/public/learning-apache-airflow/venv/lib/python3.7/site-packages/airflow/example_dags/example_dag_decorator.py
[2021-03-02 07:12:34,750] {scheduler_job.py:639} INFO - DAG(s) dict_keys(['example_dag_decorator']) retrieved from /media/thiagola92/LinuxHD/Documents/public/learning-apache-airflow/venv/lib/python3.7/site-packages/airflow/example_dags/example_dag_decorator.py
[2021-03-02 07:12:34,760] {logging_mixin.py:104} INFO - [2021-03-02 07:12:34,760] {dag.py:1818} INFO - Sync 1 DAGs
[2021-03-02 07:12:34,767] {logging_mixin.py:104} INFO - [2021-03-02 07:12:34,767] {dag.py:2273} INFO - Setting next_dagrun for example_dag_decorator to None
[2021-03-02 07:12:34,863] {scheduler_job.py:190} INFO - Processing /media/thiagola92/LinuxHD/Documents/public/learning-apache-airflow/venv/lib/python3.7/site-packages/airflow/example_dags/example_dag_decorator.py took 0.125 seconds
[2021-03-02 07:13:05,992] {scheduler_job.py:182} INFO - Started process (PID=25083) to work on /media/thiagola92/LinuxHD/Documents/public/learning-apache-airflow/venv/lib/python3.7/site-packages/airflow/example_dags/example_dag_decorator.py
[2021-03-02 07:13:05,993] {scheduler_job.py:629} INFO - Processing file /media/thiagola92/LinuxHD/Documents/public/learning-apache-airflow/venv/lib/python3.7/site-packages/airflow/example_dags/example_dag_decorator.py for tasks to queue
[2021-03-02 07:13:05,994] {logging_mixin.py:104} INFO - [2021-03-02 07:13:05,994] {dagbag.py:448} INFO - Filling up the DagBag from /media/thiagola92/LinuxHD/Documents/public/learning-apache-airflow/venv/lib/python3.7/site-packages/airflow/example_dags/example_dag_decorator.py
[2021-03-02 07:13:06,007] {scheduler_job.py:639} INFO - DAG(s) dict_keys(['example_dag_decorator']) retrieved from /media/thiagola92/LinuxHD/Documents/public/learning-apache-airflow/venv/lib/python3.7/site-packages/airflow/example_dags/example_dag_decorator.py
[2021-03-02 07:13:06,018] {logging_mixin.py:104} INFO - [2021-03-02 07:13:06,018] {dag.py:1818} INFO - Sync 1 DAGs
[2021-03-02 07:13:06,024] {logging_mixin.py:104} INFO - [2021-03-02 07:13:06,024] {dag.py:2273} INFO - Setting next_dagrun for example_dag_decorator to None
[2021-03-02 07:13:06,112] {scheduler_job.py:190} INFO - Processing /media/thiagola92/LinuxHD/Documents/public/learning-apache-airflow/venv/lib/python3.7/site-packages/airflow/example_dags/example_dag_decorator.py took 0.122 seconds
[2021-03-02 07:13:36,586] {scheduler_job.py:182} INFO - Started process (PID=25488) to work on /media/thiagola92/LinuxHD/Documents/public/learning-apache-airflow/venv/lib/python3.7/site-packages/airflow/example_dags/example_dag_decorator.py
[2021-03-02 07:13:36,588] {scheduler_job.py:629} INFO - Processing file /media/thiagola92/LinuxHD/Documents/public/learning-apache-airflow/venv/lib/python3.7/site-packages/airflow/example_dags/example_dag_decorator.py for tasks to queue
[2021-03-02 07:13:36,589] {logging_mixin.py:104} INFO - [2021-03-02 07:13:36,589] {dagbag.py:448} INFO - Filling up the DagBag from /media/thiagola92/LinuxHD/Documents/public/learning-apache-airflow/venv/lib/python3.7/site-packages/airflow/example_dags/example_dag_decorator.py
[2021-03-02 07:13:36,610] {scheduler_job.py:639} INFO - DAG(s) dict_keys(['example_dag_decorator']) retrieved from /media/thiagola92/LinuxHD/Documents/public/learning-apache-airflow/venv/lib/python3.7/site-packages/airflow/example_dags/example_dag_decorator.py
[2021-03-02 07:13:36,623] {logging_mixin.py:104} INFO - [2021-03-02 07:13:36,623] {dag.py:1818} INFO - Sync 1 DAGs
[2021-03-02 07:13:36,632] {logging_mixin.py:104} INFO - [2021-03-02 07:13:36,631] {dag.py:2273} INFO - Setting next_dagrun for example_dag_decorator to None
[2021-03-02 07:13:36,724] {scheduler_job.py:190} INFO - Processing /media/thiagola92/LinuxHD/Documents/public/learning-apache-airflow/venv/lib/python3.7/site-packages/airflow/example_dags/example_dag_decorator.py took 0.145 seconds
[2021-03-02 07:14:27,903] {scheduler_job.py:182} INFO - Started process (PID=26175) to work on /media/thiagola92/LinuxHD/Documents/public/learning-apache-airflow/venv/lib/python3.7/site-packages/airflow/example_dags/example_dag_decorator.py
[2021-03-02 07:14:27,904] {scheduler_job.py:629} INFO - Processing file /media/thiagola92/LinuxHD/Documents/public/learning-apache-airflow/venv/lib/python3.7/site-packages/airflow/example_dags/example_dag_decorator.py for tasks to queue
[2021-03-02 07:14:27,905] {logging_mixin.py:104} INFO - [2021-03-02 07:14:27,905] {dagbag.py:448} INFO - Filling up the DagBag from /media/thiagola92/LinuxHD/Documents/public/learning-apache-airflow/venv/lib/python3.7/site-packages/airflow/example_dags/example_dag_decorator.py
[2021-03-02 07:14:27,917] {scheduler_job.py:639} INFO - DAG(s) dict_keys(['example_dag_decorator']) retrieved from /media/thiagola92/LinuxHD/Documents/public/learning-apache-airflow/venv/lib/python3.7/site-packages/airflow/example_dags/example_dag_decorator.py
[2021-03-02 07:14:27,929] {logging_mixin.py:104} INFO - [2021-03-02 07:14:27,929] {dag.py:1818} INFO - Sync 1 DAGs
[2021-03-02 07:14:27,939] {logging_mixin.py:104} INFO - [2021-03-02 07:14:27,939] {dag.py:2273} INFO - Setting next_dagrun for example_dag_decorator to None
[2021-03-02 07:14:28,020] {scheduler_job.py:190} INFO - Processing /media/thiagola92/LinuxHD/Documents/public/learning-apache-airflow/venv/lib/python3.7/site-packages/airflow/example_dags/example_dag_decorator.py took 0.119 seconds
[2021-03-02 07:15:00,219] {scheduler_job.py:182} INFO - Started process (PID=26612) to work on /media/thiagola92/LinuxHD/Documents/public/learning-apache-airflow/venv/lib/python3.7/site-packages/airflow/example_dags/example_dag_decorator.py
[2021-03-02 07:15:00,220] {scheduler_job.py:629} INFO - Processing file /media/thiagola92/LinuxHD/Documents/public/learning-apache-airflow/venv/lib/python3.7/site-packages/airflow/example_dags/example_dag_decorator.py for tasks to queue
[2021-03-02 07:15:00,221] {logging_mixin.py:104} INFO - [2021-03-02 07:15:00,221] {dagbag.py:448} INFO - Filling up the DagBag from /media/thiagola92/LinuxHD/Documents/public/learning-apache-airflow/venv/lib/python3.7/site-packages/airflow/example_dags/example_dag_decorator.py
[2021-03-02 07:15:00,231] {scheduler_job.py:639} INFO - DAG(s) dict_keys(['example_dag_decorator']) retrieved from /media/thiagola92/LinuxHD/Documents/public/learning-apache-airflow/venv/lib/python3.7/site-packages/airflow/example_dags/example_dag_decorator.py
[2021-03-02 07:15:00,240] {logging_mixin.py:104} INFO - [2021-03-02 07:15:00,240] {dag.py:1818} INFO - Sync 1 DAGs
[2021-03-02 07:15:00,246] {logging_mixin.py:104} INFO - [2021-03-02 07:15:00,246] {dag.py:2273} INFO - Setting next_dagrun for example_dag_decorator to None
[2021-03-02 07:15:00,351] {scheduler_job.py:190} INFO - Processing /media/thiagola92/LinuxHD/Documents/public/learning-apache-airflow/venv/lib/python3.7/site-packages/airflow/example_dags/example_dag_decorator.py took 0.134 seconds
[2021-03-02 07:15:31,202] {scheduler_job.py:182} INFO - Started process (PID=27007) to work on /media/thiagola92/LinuxHD/Documents/public/learning-apache-airflow/venv/lib/python3.7/site-packages/airflow/example_dags/example_dag_decorator.py
[2021-03-02 07:15:31,204] {scheduler_job.py:629} INFO - Processing file /media/thiagola92/LinuxHD/Documents/public/learning-apache-airflow/venv/lib/python3.7/site-packages/airflow/example_dags/example_dag_decorator.py for tasks to queue
[2021-03-02 07:15:31,205] {logging_mixin.py:104} INFO - [2021-03-02 07:15:31,205] {dagbag.py:448} INFO - Filling up the DagBag from /media/thiagola92/LinuxHD/Documents/public/learning-apache-airflow/venv/lib/python3.7/site-packages/airflow/example_dags/example_dag_decorator.py
[2021-03-02 07:15:31,221] {scheduler_job.py:639} INFO - DAG(s) dict_keys(['example_dag_decorator']) retrieved from /media/thiagola92/LinuxHD/Documents/public/learning-apache-airflow/venv/lib/python3.7/site-packages/airflow/example_dags/example_dag_decorator.py
[2021-03-02 07:15:31,232] {logging_mixin.py:104} INFO - [2021-03-02 07:15:31,232] {dag.py:1818} INFO - Sync 1 DAGs
[2021-03-02 07:15:31,238] {logging_mixin.py:104} INFO - [2021-03-02 07:15:31,238] {dag.py:2273} INFO - Setting next_dagrun for example_dag_decorator to None
[2021-03-02 07:15:31,320] {scheduler_job.py:190} INFO - Processing /media/thiagola92/LinuxHD/Documents/public/learning-apache-airflow/venv/lib/python3.7/site-packages/airflow/example_dags/example_dag_decorator.py took 0.122 seconds
[2021-03-02 07:16:01,501] {scheduler_job.py:182} INFO - Started process (PID=27457) to work on /media/thiagola92/LinuxHD/Documents/public/learning-apache-airflow/venv/lib/python3.7/site-packages/airflow/example_dags/example_dag_decorator.py
[2021-03-02 07:16:01,502] {scheduler_job.py:629} INFO - Processing file /media/thiagola92/LinuxHD/Documents/public/learning-apache-airflow/venv/lib/python3.7/site-packages/airflow/example_dags/example_dag_decorator.py for tasks to queue
[2021-03-02 07:16:01,503] {logging_mixin.py:104} INFO - [2021-03-02 07:16:01,503] {dagbag.py:448} INFO - Filling up the DagBag from /media/thiagola92/LinuxHD/Documents/public/learning-apache-airflow/venv/lib/python3.7/site-packages/airflow/example_dags/example_dag_decorator.py
[2021-03-02 07:16:01,510] {scheduler_job.py:639} INFO - DAG(s) dict_keys(['example_dag_decorator']) retrieved from /media/thiagola92/LinuxHD/Documents/public/learning-apache-airflow/venv/lib/python3.7/site-packages/airflow/example_dags/example_dag_decorator.py
[2021-03-02 07:16:01,520] {logging_mixin.py:104} INFO - [2021-03-02 07:16:01,520] {dag.py:1818} INFO - Sync 1 DAGs
[2021-03-02 07:16:01,527] {logging_mixin.py:104} INFO - [2021-03-02 07:16:01,527] {dag.py:2273} INFO - Setting next_dagrun for example_dag_decorator to None
[2021-03-02 07:16:01,599] {scheduler_job.py:190} INFO - Processing /media/thiagola92/LinuxHD/Documents/public/learning-apache-airflow/venv/lib/python3.7/site-packages/airflow/example_dags/example_dag_decorator.py took 0.099 seconds
[2021-03-02 07:16:31,976] {scheduler_job.py:182} INFO - Started process (PID=27850) to work on /media/thiagola92/LinuxHD/Documents/public/learning-apache-airflow/venv/lib/python3.7/site-packages/airflow/example_dags/example_dag_decorator.py
[2021-03-02 07:16:31,977] {scheduler_job.py:629} INFO - Processing file /media/thiagola92/LinuxHD/Documents/public/learning-apache-airflow/venv/lib/python3.7/site-packages/airflow/example_dags/example_dag_decorator.py for tasks to queue
[2021-03-02 07:16:31,977] {logging_mixin.py:104} INFO - [2021-03-02 07:16:31,977] {dagbag.py:448} INFO - Filling up the DagBag from /media/thiagola92/LinuxHD/Documents/public/learning-apache-airflow/venv/lib/python3.7/site-packages/airflow/example_dags/example_dag_decorator.py
[2021-03-02 07:16:31,991] {scheduler_job.py:639} INFO - DAG(s) dict_keys(['example_dag_decorator']) retrieved from /media/thiagola92/LinuxHD/Documents/public/learning-apache-airflow/venv/lib/python3.7/site-packages/airflow/example_dags/example_dag_decorator.py
[2021-03-02 07:16:32,004] {logging_mixin.py:104} INFO - [2021-03-02 07:16:32,004] {dag.py:1818} INFO - Sync 1 DAGs
[2021-03-02 07:16:32,011] {logging_mixin.py:104} INFO - [2021-03-02 07:16:32,011] {dag.py:2273} INFO - Setting next_dagrun for example_dag_decorator to None
[2021-03-02 07:16:32,097] {scheduler_job.py:190} INFO - Processing /media/thiagola92/LinuxHD/Documents/public/learning-apache-airflow/venv/lib/python3.7/site-packages/airflow/example_dags/example_dag_decorator.py took 0.124 seconds
[2021-03-02 07:17:02,435] {scheduler_job.py:182} INFO - Started process (PID=28247) to work on /media/thiagola92/LinuxHD/Documents/public/learning-apache-airflow/venv/lib/python3.7/site-packages/airflow/example_dags/example_dag_decorator.py
[2021-03-02 07:17:02,436] {scheduler_job.py:629} INFO - Processing file /media/thiagola92/LinuxHD/Documents/public/learning-apache-airflow/venv/lib/python3.7/site-packages/airflow/example_dags/example_dag_decorator.py for tasks to queue
[2021-03-02 07:17:02,438] {logging_mixin.py:104} INFO - [2021-03-02 07:17:02,437] {dagbag.py:448} INFO - Filling up the DagBag from /media/thiagola92/LinuxHD/Documents/public/learning-apache-airflow/venv/lib/python3.7/site-packages/airflow/example_dags/example_dag_decorator.py
[2021-03-02 07:17:02,454] {scheduler_job.py:639} INFO - DAG(s) dict_keys(['example_dag_decorator']) retrieved from /media/thiagola92/LinuxHD/Documents/public/learning-apache-airflow/venv/lib/python3.7/site-packages/airflow/example_dags/example_dag_decorator.py
[2021-03-02 07:17:02,465] {logging_mixin.py:104} INFO - [2021-03-02 07:17:02,465] {dag.py:1818} INFO - Sync 1 DAGs
[2021-03-02 07:17:02,473] {logging_mixin.py:104} INFO - [2021-03-02 07:17:02,473] {dag.py:2273} INFO - Setting next_dagrun for example_dag_decorator to None
[2021-03-02 07:17:02,579] {scheduler_job.py:190} INFO - Processing /media/thiagola92/LinuxHD/Documents/public/learning-apache-airflow/venv/lib/python3.7/site-packages/airflow/example_dags/example_dag_decorator.py took 0.149 seconds
[2021-03-02 07:17:34,925] {scheduler_job.py:182} INFO - Started process (PID=28699) to work on /media/thiagola92/LinuxHD/Documents/public/learning-apache-airflow/venv/lib/python3.7/site-packages/airflow/example_dags/example_dag_decorator.py
[2021-03-02 07:17:34,928] {scheduler_job.py:629} INFO - Processing file /media/thiagola92/LinuxHD/Documents/public/learning-apache-airflow/venv/lib/python3.7/site-packages/airflow/example_dags/example_dag_decorator.py for tasks to queue
[2021-03-02 07:17:34,929] {logging_mixin.py:104} INFO - [2021-03-02 07:17:34,929] {dagbag.py:448} INFO - Filling up the DagBag from /media/thiagola92/LinuxHD/Documents/public/learning-apache-airflow/venv/lib/python3.7/site-packages/airflow/example_dags/example_dag_decorator.py
[2021-03-02 07:17:34,949] {scheduler_job.py:639} INFO - DAG(s) dict_keys(['example_dag_decorator']) retrieved from /media/thiagola92/LinuxHD/Documents/public/learning-apache-airflow/venv/lib/python3.7/site-packages/airflow/example_dags/example_dag_decorator.py
[2021-03-02 07:17:34,962] {logging_mixin.py:104} INFO - [2021-03-02 07:17:34,962] {dag.py:1818} INFO - Sync 1 DAGs
[2021-03-02 07:17:34,969] {logging_mixin.py:104} INFO - [2021-03-02 07:17:34,969] {dag.py:2273} INFO - Setting next_dagrun for example_dag_decorator to None
[2021-03-02 07:17:35,058] {scheduler_job.py:190} INFO - Processing /media/thiagola92/LinuxHD/Documents/public/learning-apache-airflow/venv/lib/python3.7/site-packages/airflow/example_dags/example_dag_decorator.py took 0.140 seconds
[2021-03-02 07:21:45,589] {scheduler_job.py:182} INFO - Started process (PID=31935) to work on /media/thiagola92/LinuxHD/Documents/public/learning-apache-airflow/venv/lib/python3.7/site-packages/airflow/example_dags/example_dag_decorator.py
[2021-03-02 07:21:45,591] {scheduler_job.py:629} INFO - Processing file /media/thiagola92/LinuxHD/Documents/public/learning-apache-airflow/venv/lib/python3.7/site-packages/airflow/example_dags/example_dag_decorator.py for tasks to queue
[2021-03-02 07:21:45,593] {logging_mixin.py:104} INFO - [2021-03-02 07:21:45,593] {dagbag.py:448} INFO - Filling up the DagBag from /media/thiagola92/LinuxHD/Documents/public/learning-apache-airflow/venv/lib/python3.7/site-packages/airflow/example_dags/example_dag_decorator.py
[2021-03-02 07:21:45,611] {scheduler_job.py:639} INFO - DAG(s) dict_keys(['example_dag_decorator']) retrieved from /media/thiagola92/LinuxHD/Documents/public/learning-apache-airflow/venv/lib/python3.7/site-packages/airflow/example_dags/example_dag_decorator.py
[2021-03-02 07:21:45,622] {logging_mixin.py:104} INFO - [2021-03-02 07:21:45,622] {dag.py:1818} INFO - Sync 1 DAGs
[2021-03-02 07:21:45,629] {logging_mixin.py:104} INFO - [2021-03-02 07:21:45,629] {dag.py:2273} INFO - Setting next_dagrun for example_dag_decorator to None
[2021-03-02 07:21:45,720] {scheduler_job.py:190} INFO - Processing /media/thiagola92/LinuxHD/Documents/public/learning-apache-airflow/venv/lib/python3.7/site-packages/airflow/example_dags/example_dag_decorator.py took 0.138 seconds
[2021-03-02 07:22:16,098] {scheduler_job.py:182} INFO - Started process (PID=32333) to work on /media/thiagola92/LinuxHD/Documents/public/learning-apache-airflow/venv/lib/python3.7/site-packages/airflow/example_dags/example_dag_decorator.py
[2021-03-02 07:22:16,098] {scheduler_job.py:629} INFO - Processing file /media/thiagola92/LinuxHD/Documents/public/learning-apache-airflow/venv/lib/python3.7/site-packages/airflow/example_dags/example_dag_decorator.py for tasks to queue
[2021-03-02 07:22:16,098] {logging_mixin.py:104} INFO - [2021-03-02 07:22:16,098] {dagbag.py:448} INFO - Filling up the DagBag from /media/thiagola92/LinuxHD/Documents/public/learning-apache-airflow/venv/lib/python3.7/site-packages/airflow/example_dags/example_dag_decorator.py
[2021-03-02 07:22:16,106] {scheduler_job.py:639} INFO - DAG(s) dict_keys(['example_dag_decorator']) retrieved from /media/thiagola92/LinuxHD/Documents/public/learning-apache-airflow/venv/lib/python3.7/site-packages/airflow/example_dags/example_dag_decorator.py
[2021-03-02 07:22:16,116] {logging_mixin.py:104} INFO - [2021-03-02 07:22:16,116] {dag.py:1818} INFO - Sync 1 DAGs
[2021-03-02 07:22:16,122] {logging_mixin.py:104} INFO - [2021-03-02 07:22:16,122] {dag.py:2273} INFO - Setting next_dagrun for example_dag_decorator to None
[2021-03-02 07:22:16,200] {scheduler_job.py:190} INFO - Processing /media/thiagola92/LinuxHD/Documents/public/learning-apache-airflow/venv/lib/python3.7/site-packages/airflow/example_dags/example_dag_decorator.py took 0.104 seconds
[2021-03-02 07:22:47,204] {scheduler_job.py:182} INFO - Started process (PID=32764) to work on /media/thiagola92/LinuxHD/Documents/public/learning-apache-airflow/venv/lib/python3.7/site-packages/airflow/example_dags/example_dag_decorator.py
[2021-03-02 07:22:47,205] {scheduler_job.py:629} INFO - Processing file /media/thiagola92/LinuxHD/Documents/public/learning-apache-airflow/venv/lib/python3.7/site-packages/airflow/example_dags/example_dag_decorator.py for tasks to queue
[2021-03-02 07:22:47,206] {logging_mixin.py:104} INFO - [2021-03-02 07:22:47,205] {dagbag.py:448} INFO - Filling up the DagBag from /media/thiagola92/LinuxHD/Documents/public/learning-apache-airflow/venv/lib/python3.7/site-packages/airflow/example_dags/example_dag_decorator.py
[2021-03-02 07:22:47,221] {scheduler_job.py:639} INFO - DAG(s) dict_keys(['example_dag_decorator']) retrieved from /media/thiagola92/LinuxHD/Documents/public/learning-apache-airflow/venv/lib/python3.7/site-packages/airflow/example_dags/example_dag_decorator.py
[2021-03-02 07:22:47,232] {logging_mixin.py:104} INFO - [2021-03-02 07:22:47,231] {dag.py:1818} INFO - Sync 1 DAGs
[2021-03-02 07:22:47,238] {logging_mixin.py:104} INFO - [2021-03-02 07:22:47,238] {dag.py:2273} INFO - Setting next_dagrun for example_dag_decorator to None
[2021-03-02 07:22:47,331] {scheduler_job.py:190} INFO - Processing /media/thiagola92/LinuxHD/Documents/public/learning-apache-airflow/venv/lib/python3.7/site-packages/airflow/example_dags/example_dag_decorator.py took 0.130 seconds
[2021-03-02 07:23:17,466] {scheduler_job.py:182} INFO - Started process (PID=33252) to work on /media/thiagola92/LinuxHD/Documents/public/learning-apache-airflow/venv/lib/python3.7/site-packages/airflow/example_dags/example_dag_decorator.py
[2021-03-02 07:23:17,467] {scheduler_job.py:629} INFO - Processing file /media/thiagola92/LinuxHD/Documents/public/learning-apache-airflow/venv/lib/python3.7/site-packages/airflow/example_dags/example_dag_decorator.py for tasks to queue
[2021-03-02 07:23:17,469] {logging_mixin.py:104} INFO - [2021-03-02 07:23:17,468] {dagbag.py:448} INFO - Filling up the DagBag from /media/thiagola92/LinuxHD/Documents/public/learning-apache-airflow/venv/lib/python3.7/site-packages/airflow/example_dags/example_dag_decorator.py
[2021-03-02 07:23:17,484] {scheduler_job.py:639} INFO - DAG(s) dict_keys(['example_dag_decorator']) retrieved from /media/thiagola92/LinuxHD/Documents/public/learning-apache-airflow/venv/lib/python3.7/site-packages/airflow/example_dags/example_dag_decorator.py
[2021-03-02 07:23:17,495] {logging_mixin.py:104} INFO - [2021-03-02 07:23:17,495] {dag.py:1818} INFO - Sync 1 DAGs
[2021-03-02 07:23:17,500] {logging_mixin.py:104} INFO - [2021-03-02 07:23:17,500] {dag.py:2273} INFO - Setting next_dagrun for example_dag_decorator to None
[2021-03-02 07:23:17,583] {scheduler_job.py:190} INFO - Processing /media/thiagola92/LinuxHD/Documents/public/learning-apache-airflow/venv/lib/python3.7/site-packages/airflow/example_dags/example_dag_decorator.py took 0.123 seconds
[2021-03-02 07:23:48,730] {scheduler_job.py:182} INFO - Started process (PID=33721) to work on /media/thiagola92/LinuxHD/Documents/public/learning-apache-airflow/venv/lib/python3.7/site-packages/airflow/example_dags/example_dag_decorator.py
[2021-03-02 07:23:48,731] {scheduler_job.py:629} INFO - Processing file /media/thiagola92/LinuxHD/Documents/public/learning-apache-airflow/venv/lib/python3.7/site-packages/airflow/example_dags/example_dag_decorator.py for tasks to queue
[2021-03-02 07:23:48,732] {logging_mixin.py:104} INFO - [2021-03-02 07:23:48,732] {dagbag.py:448} INFO - Filling up the DagBag from /media/thiagola92/LinuxHD/Documents/public/learning-apache-airflow/venv/lib/python3.7/site-packages/airflow/example_dags/example_dag_decorator.py
[2021-03-02 07:23:48,748] {scheduler_job.py:639} INFO - DAG(s) dict_keys(['example_dag_decorator']) retrieved from /media/thiagola92/LinuxHD/Documents/public/learning-apache-airflow/venv/lib/python3.7/site-packages/airflow/example_dags/example_dag_decorator.py
[2021-03-02 07:23:48,759] {logging_mixin.py:104} INFO - [2021-03-02 07:23:48,759] {dag.py:1818} INFO - Sync 1 DAGs
[2021-03-02 07:23:48,764] {logging_mixin.py:104} INFO - [2021-03-02 07:23:48,764] {dag.py:2273} INFO - Setting next_dagrun for example_dag_decorator to None
[2021-03-02 07:23:48,851] {scheduler_job.py:190} INFO - Processing /media/thiagola92/LinuxHD/Documents/public/learning-apache-airflow/venv/lib/python3.7/site-packages/airflow/example_dags/example_dag_decorator.py took 0.128 seconds
