[2021-03-02 07:11:53,683] {scheduler_job.py:182} INFO - Started process (PID=23768) to work on /media/thiagola92/LinuxHD/Documents/public/learning-apache-airflow/venv/lib/python3.7/site-packages/airflow/example_dags/example_xcom.py
[2021-03-02 07:11:53,684] {scheduler_job.py:629} INFO - Processing file /media/thiagola92/LinuxHD/Documents/public/learning-apache-airflow/venv/lib/python3.7/site-packages/airflow/example_dags/example_xcom.py for tasks to queue
[2021-03-02 07:11:53,685] {logging_mixin.py:104} INFO - [2021-03-02 07:11:53,685] {dagbag.py:448} INFO - Filling up the DagBag from /media/thiagola92/LinuxHD/Documents/public/learning-apache-airflow/venv/lib/python3.7/site-packages/airflow/example_dags/example_xcom.py
[2021-03-02 07:11:53,698] {scheduler_job.py:639} INFO - DAG(s) dict_keys(['example_xcom']) retrieved from /media/thiagola92/LinuxHD/Documents/public/learning-apache-airflow/venv/lib/python3.7/site-packages/airflow/example_dags/example_xcom.py
[2021-03-02 07:11:53,710] {logging_mixin.py:104} INFO - [2021-03-02 07:11:53,710] {dag.py:1818} INFO - Sync 1 DAGs
[2021-03-02 07:11:53,718] {logging_mixin.py:104} INFO - [2021-03-02 07:11:53,718] {dag.py:2273} INFO - Setting next_dagrun for example_xcom to 2021-02-28 00:00:00+00:00
[2021-03-02 07:11:53,722] {scheduler_job.py:190} INFO - Processing /media/thiagola92/LinuxHD/Documents/public/learning-apache-airflow/venv/lib/python3.7/site-packages/airflow/example_dags/example_xcom.py took 0.043 seconds
[2021-03-02 07:12:24,042] {scheduler_job.py:182} INFO - Started process (PID=24217) to work on /media/thiagola92/LinuxHD/Documents/public/learning-apache-airflow/venv/lib/python3.7/site-packages/airflow/example_dags/example_xcom.py
[2021-03-02 07:12:24,044] {scheduler_job.py:629} INFO - Processing file /media/thiagola92/LinuxHD/Documents/public/learning-apache-airflow/venv/lib/python3.7/site-packages/airflow/example_dags/example_xcom.py for tasks to queue
[2021-03-02 07:12:24,046] {logging_mixin.py:104} INFO - [2021-03-02 07:12:24,046] {dagbag.py:448} INFO - Filling up the DagBag from /media/thiagola92/LinuxHD/Documents/public/learning-apache-airflow/venv/lib/python3.7/site-packages/airflow/example_dags/example_xcom.py
[2021-03-02 07:12:24,071] {scheduler_job.py:639} INFO - DAG(s) dict_keys(['example_xcom']) retrieved from /media/thiagola92/LinuxHD/Documents/public/learning-apache-airflow/venv/lib/python3.7/site-packages/airflow/example_dags/example_xcom.py
[2021-03-02 07:12:24,101] {logging_mixin.py:104} INFO - [2021-03-02 07:12:24,101] {dag.py:1818} INFO - Sync 1 DAGs
[2021-03-02 07:12:24,126] {logging_mixin.py:104} INFO - [2021-03-02 07:12:24,125] {dag.py:2273} INFO - Setting next_dagrun for example_xcom to 2021-02-28 00:00:00+00:00
[2021-03-02 07:12:24,139] {scheduler_job.py:190} INFO - Processing /media/thiagola92/LinuxHD/Documents/public/learning-apache-airflow/venv/lib/python3.7/site-packages/airflow/example_dags/example_xcom.py took 0.103 seconds
[2021-03-02 07:12:55,170] {scheduler_job.py:182} INFO - Started process (PID=24902) to work on /media/thiagola92/LinuxHD/Documents/public/learning-apache-airflow/venv/lib/python3.7/site-packages/airflow/example_dags/example_xcom.py
[2021-03-02 07:12:55,171] {scheduler_job.py:629} INFO - Processing file /media/thiagola92/LinuxHD/Documents/public/learning-apache-airflow/venv/lib/python3.7/site-packages/airflow/example_dags/example_xcom.py for tasks to queue
[2021-03-02 07:12:55,171] {logging_mixin.py:104} INFO - [2021-03-02 07:12:55,171] {dagbag.py:448} INFO - Filling up the DagBag from /media/thiagola92/LinuxHD/Documents/public/learning-apache-airflow/venv/lib/python3.7/site-packages/airflow/example_dags/example_xcom.py
[2021-03-02 07:12:55,180] {scheduler_job.py:639} INFO - DAG(s) dict_keys(['example_xcom']) retrieved from /media/thiagola92/LinuxHD/Documents/public/learning-apache-airflow/venv/lib/python3.7/site-packages/airflow/example_dags/example_xcom.py
[2021-03-02 07:12:55,189] {logging_mixin.py:104} INFO - [2021-03-02 07:12:55,189] {dag.py:1818} INFO - Sync 1 DAGs
[2021-03-02 07:12:55,195] {logging_mixin.py:104} INFO - [2021-03-02 07:12:55,195] {dag.py:2273} INFO - Setting next_dagrun for example_xcom to 2021-02-28 00:00:00+00:00
[2021-03-02 07:12:55,200] {scheduler_job.py:190} INFO - Processing /media/thiagola92/LinuxHD/Documents/public/learning-apache-airflow/venv/lib/python3.7/site-packages/airflow/example_dags/example_xcom.py took 0.032 seconds
[2021-03-02 07:13:26,438] {scheduler_job.py:182} INFO - Started process (PID=25362) to work on /media/thiagola92/LinuxHD/Documents/public/learning-apache-airflow/venv/lib/python3.7/site-packages/airflow/example_dags/example_xcom.py
[2021-03-02 07:13:26,439] {scheduler_job.py:629} INFO - Processing file /media/thiagola92/LinuxHD/Documents/public/learning-apache-airflow/venv/lib/python3.7/site-packages/airflow/example_dags/example_xcom.py for tasks to queue
[2021-03-02 07:13:26,439] {logging_mixin.py:104} INFO - [2021-03-02 07:13:26,439] {dagbag.py:448} INFO - Filling up the DagBag from /media/thiagola92/LinuxHD/Documents/public/learning-apache-airflow/venv/lib/python3.7/site-packages/airflow/example_dags/example_xcom.py
[2021-03-02 07:13:26,445] {scheduler_job.py:639} INFO - DAG(s) dict_keys(['example_xcom']) retrieved from /media/thiagola92/LinuxHD/Documents/public/learning-apache-airflow/venv/lib/python3.7/site-packages/airflow/example_dags/example_xcom.py
[2021-03-02 07:13:26,453] {logging_mixin.py:104} INFO - [2021-03-02 07:13:26,453] {dag.py:1818} INFO - Sync 1 DAGs
[2021-03-02 07:13:26,460] {logging_mixin.py:104} INFO - [2021-03-02 07:13:26,460] {dag.py:2273} INFO - Setting next_dagrun for example_xcom to 2021-02-28 00:00:00+00:00
[2021-03-02 07:13:26,464] {scheduler_job.py:190} INFO - Processing /media/thiagola92/LinuxHD/Documents/public/learning-apache-airflow/venv/lib/python3.7/site-packages/airflow/example_dags/example_xcom.py took 0.028 seconds
[2021-03-02 07:14:17,709] {scheduler_job.py:182} INFO - Started process (PID=26043) to work on /media/thiagola92/LinuxHD/Documents/public/learning-apache-airflow/venv/lib/python3.7/site-packages/airflow/example_dags/example_xcom.py
[2021-03-02 07:14:17,710] {scheduler_job.py:629} INFO - Processing file /media/thiagola92/LinuxHD/Documents/public/learning-apache-airflow/venv/lib/python3.7/site-packages/airflow/example_dags/example_xcom.py for tasks to queue
[2021-03-02 07:14:17,710] {logging_mixin.py:104} INFO - [2021-03-02 07:14:17,710] {dagbag.py:448} INFO - Filling up the DagBag from /media/thiagola92/LinuxHD/Documents/public/learning-apache-airflow/venv/lib/python3.7/site-packages/airflow/example_dags/example_xcom.py
[2021-03-02 07:14:17,716] {scheduler_job.py:639} INFO - DAG(s) dict_keys(['example_xcom']) retrieved from /media/thiagola92/LinuxHD/Documents/public/learning-apache-airflow/venv/lib/python3.7/site-packages/airflow/example_dags/example_xcom.py
[2021-03-02 07:14:17,724] {logging_mixin.py:104} INFO - [2021-03-02 07:14:17,724] {dag.py:1818} INFO - Sync 1 DAGs
[2021-03-02 07:14:17,731] {logging_mixin.py:104} INFO - [2021-03-02 07:14:17,731] {dag.py:2273} INFO - Setting next_dagrun for example_xcom to 2021-02-28 00:00:00+00:00
[2021-03-02 07:14:17,736] {scheduler_job.py:190} INFO - Processing /media/thiagola92/LinuxHD/Documents/public/learning-apache-airflow/venv/lib/python3.7/site-packages/airflow/example_dags/example_xcom.py took 0.028 seconds
[2021-03-02 07:14:48,067] {scheduler_job.py:182} INFO - Started process (PID=26451) to work on /media/thiagola92/LinuxHD/Documents/public/learning-apache-airflow/venv/lib/python3.7/site-packages/airflow/example_dags/example_xcom.py
[2021-03-02 07:14:48,068] {scheduler_job.py:629} INFO - Processing file /media/thiagola92/LinuxHD/Documents/public/learning-apache-airflow/venv/lib/python3.7/site-packages/airflow/example_dags/example_xcom.py for tasks to queue
[2021-03-02 07:14:48,069] {logging_mixin.py:104} INFO - [2021-03-02 07:14:48,068] {dagbag.py:448} INFO - Filling up the DagBag from /media/thiagola92/LinuxHD/Documents/public/learning-apache-airflow/venv/lib/python3.7/site-packages/airflow/example_dags/example_xcom.py
[2021-03-02 07:14:48,075] {scheduler_job.py:639} INFO - DAG(s) dict_keys(['example_xcom']) retrieved from /media/thiagola92/LinuxHD/Documents/public/learning-apache-airflow/venv/lib/python3.7/site-packages/airflow/example_dags/example_xcom.py
[2021-03-02 07:14:48,081] {logging_mixin.py:104} INFO - [2021-03-02 07:14:48,081] {dag.py:1818} INFO - Sync 1 DAGs
[2021-03-02 07:14:48,087] {logging_mixin.py:104} INFO - [2021-03-02 07:14:48,087] {dag.py:2273} INFO - Setting next_dagrun for example_xcom to 2021-02-28 00:00:00+00:00
[2021-03-02 07:14:48,091] {scheduler_job.py:190} INFO - Processing /media/thiagola92/LinuxHD/Documents/public/learning-apache-airflow/venv/lib/python3.7/site-packages/airflow/example_dags/example_xcom.py took 0.025 seconds
[2021-03-02 07:15:18,486] {scheduler_job.py:182} INFO - Started process (PID=26844) to work on /media/thiagola92/LinuxHD/Documents/public/learning-apache-airflow/venv/lib/python3.7/site-packages/airflow/example_dags/example_xcom.py
[2021-03-02 07:15:18,489] {scheduler_job.py:629} INFO - Processing file /media/thiagola92/LinuxHD/Documents/public/learning-apache-airflow/venv/lib/python3.7/site-packages/airflow/example_dags/example_xcom.py for tasks to queue
[2021-03-02 07:15:18,490] {logging_mixin.py:104} INFO - [2021-03-02 07:15:18,490] {dagbag.py:448} INFO - Filling up the DagBag from /media/thiagola92/LinuxHD/Documents/public/learning-apache-airflow/venv/lib/python3.7/site-packages/airflow/example_dags/example_xcom.py
[2021-03-02 07:15:18,504] {scheduler_job.py:639} INFO - DAG(s) dict_keys(['example_xcom']) retrieved from /media/thiagola92/LinuxHD/Documents/public/learning-apache-airflow/venv/lib/python3.7/site-packages/airflow/example_dags/example_xcom.py
[2021-03-02 07:15:18,515] {logging_mixin.py:104} INFO - [2021-03-02 07:15:18,515] {dag.py:1818} INFO - Sync 1 DAGs
[2021-03-02 07:15:18,522] {logging_mixin.py:104} INFO - [2021-03-02 07:15:18,522] {dag.py:2273} INFO - Setting next_dagrun for example_xcom to 2021-02-28 00:00:00+00:00
[2021-03-02 07:15:18,526] {scheduler_job.py:190} INFO - Processing /media/thiagola92/LinuxHD/Documents/public/learning-apache-airflow/venv/lib/python3.7/site-packages/airflow/example_dags/example_xcom.py took 0.048 seconds
[2021-03-02 07:15:48,730] {scheduler_job.py:182} INFO - Started process (PID=27284) to work on /media/thiagola92/LinuxHD/Documents/public/learning-apache-airflow/venv/lib/python3.7/site-packages/airflow/example_dags/example_xcom.py
[2021-03-02 07:15:48,731] {scheduler_job.py:629} INFO - Processing file /media/thiagola92/LinuxHD/Documents/public/learning-apache-airflow/venv/lib/python3.7/site-packages/airflow/example_dags/example_xcom.py for tasks to queue
[2021-03-02 07:15:48,731] {logging_mixin.py:104} INFO - [2021-03-02 07:15:48,731] {dagbag.py:448} INFO - Filling up the DagBag from /media/thiagola92/LinuxHD/Documents/public/learning-apache-airflow/venv/lib/python3.7/site-packages/airflow/example_dags/example_xcom.py
[2021-03-02 07:15:48,739] {scheduler_job.py:639} INFO - DAG(s) dict_keys(['example_xcom']) retrieved from /media/thiagola92/LinuxHD/Documents/public/learning-apache-airflow/venv/lib/python3.7/site-packages/airflow/example_dags/example_xcom.py
[2021-03-02 07:15:48,748] {logging_mixin.py:104} INFO - [2021-03-02 07:15:48,747] {dag.py:1818} INFO - Sync 1 DAGs
[2021-03-02 07:15:48,774] {logging_mixin.py:104} INFO - [2021-03-02 07:15:48,774] {dag.py:2273} INFO - Setting next_dagrun for example_xcom to 2021-02-28 00:00:00+00:00
[2021-03-02 07:15:48,779] {scheduler_job.py:190} INFO - Processing /media/thiagola92/LinuxHD/Documents/public/learning-apache-airflow/venv/lib/python3.7/site-packages/airflow/example_dags/example_xcom.py took 0.051 seconds
[2021-03-02 07:16:18,958] {scheduler_job.py:182} INFO - Started process (PID=27669) to work on /media/thiagola92/LinuxHD/Documents/public/learning-apache-airflow/venv/lib/python3.7/site-packages/airflow/example_dags/example_xcom.py
[2021-03-02 07:16:18,959] {scheduler_job.py:629} INFO - Processing file /media/thiagola92/LinuxHD/Documents/public/learning-apache-airflow/venv/lib/python3.7/site-packages/airflow/example_dags/example_xcom.py for tasks to queue
[2021-03-02 07:16:18,959] {logging_mixin.py:104} INFO - [2021-03-02 07:16:18,959] {dagbag.py:448} INFO - Filling up the DagBag from /media/thiagola92/LinuxHD/Documents/public/learning-apache-airflow/venv/lib/python3.7/site-packages/airflow/example_dags/example_xcom.py
[2021-03-02 07:16:18,967] {scheduler_job.py:639} INFO - DAG(s) dict_keys(['example_xcom']) retrieved from /media/thiagola92/LinuxHD/Documents/public/learning-apache-airflow/venv/lib/python3.7/site-packages/airflow/example_dags/example_xcom.py
[2021-03-02 07:16:18,975] {logging_mixin.py:104} INFO - [2021-03-02 07:16:18,975] {dag.py:1818} INFO - Sync 1 DAGs
[2021-03-02 07:16:18,982] {logging_mixin.py:104} INFO - [2021-03-02 07:16:18,981] {dag.py:2273} INFO - Setting next_dagrun for example_xcom to 2021-02-28 00:00:00+00:00
[2021-03-02 07:16:18,986] {scheduler_job.py:190} INFO - Processing /media/thiagola92/LinuxHD/Documents/public/learning-apache-airflow/venv/lib/python3.7/site-packages/airflow/example_dags/example_xcom.py took 0.029 seconds
[2021-03-02 07:16:49,769] {scheduler_job.py:182} INFO - Started process (PID=28063) to work on /media/thiagola92/LinuxHD/Documents/public/learning-apache-airflow/venv/lib/python3.7/site-packages/airflow/example_dags/example_xcom.py
[2021-03-02 07:16:49,770] {scheduler_job.py:629} INFO - Processing file /media/thiagola92/LinuxHD/Documents/public/learning-apache-airflow/venv/lib/python3.7/site-packages/airflow/example_dags/example_xcom.py for tasks to queue
[2021-03-02 07:16:49,771] {logging_mixin.py:104} INFO - [2021-03-02 07:16:49,771] {dagbag.py:448} INFO - Filling up the DagBag from /media/thiagola92/LinuxHD/Documents/public/learning-apache-airflow/venv/lib/python3.7/site-packages/airflow/example_dags/example_xcom.py
[2021-03-02 07:16:49,778] {scheduler_job.py:639} INFO - DAG(s) dict_keys(['example_xcom']) retrieved from /media/thiagola92/LinuxHD/Documents/public/learning-apache-airflow/venv/lib/python3.7/site-packages/airflow/example_dags/example_xcom.py
[2021-03-02 07:16:49,786] {logging_mixin.py:104} INFO - [2021-03-02 07:16:49,786] {dag.py:1818} INFO - Sync 1 DAGs
[2021-03-02 07:16:49,791] {logging_mixin.py:104} INFO - [2021-03-02 07:16:49,791] {dag.py:2273} INFO - Setting next_dagrun for example_xcom to 2021-02-28 00:00:00+00:00
[2021-03-02 07:16:49,795] {scheduler_job.py:190} INFO - Processing /media/thiagola92/LinuxHD/Documents/public/learning-apache-airflow/venv/lib/python3.7/site-packages/airflow/example_dags/example_xcom.py took 0.028 seconds
[2021-03-02 07:17:20,374] {scheduler_job.py:182} INFO - Started process (PID=28514) to work on /media/thiagola92/LinuxHD/Documents/public/learning-apache-airflow/venv/lib/python3.7/site-packages/airflow/example_dags/example_xcom.py
[2021-03-02 07:17:20,377] {scheduler_job.py:629} INFO - Processing file /media/thiagola92/LinuxHD/Documents/public/learning-apache-airflow/venv/lib/python3.7/site-packages/airflow/example_dags/example_xcom.py for tasks to queue
[2021-03-02 07:17:20,378] {logging_mixin.py:104} INFO - [2021-03-02 07:17:20,378] {dagbag.py:448} INFO - Filling up the DagBag from /media/thiagola92/LinuxHD/Documents/public/learning-apache-airflow/venv/lib/python3.7/site-packages/airflow/example_dags/example_xcom.py
[2021-03-02 07:17:20,398] {scheduler_job.py:639} INFO - DAG(s) dict_keys(['example_xcom']) retrieved from /media/thiagola92/LinuxHD/Documents/public/learning-apache-airflow/venv/lib/python3.7/site-packages/airflow/example_dags/example_xcom.py
[2021-03-02 07:17:20,410] {logging_mixin.py:104} INFO - [2021-03-02 07:17:20,410] {dag.py:1818} INFO - Sync 1 DAGs
[2021-03-02 07:17:20,417] {logging_mixin.py:104} INFO - [2021-03-02 07:17:20,417] {dag.py:2273} INFO - Setting next_dagrun for example_xcom to 2021-02-28 00:00:00+00:00
[2021-03-02 07:17:20,422] {scheduler_job.py:190} INFO - Processing /media/thiagola92/LinuxHD/Documents/public/learning-apache-airflow/venv/lib/python3.7/site-packages/airflow/example_dags/example_xcom.py took 0.054 seconds
[2021-03-02 07:17:56,528] {scheduler_job.py:182} INFO - Started process (PID=28995) to work on /media/thiagola92/LinuxHD/Documents/public/learning-apache-airflow/venv/lib/python3.7/site-packages/airflow/example_dags/example_xcom.py
[2021-03-02 07:17:56,530] {scheduler_job.py:629} INFO - Processing file /media/thiagola92/LinuxHD/Documents/public/learning-apache-airflow/venv/lib/python3.7/site-packages/airflow/example_dags/example_xcom.py for tasks to queue
[2021-03-02 07:17:56,530] {logging_mixin.py:104} INFO - [2021-03-02 07:17:56,530] {dagbag.py:448} INFO - Filling up the DagBag from /media/thiagola92/LinuxHD/Documents/public/learning-apache-airflow/venv/lib/python3.7/site-packages/airflow/example_dags/example_xcom.py
[2021-03-02 07:17:56,538] {scheduler_job.py:639} INFO - DAG(s) dict_keys(['example_xcom']) retrieved from /media/thiagola92/LinuxHD/Documents/public/learning-apache-airflow/venv/lib/python3.7/site-packages/airflow/example_dags/example_xcom.py
[2021-03-02 07:17:56,547] {logging_mixin.py:104} INFO - [2021-03-02 07:17:56,546] {dag.py:1818} INFO - Sync 1 DAGs
[2021-03-02 07:17:56,553] {logging_mixin.py:104} INFO - [2021-03-02 07:17:56,553] {dag.py:2273} INFO - Setting next_dagrun for example_xcom to 2021-02-28 00:00:00+00:00
[2021-03-02 07:17:56,558] {scheduler_job.py:190} INFO - Processing /media/thiagola92/LinuxHD/Documents/public/learning-apache-airflow/venv/lib/python3.7/site-packages/airflow/example_dags/example_xcom.py took 0.032 seconds
[2021-03-02 07:21:43,841] {scheduler_job.py:182} INFO - Started process (PID=31924) to work on /media/thiagola92/LinuxHD/Documents/public/learning-apache-airflow/venv/lib/python3.7/site-packages/airflow/example_dags/example_xcom.py
[2021-03-02 07:21:43,842] {scheduler_job.py:629} INFO - Processing file /media/thiagola92/LinuxHD/Documents/public/learning-apache-airflow/venv/lib/python3.7/site-packages/airflow/example_dags/example_xcom.py for tasks to queue
[2021-03-02 07:21:43,842] {logging_mixin.py:104} INFO - [2021-03-02 07:21:43,842] {dagbag.py:448} INFO - Filling up the DagBag from /media/thiagola92/LinuxHD/Documents/public/learning-apache-airflow/venv/lib/python3.7/site-packages/airflow/example_dags/example_xcom.py
[2021-03-02 07:21:43,851] {scheduler_job.py:639} INFO - DAG(s) dict_keys(['example_xcom']) retrieved from /media/thiagola92/LinuxHD/Documents/public/learning-apache-airflow/venv/lib/python3.7/site-packages/airflow/example_dags/example_xcom.py
[2021-03-02 07:21:43,860] {logging_mixin.py:104} INFO - [2021-03-02 07:21:43,860] {dag.py:1818} INFO - Sync 1 DAGs
[2021-03-02 07:21:43,866] {logging_mixin.py:104} INFO - [2021-03-02 07:21:43,866] {dag.py:2273} INFO - Setting next_dagrun for example_xcom to 2021-02-28 00:00:00+00:00
[2021-03-02 07:21:43,869] {scheduler_job.py:190} INFO - Processing /media/thiagola92/LinuxHD/Documents/public/learning-apache-airflow/venv/lib/python3.7/site-packages/airflow/example_dags/example_xcom.py took 0.032 seconds
[2021-03-02 07:22:14,373] {scheduler_job.py:182} INFO - Started process (PID=32309) to work on /media/thiagola92/LinuxHD/Documents/public/learning-apache-airflow/venv/lib/python3.7/site-packages/airflow/example_dags/example_xcom.py
[2021-03-02 07:22:14,374] {scheduler_job.py:629} INFO - Processing file /media/thiagola92/LinuxHD/Documents/public/learning-apache-airflow/venv/lib/python3.7/site-packages/airflow/example_dags/example_xcom.py for tasks to queue
[2021-03-02 07:22:14,374] {logging_mixin.py:104} INFO - [2021-03-02 07:22:14,374] {dagbag.py:448} INFO - Filling up the DagBag from /media/thiagola92/LinuxHD/Documents/public/learning-apache-airflow/venv/lib/python3.7/site-packages/airflow/example_dags/example_xcom.py
[2021-03-02 07:22:14,381] {scheduler_job.py:639} INFO - DAG(s) dict_keys(['example_xcom']) retrieved from /media/thiagola92/LinuxHD/Documents/public/learning-apache-airflow/venv/lib/python3.7/site-packages/airflow/example_dags/example_xcom.py
[2021-03-02 07:22:14,388] {logging_mixin.py:104} INFO - [2021-03-02 07:22:14,388] {dag.py:1818} INFO - Sync 1 DAGs
[2021-03-02 07:22:14,394] {logging_mixin.py:104} INFO - [2021-03-02 07:22:14,394] {dag.py:2273} INFO - Setting next_dagrun for example_xcom to 2021-02-28 00:00:00+00:00
[2021-03-02 07:22:14,399] {scheduler_job.py:190} INFO - Processing /media/thiagola92/LinuxHD/Documents/public/learning-apache-airflow/venv/lib/python3.7/site-packages/airflow/example_dags/example_xcom.py took 0.027 seconds
[2021-03-02 07:22:44,946] {scheduler_job.py:182} INFO - Started process (PID=32718) to work on /media/thiagola92/LinuxHD/Documents/public/learning-apache-airflow/venv/lib/python3.7/site-packages/airflow/example_dags/example_xcom.py
[2021-03-02 07:22:44,948] {scheduler_job.py:629} INFO - Processing file /media/thiagola92/LinuxHD/Documents/public/learning-apache-airflow/venv/lib/python3.7/site-packages/airflow/example_dags/example_xcom.py for tasks to queue
[2021-03-02 07:22:44,950] {logging_mixin.py:104} INFO - [2021-03-02 07:22:44,950] {dagbag.py:448} INFO - Filling up the DagBag from /media/thiagola92/LinuxHD/Documents/public/learning-apache-airflow/venv/lib/python3.7/site-packages/airflow/example_dags/example_xcom.py
[2021-03-02 07:22:44,972] {scheduler_job.py:639} INFO - DAG(s) dict_keys(['example_xcom']) retrieved from /media/thiagola92/LinuxHD/Documents/public/learning-apache-airflow/venv/lib/python3.7/site-packages/airflow/example_dags/example_xcom.py
[2021-03-02 07:22:44,985] {logging_mixin.py:104} INFO - [2021-03-02 07:22:44,985] {dag.py:1818} INFO - Sync 1 DAGs
[2021-03-02 07:22:44,993] {logging_mixin.py:104} INFO - [2021-03-02 07:22:44,992] {dag.py:2273} INFO - Setting next_dagrun for example_xcom to 2021-02-28 00:00:00+00:00
[2021-03-02 07:22:44,997] {scheduler_job.py:190} INFO - Processing /media/thiagola92/LinuxHD/Documents/public/learning-apache-airflow/venv/lib/python3.7/site-packages/airflow/example_dags/example_xcom.py took 0.058 seconds
[2021-03-02 07:23:15,168] {scheduler_job.py:182} INFO - Started process (PID=33222) to work on /media/thiagola92/LinuxHD/Documents/public/learning-apache-airflow/venv/lib/python3.7/site-packages/airflow/example_dags/example_xcom.py
[2021-03-02 07:23:15,168] {scheduler_job.py:629} INFO - Processing file /media/thiagola92/LinuxHD/Documents/public/learning-apache-airflow/venv/lib/python3.7/site-packages/airflow/example_dags/example_xcom.py for tasks to queue
[2021-03-02 07:23:15,169] {logging_mixin.py:104} INFO - [2021-03-02 07:23:15,169] {dagbag.py:448} INFO - Filling up the DagBag from /media/thiagola92/LinuxHD/Documents/public/learning-apache-airflow/venv/lib/python3.7/site-packages/airflow/example_dags/example_xcom.py
[2021-03-02 07:23:15,175] {scheduler_job.py:639} INFO - DAG(s) dict_keys(['example_xcom']) retrieved from /media/thiagola92/LinuxHD/Documents/public/learning-apache-airflow/venv/lib/python3.7/site-packages/airflow/example_dags/example_xcom.py
[2021-03-02 07:23:15,182] {logging_mixin.py:104} INFO - [2021-03-02 07:23:15,182] {dag.py:1818} INFO - Sync 1 DAGs
[2021-03-02 07:23:15,188] {logging_mixin.py:104} INFO - [2021-03-02 07:23:15,187] {dag.py:2273} INFO - Setting next_dagrun for example_xcom to 2021-02-28 00:00:00+00:00
[2021-03-02 07:23:15,192] {scheduler_job.py:190} INFO - Processing /media/thiagola92/LinuxHD/Documents/public/learning-apache-airflow/venv/lib/python3.7/site-packages/airflow/example_dags/example_xcom.py took 0.025 seconds
[2021-03-02 07:23:46,433] {scheduler_job.py:182} INFO - Started process (PID=33691) to work on /media/thiagola92/LinuxHD/Documents/public/learning-apache-airflow/venv/lib/python3.7/site-packages/airflow/example_dags/example_xcom.py
[2021-03-02 07:23:46,434] {scheduler_job.py:629} INFO - Processing file /media/thiagola92/LinuxHD/Documents/public/learning-apache-airflow/venv/lib/python3.7/site-packages/airflow/example_dags/example_xcom.py for tasks to queue
[2021-03-02 07:23:46,434] {logging_mixin.py:104} INFO - [2021-03-02 07:23:46,434] {dagbag.py:448} INFO - Filling up the DagBag from /media/thiagola92/LinuxHD/Documents/public/learning-apache-airflow/venv/lib/python3.7/site-packages/airflow/example_dags/example_xcom.py
[2021-03-02 07:23:46,440] {scheduler_job.py:639} INFO - DAG(s) dict_keys(['example_xcom']) retrieved from /media/thiagola92/LinuxHD/Documents/public/learning-apache-airflow/venv/lib/python3.7/site-packages/airflow/example_dags/example_xcom.py
[2021-03-02 07:23:46,447] {logging_mixin.py:104} INFO - [2021-03-02 07:23:46,447] {dag.py:1818} INFO - Sync 1 DAGs
[2021-03-02 07:23:46,452] {logging_mixin.py:104} INFO - [2021-03-02 07:23:46,452] {dag.py:2273} INFO - Setting next_dagrun for example_xcom to 2021-02-28 00:00:00+00:00
[2021-03-02 07:23:46,456] {scheduler_job.py:190} INFO - Processing /media/thiagola92/LinuxHD/Documents/public/learning-apache-airflow/venv/lib/python3.7/site-packages/airflow/example_dags/example_xcom.py took 0.024 seconds
