[2021-03-02 07:12:10,746] {scheduler_job.py:182} INFO - Started process (PID=24019) to work on /media/thiagola92/LinuxHD/Documents/public/learning-apache-airflow/venv/lib/python3.7/site-packages/airflow/example_dags/example_latest_only.py
[2021-03-02 07:12:10,747] {scheduler_job.py:629} INFO - Processing file /media/thiagola92/LinuxHD/Documents/public/learning-apache-airflow/venv/lib/python3.7/site-packages/airflow/example_dags/example_latest_only.py for tasks to queue
[2021-03-02 07:12:10,747] {logging_mixin.py:104} INFO - [2021-03-02 07:12:10,747] {dagbag.py:448} INFO - Filling up the DagBag from /media/thiagola92/LinuxHD/Documents/public/learning-apache-airflow/venv/lib/python3.7/site-packages/airflow/example_dags/example_latest_only.py
[2021-03-02 07:12:10,752] {scheduler_job.py:639} INFO - DAG(s) dict_keys(['latest_only']) retrieved from /media/thiagola92/LinuxHD/Documents/public/learning-apache-airflow/venv/lib/python3.7/site-packages/airflow/example_dags/example_latest_only.py
[2021-03-02 07:12:10,759] {logging_mixin.py:104} INFO - [2021-03-02 07:12:10,759] {dag.py:1818} INFO - Sync 1 DAGs
[2021-03-02 07:12:10,765] {logging_mixin.py:104} INFO - [2021-03-02 07:12:10,765] {dag.py:2273} INFO - Setting next_dagrun for latest_only to 2021-02-28 00:00:00+00:00
[2021-03-02 07:12:10,769] {scheduler_job.py:190} INFO - Processing /media/thiagola92/LinuxHD/Documents/public/learning-apache-airflow/venv/lib/python3.7/site-packages/airflow/example_dags/example_latest_only.py took 0.024 seconds
[2021-03-02 07:12:41,349] {scheduler_job.py:182} INFO - Started process (PID=24704) to work on /media/thiagola92/LinuxHD/Documents/public/learning-apache-airflow/venv/lib/python3.7/site-packages/airflow/example_dags/example_latest_only.py
[2021-03-02 07:12:41,350] {scheduler_job.py:629} INFO - Processing file /media/thiagola92/LinuxHD/Documents/public/learning-apache-airflow/venv/lib/python3.7/site-packages/airflow/example_dags/example_latest_only.py for tasks to queue
[2021-03-02 07:12:41,351] {logging_mixin.py:104} INFO - [2021-03-02 07:12:41,351] {dagbag.py:448} INFO - Filling up the DagBag from /media/thiagola92/LinuxHD/Documents/public/learning-apache-airflow/venv/lib/python3.7/site-packages/airflow/example_dags/example_latest_only.py
[2021-03-02 07:12:41,359] {scheduler_job.py:639} INFO - DAG(s) dict_keys(['latest_only']) retrieved from /media/thiagola92/LinuxHD/Documents/public/learning-apache-airflow/venv/lib/python3.7/site-packages/airflow/example_dags/example_latest_only.py
[2021-03-02 07:12:41,370] {logging_mixin.py:104} INFO - [2021-03-02 07:12:41,370] {dag.py:1818} INFO - Sync 1 DAGs
[2021-03-02 07:12:41,378] {logging_mixin.py:104} INFO - [2021-03-02 07:12:41,378] {dag.py:2273} INFO - Setting next_dagrun for latest_only to 2021-02-28 00:00:00+00:00
[2021-03-02 07:12:41,383] {scheduler_job.py:190} INFO - Processing /media/thiagola92/LinuxHD/Documents/public/learning-apache-airflow/venv/lib/python3.7/site-packages/airflow/example_dags/example_latest_only.py took 0.036 seconds
[2021-03-02 07:13:13,716] {scheduler_job.py:182} INFO - Started process (PID=25197) to work on /media/thiagola92/LinuxHD/Documents/public/learning-apache-airflow/venv/lib/python3.7/site-packages/airflow/example_dags/example_latest_only.py
[2021-03-02 07:13:13,717] {scheduler_job.py:629} INFO - Processing file /media/thiagola92/LinuxHD/Documents/public/learning-apache-airflow/venv/lib/python3.7/site-packages/airflow/example_dags/example_latest_only.py for tasks to queue
[2021-03-02 07:13:13,717] {logging_mixin.py:104} INFO - [2021-03-02 07:13:13,717] {dagbag.py:448} INFO - Filling up the DagBag from /media/thiagola92/LinuxHD/Documents/public/learning-apache-airflow/venv/lib/python3.7/site-packages/airflow/example_dags/example_latest_only.py
[2021-03-02 07:13:13,722] {scheduler_job.py:639} INFO - DAG(s) dict_keys(['latest_only']) retrieved from /media/thiagola92/LinuxHD/Documents/public/learning-apache-airflow/venv/lib/python3.7/site-packages/airflow/example_dags/example_latest_only.py
[2021-03-02 07:13:13,730] {logging_mixin.py:104} INFO - [2021-03-02 07:13:13,730] {dag.py:1818} INFO - Sync 1 DAGs
[2021-03-02 07:13:13,737] {logging_mixin.py:104} INFO - [2021-03-02 07:13:13,736] {dag.py:2273} INFO - Setting next_dagrun for latest_only to 2021-02-28 00:00:00+00:00
[2021-03-02 07:13:13,741] {scheduler_job.py:190} INFO - Processing /media/thiagola92/LinuxHD/Documents/public/learning-apache-airflow/venv/lib/python3.7/site-packages/airflow/example_dags/example_latest_only.py took 0.027 seconds
[2021-03-02 07:13:44,019] {scheduler_job.py:182} INFO - Started process (PID=25583) to work on /media/thiagola92/LinuxHD/Documents/public/learning-apache-airflow/venv/lib/python3.7/site-packages/airflow/example_dags/example_latest_only.py
[2021-03-02 07:13:44,020] {scheduler_job.py:629} INFO - Processing file /media/thiagola92/LinuxHD/Documents/public/learning-apache-airflow/venv/lib/python3.7/site-packages/airflow/example_dags/example_latest_only.py for tasks to queue
[2021-03-02 07:13:44,020] {logging_mixin.py:104} INFO - [2021-03-02 07:13:44,020] {dagbag.py:448} INFO - Filling up the DagBag from /media/thiagola92/LinuxHD/Documents/public/learning-apache-airflow/venv/lib/python3.7/site-packages/airflow/example_dags/example_latest_only.py
[2021-03-02 07:13:44,026] {scheduler_job.py:639} INFO - DAG(s) dict_keys(['latest_only']) retrieved from /media/thiagola92/LinuxHD/Documents/public/learning-apache-airflow/venv/lib/python3.7/site-packages/airflow/example_dags/example_latest_only.py
[2021-03-02 07:13:44,138] {logging_mixin.py:104} INFO - [2021-03-02 07:13:44,138] {dag.py:1818} INFO - Sync 1 DAGs
[2021-03-02 07:13:44,257] {logging_mixin.py:104} INFO - [2021-03-02 07:13:44,257] {dag.py:2273} INFO - Setting next_dagrun for latest_only to 2021-02-28 00:00:00+00:00
[2021-03-02 07:13:44,266] {scheduler_job.py:190} INFO - Processing /media/thiagola92/LinuxHD/Documents/public/learning-apache-airflow/venv/lib/python3.7/site-packages/airflow/example_dags/example_latest_only.py took 0.249 seconds
[2021-03-02 07:14:33,532] {scheduler_job.py:182} INFO - Started process (PID=26255) to work on /media/thiagola92/LinuxHD/Documents/public/learning-apache-airflow/venv/lib/python3.7/site-packages/airflow/example_dags/example_latest_only.py
[2021-03-02 07:14:33,532] {scheduler_job.py:629} INFO - Processing file /media/thiagola92/LinuxHD/Documents/public/learning-apache-airflow/venv/lib/python3.7/site-packages/airflow/example_dags/example_latest_only.py for tasks to queue
[2021-03-02 07:14:33,533] {logging_mixin.py:104} INFO - [2021-03-02 07:14:33,532] {dagbag.py:448} INFO - Filling up the DagBag from /media/thiagola92/LinuxHD/Documents/public/learning-apache-airflow/venv/lib/python3.7/site-packages/airflow/example_dags/example_latest_only.py
[2021-03-02 07:14:33,537] {scheduler_job.py:639} INFO - DAG(s) dict_keys(['latest_only']) retrieved from /media/thiagola92/LinuxHD/Documents/public/learning-apache-airflow/venv/lib/python3.7/site-packages/airflow/example_dags/example_latest_only.py
[2021-03-02 07:14:33,544] {logging_mixin.py:104} INFO - [2021-03-02 07:14:33,544] {dag.py:1818} INFO - Sync 1 DAGs
[2021-03-02 07:14:33,550] {logging_mixin.py:104} INFO - [2021-03-02 07:14:33,550] {dag.py:2273} INFO - Setting next_dagrun for latest_only to 2021-02-28 00:00:00+00:00
[2021-03-02 07:14:33,554] {scheduler_job.py:190} INFO - Processing /media/thiagola92/LinuxHD/Documents/public/learning-apache-airflow/venv/lib/python3.7/site-packages/airflow/example_dags/example_latest_only.py took 0.024 seconds
[2021-03-02 07:15:04,991] {scheduler_job.py:182} INFO - Started process (PID=26676) to work on /media/thiagola92/LinuxHD/Documents/public/learning-apache-airflow/venv/lib/python3.7/site-packages/airflow/example_dags/example_latest_only.py
[2021-03-02 07:15:04,991] {scheduler_job.py:629} INFO - Processing file /media/thiagola92/LinuxHD/Documents/public/learning-apache-airflow/venv/lib/python3.7/site-packages/airflow/example_dags/example_latest_only.py for tasks to queue
[2021-03-02 07:15:04,992] {logging_mixin.py:104} INFO - [2021-03-02 07:15:04,992] {dagbag.py:448} INFO - Filling up the DagBag from /media/thiagola92/LinuxHD/Documents/public/learning-apache-airflow/venv/lib/python3.7/site-packages/airflow/example_dags/example_latest_only.py
[2021-03-02 07:15:04,998] {scheduler_job.py:639} INFO - DAG(s) dict_keys(['latest_only']) retrieved from /media/thiagola92/LinuxHD/Documents/public/learning-apache-airflow/venv/lib/python3.7/site-packages/airflow/example_dags/example_latest_only.py
[2021-03-02 07:15:05,006] {logging_mixin.py:104} INFO - [2021-03-02 07:15:05,006] {dag.py:1818} INFO - Sync 1 DAGs
[2021-03-02 07:15:05,013] {logging_mixin.py:104} INFO - [2021-03-02 07:15:05,013] {dag.py:2273} INFO - Setting next_dagrun for latest_only to 2021-02-28 00:00:00+00:00
[2021-03-02 07:15:05,018] {scheduler_job.py:190} INFO - Processing /media/thiagola92/LinuxHD/Documents/public/learning-apache-airflow/venv/lib/python3.7/site-packages/airflow/example_dags/example_latest_only.py took 0.029 seconds
[2021-03-02 07:15:35,343] {scheduler_job.py:182} INFO - Started process (PID=27075) to work on /media/thiagola92/LinuxHD/Documents/public/learning-apache-airflow/venv/lib/python3.7/site-packages/airflow/example_dags/example_latest_only.py
[2021-03-02 07:15:35,345] {scheduler_job.py:629} INFO - Processing file /media/thiagola92/LinuxHD/Documents/public/learning-apache-airflow/venv/lib/python3.7/site-packages/airflow/example_dags/example_latest_only.py for tasks to queue
[2021-03-02 07:15:35,346] {logging_mixin.py:104} INFO - [2021-03-02 07:15:35,346] {dagbag.py:448} INFO - Filling up the DagBag from /media/thiagola92/LinuxHD/Documents/public/learning-apache-airflow/venv/lib/python3.7/site-packages/airflow/example_dags/example_latest_only.py
[2021-03-02 07:15:35,366] {scheduler_job.py:639} INFO - DAG(s) dict_keys(['latest_only']) retrieved from /media/thiagola92/LinuxHD/Documents/public/learning-apache-airflow/venv/lib/python3.7/site-packages/airflow/example_dags/example_latest_only.py
[2021-03-02 07:15:35,379] {logging_mixin.py:104} INFO - [2021-03-02 07:15:35,379] {dag.py:1818} INFO - Sync 1 DAGs
[2021-03-02 07:15:35,386] {logging_mixin.py:104} INFO - [2021-03-02 07:15:35,386] {dag.py:2273} INFO - Setting next_dagrun for latest_only to 2021-02-28 00:00:00+00:00
[2021-03-02 07:15:35,391] {scheduler_job.py:190} INFO - Processing /media/thiagola92/LinuxHD/Documents/public/learning-apache-airflow/venv/lib/python3.7/site-packages/airflow/example_dags/example_latest_only.py took 0.055 seconds
[2021-03-02 07:16:07,747] {scheduler_job.py:182} INFO - Started process (PID=27527) to work on /media/thiagola92/LinuxHD/Documents/public/learning-apache-airflow/venv/lib/python3.7/site-packages/airflow/example_dags/example_latest_only.py
[2021-03-02 07:16:07,749] {scheduler_job.py:629} INFO - Processing file /media/thiagola92/LinuxHD/Documents/public/learning-apache-airflow/venv/lib/python3.7/site-packages/airflow/example_dags/example_latest_only.py for tasks to queue
[2021-03-02 07:16:07,750] {logging_mixin.py:104} INFO - [2021-03-02 07:16:07,750] {dagbag.py:448} INFO - Filling up the DagBag from /media/thiagola92/LinuxHD/Documents/public/learning-apache-airflow/venv/lib/python3.7/site-packages/airflow/example_dags/example_latest_only.py
[2021-03-02 07:16:07,774] {scheduler_job.py:639} INFO - DAG(s) dict_keys(['latest_only']) retrieved from /media/thiagola92/LinuxHD/Documents/public/learning-apache-airflow/venv/lib/python3.7/site-packages/airflow/example_dags/example_latest_only.py
[2021-03-02 07:16:07,796] {logging_mixin.py:104} INFO - [2021-03-02 07:16:07,796] {dag.py:1818} INFO - Sync 1 DAGs
[2021-03-02 07:16:07,808] {logging_mixin.py:104} INFO - [2021-03-02 07:16:07,808] {dag.py:2273} INFO - Setting next_dagrun for latest_only to 2021-02-28 00:00:00+00:00
[2021-03-02 07:16:07,815] {scheduler_job.py:190} INFO - Processing /media/thiagola92/LinuxHD/Documents/public/learning-apache-airflow/venv/lib/python3.7/site-packages/airflow/example_dags/example_latest_only.py took 0.076 seconds
[2021-03-02 07:16:38,357] {scheduler_job.py:182} INFO - Started process (PID=27915) to work on /media/thiagola92/LinuxHD/Documents/public/learning-apache-airflow/venv/lib/python3.7/site-packages/airflow/example_dags/example_latest_only.py
[2021-03-02 07:16:38,358] {scheduler_job.py:629} INFO - Processing file /media/thiagola92/LinuxHD/Documents/public/learning-apache-airflow/venv/lib/python3.7/site-packages/airflow/example_dags/example_latest_only.py for tasks to queue
[2021-03-02 07:16:38,359] {logging_mixin.py:104} INFO - [2021-03-02 07:16:38,359] {dagbag.py:448} INFO - Filling up the DagBag from /media/thiagola92/LinuxHD/Documents/public/learning-apache-airflow/venv/lib/python3.7/site-packages/airflow/example_dags/example_latest_only.py
[2021-03-02 07:16:38,372] {scheduler_job.py:639} INFO - DAG(s) dict_keys(['latest_only']) retrieved from /media/thiagola92/LinuxHD/Documents/public/learning-apache-airflow/venv/lib/python3.7/site-packages/airflow/example_dags/example_latest_only.py
[2021-03-02 07:16:38,388] {logging_mixin.py:104} INFO - [2021-03-02 07:16:38,388] {dag.py:1818} INFO - Sync 1 DAGs
[2021-03-02 07:16:38,395] {logging_mixin.py:104} INFO - [2021-03-02 07:16:38,395] {dag.py:2273} INFO - Setting next_dagrun for latest_only to 2021-02-28 00:00:00+00:00
[2021-03-02 07:16:38,399] {scheduler_job.py:190} INFO - Processing /media/thiagola92/LinuxHD/Documents/public/learning-apache-airflow/venv/lib/python3.7/site-packages/airflow/example_dags/example_latest_only.py took 0.047 seconds
[2021-03-02 07:17:08,795] {scheduler_job.py:182} INFO - Started process (PID=28349) to work on /media/thiagola92/LinuxHD/Documents/public/learning-apache-airflow/venv/lib/python3.7/site-packages/airflow/example_dags/example_latest_only.py
[2021-03-02 07:17:08,797] {scheduler_job.py:629} INFO - Processing file /media/thiagola92/LinuxHD/Documents/public/learning-apache-airflow/venv/lib/python3.7/site-packages/airflow/example_dags/example_latest_only.py for tasks to queue
[2021-03-02 07:17:08,798] {logging_mixin.py:104} INFO - [2021-03-02 07:17:08,798] {dagbag.py:448} INFO - Filling up the DagBag from /media/thiagola92/LinuxHD/Documents/public/learning-apache-airflow/venv/lib/python3.7/site-packages/airflow/example_dags/example_latest_only.py
[2021-03-02 07:17:08,814] {scheduler_job.py:639} INFO - DAG(s) dict_keys(['latest_only']) retrieved from /media/thiagola92/LinuxHD/Documents/public/learning-apache-airflow/venv/lib/python3.7/site-packages/airflow/example_dags/example_latest_only.py
[2021-03-02 07:17:08,829] {logging_mixin.py:104} INFO - [2021-03-02 07:17:08,829] {dag.py:1818} INFO - Sync 1 DAGs
[2021-03-02 07:17:08,838] {logging_mixin.py:104} INFO - [2021-03-02 07:17:08,838] {dag.py:2273} INFO - Setting next_dagrun for latest_only to 2021-02-28 00:00:00+00:00
[2021-03-02 07:17:08,843] {scheduler_job.py:190} INFO - Processing /media/thiagola92/LinuxHD/Documents/public/learning-apache-airflow/venv/lib/python3.7/site-packages/airflow/example_dags/example_latest_only.py took 0.053 seconds
[2021-03-02 07:17:39,031] {scheduler_job.py:182} INFO - Started process (PID=28756) to work on /media/thiagola92/LinuxHD/Documents/public/learning-apache-airflow/venv/lib/python3.7/site-packages/airflow/example_dags/example_latest_only.py
[2021-03-02 07:17:39,032] {scheduler_job.py:629} INFO - Processing file /media/thiagola92/LinuxHD/Documents/public/learning-apache-airflow/venv/lib/python3.7/site-packages/airflow/example_dags/example_latest_only.py for tasks to queue
[2021-03-02 07:17:39,032] {logging_mixin.py:104} INFO - [2021-03-02 07:17:39,032] {dagbag.py:448} INFO - Filling up the DagBag from /media/thiagola92/LinuxHD/Documents/public/learning-apache-airflow/venv/lib/python3.7/site-packages/airflow/example_dags/example_latest_only.py
[2021-03-02 07:17:39,040] {scheduler_job.py:639} INFO - DAG(s) dict_keys(['latest_only']) retrieved from /media/thiagola92/LinuxHD/Documents/public/learning-apache-airflow/venv/lib/python3.7/site-packages/airflow/example_dags/example_latest_only.py
[2021-03-02 07:17:39,050] {logging_mixin.py:104} INFO - [2021-03-02 07:17:39,050] {dag.py:1818} INFO - Sync 1 DAGs
[2021-03-02 07:17:39,058] {logging_mixin.py:104} INFO - [2021-03-02 07:17:39,058] {dag.py:2273} INFO - Setting next_dagrun for latest_only to 2021-02-28 00:00:00+00:00
[2021-03-02 07:17:39,062] {scheduler_job.py:190} INFO - Processing /media/thiagola92/LinuxHD/Documents/public/learning-apache-airflow/venv/lib/python3.7/site-packages/airflow/example_dags/example_latest_only.py took 0.034 seconds
[2021-03-02 07:21:46,820] {scheduler_job.py:182} INFO - Started process (PID=31954) to work on /media/thiagola92/LinuxHD/Documents/public/learning-apache-airflow/venv/lib/python3.7/site-packages/airflow/example_dags/example_latest_only.py
[2021-03-02 07:21:46,823] {scheduler_job.py:629} INFO - Processing file /media/thiagola92/LinuxHD/Documents/public/learning-apache-airflow/venv/lib/python3.7/site-packages/airflow/example_dags/example_latest_only.py for tasks to queue
[2021-03-02 07:21:46,824] {logging_mixin.py:104} INFO - [2021-03-02 07:21:46,824] {dagbag.py:448} INFO - Filling up the DagBag from /media/thiagola92/LinuxHD/Documents/public/learning-apache-airflow/venv/lib/python3.7/site-packages/airflow/example_dags/example_latest_only.py
[2021-03-02 07:21:46,844] {scheduler_job.py:639} INFO - DAG(s) dict_keys(['latest_only']) retrieved from /media/thiagola92/LinuxHD/Documents/public/learning-apache-airflow/venv/lib/python3.7/site-packages/airflow/example_dags/example_latest_only.py
[2021-03-02 07:21:46,858] {logging_mixin.py:104} INFO - [2021-03-02 07:21:46,858] {dag.py:1818} INFO - Sync 1 DAGs
[2021-03-02 07:21:46,866] {logging_mixin.py:104} INFO - [2021-03-02 07:21:46,866] {dag.py:2273} INFO - Setting next_dagrun for latest_only to 2021-02-28 00:00:00+00:00
[2021-03-02 07:21:46,870] {scheduler_job.py:190} INFO - Processing /media/thiagola92/LinuxHD/Documents/public/learning-apache-airflow/venv/lib/python3.7/site-packages/airflow/example_dags/example_latest_only.py took 0.056 seconds
[2021-03-02 07:22:17,469] {scheduler_job.py:182} INFO - Started process (PID=32353) to work on /media/thiagola92/LinuxHD/Documents/public/learning-apache-airflow/venv/lib/python3.7/site-packages/airflow/example_dags/example_latest_only.py
[2021-03-02 07:22:17,473] {scheduler_job.py:629} INFO - Processing file /media/thiagola92/LinuxHD/Documents/public/learning-apache-airflow/venv/lib/python3.7/site-packages/airflow/example_dags/example_latest_only.py for tasks to queue
[2021-03-02 07:22:17,474] {logging_mixin.py:104} INFO - [2021-03-02 07:22:17,474] {dagbag.py:448} INFO - Filling up the DagBag from /media/thiagola92/LinuxHD/Documents/public/learning-apache-airflow/venv/lib/python3.7/site-packages/airflow/example_dags/example_latest_only.py
[2021-03-02 07:22:17,482] {scheduler_job.py:639} INFO - DAG(s) dict_keys(['latest_only']) retrieved from /media/thiagola92/LinuxHD/Documents/public/learning-apache-airflow/venv/lib/python3.7/site-packages/airflow/example_dags/example_latest_only.py
[2021-03-02 07:22:17,496] {logging_mixin.py:104} INFO - [2021-03-02 07:22:17,496] {dag.py:1818} INFO - Sync 1 DAGs
[2021-03-02 07:22:17,504] {logging_mixin.py:104} INFO - [2021-03-02 07:22:17,504] {dag.py:2273} INFO - Setting next_dagrun for latest_only to 2021-02-28 00:00:00+00:00
[2021-03-02 07:22:17,509] {scheduler_job.py:190} INFO - Processing /media/thiagola92/LinuxHD/Documents/public/learning-apache-airflow/venv/lib/python3.7/site-packages/airflow/example_dags/example_latest_only.py took 0.042 seconds
[2021-03-02 07:22:47,782] {scheduler_job.py:182} INFO - Started process (PID=32770) to work on /media/thiagola92/LinuxHD/Documents/public/learning-apache-airflow/venv/lib/python3.7/site-packages/airflow/example_dags/example_latest_only.py
[2021-03-02 07:22:47,787] {scheduler_job.py:629} INFO - Processing file /media/thiagola92/LinuxHD/Documents/public/learning-apache-airflow/venv/lib/python3.7/site-packages/airflow/example_dags/example_latest_only.py for tasks to queue
[2021-03-02 07:22:47,791] {logging_mixin.py:104} INFO - [2021-03-02 07:22:47,789] {dagbag.py:448} INFO - Filling up the DagBag from /media/thiagola92/LinuxHD/Documents/public/learning-apache-airflow/venv/lib/python3.7/site-packages/airflow/example_dags/example_latest_only.py
[2021-03-02 07:22:47,807] {scheduler_job.py:639} INFO - DAG(s) dict_keys(['latest_only']) retrieved from /media/thiagola92/LinuxHD/Documents/public/learning-apache-airflow/venv/lib/python3.7/site-packages/airflow/example_dags/example_latest_only.py
[2021-03-02 07:22:47,826] {logging_mixin.py:104} INFO - [2021-03-02 07:22:47,825] {dag.py:1818} INFO - Sync 1 DAGs
[2021-03-02 07:22:47,846] {logging_mixin.py:104} INFO - [2021-03-02 07:22:47,845] {dag.py:2273} INFO - Setting next_dagrun for latest_only to 2021-02-28 00:00:00+00:00
[2021-03-02 07:22:47,855] {scheduler_job.py:190} INFO - Processing /media/thiagola92/LinuxHD/Documents/public/learning-apache-airflow/venv/lib/python3.7/site-packages/airflow/example_dags/example_latest_only.py took 0.077 seconds
[2021-03-02 07:23:18,706] {scheduler_job.py:182} INFO - Started process (PID=33270) to work on /media/thiagola92/LinuxHD/Documents/public/learning-apache-airflow/venv/lib/python3.7/site-packages/airflow/example_dags/example_latest_only.py
[2021-03-02 07:23:18,707] {scheduler_job.py:629} INFO - Processing file /media/thiagola92/LinuxHD/Documents/public/learning-apache-airflow/venv/lib/python3.7/site-packages/airflow/example_dags/example_latest_only.py for tasks to queue
[2021-03-02 07:23:18,707] {logging_mixin.py:104} INFO - [2021-03-02 07:23:18,707] {dagbag.py:448} INFO - Filling up the DagBag from /media/thiagola92/LinuxHD/Documents/public/learning-apache-airflow/venv/lib/python3.7/site-packages/airflow/example_dags/example_latest_only.py
[2021-03-02 07:23:18,713] {scheduler_job.py:639} INFO - DAG(s) dict_keys(['latest_only']) retrieved from /media/thiagola92/LinuxHD/Documents/public/learning-apache-airflow/venv/lib/python3.7/site-packages/airflow/example_dags/example_latest_only.py
[2021-03-02 07:23:18,721] {logging_mixin.py:104} INFO - [2021-03-02 07:23:18,721] {dag.py:1818} INFO - Sync 1 DAGs
[2021-03-02 07:23:18,727] {logging_mixin.py:104} INFO - [2021-03-02 07:23:18,727] {dag.py:2273} INFO - Setting next_dagrun for latest_only to 2021-02-28 00:00:00+00:00
[2021-03-02 07:23:18,731] {scheduler_job.py:190} INFO - Processing /media/thiagola92/LinuxHD/Documents/public/learning-apache-airflow/venv/lib/python3.7/site-packages/airflow/example_dags/example_latest_only.py took 0.027 seconds
[2021-03-02 07:23:49,969] {scheduler_job.py:182} INFO - Started process (PID=33747) to work on /media/thiagola92/LinuxHD/Documents/public/learning-apache-airflow/venv/lib/python3.7/site-packages/airflow/example_dags/example_latest_only.py
[2021-03-02 07:23:49,970] {scheduler_job.py:629} INFO - Processing file /media/thiagola92/LinuxHD/Documents/public/learning-apache-airflow/venv/lib/python3.7/site-packages/airflow/example_dags/example_latest_only.py for tasks to queue
[2021-03-02 07:23:49,971] {logging_mixin.py:104} INFO - [2021-03-02 07:23:49,971] {dagbag.py:448} INFO - Filling up the DagBag from /media/thiagola92/LinuxHD/Documents/public/learning-apache-airflow/venv/lib/python3.7/site-packages/airflow/example_dags/example_latest_only.py
[2021-03-02 07:23:49,982] {scheduler_job.py:639} INFO - DAG(s) dict_keys(['latest_only']) retrieved from /media/thiagola92/LinuxHD/Documents/public/learning-apache-airflow/venv/lib/python3.7/site-packages/airflow/example_dags/example_latest_only.py
[2021-03-02 07:23:49,995] {logging_mixin.py:104} INFO - [2021-03-02 07:23:49,995] {dag.py:1818} INFO - Sync 1 DAGs
[2021-03-02 07:23:50,002] {logging_mixin.py:104} INFO - [2021-03-02 07:23:50,002] {dag.py:2273} INFO - Setting next_dagrun for latest_only to 2021-02-28 00:00:00+00:00
[2021-03-02 07:23:50,007] {scheduler_job.py:190} INFO - Processing /media/thiagola92/LinuxHD/Documents/public/learning-apache-airflow/venv/lib/python3.7/site-packages/airflow/example_dags/example_latest_only.py took 0.041 seconds
