[2021-03-02 07:12:13,129] {scheduler_job.py:182} INFO - Started process (PID=24041) to work on /media/thiagola92/LinuxHD/Documents/public/learning-apache-airflow/venv/lib/python3.7/site-packages/airflow/example_dags/example_branch_operator.py
[2021-03-02 07:12:13,130] {scheduler_job.py:629} INFO - Processing file /media/thiagola92/LinuxHD/Documents/public/learning-apache-airflow/venv/lib/python3.7/site-packages/airflow/example_dags/example_branch_operator.py for tasks to queue
[2021-03-02 07:12:13,130] {logging_mixin.py:104} INFO - [2021-03-02 07:12:13,130] {dagbag.py:448} INFO - Filling up the DagBag from /media/thiagola92/LinuxHD/Documents/public/learning-apache-airflow/venv/lib/python3.7/site-packages/airflow/example_dags/example_branch_operator.py
[2021-03-02 07:12:13,139] {scheduler_job.py:639} INFO - DAG(s) dict_keys(['example_branch_operator']) retrieved from /media/thiagola92/LinuxHD/Documents/public/learning-apache-airflow/venv/lib/python3.7/site-packages/airflow/example_dags/example_branch_operator.py
[2021-03-02 07:12:13,149] {logging_mixin.py:104} INFO - [2021-03-02 07:12:13,149] {dag.py:1818} INFO - Sync 1 DAGs
[2021-03-02 07:12:13,159] {logging_mixin.py:104} INFO - [2021-03-02 07:12:13,159] {dag.py:2273} INFO - Setting next_dagrun for example_branch_operator to 2021-02-28 00:00:00+00:00
[2021-03-02 07:12:13,255] {scheduler_job.py:190} INFO - Processing /media/thiagola92/LinuxHD/Documents/public/learning-apache-airflow/venv/lib/python3.7/site-packages/airflow/example_dags/example_branch_operator.py took 0.128 seconds
[2021-03-02 07:12:43,632] {scheduler_job.py:182} INFO - Started process (PID=24738) to work on /media/thiagola92/LinuxHD/Documents/public/learning-apache-airflow/venv/lib/python3.7/site-packages/airflow/example_dags/example_branch_operator.py
[2021-03-02 07:12:43,634] {scheduler_job.py:629} INFO - Processing file /media/thiagola92/LinuxHD/Documents/public/learning-apache-airflow/venv/lib/python3.7/site-packages/airflow/example_dags/example_branch_operator.py for tasks to queue
[2021-03-02 07:12:43,636] {logging_mixin.py:104} INFO - [2021-03-02 07:12:43,636] {dagbag.py:448} INFO - Filling up the DagBag from /media/thiagola92/LinuxHD/Documents/public/learning-apache-airflow/venv/lib/python3.7/site-packages/airflow/example_dags/example_branch_operator.py
[2021-03-02 07:12:43,659] {scheduler_job.py:639} INFO - DAG(s) dict_keys(['example_branch_operator']) retrieved from /media/thiagola92/LinuxHD/Documents/public/learning-apache-airflow/venv/lib/python3.7/site-packages/airflow/example_dags/example_branch_operator.py
[2021-03-02 07:12:43,670] {logging_mixin.py:104} INFO - [2021-03-02 07:12:43,670] {dag.py:1818} INFO - Sync 1 DAGs
[2021-03-02 07:12:43,681] {logging_mixin.py:104} INFO - [2021-03-02 07:12:43,681] {dag.py:2273} INFO - Setting next_dagrun for example_branch_operator to 2021-02-28 00:00:00+00:00
[2021-03-02 07:12:43,685] {scheduler_job.py:190} INFO - Processing /media/thiagola92/LinuxHD/Documents/public/learning-apache-airflow/venv/lib/python3.7/site-packages/airflow/example_dags/example_branch_operator.py took 0.060 seconds
[2021-03-02 07:13:14,851] {scheduler_job.py:182} INFO - Started process (PID=25208) to work on /media/thiagola92/LinuxHD/Documents/public/learning-apache-airflow/venv/lib/python3.7/site-packages/airflow/example_dags/example_branch_operator.py
[2021-03-02 07:13:14,852] {scheduler_job.py:629} INFO - Processing file /media/thiagola92/LinuxHD/Documents/public/learning-apache-airflow/venv/lib/python3.7/site-packages/airflow/example_dags/example_branch_operator.py for tasks to queue
[2021-03-02 07:13:14,852] {logging_mixin.py:104} INFO - [2021-03-02 07:13:14,852] {dagbag.py:448} INFO - Filling up the DagBag from /media/thiagola92/LinuxHD/Documents/public/learning-apache-airflow/venv/lib/python3.7/site-packages/airflow/example_dags/example_branch_operator.py
[2021-03-02 07:13:14,862] {scheduler_job.py:639} INFO - DAG(s) dict_keys(['example_branch_operator']) retrieved from /media/thiagola92/LinuxHD/Documents/public/learning-apache-airflow/venv/lib/python3.7/site-packages/airflow/example_dags/example_branch_operator.py
[2021-03-02 07:13:14,870] {logging_mixin.py:104} INFO - [2021-03-02 07:13:14,870] {dag.py:1818} INFO - Sync 1 DAGs
[2021-03-02 07:13:14,881] {logging_mixin.py:104} INFO - [2021-03-02 07:13:14,881] {dag.py:2273} INFO - Setting next_dagrun for example_branch_operator to 2021-02-28 00:00:00+00:00
[2021-03-02 07:13:14,885] {scheduler_job.py:190} INFO - Processing /media/thiagola92/LinuxHD/Documents/public/learning-apache-airflow/venv/lib/python3.7/site-packages/airflow/example_dags/example_branch_operator.py took 0.036 seconds
[2021-03-02 07:14:13,057] {scheduler_job.py:182} INFO - Started process (PID=25984) to work on /media/thiagola92/LinuxHD/Documents/public/learning-apache-airflow/venv/lib/python3.7/site-packages/airflow/example_dags/example_branch_operator.py
[2021-03-02 07:14:13,059] {scheduler_job.py:629} INFO - Processing file /media/thiagola92/LinuxHD/Documents/public/learning-apache-airflow/venv/lib/python3.7/site-packages/airflow/example_dags/example_branch_operator.py for tasks to queue
[2021-03-02 07:14:13,061] {logging_mixin.py:104} INFO - [2021-03-02 07:14:13,061] {dagbag.py:448} INFO - Filling up the DagBag from /media/thiagola92/LinuxHD/Documents/public/learning-apache-airflow/venv/lib/python3.7/site-packages/airflow/example_dags/example_branch_operator.py
[2021-03-02 07:14:13,079] {scheduler_job.py:639} INFO - DAG(s) dict_keys(['example_branch_operator']) retrieved from /media/thiagola92/LinuxHD/Documents/public/learning-apache-airflow/venv/lib/python3.7/site-packages/airflow/example_dags/example_branch_operator.py
[2021-03-02 07:14:13,091] {logging_mixin.py:104} INFO - [2021-03-02 07:14:13,091] {dag.py:1818} INFO - Sync 1 DAGs
[2021-03-02 07:14:13,103] {logging_mixin.py:104} INFO - [2021-03-02 07:14:13,103] {dag.py:2273} INFO - Setting next_dagrun for example_branch_operator to 2021-02-28 00:00:00+00:00
[2021-03-02 07:14:13,108] {scheduler_job.py:190} INFO - Processing /media/thiagola92/LinuxHD/Documents/public/learning-apache-airflow/venv/lib/python3.7/site-packages/airflow/example_dags/example_branch_operator.py took 0.057 seconds
[2021-03-02 07:14:43,985] {scheduler_job.py:182} INFO - Started process (PID=26402) to work on /media/thiagola92/LinuxHD/Documents/public/learning-apache-airflow/venv/lib/python3.7/site-packages/airflow/example_dags/example_branch_operator.py
[2021-03-02 07:14:43,987] {scheduler_job.py:629} INFO - Processing file /media/thiagola92/LinuxHD/Documents/public/learning-apache-airflow/venv/lib/python3.7/site-packages/airflow/example_dags/example_branch_operator.py for tasks to queue
[2021-03-02 07:14:43,987] {logging_mixin.py:104} INFO - [2021-03-02 07:14:43,987] {dagbag.py:448} INFO - Filling up the DagBag from /media/thiagola92/LinuxHD/Documents/public/learning-apache-airflow/venv/lib/python3.7/site-packages/airflow/example_dags/example_branch_operator.py
[2021-03-02 07:14:43,999] {scheduler_job.py:639} INFO - DAG(s) dict_keys(['example_branch_operator']) retrieved from /media/thiagola92/LinuxHD/Documents/public/learning-apache-airflow/venv/lib/python3.7/site-packages/airflow/example_dags/example_branch_operator.py
[2021-03-02 07:14:44,011] {logging_mixin.py:104} INFO - [2021-03-02 07:14:44,011] {dag.py:1818} INFO - Sync 1 DAGs
[2021-03-02 07:14:44,024] {logging_mixin.py:104} INFO - [2021-03-02 07:14:44,024] {dag.py:2273} INFO - Setting next_dagrun for example_branch_operator to 2021-02-28 00:00:00+00:00
[2021-03-02 07:14:44,029] {scheduler_job.py:190} INFO - Processing /media/thiagola92/LinuxHD/Documents/public/learning-apache-airflow/venv/lib/python3.7/site-packages/airflow/example_dags/example_branch_operator.py took 0.046 seconds
[2021-03-02 07:15:14,331] {scheduler_job.py:182} INFO - Started process (PID=26798) to work on /media/thiagola92/LinuxHD/Documents/public/learning-apache-airflow/venv/lib/python3.7/site-packages/airflow/example_dags/example_branch_operator.py
[2021-03-02 07:15:14,333] {scheduler_job.py:629} INFO - Processing file /media/thiagola92/LinuxHD/Documents/public/learning-apache-airflow/venv/lib/python3.7/site-packages/airflow/example_dags/example_branch_operator.py for tasks to queue
[2021-03-02 07:15:14,334] {logging_mixin.py:104} INFO - [2021-03-02 07:15:14,333] {dagbag.py:448} INFO - Filling up the DagBag from /media/thiagola92/LinuxHD/Documents/public/learning-apache-airflow/venv/lib/python3.7/site-packages/airflow/example_dags/example_branch_operator.py
[2021-03-02 07:15:14,349] {scheduler_job.py:639} INFO - DAG(s) dict_keys(['example_branch_operator']) retrieved from /media/thiagola92/LinuxHD/Documents/public/learning-apache-airflow/venv/lib/python3.7/site-packages/airflow/example_dags/example_branch_operator.py
[2021-03-02 07:15:14,359] {logging_mixin.py:104} INFO - [2021-03-02 07:15:14,359] {dag.py:1818} INFO - Sync 1 DAGs
[2021-03-02 07:15:14,371] {logging_mixin.py:104} INFO - [2021-03-02 07:15:14,370] {dag.py:2273} INFO - Setting next_dagrun for example_branch_operator to 2021-02-28 00:00:00+00:00
[2021-03-02 07:15:14,376] {scheduler_job.py:190} INFO - Processing /media/thiagola92/LinuxHD/Documents/public/learning-apache-airflow/venv/lib/python3.7/site-packages/airflow/example_dags/example_branch_operator.py took 0.050 seconds
[2021-03-02 07:15:44,615] {scheduler_job.py:182} INFO - Started process (PID=27229) to work on /media/thiagola92/LinuxHD/Documents/public/learning-apache-airflow/venv/lib/python3.7/site-packages/airflow/example_dags/example_branch_operator.py
[2021-03-02 07:15:44,617] {scheduler_job.py:629} INFO - Processing file /media/thiagola92/LinuxHD/Documents/public/learning-apache-airflow/venv/lib/python3.7/site-packages/airflow/example_dags/example_branch_operator.py for tasks to queue
[2021-03-02 07:15:44,619] {logging_mixin.py:104} INFO - [2021-03-02 07:15:44,619] {dagbag.py:448} INFO - Filling up the DagBag from /media/thiagola92/LinuxHD/Documents/public/learning-apache-airflow/venv/lib/python3.7/site-packages/airflow/example_dags/example_branch_operator.py
[2021-03-02 07:15:44,643] {scheduler_job.py:639} INFO - DAG(s) dict_keys(['example_branch_operator']) retrieved from /media/thiagola92/LinuxHD/Documents/public/learning-apache-airflow/venv/lib/python3.7/site-packages/airflow/example_dags/example_branch_operator.py
[2021-03-02 07:15:44,654] {logging_mixin.py:104} INFO - [2021-03-02 07:15:44,654] {dag.py:1818} INFO - Sync 1 DAGs
[2021-03-02 07:15:44,666] {logging_mixin.py:104} INFO - [2021-03-02 07:15:44,666] {dag.py:2273} INFO - Setting next_dagrun for example_branch_operator to 2021-02-28 00:00:00+00:00
[2021-03-02 07:15:44,670] {scheduler_job.py:190} INFO - Processing /media/thiagola92/LinuxHD/Documents/public/learning-apache-airflow/venv/lib/python3.7/site-packages/airflow/example_dags/example_branch_operator.py took 0.061 seconds
[2021-03-02 07:16:14,967] {scheduler_job.py:182} INFO - Started process (PID=27613) to work on /media/thiagola92/LinuxHD/Documents/public/learning-apache-airflow/venv/lib/python3.7/site-packages/airflow/example_dags/example_branch_operator.py
[2021-03-02 07:16:14,968] {scheduler_job.py:629} INFO - Processing file /media/thiagola92/LinuxHD/Documents/public/learning-apache-airflow/venv/lib/python3.7/site-packages/airflow/example_dags/example_branch_operator.py for tasks to queue
[2021-03-02 07:16:14,968] {logging_mixin.py:104} INFO - [2021-03-02 07:16:14,968] {dagbag.py:448} INFO - Filling up the DagBag from /media/thiagola92/LinuxHD/Documents/public/learning-apache-airflow/venv/lib/python3.7/site-packages/airflow/example_dags/example_branch_operator.py
[2021-03-02 07:16:14,982] {scheduler_job.py:639} INFO - DAG(s) dict_keys(['example_branch_operator']) retrieved from /media/thiagola92/LinuxHD/Documents/public/learning-apache-airflow/venv/lib/python3.7/site-packages/airflow/example_dags/example_branch_operator.py
[2021-03-02 07:16:14,993] {logging_mixin.py:104} INFO - [2021-03-02 07:16:14,993] {dag.py:1818} INFO - Sync 1 DAGs
[2021-03-02 07:16:15,003] {logging_mixin.py:104} INFO - [2021-03-02 07:16:15,003] {dag.py:2273} INFO - Setting next_dagrun for example_branch_operator to 2021-02-28 00:00:00+00:00
[2021-03-02 07:16:15,008] {scheduler_job.py:190} INFO - Processing /media/thiagola92/LinuxHD/Documents/public/learning-apache-airflow/venv/lib/python3.7/site-packages/airflow/example_dags/example_branch_operator.py took 0.042 seconds
[2021-03-02 07:16:45,214] {scheduler_job.py:182} INFO - Started process (PID=28009) to work on /media/thiagola92/LinuxHD/Documents/public/learning-apache-airflow/venv/lib/python3.7/site-packages/airflow/example_dags/example_branch_operator.py
[2021-03-02 07:16:45,215] {scheduler_job.py:629} INFO - Processing file /media/thiagola92/LinuxHD/Documents/public/learning-apache-airflow/venv/lib/python3.7/site-packages/airflow/example_dags/example_branch_operator.py for tasks to queue
[2021-03-02 07:16:45,215] {logging_mixin.py:104} INFO - [2021-03-02 07:16:45,215] {dagbag.py:448} INFO - Filling up the DagBag from /media/thiagola92/LinuxHD/Documents/public/learning-apache-airflow/venv/lib/python3.7/site-packages/airflow/example_dags/example_branch_operator.py
[2021-03-02 07:16:45,237] {scheduler_job.py:639} INFO - DAG(s) dict_keys(['example_branch_operator']) retrieved from /media/thiagola92/LinuxHD/Documents/public/learning-apache-airflow/venv/lib/python3.7/site-packages/airflow/example_dags/example_branch_operator.py
[2021-03-02 07:16:45,249] {logging_mixin.py:104} INFO - [2021-03-02 07:16:45,249] {dag.py:1818} INFO - Sync 1 DAGs
[2021-03-02 07:16:45,262] {logging_mixin.py:104} INFO - [2021-03-02 07:16:45,261] {dag.py:2273} INFO - Setting next_dagrun for example_branch_operator to 2021-02-28 00:00:00+00:00
[2021-03-02 07:16:45,266] {scheduler_job.py:190} INFO - Processing /media/thiagola92/LinuxHD/Documents/public/learning-apache-airflow/venv/lib/python3.7/site-packages/airflow/example_dags/example_branch_operator.py took 0.053 seconds
[2021-03-02 07:17:15,436] {scheduler_job.py:182} INFO - Started process (PID=28438) to work on /media/thiagola92/LinuxHD/Documents/public/learning-apache-airflow/venv/lib/python3.7/site-packages/airflow/example_dags/example_branch_operator.py
[2021-03-02 07:17:15,437] {scheduler_job.py:629} INFO - Processing file /media/thiagola92/LinuxHD/Documents/public/learning-apache-airflow/venv/lib/python3.7/site-packages/airflow/example_dags/example_branch_operator.py for tasks to queue
[2021-03-02 07:17:15,437] {logging_mixin.py:104} INFO - [2021-03-02 07:17:15,437] {dagbag.py:448} INFO - Filling up the DagBag from /media/thiagola92/LinuxHD/Documents/public/learning-apache-airflow/venv/lib/python3.7/site-packages/airflow/example_dags/example_branch_operator.py
[2021-03-02 07:17:15,445] {scheduler_job.py:639} INFO - DAG(s) dict_keys(['example_branch_operator']) retrieved from /media/thiagola92/LinuxHD/Documents/public/learning-apache-airflow/venv/lib/python3.7/site-packages/airflow/example_dags/example_branch_operator.py
[2021-03-02 07:17:15,453] {logging_mixin.py:104} INFO - [2021-03-02 07:17:15,453] {dag.py:1818} INFO - Sync 1 DAGs
[2021-03-02 07:17:15,463] {logging_mixin.py:104} INFO - [2021-03-02 07:17:15,463] {dag.py:2273} INFO - Setting next_dagrun for example_branch_operator to 2021-02-28 00:00:00+00:00
[2021-03-02 07:17:15,467] {scheduler_job.py:190} INFO - Processing /media/thiagola92/LinuxHD/Documents/public/learning-apache-airflow/venv/lib/python3.7/site-packages/airflow/example_dags/example_branch_operator.py took 0.032 seconds
[2021-03-02 07:18:01,650] {scheduler_job.py:182} INFO - Started process (PID=29076) to work on /media/thiagola92/LinuxHD/Documents/public/learning-apache-airflow/venv/lib/python3.7/site-packages/airflow/example_dags/example_branch_operator.py
[2021-03-02 07:18:01,650] {scheduler_job.py:629} INFO - Processing file /media/thiagola92/LinuxHD/Documents/public/learning-apache-airflow/venv/lib/python3.7/site-packages/airflow/example_dags/example_branch_operator.py for tasks to queue
[2021-03-02 07:18:01,651] {logging_mixin.py:104} INFO - [2021-03-02 07:18:01,651] {dagbag.py:448} INFO - Filling up the DagBag from /media/thiagola92/LinuxHD/Documents/public/learning-apache-airflow/venv/lib/python3.7/site-packages/airflow/example_dags/example_branch_operator.py
[2021-03-02 07:18:01,659] {scheduler_job.py:639} INFO - DAG(s) dict_keys(['example_branch_operator']) retrieved from /media/thiagola92/LinuxHD/Documents/public/learning-apache-airflow/venv/lib/python3.7/site-packages/airflow/example_dags/example_branch_operator.py
[2021-03-02 07:18:01,667] {logging_mixin.py:104} INFO - [2021-03-02 07:18:01,667] {dag.py:1818} INFO - Sync 1 DAGs
[2021-03-02 07:18:01,678] {logging_mixin.py:104} INFO - [2021-03-02 07:18:01,678] {dag.py:2273} INFO - Setting next_dagrun for example_branch_operator to 2021-02-28 00:00:00+00:00
[2021-03-02 07:18:01,683] {scheduler_job.py:190} INFO - Processing /media/thiagola92/LinuxHD/Documents/public/learning-apache-airflow/venv/lib/python3.7/site-packages/airflow/example_dags/example_branch_operator.py took 0.035 seconds
[2021-03-02 07:21:54,930] {scheduler_job.py:182} INFO - Started process (PID=32052) to work on /media/thiagola92/LinuxHD/Documents/public/learning-apache-airflow/venv/lib/python3.7/site-packages/airflow/example_dags/example_branch_operator.py
[2021-03-02 07:21:54,930] {scheduler_job.py:629} INFO - Processing file /media/thiagola92/LinuxHD/Documents/public/learning-apache-airflow/venv/lib/python3.7/site-packages/airflow/example_dags/example_branch_operator.py for tasks to queue
[2021-03-02 07:21:54,931] {logging_mixin.py:104} INFO - [2021-03-02 07:21:54,931] {dagbag.py:448} INFO - Filling up the DagBag from /media/thiagola92/LinuxHD/Documents/public/learning-apache-airflow/venv/lib/python3.7/site-packages/airflow/example_dags/example_branch_operator.py
[2021-03-02 07:21:54,939] {scheduler_job.py:639} INFO - DAG(s) dict_keys(['example_branch_operator']) retrieved from /media/thiagola92/LinuxHD/Documents/public/learning-apache-airflow/venv/lib/python3.7/site-packages/airflow/example_dags/example_branch_operator.py
[2021-03-02 07:21:54,947] {logging_mixin.py:104} INFO - [2021-03-02 07:21:54,947] {dag.py:1818} INFO - Sync 1 DAGs
[2021-03-02 07:21:54,957] {logging_mixin.py:104} INFO - [2021-03-02 07:21:54,957] {dag.py:2273} INFO - Setting next_dagrun for example_branch_operator to 2021-02-28 00:00:00+00:00
[2021-03-02 07:21:55,064] {scheduler_job.py:190} INFO - Processing /media/thiagola92/LinuxHD/Documents/public/learning-apache-airflow/venv/lib/python3.7/site-packages/airflow/example_dags/example_branch_operator.py took 0.140 seconds
[2021-03-02 07:22:25,403] {scheduler_job.py:182} INFO - Started process (PID=32452) to work on /media/thiagola92/LinuxHD/Documents/public/learning-apache-airflow/venv/lib/python3.7/site-packages/airflow/example_dags/example_branch_operator.py
[2021-03-02 07:22:25,404] {scheduler_job.py:629} INFO - Processing file /media/thiagola92/LinuxHD/Documents/public/learning-apache-airflow/venv/lib/python3.7/site-packages/airflow/example_dags/example_branch_operator.py for tasks to queue
[2021-03-02 07:22:25,405] {logging_mixin.py:104} INFO - [2021-03-02 07:22:25,405] {dagbag.py:448} INFO - Filling up the DagBag from /media/thiagola92/LinuxHD/Documents/public/learning-apache-airflow/venv/lib/python3.7/site-packages/airflow/example_dags/example_branch_operator.py
[2021-03-02 07:22:25,418] {scheduler_job.py:639} INFO - DAG(s) dict_keys(['example_branch_operator']) retrieved from /media/thiagola92/LinuxHD/Documents/public/learning-apache-airflow/venv/lib/python3.7/site-packages/airflow/example_dags/example_branch_operator.py
[2021-03-02 07:22:25,428] {logging_mixin.py:104} INFO - [2021-03-02 07:22:25,428] {dag.py:1818} INFO - Sync 1 DAGs
[2021-03-02 07:22:25,437] {logging_mixin.py:104} INFO - [2021-03-02 07:22:25,437] {dag.py:2273} INFO - Setting next_dagrun for example_branch_operator to 2021-02-28 00:00:00+00:00
[2021-03-02 07:22:25,442] {scheduler_job.py:190} INFO - Processing /media/thiagola92/LinuxHD/Documents/public/learning-apache-airflow/venv/lib/python3.7/site-packages/airflow/example_dags/example_branch_operator.py took 0.043 seconds
[2021-03-02 07:22:55,698] {scheduler_job.py:182} INFO - Started process (PID=32884) to work on /media/thiagola92/LinuxHD/Documents/public/learning-apache-airflow/venv/lib/python3.7/site-packages/airflow/example_dags/example_branch_operator.py
[2021-03-02 07:22:55,699] {scheduler_job.py:629} INFO - Processing file /media/thiagola92/LinuxHD/Documents/public/learning-apache-airflow/venv/lib/python3.7/site-packages/airflow/example_dags/example_branch_operator.py for tasks to queue
[2021-03-02 07:22:55,701] {logging_mixin.py:104} INFO - [2021-03-02 07:22:55,700] {dagbag.py:448} INFO - Filling up the DagBag from /media/thiagola92/LinuxHD/Documents/public/learning-apache-airflow/venv/lib/python3.7/site-packages/airflow/example_dags/example_branch_operator.py
[2021-03-02 07:22:55,714] {scheduler_job.py:639} INFO - DAG(s) dict_keys(['example_branch_operator']) retrieved from /media/thiagola92/LinuxHD/Documents/public/learning-apache-airflow/venv/lib/python3.7/site-packages/airflow/example_dags/example_branch_operator.py
[2021-03-02 07:22:55,724] {logging_mixin.py:104} INFO - [2021-03-02 07:22:55,724] {dag.py:1818} INFO - Sync 1 DAGs
[2021-03-02 07:22:55,734] {logging_mixin.py:104} INFO - [2021-03-02 07:22:55,734] {dag.py:2273} INFO - Setting next_dagrun for example_branch_operator to 2021-02-28 00:00:00+00:00
[2021-03-02 07:22:55,739] {scheduler_job.py:190} INFO - Processing /media/thiagola92/LinuxHD/Documents/public/learning-apache-airflow/venv/lib/python3.7/site-packages/airflow/example_dags/example_branch_operator.py took 0.043 seconds
[2021-03-02 07:23:26,018] {scheduler_job.py:182} INFO - Started process (PID=33375) to work on /media/thiagola92/LinuxHD/Documents/public/learning-apache-airflow/venv/lib/python3.7/site-packages/airflow/example_dags/example_branch_operator.py
[2021-03-02 07:23:26,020] {scheduler_job.py:629} INFO - Processing file /media/thiagola92/LinuxHD/Documents/public/learning-apache-airflow/venv/lib/python3.7/site-packages/airflow/example_dags/example_branch_operator.py for tasks to queue
[2021-03-02 07:23:26,021] {logging_mixin.py:104} INFO - [2021-03-02 07:23:26,021] {dagbag.py:448} INFO - Filling up the DagBag from /media/thiagola92/LinuxHD/Documents/public/learning-apache-airflow/venv/lib/python3.7/site-packages/airflow/example_dags/example_branch_operator.py
[2021-03-02 07:23:26,037] {scheduler_job.py:639} INFO - DAG(s) dict_keys(['example_branch_operator']) retrieved from /media/thiagola92/LinuxHD/Documents/public/learning-apache-airflow/venv/lib/python3.7/site-packages/airflow/example_dags/example_branch_operator.py
[2021-03-02 07:23:26,047] {logging_mixin.py:104} INFO - [2021-03-02 07:23:26,047] {dag.py:1818} INFO - Sync 1 DAGs
[2021-03-02 07:23:26,059] {logging_mixin.py:104} INFO - [2021-03-02 07:23:26,059] {dag.py:2273} INFO - Setting next_dagrun for example_branch_operator to 2021-02-28 00:00:00+00:00
[2021-03-02 07:23:26,063] {scheduler_job.py:190} INFO - Processing /media/thiagola92/LinuxHD/Documents/public/learning-apache-airflow/venv/lib/python3.7/site-packages/airflow/example_dags/example_branch_operator.py took 0.052 seconds
