[2021-03-02 07:12:06,671] {scheduler_job.py:182} INFO - Started process (PID=23942) to work on /media/thiagola92/LinuxHD/Documents/public/learning-apache-airflow/venv/lib/python3.7/site-packages/airflow/example_dags/example_kubernetes_executor_config.py
[2021-03-02 07:12:06,673] {scheduler_job.py:629} INFO - Processing file /media/thiagola92/LinuxHD/Documents/public/learning-apache-airflow/venv/lib/python3.7/site-packages/airflow/example_dags/example_kubernetes_executor_config.py for tasks to queue
[2021-03-02 07:12:06,674] {logging_mixin.py:104} INFO - [2021-03-02 07:12:06,674] {dagbag.py:448} INFO - Filling up the DagBag from /media/thiagola92/LinuxHD/Documents/public/learning-apache-airflow/venv/lib/python3.7/site-packages/airflow/example_dags/example_kubernetes_executor_config.py
[2021-03-02 07:12:06,688] {logging_mixin.py:104} INFO - [2021-03-02 07:12:06,687] {example_kubernetes_executor_config.py:174} WARNING - Could not import DAGs in example_kubernetes_executor_config.py: No module named 'kubernetes'
[2021-03-02 07:12:06,688] {logging_mixin.py:104} INFO - [2021-03-02 07:12:06,688] {example_kubernetes_executor_config.py:175} WARNING - Install kubernetes dependencies with: pip install apache-airflow['cncf.kubernetes']
[2021-03-02 07:12:06,688] {scheduler_job.py:641} WARNING - No viable dags retrieved from /media/thiagola92/LinuxHD/Documents/public/learning-apache-airflow/venv/lib/python3.7/site-packages/airflow/example_dags/example_kubernetes_executor_config.py
[2021-03-02 07:12:06,697] {scheduler_job.py:190} INFO - Processing /media/thiagola92/LinuxHD/Documents/public/learning-apache-airflow/venv/lib/python3.7/site-packages/airflow/example_dags/example_kubernetes_executor_config.py took 0.033 seconds
[2021-03-02 07:12:37,249] {scheduler_job.py:182} INFO - Started process (PID=24648) to work on /media/thiagola92/LinuxHD/Documents/public/learning-apache-airflow/venv/lib/python3.7/site-packages/airflow/example_dags/example_kubernetes_executor_config.py
[2021-03-02 07:12:37,252] {scheduler_job.py:629} INFO - Processing file /media/thiagola92/LinuxHD/Documents/public/learning-apache-airflow/venv/lib/python3.7/site-packages/airflow/example_dags/example_kubernetes_executor_config.py for tasks to queue
[2021-03-02 07:12:37,253] {logging_mixin.py:104} INFO - [2021-03-02 07:12:37,253] {dagbag.py:448} INFO - Filling up the DagBag from /media/thiagola92/LinuxHD/Documents/public/learning-apache-airflow/venv/lib/python3.7/site-packages/airflow/example_dags/example_kubernetes_executor_config.py
[2021-03-02 07:12:37,256] {logging_mixin.py:104} INFO - [2021-03-02 07:12:37,256] {example_kubernetes_executor_config.py:174} WARNING - Could not import DAGs in example_kubernetes_executor_config.py: No module named 'kubernetes'
[2021-03-02 07:12:37,256] {logging_mixin.py:104} INFO - [2021-03-02 07:12:37,256] {example_kubernetes_executor_config.py:175} WARNING - Install kubernetes dependencies with: pip install apache-airflow['cncf.kubernetes']
[2021-03-02 07:12:37,257] {scheduler_job.py:641} WARNING - No viable dags retrieved from /media/thiagola92/LinuxHD/Documents/public/learning-apache-airflow/venv/lib/python3.7/site-packages/airflow/example_dags/example_kubernetes_executor_config.py
[2021-03-02 07:12:37,261] {scheduler_job.py:190} INFO - Processing /media/thiagola92/LinuxHD/Documents/public/learning-apache-airflow/venv/lib/python3.7/site-packages/airflow/example_dags/example_kubernetes_executor_config.py took 0.014 seconds
[2021-03-02 07:13:08,485] {scheduler_job.py:182} INFO - Started process (PID=25124) to work on /media/thiagola92/LinuxHD/Documents/public/learning-apache-airflow/venv/lib/python3.7/site-packages/airflow/example_dags/example_kubernetes_executor_config.py
[2021-03-02 07:13:08,486] {scheduler_job.py:629} INFO - Processing file /media/thiagola92/LinuxHD/Documents/public/learning-apache-airflow/venv/lib/python3.7/site-packages/airflow/example_dags/example_kubernetes_executor_config.py for tasks to queue
[2021-03-02 07:13:08,486] {logging_mixin.py:104} INFO - [2021-03-02 07:13:08,486] {dagbag.py:448} INFO - Filling up the DagBag from /media/thiagola92/LinuxHD/Documents/public/learning-apache-airflow/venv/lib/python3.7/site-packages/airflow/example_dags/example_kubernetes_executor_config.py
[2021-03-02 07:13:08,491] {logging_mixin.py:104} INFO - [2021-03-02 07:13:08,491] {example_kubernetes_executor_config.py:174} WARNING - Could not import DAGs in example_kubernetes_executor_config.py: No module named 'kubernetes'
[2021-03-02 07:13:08,491] {logging_mixin.py:104} INFO - [2021-03-02 07:13:08,491] {example_kubernetes_executor_config.py:175} WARNING - Install kubernetes dependencies with: pip install apache-airflow['cncf.kubernetes']
[2021-03-02 07:13:08,492] {scheduler_job.py:641} WARNING - No viable dags retrieved from /media/thiagola92/LinuxHD/Documents/public/learning-apache-airflow/venv/lib/python3.7/site-packages/airflow/example_dags/example_kubernetes_executor_config.py
[2021-03-02 07:13:08,496] {scheduler_job.py:190} INFO - Processing /media/thiagola92/LinuxHD/Documents/public/learning-apache-airflow/venv/lib/python3.7/site-packages/airflow/example_dags/example_kubernetes_executor_config.py took 0.012 seconds
[2021-03-02 07:13:38,789] {scheduler_job.py:182} INFO - Started process (PID=25521) to work on /media/thiagola92/LinuxHD/Documents/public/learning-apache-airflow/venv/lib/python3.7/site-packages/airflow/example_dags/example_kubernetes_executor_config.py
[2021-03-02 07:13:38,791] {scheduler_job.py:629} INFO - Processing file /media/thiagola92/LinuxHD/Documents/public/learning-apache-airflow/venv/lib/python3.7/site-packages/airflow/example_dags/example_kubernetes_executor_config.py for tasks to queue
[2021-03-02 07:13:38,793] {logging_mixin.py:104} INFO - [2021-03-02 07:13:38,792] {dagbag.py:448} INFO - Filling up the DagBag from /media/thiagola92/LinuxHD/Documents/public/learning-apache-airflow/venv/lib/python3.7/site-packages/airflow/example_dags/example_kubernetes_executor_config.py
[2021-03-02 07:13:38,802] {logging_mixin.py:104} INFO - [2021-03-02 07:13:38,802] {example_kubernetes_executor_config.py:174} WARNING - Could not import DAGs in example_kubernetes_executor_config.py: No module named 'kubernetes'
[2021-03-02 07:13:38,802] {logging_mixin.py:104} INFO - [2021-03-02 07:13:38,802] {example_kubernetes_executor_config.py:175} WARNING - Install kubernetes dependencies with: pip install apache-airflow['cncf.kubernetes']
[2021-03-02 07:13:38,803] {scheduler_job.py:641} WARNING - No viable dags retrieved from /media/thiagola92/LinuxHD/Documents/public/learning-apache-airflow/venv/lib/python3.7/site-packages/airflow/example_dags/example_kubernetes_executor_config.py
[2021-03-02 07:13:38,809] {scheduler_job.py:190} INFO - Processing /media/thiagola92/LinuxHD/Documents/public/learning-apache-airflow/venv/lib/python3.7/site-packages/airflow/example_dags/example_kubernetes_executor_config.py took 0.027 seconds
[2021-03-02 07:14:30,134] {scheduler_job.py:182} INFO - Started process (PID=26210) to work on /media/thiagola92/LinuxHD/Documents/public/learning-apache-airflow/venv/lib/python3.7/site-packages/airflow/example_dags/example_kubernetes_executor_config.py
[2021-03-02 07:14:30,137] {scheduler_job.py:629} INFO - Processing file /media/thiagola92/LinuxHD/Documents/public/learning-apache-airflow/venv/lib/python3.7/site-packages/airflow/example_dags/example_kubernetes_executor_config.py for tasks to queue
[2021-03-02 07:14:30,138] {logging_mixin.py:104} INFO - [2021-03-02 07:14:30,138] {dagbag.py:448} INFO - Filling up the DagBag from /media/thiagola92/LinuxHD/Documents/public/learning-apache-airflow/venv/lib/python3.7/site-packages/airflow/example_dags/example_kubernetes_executor_config.py
[2021-03-02 07:14:30,153] {logging_mixin.py:104} INFO - [2021-03-02 07:14:30,153] {example_kubernetes_executor_config.py:174} WARNING - Could not import DAGs in example_kubernetes_executor_config.py: No module named 'kubernetes'
[2021-03-02 07:14:30,153] {logging_mixin.py:104} INFO - [2021-03-02 07:14:30,153] {example_kubernetes_executor_config.py:175} WARNING - Install kubernetes dependencies with: pip install apache-airflow['cncf.kubernetes']
[2021-03-02 07:14:30,153] {scheduler_job.py:641} WARNING - No viable dags retrieved from /media/thiagola92/LinuxHD/Documents/public/learning-apache-airflow/venv/lib/python3.7/site-packages/airflow/example_dags/example_kubernetes_executor_config.py
[2021-03-02 07:14:30,161] {scheduler_job.py:190} INFO - Processing /media/thiagola92/LinuxHD/Documents/public/learning-apache-airflow/venv/lib/python3.7/site-packages/airflow/example_dags/example_kubernetes_executor_config.py took 0.033 seconds
[2021-03-02 07:15:01,581] {scheduler_job.py:182} INFO - Started process (PID=26630) to work on /media/thiagola92/LinuxHD/Documents/public/learning-apache-airflow/venv/lib/python3.7/site-packages/airflow/example_dags/example_kubernetes_executor_config.py
[2021-03-02 07:15:01,582] {scheduler_job.py:629} INFO - Processing file /media/thiagola92/LinuxHD/Documents/public/learning-apache-airflow/venv/lib/python3.7/site-packages/airflow/example_dags/example_kubernetes_executor_config.py for tasks to queue
[2021-03-02 07:15:01,583] {logging_mixin.py:104} INFO - [2021-03-02 07:15:01,583] {dagbag.py:448} INFO - Filling up the DagBag from /media/thiagola92/LinuxHD/Documents/public/learning-apache-airflow/venv/lib/python3.7/site-packages/airflow/example_dags/example_kubernetes_executor_config.py
[2021-03-02 07:15:01,600] {logging_mixin.py:104} INFO - [2021-03-02 07:15:01,600] {example_kubernetes_executor_config.py:174} WARNING - Could not import DAGs in example_kubernetes_executor_config.py: No module named 'kubernetes'
[2021-03-02 07:15:01,600] {logging_mixin.py:104} INFO - [2021-03-02 07:15:01,600] {example_kubernetes_executor_config.py:175} WARNING - Install kubernetes dependencies with: pip install apache-airflow['cncf.kubernetes']
[2021-03-02 07:15:01,600] {scheduler_job.py:641} WARNING - No viable dags retrieved from /media/thiagola92/LinuxHD/Documents/public/learning-apache-airflow/venv/lib/python3.7/site-packages/airflow/example_dags/example_kubernetes_executor_config.py
[2021-03-02 07:15:01,606] {scheduler_job.py:190} INFO - Processing /media/thiagola92/LinuxHD/Documents/public/learning-apache-airflow/venv/lib/python3.7/site-packages/airflow/example_dags/example_kubernetes_executor_config.py took 0.029 seconds
[2021-03-02 07:15:31,810] {scheduler_job.py:182} INFO - Started process (PID=27025) to work on /media/thiagola92/LinuxHD/Documents/public/learning-apache-airflow/venv/lib/python3.7/site-packages/airflow/example_dags/example_kubernetes_executor_config.py
[2021-03-02 07:15:31,812] {scheduler_job.py:629} INFO - Processing file /media/thiagola92/LinuxHD/Documents/public/learning-apache-airflow/venv/lib/python3.7/site-packages/airflow/example_dags/example_kubernetes_executor_config.py for tasks to queue
[2021-03-02 07:15:31,812] {logging_mixin.py:104} INFO - [2021-03-02 07:15:31,812] {dagbag.py:448} INFO - Filling up the DagBag from /media/thiagola92/LinuxHD/Documents/public/learning-apache-airflow/venv/lib/python3.7/site-packages/airflow/example_dags/example_kubernetes_executor_config.py
[2021-03-02 07:15:31,820] {logging_mixin.py:104} INFO - [2021-03-02 07:15:31,820] {example_kubernetes_executor_config.py:174} WARNING - Could not import DAGs in example_kubernetes_executor_config.py: No module named 'kubernetes'
[2021-03-02 07:15:31,821] {logging_mixin.py:104} INFO - [2021-03-02 07:15:31,821] {example_kubernetes_executor_config.py:175} WARNING - Install kubernetes dependencies with: pip install apache-airflow['cncf.kubernetes']
[2021-03-02 07:15:31,821] {scheduler_job.py:641} WARNING - No viable dags retrieved from /media/thiagola92/LinuxHD/Documents/public/learning-apache-airflow/venv/lib/python3.7/site-packages/airflow/example_dags/example_kubernetes_executor_config.py
[2021-03-02 07:15:31,831] {scheduler_job.py:190} INFO - Processing /media/thiagola92/LinuxHD/Documents/public/learning-apache-airflow/venv/lib/python3.7/site-packages/airflow/example_dags/example_kubernetes_executor_config.py took 0.024 seconds
[2021-03-02 07:16:02,738] {scheduler_job.py:182} INFO - Started process (PID=27464) to work on /media/thiagola92/LinuxHD/Documents/public/learning-apache-airflow/venv/lib/python3.7/site-packages/airflow/example_dags/example_kubernetes_executor_config.py
[2021-03-02 07:16:02,739] {scheduler_job.py:629} INFO - Processing file /media/thiagola92/LinuxHD/Documents/public/learning-apache-airflow/venv/lib/python3.7/site-packages/airflow/example_dags/example_kubernetes_executor_config.py for tasks to queue
[2021-03-02 07:16:02,740] {logging_mixin.py:104} INFO - [2021-03-02 07:16:02,740] {dagbag.py:448} INFO - Filling up the DagBag from /media/thiagola92/LinuxHD/Documents/public/learning-apache-airflow/venv/lib/python3.7/site-packages/airflow/example_dags/example_kubernetes_executor_config.py
[2021-03-02 07:16:02,748] {logging_mixin.py:104} INFO - [2021-03-02 07:16:02,748] {example_kubernetes_executor_config.py:174} WARNING - Could not import DAGs in example_kubernetes_executor_config.py: No module named 'kubernetes'
[2021-03-02 07:16:02,748] {logging_mixin.py:104} INFO - [2021-03-02 07:16:02,748] {example_kubernetes_executor_config.py:175} WARNING - Install kubernetes dependencies with: pip install apache-airflow['cncf.kubernetes']
[2021-03-02 07:16:02,748] {scheduler_job.py:641} WARNING - No viable dags retrieved from /media/thiagola92/LinuxHD/Documents/public/learning-apache-airflow/venv/lib/python3.7/site-packages/airflow/example_dags/example_kubernetes_executor_config.py
[2021-03-02 07:16:02,754] {scheduler_job.py:190} INFO - Processing /media/thiagola92/LinuxHD/Documents/public/learning-apache-airflow/venv/lib/python3.7/site-packages/airflow/example_dags/example_kubernetes_executor_config.py took 0.020 seconds
[2021-03-02 07:16:33,211] {scheduler_job.py:182} INFO - Started process (PID=27857) to work on /media/thiagola92/LinuxHD/Documents/public/learning-apache-airflow/venv/lib/python3.7/site-packages/airflow/example_dags/example_kubernetes_executor_config.py
[2021-03-02 07:16:33,213] {scheduler_job.py:629} INFO - Processing file /media/thiagola92/LinuxHD/Documents/public/learning-apache-airflow/venv/lib/python3.7/site-packages/airflow/example_dags/example_kubernetes_executor_config.py for tasks to queue
[2021-03-02 07:16:33,214] {logging_mixin.py:104} INFO - [2021-03-02 07:16:33,214] {dagbag.py:448} INFO - Filling up the DagBag from /media/thiagola92/LinuxHD/Documents/public/learning-apache-airflow/venv/lib/python3.7/site-packages/airflow/example_dags/example_kubernetes_executor_config.py
[2021-03-02 07:16:33,228] {logging_mixin.py:104} INFO - [2021-03-02 07:16:33,228] {example_kubernetes_executor_config.py:174} WARNING - Could not import DAGs in example_kubernetes_executor_config.py: No module named 'kubernetes'
[2021-03-02 07:16:33,228] {logging_mixin.py:104} INFO - [2021-03-02 07:16:33,228] {example_kubernetes_executor_config.py:175} WARNING - Install kubernetes dependencies with: pip install apache-airflow['cncf.kubernetes']
[2021-03-02 07:16:33,229] {scheduler_job.py:641} WARNING - No viable dags retrieved from /media/thiagola92/LinuxHD/Documents/public/learning-apache-airflow/venv/lib/python3.7/site-packages/airflow/example_dags/example_kubernetes_executor_config.py
[2021-03-02 07:16:33,237] {scheduler_job.py:190} INFO - Processing /media/thiagola92/LinuxHD/Documents/public/learning-apache-airflow/venv/lib/python3.7/site-packages/airflow/example_dags/example_kubernetes_executor_config.py took 0.033 seconds
[2021-03-02 07:17:03,677] {scheduler_job.py:182} INFO - Started process (PID=28276) to work on /media/thiagola92/LinuxHD/Documents/public/learning-apache-airflow/venv/lib/python3.7/site-packages/airflow/example_dags/example_kubernetes_executor_config.py
[2021-03-02 07:17:03,678] {scheduler_job.py:629} INFO - Processing file /media/thiagola92/LinuxHD/Documents/public/learning-apache-airflow/venv/lib/python3.7/site-packages/airflow/example_dags/example_kubernetes_executor_config.py for tasks to queue
[2021-03-02 07:17:03,678] {logging_mixin.py:104} INFO - [2021-03-02 07:17:03,678] {dagbag.py:448} INFO - Filling up the DagBag from /media/thiagola92/LinuxHD/Documents/public/learning-apache-airflow/venv/lib/python3.7/site-packages/airflow/example_dags/example_kubernetes_executor_config.py
[2021-03-02 07:17:03,683] {logging_mixin.py:104} INFO - [2021-03-02 07:17:03,683] {example_kubernetes_executor_config.py:174} WARNING - Could not import DAGs in example_kubernetes_executor_config.py: No module named 'kubernetes'
[2021-03-02 07:17:03,683] {logging_mixin.py:104} INFO - [2021-03-02 07:17:03,683] {example_kubernetes_executor_config.py:175} WARNING - Install kubernetes dependencies with: pip install apache-airflow['cncf.kubernetes']
[2021-03-02 07:17:03,684] {scheduler_job.py:641} WARNING - No viable dags retrieved from /media/thiagola92/LinuxHD/Documents/public/learning-apache-airflow/venv/lib/python3.7/site-packages/airflow/example_dags/example_kubernetes_executor_config.py
[2021-03-02 07:17:03,688] {scheduler_job.py:190} INFO - Processing /media/thiagola92/LinuxHD/Documents/public/learning-apache-airflow/venv/lib/python3.7/site-packages/airflow/example_dags/example_kubernetes_executor_config.py took 0.013 seconds
[2021-03-02 07:17:33,787] {scheduler_job.py:182} INFO - Started process (PID=28688) to work on /media/thiagola92/LinuxHD/Documents/public/learning-apache-airflow/venv/lib/python3.7/site-packages/airflow/example_dags/example_kubernetes_executor_config.py
[2021-03-02 07:17:33,788] {scheduler_job.py:629} INFO - Processing file /media/thiagola92/LinuxHD/Documents/public/learning-apache-airflow/venv/lib/python3.7/site-packages/airflow/example_dags/example_kubernetes_executor_config.py for tasks to queue
[2021-03-02 07:17:33,789] {logging_mixin.py:104} INFO - [2021-03-02 07:17:33,788] {dagbag.py:448} INFO - Filling up the DagBag from /media/thiagola92/LinuxHD/Documents/public/learning-apache-airflow/venv/lib/python3.7/site-packages/airflow/example_dags/example_kubernetes_executor_config.py
[2021-03-02 07:17:33,794] {logging_mixin.py:104} INFO - [2021-03-02 07:17:33,794] {example_kubernetes_executor_config.py:174} WARNING - Could not import DAGs in example_kubernetes_executor_config.py: No module named 'kubernetes'
[2021-03-02 07:17:33,794] {logging_mixin.py:104} INFO - [2021-03-02 07:17:33,794] {example_kubernetes_executor_config.py:175} WARNING - Install kubernetes dependencies with: pip install apache-airflow['cncf.kubernetes']
[2021-03-02 07:17:33,794] {scheduler_job.py:641} WARNING - No viable dags retrieved from /media/thiagola92/LinuxHD/Documents/public/learning-apache-airflow/venv/lib/python3.7/site-packages/airflow/example_dags/example_kubernetes_executor_config.py
[2021-03-02 07:17:33,799] {scheduler_job.py:190} INFO - Processing /media/thiagola92/LinuxHD/Documents/public/learning-apache-airflow/venv/lib/python3.7/site-packages/airflow/example_dags/example_kubernetes_executor_config.py took 0.013 seconds
[2021-03-02 07:21:42,730] {scheduler_job.py:182} INFO - Started process (PID=31918) to work on /media/thiagola92/LinuxHD/Documents/public/learning-apache-airflow/venv/lib/python3.7/site-packages/airflow/example_dags/example_kubernetes_executor_config.py
[2021-03-02 07:21:42,746] {scheduler_job.py:629} INFO - Processing file /media/thiagola92/LinuxHD/Documents/public/learning-apache-airflow/venv/lib/python3.7/site-packages/airflow/example_dags/example_kubernetes_executor_config.py for tasks to queue
[2021-03-02 07:21:42,750] {logging_mixin.py:104} INFO - [2021-03-02 07:21:42,747] {dagbag.py:448} INFO - Filling up the DagBag from /media/thiagola92/LinuxHD/Documents/public/learning-apache-airflow/venv/lib/python3.7/site-packages/airflow/example_dags/example_kubernetes_executor_config.py
[2021-03-02 07:21:42,759] {logging_mixin.py:104} INFO - [2021-03-02 07:21:42,759] {example_kubernetes_executor_config.py:174} WARNING - Could not import DAGs in example_kubernetes_executor_config.py: No module named 'kubernetes'
[2021-03-02 07:21:42,759] {logging_mixin.py:104} INFO - [2021-03-02 07:21:42,759] {example_kubernetes_executor_config.py:175} WARNING - Install kubernetes dependencies with: pip install apache-airflow['cncf.kubernetes']
[2021-03-02 07:21:42,759] {scheduler_job.py:641} WARNING - No viable dags retrieved from /media/thiagola92/LinuxHD/Documents/public/learning-apache-airflow/venv/lib/python3.7/site-packages/airflow/example_dags/example_kubernetes_executor_config.py
[2021-03-02 07:21:42,767] {scheduler_job.py:190} INFO - Processing /media/thiagola92/LinuxHD/Documents/public/learning-apache-airflow/venv/lib/python3.7/site-packages/airflow/example_dags/example_kubernetes_executor_config.py took 0.050 seconds
[2021-03-02 07:22:13,233] {scheduler_job.py:182} INFO - Started process (PID=32294) to work on /media/thiagola92/LinuxHD/Documents/public/learning-apache-airflow/venv/lib/python3.7/site-packages/airflow/example_dags/example_kubernetes_executor_config.py
[2021-03-02 07:22:13,235] {scheduler_job.py:629} INFO - Processing file /media/thiagola92/LinuxHD/Documents/public/learning-apache-airflow/venv/lib/python3.7/site-packages/airflow/example_dags/example_kubernetes_executor_config.py for tasks to queue
[2021-03-02 07:22:13,236] {logging_mixin.py:104} INFO - [2021-03-02 07:22:13,236] {dagbag.py:448} INFO - Filling up the DagBag from /media/thiagola92/LinuxHD/Documents/public/learning-apache-airflow/venv/lib/python3.7/site-packages/airflow/example_dags/example_kubernetes_executor_config.py
[2021-03-02 07:22:13,244] {logging_mixin.py:104} INFO - [2021-03-02 07:22:13,244] {example_kubernetes_executor_config.py:174} WARNING - Could not import DAGs in example_kubernetes_executor_config.py: No module named 'kubernetes'
[2021-03-02 07:22:13,245] {logging_mixin.py:104} INFO - [2021-03-02 07:22:13,245] {example_kubernetes_executor_config.py:175} WARNING - Install kubernetes dependencies with: pip install apache-airflow['cncf.kubernetes']
[2021-03-02 07:22:13,245] {scheduler_job.py:641} WARNING - No viable dags retrieved from /media/thiagola92/LinuxHD/Documents/public/learning-apache-airflow/venv/lib/python3.7/site-packages/airflow/example_dags/example_kubernetes_executor_config.py
[2021-03-02 07:22:13,252] {scheduler_job.py:190} INFO - Processing /media/thiagola92/LinuxHD/Documents/public/learning-apache-airflow/venv/lib/python3.7/site-packages/airflow/example_dags/example_kubernetes_executor_config.py took 0.025 seconds
[2021-03-02 07:22:43,790] {scheduler_job.py:182} INFO - Started process (PID=32706) to work on /media/thiagola92/LinuxHD/Documents/public/learning-apache-airflow/venv/lib/python3.7/site-packages/airflow/example_dags/example_kubernetes_executor_config.py
[2021-03-02 07:22:43,793] {scheduler_job.py:629} INFO - Processing file /media/thiagola92/LinuxHD/Documents/public/learning-apache-airflow/venv/lib/python3.7/site-packages/airflow/example_dags/example_kubernetes_executor_config.py for tasks to queue
[2021-03-02 07:22:43,794] {logging_mixin.py:104} INFO - [2021-03-02 07:22:43,794] {dagbag.py:448} INFO - Filling up the DagBag from /media/thiagola92/LinuxHD/Documents/public/learning-apache-airflow/venv/lib/python3.7/site-packages/airflow/example_dags/example_kubernetes_executor_config.py
[2021-03-02 07:22:43,809] {logging_mixin.py:104} INFO - [2021-03-02 07:22:43,809] {example_kubernetes_executor_config.py:174} WARNING - Could not import DAGs in example_kubernetes_executor_config.py: No module named 'kubernetes'
[2021-03-02 07:22:43,810] {logging_mixin.py:104} INFO - [2021-03-02 07:22:43,809] {example_kubernetes_executor_config.py:175} WARNING - Install kubernetes dependencies with: pip install apache-airflow['cncf.kubernetes']
[2021-03-02 07:22:43,810] {scheduler_job.py:641} WARNING - No viable dags retrieved from /media/thiagola92/LinuxHD/Documents/public/learning-apache-airflow/venv/lib/python3.7/site-packages/airflow/example_dags/example_kubernetes_executor_config.py
[2021-03-02 07:22:43,819] {scheduler_job.py:190} INFO - Processing /media/thiagola92/LinuxHD/Documents/public/learning-apache-airflow/venv/lib/python3.7/site-packages/airflow/example_dags/example_kubernetes_executor_config.py took 0.035 seconds
[2021-03-02 07:23:13,922] {scheduler_job.py:182} INFO - Started process (PID=33202) to work on /media/thiagola92/LinuxHD/Documents/public/learning-apache-airflow/venv/lib/python3.7/site-packages/airflow/example_dags/example_kubernetes_executor_config.py
[2021-03-02 07:23:13,923] {scheduler_job.py:629} INFO - Processing file /media/thiagola92/LinuxHD/Documents/public/learning-apache-airflow/venv/lib/python3.7/site-packages/airflow/example_dags/example_kubernetes_executor_config.py for tasks to queue
[2021-03-02 07:23:13,924] {logging_mixin.py:104} INFO - [2021-03-02 07:23:13,924] {dagbag.py:448} INFO - Filling up the DagBag from /media/thiagola92/LinuxHD/Documents/public/learning-apache-airflow/venv/lib/python3.7/site-packages/airflow/example_dags/example_kubernetes_executor_config.py
[2021-03-02 07:23:13,934] {logging_mixin.py:104} INFO - [2021-03-02 07:23:13,933] {example_kubernetes_executor_config.py:174} WARNING - Could not import DAGs in example_kubernetes_executor_config.py: No module named 'kubernetes'
[2021-03-02 07:23:13,934] {logging_mixin.py:104} INFO - [2021-03-02 07:23:13,934] {example_kubernetes_executor_config.py:175} WARNING - Install kubernetes dependencies with: pip install apache-airflow['cncf.kubernetes']
[2021-03-02 07:23:13,934] {scheduler_job.py:641} WARNING - No viable dags retrieved from /media/thiagola92/LinuxHD/Documents/public/learning-apache-airflow/venv/lib/python3.7/site-packages/airflow/example_dags/example_kubernetes_executor_config.py
[2021-03-02 07:23:13,940] {scheduler_job.py:190} INFO - Processing /media/thiagola92/LinuxHD/Documents/public/learning-apache-airflow/venv/lib/python3.7/site-packages/airflow/example_dags/example_kubernetes_executor_config.py took 0.023 seconds
[2021-03-02 07:23:44,679] {scheduler_job.py:182} INFO - Started process (PID=33669) to work on /media/thiagola92/LinuxHD/Documents/public/learning-apache-airflow/venv/lib/python3.7/site-packages/airflow/example_dags/example_kubernetes_executor_config.py
[2021-03-02 07:23:44,681] {scheduler_job.py:629} INFO - Processing file /media/thiagola92/LinuxHD/Documents/public/learning-apache-airflow/venv/lib/python3.7/site-packages/airflow/example_dags/example_kubernetes_executor_config.py for tasks to queue
[2021-03-02 07:23:44,683] {logging_mixin.py:104} INFO - [2021-03-02 07:23:44,682] {dagbag.py:448} INFO - Filling up the DagBag from /media/thiagola92/LinuxHD/Documents/public/learning-apache-airflow/venv/lib/python3.7/site-packages/airflow/example_dags/example_kubernetes_executor_config.py
[2021-03-02 07:23:44,695] {logging_mixin.py:104} INFO - [2021-03-02 07:23:44,695] {example_kubernetes_executor_config.py:174} WARNING - Could not import DAGs in example_kubernetes_executor_config.py: No module named 'kubernetes'
[2021-03-02 07:23:44,696] {logging_mixin.py:104} INFO - [2021-03-02 07:23:44,696] {example_kubernetes_executor_config.py:175} WARNING - Install kubernetes dependencies with: pip install apache-airflow['cncf.kubernetes']
[2021-03-02 07:23:44,696] {scheduler_job.py:641} WARNING - No viable dags retrieved from /media/thiagola92/LinuxHD/Documents/public/learning-apache-airflow/venv/lib/python3.7/site-packages/airflow/example_dags/example_kubernetes_executor_config.py
[2021-03-02 07:23:44,703] {scheduler_job.py:190} INFO - Processing /media/thiagola92/LinuxHD/Documents/public/learning-apache-airflow/venv/lib/python3.7/site-packages/airflow/example_dags/example_kubernetes_executor_config.py took 0.031 seconds
