[2021-03-02 07:12:13,521] {scheduler_job.py:182} INFO - Started process (PID=24044) to work on /media/thiagola92/LinuxHD/Documents/public/learning-apache-airflow/venv/lib/python3.7/site-packages/airflow/example_dags/example_short_circuit_operator.py
[2021-03-02 07:12:13,522] {scheduler_job.py:629} INFO - Processing file /media/thiagola92/LinuxHD/Documents/public/learning-apache-airflow/venv/lib/python3.7/site-packages/airflow/example_dags/example_short_circuit_operator.py for tasks to queue
[2021-03-02 07:12:13,522] {logging_mixin.py:104} INFO - [2021-03-02 07:12:13,522] {dagbag.py:448} INFO - Filling up the DagBag from /media/thiagola92/LinuxHD/Documents/public/learning-apache-airflow/venv/lib/python3.7/site-packages/airflow/example_dags/example_short_circuit_operator.py
[2021-03-02 07:12:13,529] {scheduler_job.py:639} INFO - DAG(s) dict_keys(['example_short_circuit_operator']) retrieved from /media/thiagola92/LinuxHD/Documents/public/learning-apache-airflow/venv/lib/python3.7/site-packages/airflow/example_dags/example_short_circuit_operator.py
[2021-03-02 07:12:13,538] {logging_mixin.py:104} INFO - [2021-03-02 07:12:13,538] {dag.py:1818} INFO - Sync 1 DAGs
[2021-03-02 07:12:13,545] {logging_mixin.py:104} INFO - [2021-03-02 07:12:13,545] {dag.py:2273} INFO - Setting next_dagrun for example_short_circuit_operator to 2021-02-28 00:00:00+00:00
[2021-03-02 07:12:13,549] {scheduler_job.py:190} INFO - Processing /media/thiagola92/LinuxHD/Documents/public/learning-apache-airflow/venv/lib/python3.7/site-packages/airflow/example_dags/example_short_circuit_operator.py took 0.030 seconds
[2021-03-02 07:12:44,749] {scheduler_job.py:182} INFO - Started process (PID=24751) to work on /media/thiagola92/LinuxHD/Documents/public/learning-apache-airflow/venv/lib/python3.7/site-packages/airflow/example_dags/example_short_circuit_operator.py
[2021-03-02 07:12:44,750] {scheduler_job.py:629} INFO - Processing file /media/thiagola92/LinuxHD/Documents/public/learning-apache-airflow/venv/lib/python3.7/site-packages/airflow/example_dags/example_short_circuit_operator.py for tasks to queue
[2021-03-02 07:12:44,751] {logging_mixin.py:104} INFO - [2021-03-02 07:12:44,751] {dagbag.py:448} INFO - Filling up the DagBag from /media/thiagola92/LinuxHD/Documents/public/learning-apache-airflow/venv/lib/python3.7/site-packages/airflow/example_dags/example_short_circuit_operator.py
[2021-03-02 07:12:44,759] {scheduler_job.py:639} INFO - DAG(s) dict_keys(['example_short_circuit_operator']) retrieved from /media/thiagola92/LinuxHD/Documents/public/learning-apache-airflow/venv/lib/python3.7/site-packages/airflow/example_dags/example_short_circuit_operator.py
[2021-03-02 07:12:44,768] {logging_mixin.py:104} INFO - [2021-03-02 07:12:44,768] {dag.py:1818} INFO - Sync 1 DAGs
[2021-03-02 07:12:44,774] {logging_mixin.py:104} INFO - [2021-03-02 07:12:44,774] {dag.py:2273} INFO - Setting next_dagrun for example_short_circuit_operator to 2021-02-28 00:00:00+00:00
[2021-03-02 07:12:44,779] {scheduler_job.py:190} INFO - Processing /media/thiagola92/LinuxHD/Documents/public/learning-apache-airflow/venv/lib/python3.7/site-packages/airflow/example_dags/example_short_circuit_operator.py took 0.033 seconds
[2021-03-02 07:13:15,974] {scheduler_job.py:182} INFO - Started process (PID=25223) to work on /media/thiagola92/LinuxHD/Documents/public/learning-apache-airflow/venv/lib/python3.7/site-packages/airflow/example_dags/example_short_circuit_operator.py
[2021-03-02 07:13:15,975] {scheduler_job.py:629} INFO - Processing file /media/thiagola92/LinuxHD/Documents/public/learning-apache-airflow/venv/lib/python3.7/site-packages/airflow/example_dags/example_short_circuit_operator.py for tasks to queue
[2021-03-02 07:13:15,975] {logging_mixin.py:104} INFO - [2021-03-02 07:13:15,975] {dagbag.py:448} INFO - Filling up the DagBag from /media/thiagola92/LinuxHD/Documents/public/learning-apache-airflow/venv/lib/python3.7/site-packages/airflow/example_dags/example_short_circuit_operator.py
[2021-03-02 07:13:15,983] {scheduler_job.py:639} INFO - DAG(s) dict_keys(['example_short_circuit_operator']) retrieved from /media/thiagola92/LinuxHD/Documents/public/learning-apache-airflow/venv/lib/python3.7/site-packages/airflow/example_dags/example_short_circuit_operator.py
[2021-03-02 07:13:15,992] {logging_mixin.py:104} INFO - [2021-03-02 07:13:15,992] {dag.py:1818} INFO - Sync 1 DAGs
[2021-03-02 07:13:15,999] {logging_mixin.py:104} INFO - [2021-03-02 07:13:15,999] {dag.py:2273} INFO - Setting next_dagrun for example_short_circuit_operator to 2021-02-28 00:00:00+00:00
[2021-03-02 07:13:16,004] {scheduler_job.py:190} INFO - Processing /media/thiagola92/LinuxHD/Documents/public/learning-apache-airflow/venv/lib/python3.7/site-packages/airflow/example_dags/example_short_circuit_operator.py took 0.032 seconds
[2021-03-02 07:14:14,293] {scheduler_job.py:182} INFO - Started process (PID=26003) to work on /media/thiagola92/LinuxHD/Documents/public/learning-apache-airflow/venv/lib/python3.7/site-packages/airflow/example_dags/example_short_circuit_operator.py
[2021-03-02 07:14:14,294] {scheduler_job.py:629} INFO - Processing file /media/thiagola92/LinuxHD/Documents/public/learning-apache-airflow/venv/lib/python3.7/site-packages/airflow/example_dags/example_short_circuit_operator.py for tasks to queue
[2021-03-02 07:14:14,294] {logging_mixin.py:104} INFO - [2021-03-02 07:14:14,294] {dagbag.py:448} INFO - Filling up the DagBag from /media/thiagola92/LinuxHD/Documents/public/learning-apache-airflow/venv/lib/python3.7/site-packages/airflow/example_dags/example_short_circuit_operator.py
[2021-03-02 07:14:14,300] {scheduler_job.py:639} INFO - DAG(s) dict_keys(['example_short_circuit_operator']) retrieved from /media/thiagola92/LinuxHD/Documents/public/learning-apache-airflow/venv/lib/python3.7/site-packages/airflow/example_dags/example_short_circuit_operator.py
[2021-03-02 07:14:14,308] {logging_mixin.py:104} INFO - [2021-03-02 07:14:14,308] {dag.py:1818} INFO - Sync 1 DAGs
[2021-03-02 07:14:14,314] {logging_mixin.py:104} INFO - [2021-03-02 07:14:14,314] {dag.py:2273} INFO - Setting next_dagrun for example_short_circuit_operator to 2021-02-28 00:00:00+00:00
[2021-03-02 07:14:14,317] {scheduler_job.py:190} INFO - Processing /media/thiagola92/LinuxHD/Documents/public/learning-apache-airflow/venv/lib/python3.7/site-packages/airflow/example_dags/example_short_circuit_operator.py took 0.026 seconds
[2021-03-02 07:14:44,541] {scheduler_job.py:182} INFO - Started process (PID=26410) to work on /media/thiagola92/LinuxHD/Documents/public/learning-apache-airflow/venv/lib/python3.7/site-packages/airflow/example_dags/example_short_circuit_operator.py
[2021-03-02 07:14:44,544] {scheduler_job.py:629} INFO - Processing file /media/thiagola92/LinuxHD/Documents/public/learning-apache-airflow/venv/lib/python3.7/site-packages/airflow/example_dags/example_short_circuit_operator.py for tasks to queue
[2021-03-02 07:14:44,545] {logging_mixin.py:104} INFO - [2021-03-02 07:14:44,544] {dagbag.py:448} INFO - Filling up the DagBag from /media/thiagola92/LinuxHD/Documents/public/learning-apache-airflow/venv/lib/python3.7/site-packages/airflow/example_dags/example_short_circuit_operator.py
[2021-03-02 07:14:44,560] {scheduler_job.py:639} INFO - DAG(s) dict_keys(['example_short_circuit_operator']) retrieved from /media/thiagola92/LinuxHD/Documents/public/learning-apache-airflow/venv/lib/python3.7/site-packages/airflow/example_dags/example_short_circuit_operator.py
[2021-03-02 07:14:44,571] {logging_mixin.py:104} INFO - [2021-03-02 07:14:44,571] {dag.py:1818} INFO - Sync 1 DAGs
[2021-03-02 07:14:44,578] {logging_mixin.py:104} INFO - [2021-03-02 07:14:44,578] {dag.py:2273} INFO - Setting next_dagrun for example_short_circuit_operator to 2021-02-28 00:00:00+00:00
[2021-03-02 07:14:44,583] {scheduler_job.py:190} INFO - Processing /media/thiagola92/LinuxHD/Documents/public/learning-apache-airflow/venv/lib/python3.7/site-packages/airflow/example_dags/example_short_circuit_operator.py took 0.046 seconds
[2021-03-02 07:15:15,455] {scheduler_job.py:182} INFO - Started process (PID=26813) to work on /media/thiagola92/LinuxHD/Documents/public/learning-apache-airflow/venv/lib/python3.7/site-packages/airflow/example_dags/example_short_circuit_operator.py
[2021-03-02 07:15:15,456] {scheduler_job.py:629} INFO - Processing file /media/thiagola92/LinuxHD/Documents/public/learning-apache-airflow/venv/lib/python3.7/site-packages/airflow/example_dags/example_short_circuit_operator.py for tasks to queue
[2021-03-02 07:15:15,457] {logging_mixin.py:104} INFO - [2021-03-02 07:15:15,457] {dagbag.py:448} INFO - Filling up the DagBag from /media/thiagola92/LinuxHD/Documents/public/learning-apache-airflow/venv/lib/python3.7/site-packages/airflow/example_dags/example_short_circuit_operator.py
[2021-03-02 07:15:15,470] {scheduler_job.py:639} INFO - DAG(s) dict_keys(['example_short_circuit_operator']) retrieved from /media/thiagola92/LinuxHD/Documents/public/learning-apache-airflow/venv/lib/python3.7/site-packages/airflow/example_dags/example_short_circuit_operator.py
[2021-03-02 07:15:15,481] {logging_mixin.py:104} INFO - [2021-03-02 07:15:15,481] {dag.py:1818} INFO - Sync 1 DAGs
[2021-03-02 07:15:15,489] {logging_mixin.py:104} INFO - [2021-03-02 07:15:15,489] {dag.py:2273} INFO - Setting next_dagrun for example_short_circuit_operator to 2021-02-28 00:00:00+00:00
[2021-03-02 07:15:15,493] {scheduler_job.py:190} INFO - Processing /media/thiagola92/LinuxHD/Documents/public/learning-apache-airflow/venv/lib/python3.7/site-packages/airflow/example_dags/example_short_circuit_operator.py took 0.042 seconds
[2021-03-02 07:15:45,743] {scheduler_job.py:182} INFO - Started process (PID=27235) to work on /media/thiagola92/LinuxHD/Documents/public/learning-apache-airflow/venv/lib/python3.7/site-packages/airflow/example_dags/example_short_circuit_operator.py
[2021-03-02 07:15:45,745] {scheduler_job.py:629} INFO - Processing file /media/thiagola92/LinuxHD/Documents/public/learning-apache-airflow/venv/lib/python3.7/site-packages/airflow/example_dags/example_short_circuit_operator.py for tasks to queue
[2021-03-02 07:15:45,746] {logging_mixin.py:104} INFO - [2021-03-02 07:15:45,746] {dagbag.py:448} INFO - Filling up the DagBag from /media/thiagola92/LinuxHD/Documents/public/learning-apache-airflow/venv/lib/python3.7/site-packages/airflow/example_dags/example_short_circuit_operator.py
[2021-03-02 07:15:45,766] {scheduler_job.py:639} INFO - DAG(s) dict_keys(['example_short_circuit_operator']) retrieved from /media/thiagola92/LinuxHD/Documents/public/learning-apache-airflow/venv/lib/python3.7/site-packages/airflow/example_dags/example_short_circuit_operator.py
[2021-03-02 07:15:45,778] {logging_mixin.py:104} INFO - [2021-03-02 07:15:45,778] {dag.py:1818} INFO - Sync 1 DAGs
[2021-03-02 07:15:45,785] {logging_mixin.py:104} INFO - [2021-03-02 07:15:45,785] {dag.py:2273} INFO - Setting next_dagrun for example_short_circuit_operator to 2021-02-28 00:00:00+00:00
[2021-03-02 07:15:45,789] {scheduler_job.py:190} INFO - Processing /media/thiagola92/LinuxHD/Documents/public/learning-apache-airflow/venv/lib/python3.7/site-packages/airflow/example_dags/example_short_circuit_operator.py took 0.053 seconds
[2021-03-02 07:16:16,088] {scheduler_job.py:182} INFO - Started process (PID=27632) to work on /media/thiagola92/LinuxHD/Documents/public/learning-apache-airflow/venv/lib/python3.7/site-packages/airflow/example_dags/example_short_circuit_operator.py
[2021-03-02 07:16:16,089] {scheduler_job.py:629} INFO - Processing file /media/thiagola92/LinuxHD/Documents/public/learning-apache-airflow/venv/lib/python3.7/site-packages/airflow/example_dags/example_short_circuit_operator.py for tasks to queue
[2021-03-02 07:16:16,090] {logging_mixin.py:104} INFO - [2021-03-02 07:16:16,090] {dagbag.py:448} INFO - Filling up the DagBag from /media/thiagola92/LinuxHD/Documents/public/learning-apache-airflow/venv/lib/python3.7/site-packages/airflow/example_dags/example_short_circuit_operator.py
[2021-03-02 07:16:16,100] {scheduler_job.py:639} INFO - DAG(s) dict_keys(['example_short_circuit_operator']) retrieved from /media/thiagola92/LinuxHD/Documents/public/learning-apache-airflow/venv/lib/python3.7/site-packages/airflow/example_dags/example_short_circuit_operator.py
[2021-03-02 07:16:16,109] {logging_mixin.py:104} INFO - [2021-03-02 07:16:16,109] {dag.py:1818} INFO - Sync 1 DAGs
[2021-03-02 07:16:16,115] {logging_mixin.py:104} INFO - [2021-03-02 07:16:16,115] {dag.py:2273} INFO - Setting next_dagrun for example_short_circuit_operator to 2021-02-28 00:00:00+00:00
[2021-03-02 07:16:16,119] {scheduler_job.py:190} INFO - Processing /media/thiagola92/LinuxHD/Documents/public/learning-apache-airflow/venv/lib/python3.7/site-packages/airflow/example_dags/example_short_circuit_operator.py took 0.035 seconds
[2021-03-02 07:16:46,528] {scheduler_job.py:182} INFO - Started process (PID=28025) to work on /media/thiagola92/LinuxHD/Documents/public/learning-apache-airflow/venv/lib/python3.7/site-packages/airflow/example_dags/example_short_circuit_operator.py
[2021-03-02 07:16:46,530] {scheduler_job.py:629} INFO - Processing file /media/thiagola92/LinuxHD/Documents/public/learning-apache-airflow/venv/lib/python3.7/site-packages/airflow/example_dags/example_short_circuit_operator.py for tasks to queue
[2021-03-02 07:16:46,532] {logging_mixin.py:104} INFO - [2021-03-02 07:16:46,532] {dagbag.py:448} INFO - Filling up the DagBag from /media/thiagola92/LinuxHD/Documents/public/learning-apache-airflow/venv/lib/python3.7/site-packages/airflow/example_dags/example_short_circuit_operator.py
[2021-03-02 07:16:46,547] {scheduler_job.py:639} INFO - DAG(s) dict_keys(['example_short_circuit_operator']) retrieved from /media/thiagola92/LinuxHD/Documents/public/learning-apache-airflow/venv/lib/python3.7/site-packages/airflow/example_dags/example_short_circuit_operator.py
[2021-03-02 07:16:46,558] {logging_mixin.py:104} INFO - [2021-03-02 07:16:46,558] {dag.py:1818} INFO - Sync 1 DAGs
[2021-03-02 07:16:46,565] {logging_mixin.py:104} INFO - [2021-03-02 07:16:46,565] {dag.py:2273} INFO - Setting next_dagrun for example_short_circuit_operator to 2021-02-28 00:00:00+00:00
[2021-03-02 07:16:46,569] {scheduler_job.py:190} INFO - Processing /media/thiagola92/LinuxHD/Documents/public/learning-apache-airflow/venv/lib/python3.7/site-packages/airflow/example_dags/example_short_circuit_operator.py took 0.047 seconds
[2021-03-02 07:17:16,817] {scheduler_job.py:182} INFO - Started process (PID=28457) to work on /media/thiagola92/LinuxHD/Documents/public/learning-apache-airflow/venv/lib/python3.7/site-packages/airflow/example_dags/example_short_circuit_operator.py
[2021-03-02 07:17:16,817] {scheduler_job.py:629} INFO - Processing file /media/thiagola92/LinuxHD/Documents/public/learning-apache-airflow/venv/lib/python3.7/site-packages/airflow/example_dags/example_short_circuit_operator.py for tasks to queue
[2021-03-02 07:17:16,818] {logging_mixin.py:104} INFO - [2021-03-02 07:17:16,818] {dagbag.py:448} INFO - Filling up the DagBag from /media/thiagola92/LinuxHD/Documents/public/learning-apache-airflow/venv/lib/python3.7/site-packages/airflow/example_dags/example_short_circuit_operator.py
[2021-03-02 07:17:16,824] {scheduler_job.py:639} INFO - DAG(s) dict_keys(['example_short_circuit_operator']) retrieved from /media/thiagola92/LinuxHD/Documents/public/learning-apache-airflow/venv/lib/python3.7/site-packages/airflow/example_dags/example_short_circuit_operator.py
[2021-03-02 07:17:16,831] {logging_mixin.py:104} INFO - [2021-03-02 07:17:16,831] {dag.py:1818} INFO - Sync 1 DAGs
[2021-03-02 07:17:16,837] {logging_mixin.py:104} INFO - [2021-03-02 07:17:16,837] {dag.py:2273} INFO - Setting next_dagrun for example_short_circuit_operator to 2021-02-28 00:00:00+00:00
[2021-03-02 07:17:16,841] {scheduler_job.py:190} INFO - Processing /media/thiagola92/LinuxHD/Documents/public/learning-apache-airflow/venv/lib/python3.7/site-packages/airflow/example_dags/example_short_circuit_operator.py took 0.026 seconds
[2021-03-02 07:17:57,445] {scheduler_job.py:182} INFO - Started process (PID=29009) to work on /media/thiagola92/LinuxHD/Documents/public/learning-apache-airflow/venv/lib/python3.7/site-packages/airflow/example_dags/example_short_circuit_operator.py
[2021-03-02 07:17:57,445] {scheduler_job.py:629} INFO - Processing file /media/thiagola92/LinuxHD/Documents/public/learning-apache-airflow/venv/lib/python3.7/site-packages/airflow/example_dags/example_short_circuit_operator.py for tasks to queue
[2021-03-02 07:17:57,446] {logging_mixin.py:104} INFO - [2021-03-02 07:17:57,446] {dagbag.py:448} INFO - Filling up the DagBag from /media/thiagola92/LinuxHD/Documents/public/learning-apache-airflow/venv/lib/python3.7/site-packages/airflow/example_dags/example_short_circuit_operator.py
[2021-03-02 07:17:57,452] {scheduler_job.py:639} INFO - DAG(s) dict_keys(['example_short_circuit_operator']) retrieved from /media/thiagola92/LinuxHD/Documents/public/learning-apache-airflow/venv/lib/python3.7/site-packages/airflow/example_dags/example_short_circuit_operator.py
[2021-03-02 07:17:57,460] {logging_mixin.py:104} INFO - [2021-03-02 07:17:57,460] {dag.py:1818} INFO - Sync 1 DAGs
[2021-03-02 07:17:57,466] {logging_mixin.py:104} INFO - [2021-03-02 07:17:57,466] {dag.py:2273} INFO - Setting next_dagrun for example_short_circuit_operator to 2021-02-28 00:00:00+00:00
[2021-03-02 07:17:57,475] {scheduler_job.py:190} INFO - Processing /media/thiagola92/LinuxHD/Documents/public/learning-apache-airflow/venv/lib/python3.7/site-packages/airflow/example_dags/example_short_circuit_operator.py took 0.032 seconds
[2021-03-02 07:21:58,645] {scheduler_job.py:182} INFO - Started process (PID=32097) to work on /media/thiagola92/LinuxHD/Documents/public/learning-apache-airflow/venv/lib/python3.7/site-packages/airflow/example_dags/example_short_circuit_operator.py
[2021-03-02 07:21:58,647] {scheduler_job.py:629} INFO - Processing file /media/thiagola92/LinuxHD/Documents/public/learning-apache-airflow/venv/lib/python3.7/site-packages/airflow/example_dags/example_short_circuit_operator.py for tasks to queue
[2021-03-02 07:21:58,648] {logging_mixin.py:104} INFO - [2021-03-02 07:21:58,648] {dagbag.py:448} INFO - Filling up the DagBag from /media/thiagola92/LinuxHD/Documents/public/learning-apache-airflow/venv/lib/python3.7/site-packages/airflow/example_dags/example_short_circuit_operator.py
[2021-03-02 07:21:58,662] {scheduler_job.py:639} INFO - DAG(s) dict_keys(['example_short_circuit_operator']) retrieved from /media/thiagola92/LinuxHD/Documents/public/learning-apache-airflow/venv/lib/python3.7/site-packages/airflow/example_dags/example_short_circuit_operator.py
[2021-03-02 07:21:58,673] {logging_mixin.py:104} INFO - [2021-03-02 07:21:58,672] {dag.py:1818} INFO - Sync 1 DAGs
[2021-03-02 07:21:58,679] {logging_mixin.py:104} INFO - [2021-03-02 07:21:58,679] {dag.py:2273} INFO - Setting next_dagrun for example_short_circuit_operator to 2021-02-28 00:00:00+00:00
[2021-03-02 07:21:58,684] {scheduler_job.py:190} INFO - Processing /media/thiagola92/LinuxHD/Documents/public/learning-apache-airflow/venv/lib/python3.7/site-packages/airflow/example_dags/example_short_circuit_operator.py took 0.045 seconds
[2021-03-02 07:22:29,132] {scheduler_job.py:182} INFO - Started process (PID=32502) to work on /media/thiagola92/LinuxHD/Documents/public/learning-apache-airflow/venv/lib/python3.7/site-packages/airflow/example_dags/example_short_circuit_operator.py
[2021-03-02 07:22:29,134] {scheduler_job.py:629} INFO - Processing file /media/thiagola92/LinuxHD/Documents/public/learning-apache-airflow/venv/lib/python3.7/site-packages/airflow/example_dags/example_short_circuit_operator.py for tasks to queue
[2021-03-02 07:22:29,136] {logging_mixin.py:104} INFO - [2021-03-02 07:22:29,136] {dagbag.py:448} INFO - Filling up the DagBag from /media/thiagola92/LinuxHD/Documents/public/learning-apache-airflow/venv/lib/python3.7/site-packages/airflow/example_dags/example_short_circuit_operator.py
[2021-03-02 07:22:29,151] {scheduler_job.py:639} INFO - DAG(s) dict_keys(['example_short_circuit_operator']) retrieved from /media/thiagola92/LinuxHD/Documents/public/learning-apache-airflow/venv/lib/python3.7/site-packages/airflow/example_dags/example_short_circuit_operator.py
[2021-03-02 07:22:29,162] {logging_mixin.py:104} INFO - [2021-03-02 07:22:29,162] {dag.py:1818} INFO - Sync 1 DAGs
[2021-03-02 07:22:29,169] {logging_mixin.py:104} INFO - [2021-03-02 07:22:29,169] {dag.py:2273} INFO - Setting next_dagrun for example_short_circuit_operator to 2021-02-28 00:00:00+00:00
[2021-03-02 07:22:29,173] {scheduler_job.py:190} INFO - Processing /media/thiagola92/LinuxHD/Documents/public/learning-apache-airflow/venv/lib/python3.7/site-packages/airflow/example_dags/example_short_circuit_operator.py took 0.047 seconds
[2021-03-02 07:22:59,509] {scheduler_job.py:182} INFO - Started process (PID=32940) to work on /media/thiagola92/LinuxHD/Documents/public/learning-apache-airflow/venv/lib/python3.7/site-packages/airflow/example_dags/example_short_circuit_operator.py
[2021-03-02 07:22:59,512] {scheduler_job.py:629} INFO - Processing file /media/thiagola92/LinuxHD/Documents/public/learning-apache-airflow/venv/lib/python3.7/site-packages/airflow/example_dags/example_short_circuit_operator.py for tasks to queue
[2021-03-02 07:22:59,514] {logging_mixin.py:104} INFO - [2021-03-02 07:22:59,513] {dagbag.py:448} INFO - Filling up the DagBag from /media/thiagola92/LinuxHD/Documents/public/learning-apache-airflow/venv/lib/python3.7/site-packages/airflow/example_dags/example_short_circuit_operator.py
[2021-03-02 07:22:59,541] {scheduler_job.py:639} INFO - DAG(s) dict_keys(['example_short_circuit_operator']) retrieved from /media/thiagola92/LinuxHD/Documents/public/learning-apache-airflow/venv/lib/python3.7/site-packages/airflow/example_dags/example_short_circuit_operator.py
[2021-03-02 07:22:59,558] {logging_mixin.py:104} INFO - [2021-03-02 07:22:59,558] {dag.py:1818} INFO - Sync 1 DAGs
[2021-03-02 07:22:59,568] {logging_mixin.py:104} INFO - [2021-03-02 07:22:59,568] {dag.py:2273} INFO - Setting next_dagrun for example_short_circuit_operator to 2021-02-28 00:00:00+00:00
[2021-03-02 07:22:59,574] {scheduler_job.py:190} INFO - Processing /media/thiagola92/LinuxHD/Documents/public/learning-apache-airflow/venv/lib/python3.7/site-packages/airflow/example_dags/example_short_circuit_operator.py took 0.071 seconds
[2021-03-02 07:23:29,687] {scheduler_job.py:182} INFO - Started process (PID=33432) to work on /media/thiagola92/LinuxHD/Documents/public/learning-apache-airflow/venv/lib/python3.7/site-packages/airflow/example_dags/example_short_circuit_operator.py
[2021-03-02 07:23:29,689] {scheduler_job.py:629} INFO - Processing file /media/thiagola92/LinuxHD/Documents/public/learning-apache-airflow/venv/lib/python3.7/site-packages/airflow/example_dags/example_short_circuit_operator.py for tasks to queue
[2021-03-02 07:23:29,690] {logging_mixin.py:104} INFO - [2021-03-02 07:23:29,689] {dagbag.py:448} INFO - Filling up the DagBag from /media/thiagola92/LinuxHD/Documents/public/learning-apache-airflow/venv/lib/python3.7/site-packages/airflow/example_dags/example_short_circuit_operator.py
[2021-03-02 07:23:29,701] {scheduler_job.py:639} INFO - DAG(s) dict_keys(['example_short_circuit_operator']) retrieved from /media/thiagola92/LinuxHD/Documents/public/learning-apache-airflow/venv/lib/python3.7/site-packages/airflow/example_dags/example_short_circuit_operator.py
[2021-03-02 07:23:29,712] {logging_mixin.py:104} INFO - [2021-03-02 07:23:29,711] {dag.py:1818} INFO - Sync 1 DAGs
[2021-03-02 07:23:29,718] {logging_mixin.py:104} INFO - [2021-03-02 07:23:29,718] {dag.py:2273} INFO - Setting next_dagrun for example_short_circuit_operator to 2021-02-28 00:00:00+00:00
[2021-03-02 07:23:29,722] {scheduler_job.py:190} INFO - Processing /media/thiagola92/LinuxHD/Documents/public/learning-apache-airflow/venv/lib/python3.7/site-packages/airflow/example_dags/example_short_circuit_operator.py took 0.039 seconds
