[2021-03-02 07:12:02,339] {scheduler_job.py:182} INFO - Started process (PID=23891) to work on /media/thiagola92/LinuxHD/Documents/public/learning-apache-airflow/venv/lib/python3.7/site-packages/airflow/example_dags/example_trigger_controller_dag.py
[2021-03-02 07:12:02,340] {scheduler_job.py:629} INFO - Processing file /media/thiagola92/LinuxHD/Documents/public/learning-apache-airflow/venv/lib/python3.7/site-packages/airflow/example_dags/example_trigger_controller_dag.py for tasks to queue
[2021-03-02 07:12:02,341] {logging_mixin.py:104} INFO - [2021-03-02 07:12:02,340] {dagbag.py:448} INFO - Filling up the DagBag from /media/thiagola92/LinuxHD/Documents/public/learning-apache-airflow/venv/lib/python3.7/site-packages/airflow/example_dags/example_trigger_controller_dag.py
[2021-03-02 07:12:02,346] {scheduler_job.py:639} INFO - DAG(s) dict_keys(['example_trigger_controller_dag']) retrieved from /media/thiagola92/LinuxHD/Documents/public/learning-apache-airflow/venv/lib/python3.7/site-packages/airflow/example_dags/example_trigger_controller_dag.py
[2021-03-02 07:12:02,354] {logging_mixin.py:104} INFO - [2021-03-02 07:12:02,354] {dag.py:1818} INFO - Sync 1 DAGs
[2021-03-02 07:12:02,360] {logging_mixin.py:104} INFO - [2021-03-02 07:12:02,360] {dag.py:2273} INFO - Setting next_dagrun for example_trigger_controller_dag to 2021-02-28 00:00:00+00:00
[2021-03-02 07:12:02,364] {scheduler_job.py:190} INFO - Processing /media/thiagola92/LinuxHD/Documents/public/learning-apache-airflow/venv/lib/python3.7/site-packages/airflow/example_dags/example_trigger_controller_dag.py took 0.027 seconds
[2021-03-02 07:12:32,534] {scheduler_job.py:182} INFO - Started process (PID=24521) to work on /media/thiagola92/LinuxHD/Documents/public/learning-apache-airflow/venv/lib/python3.7/site-packages/airflow/example_dags/example_trigger_controller_dag.py
[2021-03-02 07:12:32,537] {scheduler_job.py:629} INFO - Processing file /media/thiagola92/LinuxHD/Documents/public/learning-apache-airflow/venv/lib/python3.7/site-packages/airflow/example_dags/example_trigger_controller_dag.py for tasks to queue
[2021-03-02 07:12:32,538] {logging_mixin.py:104} INFO - [2021-03-02 07:12:32,538] {dagbag.py:448} INFO - Filling up the DagBag from /media/thiagola92/LinuxHD/Documents/public/learning-apache-airflow/venv/lib/python3.7/site-packages/airflow/example_dags/example_trigger_controller_dag.py
[2021-03-02 07:12:32,556] {scheduler_job.py:639} INFO - DAG(s) dict_keys(['example_trigger_controller_dag']) retrieved from /media/thiagola92/LinuxHD/Documents/public/learning-apache-airflow/venv/lib/python3.7/site-packages/airflow/example_dags/example_trigger_controller_dag.py
[2021-03-02 07:12:32,568] {logging_mixin.py:104} INFO - [2021-03-02 07:12:32,568] {dag.py:1818} INFO - Sync 1 DAGs
[2021-03-02 07:12:32,576] {logging_mixin.py:104} INFO - [2021-03-02 07:12:32,576] {dag.py:2273} INFO - Setting next_dagrun for example_trigger_controller_dag to 2021-02-28 00:00:00+00:00
[2021-03-02 07:12:32,580] {scheduler_job.py:190} INFO - Processing /media/thiagola92/LinuxHD/Documents/public/learning-apache-airflow/venv/lib/python3.7/site-packages/airflow/example_dags/example_trigger_controller_dag.py took 0.052 seconds
[2021-03-02 07:13:02,721] {scheduler_job.py:182} INFO - Started process (PID=25001) to work on /media/thiagola92/LinuxHD/Documents/public/learning-apache-airflow/venv/lib/python3.7/site-packages/airflow/example_dags/example_trigger_controller_dag.py
[2021-03-02 07:13:02,724] {scheduler_job.py:629} INFO - Processing file /media/thiagola92/LinuxHD/Documents/public/learning-apache-airflow/venv/lib/python3.7/site-packages/airflow/example_dags/example_trigger_controller_dag.py for tasks to queue
[2021-03-02 07:13:02,725] {logging_mixin.py:104} INFO - [2021-03-02 07:13:02,725] {dagbag.py:448} INFO - Filling up the DagBag from /media/thiagola92/LinuxHD/Documents/public/learning-apache-airflow/venv/lib/python3.7/site-packages/airflow/example_dags/example_trigger_controller_dag.py
[2021-03-02 07:13:02,743] {scheduler_job.py:639} INFO - DAG(s) dict_keys(['example_trigger_controller_dag']) retrieved from /media/thiagola92/LinuxHD/Documents/public/learning-apache-airflow/venv/lib/python3.7/site-packages/airflow/example_dags/example_trigger_controller_dag.py
[2021-03-02 07:13:02,756] {logging_mixin.py:104} INFO - [2021-03-02 07:13:02,756] {dag.py:1818} INFO - Sync 1 DAGs
[2021-03-02 07:13:02,764] {logging_mixin.py:104} INFO - [2021-03-02 07:13:02,764] {dag.py:2273} INFO - Setting next_dagrun for example_trigger_controller_dag to 2021-02-28 00:00:00+00:00
[2021-03-02 07:13:02,769] {scheduler_job.py:190} INFO - Processing /media/thiagola92/LinuxHD/Documents/public/learning-apache-airflow/venv/lib/python3.7/site-packages/airflow/example_dags/example_trigger_controller_dag.py took 0.054 seconds
[2021-03-02 07:13:34,053] {scheduler_job.py:182} INFO - Started process (PID=25458) to work on /media/thiagola92/LinuxHD/Documents/public/learning-apache-airflow/venv/lib/python3.7/site-packages/airflow/example_dags/example_trigger_controller_dag.py
[2021-03-02 07:13:34,055] {scheduler_job.py:629} INFO - Processing file /media/thiagola92/LinuxHD/Documents/public/learning-apache-airflow/venv/lib/python3.7/site-packages/airflow/example_dags/example_trigger_controller_dag.py for tasks to queue
[2021-03-02 07:13:34,055] {logging_mixin.py:104} INFO - [2021-03-02 07:13:34,055] {dagbag.py:448} INFO - Filling up the DagBag from /media/thiagola92/LinuxHD/Documents/public/learning-apache-airflow/venv/lib/python3.7/site-packages/airflow/example_dags/example_trigger_controller_dag.py
[2021-03-02 07:13:34,064] {scheduler_job.py:639} INFO - DAG(s) dict_keys(['example_trigger_controller_dag']) retrieved from /media/thiagola92/LinuxHD/Documents/public/learning-apache-airflow/venv/lib/python3.7/site-packages/airflow/example_dags/example_trigger_controller_dag.py
[2021-03-02 07:13:34,074] {logging_mixin.py:104} INFO - [2021-03-02 07:13:34,074] {dag.py:1818} INFO - Sync 1 DAGs
[2021-03-02 07:13:34,081] {logging_mixin.py:104} INFO - [2021-03-02 07:13:34,081] {dag.py:2273} INFO - Setting next_dagrun for example_trigger_controller_dag to 2021-02-28 00:00:00+00:00
[2021-03-02 07:13:34,085] {scheduler_job.py:190} INFO - Processing /media/thiagola92/LinuxHD/Documents/public/learning-apache-airflow/venv/lib/python3.7/site-packages/airflow/example_dags/example_trigger_controller_dag.py took 0.035 seconds
[2021-03-02 07:14:25,536] {scheduler_job.py:182} INFO - Started process (PID=26141) to work on /media/thiagola92/LinuxHD/Documents/public/learning-apache-airflow/venv/lib/python3.7/site-packages/airflow/example_dags/example_trigger_controller_dag.py
[2021-03-02 07:14:25,536] {scheduler_job.py:629} INFO - Processing file /media/thiagola92/LinuxHD/Documents/public/learning-apache-airflow/venv/lib/python3.7/site-packages/airflow/example_dags/example_trigger_controller_dag.py for tasks to queue
[2021-03-02 07:14:25,537] {logging_mixin.py:104} INFO - [2021-03-02 07:14:25,537] {dagbag.py:448} INFO - Filling up the DagBag from /media/thiagola92/LinuxHD/Documents/public/learning-apache-airflow/venv/lib/python3.7/site-packages/airflow/example_dags/example_trigger_controller_dag.py
[2021-03-02 07:14:25,544] {scheduler_job.py:639} INFO - DAG(s) dict_keys(['example_trigger_controller_dag']) retrieved from /media/thiagola92/LinuxHD/Documents/public/learning-apache-airflow/venv/lib/python3.7/site-packages/airflow/example_dags/example_trigger_controller_dag.py
[2021-03-02 07:14:25,553] {logging_mixin.py:104} INFO - [2021-03-02 07:14:25,553] {dag.py:1818} INFO - Sync 1 DAGs
[2021-03-02 07:14:25,560] {logging_mixin.py:104} INFO - [2021-03-02 07:14:25,560] {dag.py:2273} INFO - Setting next_dagrun for example_trigger_controller_dag to 2021-02-28 00:00:00+00:00
[2021-03-02 07:14:25,564] {scheduler_job.py:190} INFO - Processing /media/thiagola92/LinuxHD/Documents/public/learning-apache-airflow/venv/lib/python3.7/site-packages/airflow/example_dags/example_trigger_controller_dag.py took 0.030 seconds
[2021-03-02 07:14:55,710] {scheduler_job.py:182} INFO - Started process (PID=26543) to work on /media/thiagola92/LinuxHD/Documents/public/learning-apache-airflow/venv/lib/python3.7/site-packages/airflow/example_dags/example_trigger_controller_dag.py
[2021-03-02 07:14:55,712] {scheduler_job.py:629} INFO - Processing file /media/thiagola92/LinuxHD/Documents/public/learning-apache-airflow/venv/lib/python3.7/site-packages/airflow/example_dags/example_trigger_controller_dag.py for tasks to queue
[2021-03-02 07:14:55,713] {logging_mixin.py:104} INFO - [2021-03-02 07:14:55,713] {dagbag.py:448} INFO - Filling up the DagBag from /media/thiagola92/LinuxHD/Documents/public/learning-apache-airflow/venv/lib/python3.7/site-packages/airflow/example_dags/example_trigger_controller_dag.py
[2021-03-02 07:14:55,732] {scheduler_job.py:639} INFO - DAG(s) dict_keys(['example_trigger_controller_dag']) retrieved from /media/thiagola92/LinuxHD/Documents/public/learning-apache-airflow/venv/lib/python3.7/site-packages/airflow/example_dags/example_trigger_controller_dag.py
[2021-03-02 07:14:55,745] {logging_mixin.py:104} INFO - [2021-03-02 07:14:55,745] {dag.py:1818} INFO - Sync 1 DAGs
[2021-03-02 07:14:55,752] {logging_mixin.py:104} INFO - [2021-03-02 07:14:55,752] {dag.py:2273} INFO - Setting next_dagrun for example_trigger_controller_dag to 2021-02-28 00:00:00+00:00
[2021-03-02 07:14:55,757] {scheduler_job.py:190} INFO - Processing /media/thiagola92/LinuxHD/Documents/public/learning-apache-airflow/venv/lib/python3.7/site-packages/airflow/example_dags/example_trigger_controller_dag.py took 0.054 seconds
[2021-03-02 07:15:26,580] {scheduler_job.py:182} INFO - Started process (PID=26950) to work on /media/thiagola92/LinuxHD/Documents/public/learning-apache-airflow/venv/lib/python3.7/site-packages/airflow/example_dags/example_trigger_controller_dag.py
[2021-03-02 07:15:26,581] {scheduler_job.py:629} INFO - Processing file /media/thiagola92/LinuxHD/Documents/public/learning-apache-airflow/venv/lib/python3.7/site-packages/airflow/example_dags/example_trigger_controller_dag.py for tasks to queue
[2021-03-02 07:15:26,581] {logging_mixin.py:104} INFO - [2021-03-02 07:15:26,581] {dagbag.py:448} INFO - Filling up the DagBag from /media/thiagola92/LinuxHD/Documents/public/learning-apache-airflow/venv/lib/python3.7/site-packages/airflow/example_dags/example_trigger_controller_dag.py
[2021-03-02 07:15:26,588] {scheduler_job.py:639} INFO - DAG(s) dict_keys(['example_trigger_controller_dag']) retrieved from /media/thiagola92/LinuxHD/Documents/public/learning-apache-airflow/venv/lib/python3.7/site-packages/airflow/example_dags/example_trigger_controller_dag.py
[2021-03-02 07:15:26,596] {logging_mixin.py:104} INFO - [2021-03-02 07:15:26,596] {dag.py:1818} INFO - Sync 1 DAGs
[2021-03-02 07:15:26,602] {logging_mixin.py:104} INFO - [2021-03-02 07:15:26,602] {dag.py:2273} INFO - Setting next_dagrun for example_trigger_controller_dag to 2021-02-28 00:00:00+00:00
[2021-03-02 07:15:26,606] {scheduler_job.py:190} INFO - Processing /media/thiagola92/LinuxHD/Documents/public/learning-apache-airflow/venv/lib/python3.7/site-packages/airflow/example_dags/example_trigger_controller_dag.py took 0.029 seconds
[2021-03-02 07:15:57,482] {scheduler_job.py:182} INFO - Started process (PID=27405) to work on /media/thiagola92/LinuxHD/Documents/public/learning-apache-airflow/venv/lib/python3.7/site-packages/airflow/example_dags/example_trigger_controller_dag.py
[2021-03-02 07:15:57,483] {scheduler_job.py:629} INFO - Processing file /media/thiagola92/LinuxHD/Documents/public/learning-apache-airflow/venv/lib/python3.7/site-packages/airflow/example_dags/example_trigger_controller_dag.py for tasks to queue
[2021-03-02 07:15:57,483] {logging_mixin.py:104} INFO - [2021-03-02 07:15:57,483] {dagbag.py:448} INFO - Filling up the DagBag from /media/thiagola92/LinuxHD/Documents/public/learning-apache-airflow/venv/lib/python3.7/site-packages/airflow/example_dags/example_trigger_controller_dag.py
[2021-03-02 07:15:57,488] {scheduler_job.py:639} INFO - DAG(s) dict_keys(['example_trigger_controller_dag']) retrieved from /media/thiagola92/LinuxHD/Documents/public/learning-apache-airflow/venv/lib/python3.7/site-packages/airflow/example_dags/example_trigger_controller_dag.py
[2021-03-02 07:15:57,496] {logging_mixin.py:104} INFO - [2021-03-02 07:15:57,496] {dag.py:1818} INFO - Sync 1 DAGs
[2021-03-02 07:15:57,502] {logging_mixin.py:104} INFO - [2021-03-02 07:15:57,501] {dag.py:2273} INFO - Setting next_dagrun for example_trigger_controller_dag to 2021-02-28 00:00:00+00:00
[2021-03-02 07:15:57,506] {scheduler_job.py:190} INFO - Processing /media/thiagola92/LinuxHD/Documents/public/learning-apache-airflow/venv/lib/python3.7/site-packages/airflow/example_dags/example_trigger_controller_dag.py took 0.025 seconds
[2021-03-02 07:16:27,753] {scheduler_job.py:182} INFO - Started process (PID=27782) to work on /media/thiagola92/LinuxHD/Documents/public/learning-apache-airflow/venv/lib/python3.7/site-packages/airflow/example_dags/example_trigger_controller_dag.py
[2021-03-02 07:16:27,754] {scheduler_job.py:629} INFO - Processing file /media/thiagola92/LinuxHD/Documents/public/learning-apache-airflow/venv/lib/python3.7/site-packages/airflow/example_dags/example_trigger_controller_dag.py for tasks to queue
[2021-03-02 07:16:27,754] {logging_mixin.py:104} INFO - [2021-03-02 07:16:27,754] {dagbag.py:448} INFO - Filling up the DagBag from /media/thiagola92/LinuxHD/Documents/public/learning-apache-airflow/venv/lib/python3.7/site-packages/airflow/example_dags/example_trigger_controller_dag.py
[2021-03-02 07:16:27,759] {scheduler_job.py:639} INFO - DAG(s) dict_keys(['example_trigger_controller_dag']) retrieved from /media/thiagola92/LinuxHD/Documents/public/learning-apache-airflow/venv/lib/python3.7/site-packages/airflow/example_dags/example_trigger_controller_dag.py
[2021-03-02 07:16:27,766] {logging_mixin.py:104} INFO - [2021-03-02 07:16:27,766] {dag.py:1818} INFO - Sync 1 DAGs
[2021-03-02 07:16:27,772] {logging_mixin.py:104} INFO - [2021-03-02 07:16:27,772] {dag.py:2273} INFO - Setting next_dagrun for example_trigger_controller_dag to 2021-02-28 00:00:00+00:00
[2021-03-02 07:16:27,776] {scheduler_job.py:190} INFO - Processing /media/thiagola92/LinuxHD/Documents/public/learning-apache-airflow/venv/lib/python3.7/site-packages/airflow/example_dags/example_trigger_controller_dag.py took 0.024 seconds
[2021-03-02 07:16:58,041] {scheduler_job.py:182} INFO - Started process (PID=28185) to work on /media/thiagola92/LinuxHD/Documents/public/learning-apache-airflow/venv/lib/python3.7/site-packages/airflow/example_dags/example_trigger_controller_dag.py
[2021-03-02 07:16:58,041] {scheduler_job.py:629} INFO - Processing file /media/thiagola92/LinuxHD/Documents/public/learning-apache-airflow/venv/lib/python3.7/site-packages/airflow/example_dags/example_trigger_controller_dag.py for tasks to queue
[2021-03-02 07:16:58,041] {logging_mixin.py:104} INFO - [2021-03-02 07:16:58,041] {dagbag.py:448} INFO - Filling up the DagBag from /media/thiagola92/LinuxHD/Documents/public/learning-apache-airflow/venv/lib/python3.7/site-packages/airflow/example_dags/example_trigger_controller_dag.py
[2021-03-02 07:16:58,047] {scheduler_job.py:639} INFO - DAG(s) dict_keys(['example_trigger_controller_dag']) retrieved from /media/thiagola92/LinuxHD/Documents/public/learning-apache-airflow/venv/lib/python3.7/site-packages/airflow/example_dags/example_trigger_controller_dag.py
[2021-03-02 07:16:58,054] {logging_mixin.py:104} INFO - [2021-03-02 07:16:58,054] {dag.py:1818} INFO - Sync 1 DAGs
[2021-03-02 07:16:58,061] {logging_mixin.py:104} INFO - [2021-03-02 07:16:58,060] {dag.py:2273} INFO - Setting next_dagrun for example_trigger_controller_dag to 2021-02-28 00:00:00+00:00
[2021-03-02 07:16:58,064] {scheduler_job.py:190} INFO - Processing /media/thiagola92/LinuxHD/Documents/public/learning-apache-airflow/venv/lib/python3.7/site-packages/airflow/example_dags/example_trigger_controller_dag.py took 0.025 seconds
[2021-03-02 07:17:28,622] {scheduler_job.py:182} INFO - Started process (PID=28620) to work on /media/thiagola92/LinuxHD/Documents/public/learning-apache-airflow/venv/lib/python3.7/site-packages/airflow/example_dags/example_trigger_controller_dag.py
[2021-03-02 07:17:28,624] {scheduler_job.py:629} INFO - Processing file /media/thiagola92/LinuxHD/Documents/public/learning-apache-airflow/venv/lib/python3.7/site-packages/airflow/example_dags/example_trigger_controller_dag.py for tasks to queue
[2021-03-02 07:17:28,624] {logging_mixin.py:104} INFO - [2021-03-02 07:17:28,624] {dagbag.py:448} INFO - Filling up the DagBag from /media/thiagola92/LinuxHD/Documents/public/learning-apache-airflow/venv/lib/python3.7/site-packages/airflow/example_dags/example_trigger_controller_dag.py
[2021-03-02 07:17:28,630] {scheduler_job.py:639} INFO - DAG(s) dict_keys(['example_trigger_controller_dag']) retrieved from /media/thiagola92/LinuxHD/Documents/public/learning-apache-airflow/venv/lib/python3.7/site-packages/airflow/example_dags/example_trigger_controller_dag.py
[2021-03-02 07:17:28,673] {logging_mixin.py:104} INFO - [2021-03-02 07:17:28,673] {dag.py:1818} INFO - Sync 1 DAGs
[2021-03-02 07:17:28,683] {logging_mixin.py:104} INFO - [2021-03-02 07:17:28,683] {dag.py:2273} INFO - Setting next_dagrun for example_trigger_controller_dag to 2021-02-28 00:00:00+00:00
[2021-03-02 07:17:28,706] {scheduler_job.py:190} INFO - Processing /media/thiagola92/LinuxHD/Documents/public/learning-apache-airflow/venv/lib/python3.7/site-packages/airflow/example_dags/example_trigger_controller_dag.py took 0.088 seconds
[2021-03-02 07:18:04,565] {scheduler_job.py:182} INFO - Started process (PID=29113) to work on /media/thiagola92/LinuxHD/Documents/public/learning-apache-airflow/venv/lib/python3.7/site-packages/airflow/example_dags/example_trigger_controller_dag.py
[2021-03-02 07:18:04,570] {scheduler_job.py:629} INFO - Processing file /media/thiagola92/LinuxHD/Documents/public/learning-apache-airflow/venv/lib/python3.7/site-packages/airflow/example_dags/example_trigger_controller_dag.py for tasks to queue
[2021-03-02 07:18:04,575] {logging_mixin.py:104} INFO - [2021-03-02 07:18:04,574] {dagbag.py:448} INFO - Filling up the DagBag from /media/thiagola92/LinuxHD/Documents/public/learning-apache-airflow/venv/lib/python3.7/site-packages/airflow/example_dags/example_trigger_controller_dag.py
[2021-03-02 07:18:04,586] {scheduler_job.py:639} INFO - DAG(s) dict_keys(['example_trigger_controller_dag']) retrieved from /media/thiagola92/LinuxHD/Documents/public/learning-apache-airflow/venv/lib/python3.7/site-packages/airflow/example_dags/example_trigger_controller_dag.py
[2021-03-02 07:18:04,596] {logging_mixin.py:104} INFO - [2021-03-02 07:18:04,595] {dag.py:1818} INFO - Sync 1 DAGs
[2021-03-02 07:18:04,602] {logging_mixin.py:104} INFO - [2021-03-02 07:18:04,602] {dag.py:2273} INFO - Setting next_dagrun for example_trigger_controller_dag to 2021-02-28 00:00:00+00:00
[2021-03-02 07:18:04,607] {scheduler_job.py:190} INFO - Processing /media/thiagola92/LinuxHD/Documents/public/learning-apache-airflow/venv/lib/python3.7/site-packages/airflow/example_dags/example_trigger_controller_dag.py took 0.046 seconds
[2021-03-02 07:21:53,319] {scheduler_job.py:182} INFO - Started process (PID=32035) to work on /media/thiagola92/LinuxHD/Documents/public/learning-apache-airflow/venv/lib/python3.7/site-packages/airflow/example_dags/example_trigger_controller_dag.py
[2021-03-02 07:21:53,321] {scheduler_job.py:629} INFO - Processing file /media/thiagola92/LinuxHD/Documents/public/learning-apache-airflow/venv/lib/python3.7/site-packages/airflow/example_dags/example_trigger_controller_dag.py for tasks to queue
[2021-03-02 07:21:53,322] {logging_mixin.py:104} INFO - [2021-03-02 07:21:53,322] {dagbag.py:448} INFO - Filling up the DagBag from /media/thiagola92/LinuxHD/Documents/public/learning-apache-airflow/venv/lib/python3.7/site-packages/airflow/example_dags/example_trigger_controller_dag.py
[2021-03-02 07:21:53,339] {scheduler_job.py:639} INFO - DAG(s) dict_keys(['example_trigger_controller_dag']) retrieved from /media/thiagola92/LinuxHD/Documents/public/learning-apache-airflow/venv/lib/python3.7/site-packages/airflow/example_dags/example_trigger_controller_dag.py
[2021-03-02 07:21:53,362] {logging_mixin.py:104} INFO - [2021-03-02 07:21:53,362] {dag.py:1818} INFO - Sync 1 DAGs
[2021-03-02 07:21:53,382] {logging_mixin.py:104} INFO - [2021-03-02 07:21:53,382] {dag.py:2273} INFO - Setting next_dagrun for example_trigger_controller_dag to 2021-02-28 00:00:00+00:00
[2021-03-02 07:21:53,390] {scheduler_job.py:190} INFO - Processing /media/thiagola92/LinuxHD/Documents/public/learning-apache-airflow/venv/lib/python3.7/site-packages/airflow/example_dags/example_trigger_controller_dag.py took 0.077 seconds
[2021-03-02 07:22:23,999] {scheduler_job.py:182} INFO - Started process (PID=32434) to work on /media/thiagola92/LinuxHD/Documents/public/learning-apache-airflow/venv/lib/python3.7/site-packages/airflow/example_dags/example_trigger_controller_dag.py
[2021-03-02 07:22:24,002] {scheduler_job.py:629} INFO - Processing file /media/thiagola92/LinuxHD/Documents/public/learning-apache-airflow/venv/lib/python3.7/site-packages/airflow/example_dags/example_trigger_controller_dag.py for tasks to queue
[2021-03-02 07:22:24,004] {logging_mixin.py:104} INFO - [2021-03-02 07:22:24,004] {dagbag.py:448} INFO - Filling up the DagBag from /media/thiagola92/LinuxHD/Documents/public/learning-apache-airflow/venv/lib/python3.7/site-packages/airflow/example_dags/example_trigger_controller_dag.py
[2021-03-02 07:22:24,017] {scheduler_job.py:639} INFO - DAG(s) dict_keys(['example_trigger_controller_dag']) retrieved from /media/thiagola92/LinuxHD/Documents/public/learning-apache-airflow/venv/lib/python3.7/site-packages/airflow/example_dags/example_trigger_controller_dag.py
[2021-03-02 07:22:24,028] {logging_mixin.py:104} INFO - [2021-03-02 07:22:24,028] {dag.py:1818} INFO - Sync 1 DAGs
[2021-03-02 07:22:24,036] {logging_mixin.py:104} INFO - [2021-03-02 07:22:24,036] {dag.py:2273} INFO - Setting next_dagrun for example_trigger_controller_dag to 2021-02-28 00:00:00+00:00
[2021-03-02 07:22:24,041] {scheduler_job.py:190} INFO - Processing /media/thiagola92/LinuxHD/Documents/public/learning-apache-airflow/venv/lib/python3.7/site-packages/airflow/example_dags/example_trigger_controller_dag.py took 0.049 seconds
[2021-03-02 07:22:54,272] {scheduler_job.py:182} INFO - Started process (PID=32862) to work on /media/thiagola92/LinuxHD/Documents/public/learning-apache-airflow/venv/lib/python3.7/site-packages/airflow/example_dags/example_trigger_controller_dag.py
[2021-03-02 07:22:54,274] {scheduler_job.py:629} INFO - Processing file /media/thiagola92/LinuxHD/Documents/public/learning-apache-airflow/venv/lib/python3.7/site-packages/airflow/example_dags/example_trigger_controller_dag.py for tasks to queue
[2021-03-02 07:22:54,276] {logging_mixin.py:104} INFO - [2021-03-02 07:22:54,276] {dagbag.py:448} INFO - Filling up the DagBag from /media/thiagola92/LinuxHD/Documents/public/learning-apache-airflow/venv/lib/python3.7/site-packages/airflow/example_dags/example_trigger_controller_dag.py
[2021-03-02 07:22:54,290] {scheduler_job.py:639} INFO - DAG(s) dict_keys(['example_trigger_controller_dag']) retrieved from /media/thiagola92/LinuxHD/Documents/public/learning-apache-airflow/venv/lib/python3.7/site-packages/airflow/example_dags/example_trigger_controller_dag.py
[2021-03-02 07:22:54,300] {logging_mixin.py:104} INFO - [2021-03-02 07:22:54,300] {dag.py:1818} INFO - Sync 1 DAGs
[2021-03-02 07:22:54,307] {logging_mixin.py:104} INFO - [2021-03-02 07:22:54,307] {dag.py:2273} INFO - Setting next_dagrun for example_trigger_controller_dag to 2021-02-28 00:00:00+00:00
[2021-03-02 07:22:54,311] {scheduler_job.py:190} INFO - Processing /media/thiagola92/LinuxHD/Documents/public/learning-apache-airflow/venv/lib/python3.7/site-packages/airflow/example_dags/example_trigger_controller_dag.py took 0.046 seconds
[2021-03-02 07:23:24,417] {scheduler_job.py:182} INFO - Started process (PID=33353) to work on /media/thiagola92/LinuxHD/Documents/public/learning-apache-airflow/venv/lib/python3.7/site-packages/airflow/example_dags/example_trigger_controller_dag.py
[2021-03-02 07:23:24,417] {scheduler_job.py:629} INFO - Processing file /media/thiagola92/LinuxHD/Documents/public/learning-apache-airflow/venv/lib/python3.7/site-packages/airflow/example_dags/example_trigger_controller_dag.py for tasks to queue
[2021-03-02 07:23:24,418] {logging_mixin.py:104} INFO - [2021-03-02 07:23:24,418] {dagbag.py:448} INFO - Filling up the DagBag from /media/thiagola92/LinuxHD/Documents/public/learning-apache-airflow/venv/lib/python3.7/site-packages/airflow/example_dags/example_trigger_controller_dag.py
[2021-03-02 07:23:24,423] {scheduler_job.py:639} INFO - DAG(s) dict_keys(['example_trigger_controller_dag']) retrieved from /media/thiagola92/LinuxHD/Documents/public/learning-apache-airflow/venv/lib/python3.7/site-packages/airflow/example_dags/example_trigger_controller_dag.py
[2021-03-02 07:23:24,430] {logging_mixin.py:104} INFO - [2021-03-02 07:23:24,430] {dag.py:1818} INFO - Sync 1 DAGs
[2021-03-02 07:23:24,435] {logging_mixin.py:104} INFO - [2021-03-02 07:23:24,435] {dag.py:2273} INFO - Setting next_dagrun for example_trigger_controller_dag to 2021-02-28 00:00:00+00:00
[2021-03-02 07:23:24,439] {scheduler_job.py:190} INFO - Processing /media/thiagola92/LinuxHD/Documents/public/learning-apache-airflow/venv/lib/python3.7/site-packages/airflow/example_dags/example_trigger_controller_dag.py took 0.024 seconds
