[2021-03-02 07:11:48,595] {scheduler_job.py:182} INFO - Started process (PID=23702) to work on /media/thiagola92/LinuxHD/Documents/public/learning-apache-airflow/venv/lib/python3.7/site-packages/airflow/example_dags/example_branch_python_dop_operator_3.py
[2021-03-02 07:11:48,597] {scheduler_job.py:629} INFO - Processing file /media/thiagola92/LinuxHD/Documents/public/learning-apache-airflow/venv/lib/python3.7/site-packages/airflow/example_dags/example_branch_python_dop_operator_3.py for tasks to queue
[2021-03-02 07:11:48,599] {logging_mixin.py:104} INFO - [2021-03-02 07:11:48,598] {dagbag.py:448} INFO - Filling up the DagBag from /media/thiagola92/LinuxHD/Documents/public/learning-apache-airflow/venv/lib/python3.7/site-packages/airflow/example_dags/example_branch_python_dop_operator_3.py
[2021-03-02 07:11:48,620] {scheduler_job.py:639} INFO - DAG(s) dict_keys(['example_branch_dop_operator_v3']) retrieved from /media/thiagola92/LinuxHD/Documents/public/learning-apache-airflow/venv/lib/python3.7/site-packages/airflow/example_dags/example_branch_python_dop_operator_3.py
[2021-03-02 07:11:48,630] {logging_mixin.py:104} INFO - [2021-03-02 07:11:48,630] {dag.py:1818} INFO - Sync 1 DAGs
[2021-03-02 07:11:48,646] {logging_mixin.py:104} INFO - [2021-03-02 07:11:48,646] {dag.py:2273} INFO - Setting next_dagrun for example_branch_dop_operator_v3 to 2021-02-28 00:00:00+00:00
[2021-03-02 07:11:48,650] {scheduler_job.py:190} INFO - Processing /media/thiagola92/LinuxHD/Documents/public/learning-apache-airflow/venv/lib/python3.7/site-packages/airflow/example_dags/example_branch_python_dop_operator_3.py took 0.062 seconds
[2021-03-02 07:12:18,807] {scheduler_job.py:182} INFO - Started process (PID=24139) to work on /media/thiagola92/LinuxHD/Documents/public/learning-apache-airflow/venv/lib/python3.7/site-packages/airflow/example_dags/example_branch_python_dop_operator_3.py
[2021-03-02 07:12:18,809] {scheduler_job.py:629} INFO - Processing file /media/thiagola92/LinuxHD/Documents/public/learning-apache-airflow/venv/lib/python3.7/site-packages/airflow/example_dags/example_branch_python_dop_operator_3.py for tasks to queue
[2021-03-02 07:12:18,810] {logging_mixin.py:104} INFO - [2021-03-02 07:12:18,809] {dagbag.py:448} INFO - Filling up the DagBag from /media/thiagola92/LinuxHD/Documents/public/learning-apache-airflow/venv/lib/python3.7/site-packages/airflow/example_dags/example_branch_python_dop_operator_3.py
[2021-03-02 07:12:18,825] {scheduler_job.py:639} INFO - DAG(s) dict_keys(['example_branch_dop_operator_v3']) retrieved from /media/thiagola92/LinuxHD/Documents/public/learning-apache-airflow/venv/lib/python3.7/site-packages/airflow/example_dags/example_branch_python_dop_operator_3.py
[2021-03-02 07:12:18,835] {logging_mixin.py:104} INFO - [2021-03-02 07:12:18,835] {dag.py:1818} INFO - Sync 1 DAGs
[2021-03-02 07:12:18,851] {logging_mixin.py:104} INFO - [2021-03-02 07:12:18,851] {dag.py:2273} INFO - Setting next_dagrun for example_branch_dop_operator_v3 to 2021-02-28 00:00:00+00:00
[2021-03-02 07:12:18,855] {scheduler_job.py:190} INFO - Processing /media/thiagola92/LinuxHD/Documents/public/learning-apache-airflow/venv/lib/python3.7/site-packages/airflow/example_dags/example_branch_python_dop_operator_3.py took 0.051 seconds
[2021-03-02 07:12:49,898] {scheduler_job.py:182} INFO - Started process (PID=24821) to work on /media/thiagola92/LinuxHD/Documents/public/learning-apache-airflow/venv/lib/python3.7/site-packages/airflow/example_dags/example_branch_python_dop_operator_3.py
[2021-03-02 07:12:49,901] {scheduler_job.py:629} INFO - Processing file /media/thiagola92/LinuxHD/Documents/public/learning-apache-airflow/venv/lib/python3.7/site-packages/airflow/example_dags/example_branch_python_dop_operator_3.py for tasks to queue
[2021-03-02 07:12:49,903] {logging_mixin.py:104} INFO - [2021-03-02 07:12:49,902] {dagbag.py:448} INFO - Filling up the DagBag from /media/thiagola92/LinuxHD/Documents/public/learning-apache-airflow/venv/lib/python3.7/site-packages/airflow/example_dags/example_branch_python_dop_operator_3.py
[2021-03-02 07:12:49,936] {scheduler_job.py:639} INFO - DAG(s) dict_keys(['example_branch_dop_operator_v3']) retrieved from /media/thiagola92/LinuxHD/Documents/public/learning-apache-airflow/venv/lib/python3.7/site-packages/airflow/example_dags/example_branch_python_dop_operator_3.py
[2021-03-02 07:12:49,966] {logging_mixin.py:104} INFO - [2021-03-02 07:12:49,966] {dag.py:1818} INFO - Sync 1 DAGs
[2021-03-02 07:12:50,019] {logging_mixin.py:104} INFO - [2021-03-02 07:12:50,019] {dag.py:2273} INFO - Setting next_dagrun for example_branch_dop_operator_v3 to 2021-02-28 00:00:00+00:00
[2021-03-02 07:12:50,026] {scheduler_job.py:190} INFO - Processing /media/thiagola92/LinuxHD/Documents/public/learning-apache-airflow/venv/lib/python3.7/site-packages/airflow/example_dags/example_branch_python_dop_operator_3.py took 0.133 seconds
[2021-03-02 07:13:21,074] {scheduler_job.py:182} INFO - Started process (PID=25286) to work on /media/thiagola92/LinuxHD/Documents/public/learning-apache-airflow/venv/lib/python3.7/site-packages/airflow/example_dags/example_branch_python_dop_operator_3.py
[2021-03-02 07:13:21,075] {scheduler_job.py:629} INFO - Processing file /media/thiagola92/LinuxHD/Documents/public/learning-apache-airflow/venv/lib/python3.7/site-packages/airflow/example_dags/example_branch_python_dop_operator_3.py for tasks to queue
[2021-03-02 07:13:21,076] {logging_mixin.py:104} INFO - [2021-03-02 07:13:21,075] {dagbag.py:448} INFO - Filling up the DagBag from /media/thiagola92/LinuxHD/Documents/public/learning-apache-airflow/venv/lib/python3.7/site-packages/airflow/example_dags/example_branch_python_dop_operator_3.py
[2021-03-02 07:13:21,090] {scheduler_job.py:639} INFO - DAG(s) dict_keys(['example_branch_dop_operator_v3']) retrieved from /media/thiagola92/LinuxHD/Documents/public/learning-apache-airflow/venv/lib/python3.7/site-packages/airflow/example_dags/example_branch_python_dop_operator_3.py
[2021-03-02 07:13:21,100] {logging_mixin.py:104} INFO - [2021-03-02 07:13:21,100] {dag.py:1818} INFO - Sync 1 DAGs
[2021-03-02 07:13:21,116] {logging_mixin.py:104} INFO - [2021-03-02 07:13:21,116] {dag.py:2273} INFO - Setting next_dagrun for example_branch_dop_operator_v3 to 2021-02-28 00:00:00+00:00
[2021-03-02 07:13:21,120] {scheduler_job.py:190} INFO - Processing /media/thiagola92/LinuxHD/Documents/public/learning-apache-airflow/venv/lib/python3.7/site-packages/airflow/example_dags/example_branch_python_dop_operator_3.py took 0.050 seconds
[2021-03-02 07:14:08,058] {scheduler_job.py:182} INFO - Started process (PID=25919) to work on /media/thiagola92/LinuxHD/Documents/public/learning-apache-airflow/venv/lib/python3.7/site-packages/airflow/example_dags/example_branch_python_dop_operator_3.py
[2021-03-02 07:14:08,059] {scheduler_job.py:629} INFO - Processing file /media/thiagola92/LinuxHD/Documents/public/learning-apache-airflow/venv/lib/python3.7/site-packages/airflow/example_dags/example_branch_python_dop_operator_3.py for tasks to queue
[2021-03-02 07:14:08,060] {logging_mixin.py:104} INFO - [2021-03-02 07:14:08,059] {dagbag.py:448} INFO - Filling up the DagBag from /media/thiagola92/LinuxHD/Documents/public/learning-apache-airflow/venv/lib/python3.7/site-packages/airflow/example_dags/example_branch_python_dop_operator_3.py
[2021-03-02 07:14:08,078] {scheduler_job.py:639} INFO - DAG(s) dict_keys(['example_branch_dop_operator_v3']) retrieved from /media/thiagola92/LinuxHD/Documents/public/learning-apache-airflow/venv/lib/python3.7/site-packages/airflow/example_dags/example_branch_python_dop_operator_3.py
[2021-03-02 07:14:08,097] {logging_mixin.py:104} INFO - [2021-03-02 07:14:08,097] {dag.py:1818} INFO - Sync 1 DAGs
[2021-03-02 07:14:08,118] {logging_mixin.py:104} INFO - [2021-03-02 07:14:08,118] {dag.py:2273} INFO - Setting next_dagrun for example_branch_dop_operator_v3 to 2021-02-28 00:00:00+00:00
[2021-03-02 07:14:08,123] {scheduler_job.py:190} INFO - Processing /media/thiagola92/LinuxHD/Documents/public/learning-apache-airflow/venv/lib/python3.7/site-packages/airflow/example_dags/example_branch_python_dop_operator_3.py took 0.069 seconds
[2021-03-02 07:14:38,582] {scheduler_job.py:182} INFO - Started process (PID=26330) to work on /media/thiagola92/LinuxHD/Documents/public/learning-apache-airflow/venv/lib/python3.7/site-packages/airflow/example_dags/example_branch_python_dop_operator_3.py
[2021-03-02 07:14:38,585] {scheduler_job.py:629} INFO - Processing file /media/thiagola92/LinuxHD/Documents/public/learning-apache-airflow/venv/lib/python3.7/site-packages/airflow/example_dags/example_branch_python_dop_operator_3.py for tasks to queue
[2021-03-02 07:14:38,586] {logging_mixin.py:104} INFO - [2021-03-02 07:14:38,586] {dagbag.py:448} INFO - Filling up the DagBag from /media/thiagola92/LinuxHD/Documents/public/learning-apache-airflow/venv/lib/python3.7/site-packages/airflow/example_dags/example_branch_python_dop_operator_3.py
[2021-03-02 07:14:38,606] {scheduler_job.py:639} INFO - DAG(s) dict_keys(['example_branch_dop_operator_v3']) retrieved from /media/thiagola92/LinuxHD/Documents/public/learning-apache-airflow/venv/lib/python3.7/site-packages/airflow/example_dags/example_branch_python_dop_operator_3.py
[2021-03-02 07:14:38,617] {logging_mixin.py:104} INFO - [2021-03-02 07:14:38,617] {dag.py:1818} INFO - Sync 1 DAGs
[2021-03-02 07:14:38,633] {logging_mixin.py:104} INFO - [2021-03-02 07:14:38,633] {dag.py:2273} INFO - Setting next_dagrun for example_branch_dop_operator_v3 to 2021-02-28 00:00:00+00:00
[2021-03-02 07:14:38,638] {scheduler_job.py:190} INFO - Processing /media/thiagola92/LinuxHD/Documents/public/learning-apache-airflow/venv/lib/python3.7/site-packages/airflow/example_dags/example_branch_python_dop_operator_3.py took 0.062 seconds
[2021-03-02 07:15:08,993] {scheduler_job.py:182} INFO - Started process (PID=26729) to work on /media/thiagola92/LinuxHD/Documents/public/learning-apache-airflow/venv/lib/python3.7/site-packages/airflow/example_dags/example_branch_python_dop_operator_3.py
[2021-03-02 07:15:08,995] {scheduler_job.py:629} INFO - Processing file /media/thiagola92/LinuxHD/Documents/public/learning-apache-airflow/venv/lib/python3.7/site-packages/airflow/example_dags/example_branch_python_dop_operator_3.py for tasks to queue
[2021-03-02 07:15:08,997] {logging_mixin.py:104} INFO - [2021-03-02 07:15:08,996] {dagbag.py:448} INFO - Filling up the DagBag from /media/thiagola92/LinuxHD/Documents/public/learning-apache-airflow/venv/lib/python3.7/site-packages/airflow/example_dags/example_branch_python_dop_operator_3.py
[2021-03-02 07:15:09,021] {scheduler_job.py:639} INFO - DAG(s) dict_keys(['example_branch_dop_operator_v3']) retrieved from /media/thiagola92/LinuxHD/Documents/public/learning-apache-airflow/venv/lib/python3.7/site-packages/airflow/example_dags/example_branch_python_dop_operator_3.py
[2021-03-02 07:15:09,033] {logging_mixin.py:104} INFO - [2021-03-02 07:15:09,032] {dag.py:1818} INFO - Sync 1 DAGs
[2021-03-02 07:15:09,050] {logging_mixin.py:104} INFO - [2021-03-02 07:15:09,049] {dag.py:2273} INFO - Setting next_dagrun for example_branch_dop_operator_v3 to 2021-02-28 00:00:00+00:00
[2021-03-02 07:15:09,054] {scheduler_job.py:190} INFO - Processing /media/thiagola92/LinuxHD/Documents/public/learning-apache-airflow/venv/lib/python3.7/site-packages/airflow/example_dags/example_branch_python_dop_operator_3.py took 0.067 seconds
[2021-03-02 07:15:39,278] {scheduler_job.py:182} INFO - Started process (PID=27154) to work on /media/thiagola92/LinuxHD/Documents/public/learning-apache-airflow/venv/lib/python3.7/site-packages/airflow/example_dags/example_branch_python_dop_operator_3.py
[2021-03-02 07:15:39,279] {scheduler_job.py:629} INFO - Processing file /media/thiagola92/LinuxHD/Documents/public/learning-apache-airflow/venv/lib/python3.7/site-packages/airflow/example_dags/example_branch_python_dop_operator_3.py for tasks to queue
[2021-03-02 07:15:39,279] {logging_mixin.py:104} INFO - [2021-03-02 07:15:39,279] {dagbag.py:448} INFO - Filling up the DagBag from /media/thiagola92/LinuxHD/Documents/public/learning-apache-airflow/venv/lib/python3.7/site-packages/airflow/example_dags/example_branch_python_dop_operator_3.py
[2021-03-02 07:15:39,289] {scheduler_job.py:639} INFO - DAG(s) dict_keys(['example_branch_dop_operator_v3']) retrieved from /media/thiagola92/LinuxHD/Documents/public/learning-apache-airflow/venv/lib/python3.7/site-packages/airflow/example_dags/example_branch_python_dop_operator_3.py
[2021-03-02 07:15:39,296] {logging_mixin.py:104} INFO - [2021-03-02 07:15:39,296] {dag.py:1818} INFO - Sync 1 DAGs
[2021-03-02 07:15:39,313] {logging_mixin.py:104} INFO - [2021-03-02 07:15:39,313] {dag.py:2273} INFO - Setting next_dagrun for example_branch_dop_operator_v3 to 2021-02-28 00:00:00+00:00
[2021-03-02 07:15:39,318] {scheduler_job.py:190} INFO - Processing /media/thiagola92/LinuxHD/Documents/public/learning-apache-airflow/venv/lib/python3.7/site-packages/airflow/example_dags/example_branch_python_dop_operator_3.py took 0.041 seconds
[2021-03-02 07:16:09,693] {scheduler_job.py:182} INFO - Started process (PID=27559) to work on /media/thiagola92/LinuxHD/Documents/public/learning-apache-airflow/venv/lib/python3.7/site-packages/airflow/example_dags/example_branch_python_dop_operator_3.py
[2021-03-02 07:16:09,694] {scheduler_job.py:629} INFO - Processing file /media/thiagola92/LinuxHD/Documents/public/learning-apache-airflow/venv/lib/python3.7/site-packages/airflow/example_dags/example_branch_python_dop_operator_3.py for tasks to queue
[2021-03-02 07:16:09,694] {logging_mixin.py:104} INFO - [2021-03-02 07:16:09,694] {dagbag.py:448} INFO - Filling up the DagBag from /media/thiagola92/LinuxHD/Documents/public/learning-apache-airflow/venv/lib/python3.7/site-packages/airflow/example_dags/example_branch_python_dop_operator_3.py
[2021-03-02 07:16:09,703] {scheduler_job.py:639} INFO - DAG(s) dict_keys(['example_branch_dop_operator_v3']) retrieved from /media/thiagola92/LinuxHD/Documents/public/learning-apache-airflow/venv/lib/python3.7/site-packages/airflow/example_dags/example_branch_python_dop_operator_3.py
[2021-03-02 07:16:09,710] {logging_mixin.py:104} INFO - [2021-03-02 07:16:09,710] {dag.py:1818} INFO - Sync 1 DAGs
[2021-03-02 07:16:09,725] {logging_mixin.py:104} INFO - [2021-03-02 07:16:09,725] {dag.py:2273} INFO - Setting next_dagrun for example_branch_dop_operator_v3 to 2021-02-28 00:00:00+00:00
[2021-03-02 07:16:09,729] {scheduler_job.py:190} INFO - Processing /media/thiagola92/LinuxHD/Documents/public/learning-apache-airflow/venv/lib/python3.7/site-packages/airflow/example_dags/example_branch_python_dop_operator_3.py took 0.038 seconds
[2021-03-02 07:16:40,081] {scheduler_job.py:182} INFO - Started process (PID=27939) to work on /media/thiagola92/LinuxHD/Documents/public/learning-apache-airflow/venv/lib/python3.7/site-packages/airflow/example_dags/example_branch_python_dop_operator_3.py
[2021-03-02 07:16:40,082] {scheduler_job.py:629} INFO - Processing file /media/thiagola92/LinuxHD/Documents/public/learning-apache-airflow/venv/lib/python3.7/site-packages/airflow/example_dags/example_branch_python_dop_operator_3.py for tasks to queue
[2021-03-02 07:16:40,082] {logging_mixin.py:104} INFO - [2021-03-02 07:16:40,082] {dagbag.py:448} INFO - Filling up the DagBag from /media/thiagola92/LinuxHD/Documents/public/learning-apache-airflow/venv/lib/python3.7/site-packages/airflow/example_dags/example_branch_python_dop_operator_3.py
[2021-03-02 07:16:40,090] {scheduler_job.py:639} INFO - DAG(s) dict_keys(['example_branch_dop_operator_v3']) retrieved from /media/thiagola92/LinuxHD/Documents/public/learning-apache-airflow/venv/lib/python3.7/site-packages/airflow/example_dags/example_branch_python_dop_operator_3.py
[2021-03-02 07:16:40,098] {logging_mixin.py:104} INFO - [2021-03-02 07:16:40,098] {dag.py:1818} INFO - Sync 1 DAGs
[2021-03-02 07:16:40,113] {logging_mixin.py:104} INFO - [2021-03-02 07:16:40,113] {dag.py:2273} INFO - Setting next_dagrun for example_branch_dop_operator_v3 to 2021-02-28 00:00:00+00:00
[2021-03-02 07:16:40,117] {scheduler_job.py:190} INFO - Processing /media/thiagola92/LinuxHD/Documents/public/learning-apache-airflow/venv/lib/python3.7/site-packages/airflow/example_dags/example_branch_python_dop_operator_3.py took 0.038 seconds
[2021-03-02 07:17:11,074] {scheduler_job.py:182} INFO - Started process (PID=28381) to work on /media/thiagola92/LinuxHD/Documents/public/learning-apache-airflow/venv/lib/python3.7/site-packages/airflow/example_dags/example_branch_python_dop_operator_3.py
[2021-03-02 07:17:11,075] {scheduler_job.py:629} INFO - Processing file /media/thiagola92/LinuxHD/Documents/public/learning-apache-airflow/venv/lib/python3.7/site-packages/airflow/example_dags/example_branch_python_dop_operator_3.py for tasks to queue
[2021-03-02 07:17:11,076] {logging_mixin.py:104} INFO - [2021-03-02 07:17:11,076] {dagbag.py:448} INFO - Filling up the DagBag from /media/thiagola92/LinuxHD/Documents/public/learning-apache-airflow/venv/lib/python3.7/site-packages/airflow/example_dags/example_branch_python_dop_operator_3.py
[2021-03-02 07:17:11,087] {scheduler_job.py:639} INFO - DAG(s) dict_keys(['example_branch_dop_operator_v3']) retrieved from /media/thiagola92/LinuxHD/Documents/public/learning-apache-airflow/venv/lib/python3.7/site-packages/airflow/example_dags/example_branch_python_dop_operator_3.py
[2021-03-02 07:17:11,095] {logging_mixin.py:104} INFO - [2021-03-02 07:17:11,095] {dag.py:1818} INFO - Sync 1 DAGs
[2021-03-02 07:17:11,109] {logging_mixin.py:104} INFO - [2021-03-02 07:17:11,109] {dag.py:2273} INFO - Setting next_dagrun for example_branch_dop_operator_v3 to 2021-02-28 00:00:00+00:00
[2021-03-02 07:17:11,113] {scheduler_job.py:190} INFO - Processing /media/thiagola92/LinuxHD/Documents/public/learning-apache-airflow/venv/lib/python3.7/site-packages/airflow/example_dags/example_branch_python_dop_operator_3.py took 0.042 seconds
[2021-03-02 07:17:41,422] {scheduler_job.py:182} INFO - Started process (PID=28790) to work on /media/thiagola92/LinuxHD/Documents/public/learning-apache-airflow/venv/lib/python3.7/site-packages/airflow/example_dags/example_branch_python_dop_operator_3.py
[2021-03-02 07:17:41,424] {scheduler_job.py:629} INFO - Processing file /media/thiagola92/LinuxHD/Documents/public/learning-apache-airflow/venv/lib/python3.7/site-packages/airflow/example_dags/example_branch_python_dop_operator_3.py for tasks to queue
[2021-03-02 07:17:41,426] {logging_mixin.py:104} INFO - [2021-03-02 07:17:41,426] {dagbag.py:448} INFO - Filling up the DagBag from /media/thiagola92/LinuxHD/Documents/public/learning-apache-airflow/venv/lib/python3.7/site-packages/airflow/example_dags/example_branch_python_dop_operator_3.py
[2021-03-02 07:17:41,451] {scheduler_job.py:639} INFO - DAG(s) dict_keys(['example_branch_dop_operator_v3']) retrieved from /media/thiagola92/LinuxHD/Documents/public/learning-apache-airflow/venv/lib/python3.7/site-packages/airflow/example_dags/example_branch_python_dop_operator_3.py
[2021-03-02 07:17:41,462] {logging_mixin.py:104} INFO - [2021-03-02 07:17:41,462] {dag.py:1818} INFO - Sync 1 DAGs
[2021-03-02 07:17:41,479] {logging_mixin.py:104} INFO - [2021-03-02 07:17:41,479] {dag.py:2273} INFO - Setting next_dagrun for example_branch_dop_operator_v3 to 2021-02-28 00:00:00+00:00
[2021-03-02 07:17:41,483] {scheduler_job.py:190} INFO - Processing /media/thiagola92/LinuxHD/Documents/public/learning-apache-airflow/venv/lib/python3.7/site-packages/airflow/example_dags/example_branch_python_dop_operator_3.py took 0.067 seconds
[2021-03-02 07:21:41,464] {scheduler_job.py:182} INFO - Started process (PID=31906) to work on /media/thiagola92/LinuxHD/Documents/public/learning-apache-airflow/venv/lib/python3.7/site-packages/airflow/example_dags/example_branch_python_dop_operator_3.py
[2021-03-02 07:21:41,466] {scheduler_job.py:629} INFO - Processing file /media/thiagola92/LinuxHD/Documents/public/learning-apache-airflow/venv/lib/python3.7/site-packages/airflow/example_dags/example_branch_python_dop_operator_3.py for tasks to queue
[2021-03-02 07:21:41,468] {logging_mixin.py:104} INFO - [2021-03-02 07:21:41,467] {dagbag.py:448} INFO - Filling up the DagBag from /media/thiagola92/LinuxHD/Documents/public/learning-apache-airflow/venv/lib/python3.7/site-packages/airflow/example_dags/example_branch_python_dop_operator_3.py
[2021-03-02 07:21:41,491] {scheduler_job.py:639} INFO - DAG(s) dict_keys(['example_branch_dop_operator_v3']) retrieved from /media/thiagola92/LinuxHD/Documents/public/learning-apache-airflow/venv/lib/python3.7/site-packages/airflow/example_dags/example_branch_python_dop_operator_3.py
[2021-03-02 07:21:41,503] {logging_mixin.py:104} INFO - [2021-03-02 07:21:41,503] {dag.py:1818} INFO - Sync 1 DAGs
[2021-03-02 07:21:41,519] {logging_mixin.py:104} INFO - [2021-03-02 07:21:41,519] {dag.py:2273} INFO - Setting next_dagrun for example_branch_dop_operator_v3 to 2021-02-28 00:00:00+00:00
[2021-03-02 07:21:41,602] {scheduler_job.py:190} INFO - Processing /media/thiagola92/LinuxHD/Documents/public/learning-apache-airflow/venv/lib/python3.7/site-packages/airflow/example_dags/example_branch_python_dop_operator_3.py took 0.144 seconds
[2021-03-02 07:22:12,094] {scheduler_job.py:182} INFO - Started process (PID=32283) to work on /media/thiagola92/LinuxHD/Documents/public/learning-apache-airflow/venv/lib/python3.7/site-packages/airflow/example_dags/example_branch_python_dop_operator_3.py
[2021-03-02 07:22:12,095] {scheduler_job.py:629} INFO - Processing file /media/thiagola92/LinuxHD/Documents/public/learning-apache-airflow/venv/lib/python3.7/site-packages/airflow/example_dags/example_branch_python_dop_operator_3.py for tasks to queue
[2021-03-02 07:22:12,095] {logging_mixin.py:104} INFO - [2021-03-02 07:22:12,095] {dagbag.py:448} INFO - Filling up the DagBag from /media/thiagola92/LinuxHD/Documents/public/learning-apache-airflow/venv/lib/python3.7/site-packages/airflow/example_dags/example_branch_python_dop_operator_3.py
[2021-03-02 07:22:12,105] {scheduler_job.py:639} INFO - DAG(s) dict_keys(['example_branch_dop_operator_v3']) retrieved from /media/thiagola92/LinuxHD/Documents/public/learning-apache-airflow/venv/lib/python3.7/site-packages/airflow/example_dags/example_branch_python_dop_operator_3.py
[2021-03-02 07:22:12,113] {logging_mixin.py:104} INFO - [2021-03-02 07:22:12,113] {dag.py:1818} INFO - Sync 1 DAGs
[2021-03-02 07:22:12,127] {logging_mixin.py:104} INFO - [2021-03-02 07:22:12,127] {dag.py:2273} INFO - Setting next_dagrun for example_branch_dop_operator_v3 to 2021-02-28 00:00:00+00:00
[2021-03-02 07:22:12,131] {scheduler_job.py:190} INFO - Processing /media/thiagola92/LinuxHD/Documents/public/learning-apache-airflow/venv/lib/python3.7/site-packages/airflow/example_dags/example_branch_python_dop_operator_3.py took 0.040 seconds
[2021-03-02 07:22:42,525] {scheduler_job.py:182} INFO - Started process (PID=32690) to work on /media/thiagola92/LinuxHD/Documents/public/learning-apache-airflow/venv/lib/python3.7/site-packages/airflow/example_dags/example_branch_python_dop_operator_3.py
[2021-03-02 07:22:42,526] {scheduler_job.py:629} INFO - Processing file /media/thiagola92/LinuxHD/Documents/public/learning-apache-airflow/venv/lib/python3.7/site-packages/airflow/example_dags/example_branch_python_dop_operator_3.py for tasks to queue
[2021-03-02 07:22:42,526] {logging_mixin.py:104} INFO - [2021-03-02 07:22:42,526] {dagbag.py:448} INFO - Filling up the DagBag from /media/thiagola92/LinuxHD/Documents/public/learning-apache-airflow/venv/lib/python3.7/site-packages/airflow/example_dags/example_branch_python_dop_operator_3.py
[2021-03-02 07:22:42,534] {scheduler_job.py:639} INFO - DAG(s) dict_keys(['example_branch_dop_operator_v3']) retrieved from /media/thiagola92/LinuxHD/Documents/public/learning-apache-airflow/venv/lib/python3.7/site-packages/airflow/example_dags/example_branch_python_dop_operator_3.py
[2021-03-02 07:22:42,541] {logging_mixin.py:104} INFO - [2021-03-02 07:22:42,541] {dag.py:1818} INFO - Sync 1 DAGs
[2021-03-02 07:22:42,556] {logging_mixin.py:104} INFO - [2021-03-02 07:22:42,556] {dag.py:2273} INFO - Setting next_dagrun for example_branch_dop_operator_v3 to 2021-02-28 00:00:00+00:00
[2021-03-02 07:22:42,560] {scheduler_job.py:190} INFO - Processing /media/thiagola92/LinuxHD/Documents/public/learning-apache-airflow/venv/lib/python3.7/site-packages/airflow/example_dags/example_branch_python_dop_operator_3.py took 0.037 seconds
[2021-03-02 07:23:13,239] {scheduler_job.py:182} INFO - Started process (PID=33188) to work on /media/thiagola92/LinuxHD/Documents/public/learning-apache-airflow/venv/lib/python3.7/site-packages/airflow/example_dags/example_branch_python_dop_operator_3.py
[2021-03-02 07:23:13,242] {scheduler_job.py:629} INFO - Processing file /media/thiagola92/LinuxHD/Documents/public/learning-apache-airflow/venv/lib/python3.7/site-packages/airflow/example_dags/example_branch_python_dop_operator_3.py for tasks to queue
[2021-03-02 07:23:13,243] {logging_mixin.py:104} INFO - [2021-03-02 07:23:13,243] {dagbag.py:448} INFO - Filling up the DagBag from /media/thiagola92/LinuxHD/Documents/public/learning-apache-airflow/venv/lib/python3.7/site-packages/airflow/example_dags/example_branch_python_dop_operator_3.py
[2021-03-02 07:23:13,269] {scheduler_job.py:639} INFO - DAG(s) dict_keys(['example_branch_dop_operator_v3']) retrieved from /media/thiagola92/LinuxHD/Documents/public/learning-apache-airflow/venv/lib/python3.7/site-packages/airflow/example_dags/example_branch_python_dop_operator_3.py
[2021-03-02 07:23:13,281] {logging_mixin.py:104} INFO - [2021-03-02 07:23:13,281] {dag.py:1818} INFO - Sync 1 DAGs
[2021-03-02 07:23:13,297] {logging_mixin.py:104} INFO - [2021-03-02 07:23:13,297] {dag.py:2273} INFO - Setting next_dagrun for example_branch_dop_operator_v3 to 2021-02-28 00:00:00+00:00
[2021-03-02 07:23:13,301] {scheduler_job.py:190} INFO - Processing /media/thiagola92/LinuxHD/Documents/public/learning-apache-airflow/venv/lib/python3.7/site-packages/airflow/example_dags/example_branch_python_dop_operator_3.py took 0.068 seconds
[2021-03-02 07:23:43,546] {scheduler_job.py:182} INFO - Started process (PID=33646) to work on /media/thiagola92/LinuxHD/Documents/public/learning-apache-airflow/venv/lib/python3.7/site-packages/airflow/example_dags/example_branch_python_dop_operator_3.py
[2021-03-02 07:23:43,547] {scheduler_job.py:629} INFO - Processing file /media/thiagola92/LinuxHD/Documents/public/learning-apache-airflow/venv/lib/python3.7/site-packages/airflow/example_dags/example_branch_python_dop_operator_3.py for tasks to queue
[2021-03-02 07:23:43,548] {logging_mixin.py:104} INFO - [2021-03-02 07:23:43,548] {dagbag.py:448} INFO - Filling up the DagBag from /media/thiagola92/LinuxHD/Documents/public/learning-apache-airflow/venv/lib/python3.7/site-packages/airflow/example_dags/example_branch_python_dop_operator_3.py
[2021-03-02 07:23:43,561] {scheduler_job.py:639} INFO - DAG(s) dict_keys(['example_branch_dop_operator_v3']) retrieved from /media/thiagola92/LinuxHD/Documents/public/learning-apache-airflow/venv/lib/python3.7/site-packages/airflow/example_dags/example_branch_python_dop_operator_3.py
[2021-03-02 07:23:43,570] {logging_mixin.py:104} INFO - [2021-03-02 07:23:43,569] {dag.py:1818} INFO - Sync 1 DAGs
[2021-03-02 07:23:43,585] {logging_mixin.py:104} INFO - [2021-03-02 07:23:43,585] {dag.py:2273} INFO - Setting next_dagrun for example_branch_dop_operator_v3 to 2021-02-28 00:00:00+00:00
[2021-03-02 07:23:43,589] {scheduler_job.py:190} INFO - Processing /media/thiagola92/LinuxHD/Documents/public/learning-apache-airflow/venv/lib/python3.7/site-packages/airflow/example_dags/example_branch_python_dop_operator_3.py took 0.047 seconds
