[2021-03-02 07:11:52,183] {scheduler_job.py:182} INFO - Started process (PID=23750) to work on /media/thiagola92/LinuxHD/Documents/public/learning-apache-airflow/venv/lib/python3.7/site-packages/airflow/example_dags/example_skip_dag.py
[2021-03-02 07:11:52,184] {scheduler_job.py:629} INFO - Processing file /media/thiagola92/LinuxHD/Documents/public/learning-apache-airflow/venv/lib/python3.7/site-packages/airflow/example_dags/example_skip_dag.py for tasks to queue
[2021-03-02 07:11:52,184] {logging_mixin.py:104} INFO - [2021-03-02 07:11:52,184] {dagbag.py:448} INFO - Filling up the DagBag from /media/thiagola92/LinuxHD/Documents/public/learning-apache-airflow/venv/lib/python3.7/site-packages/airflow/example_dags/example_skip_dag.py
[2021-03-02 07:11:52,190] {scheduler_job.py:639} INFO - DAG(s) dict_keys(['example_skip_dag']) retrieved from /media/thiagola92/LinuxHD/Documents/public/learning-apache-airflow/venv/lib/python3.7/site-packages/airflow/example_dags/example_skip_dag.py
[2021-03-02 07:11:52,197] {logging_mixin.py:104} INFO - [2021-03-02 07:11:52,197] {dag.py:1818} INFO - Sync 1 DAGs
[2021-03-02 07:11:52,203] {logging_mixin.py:104} INFO - [2021-03-02 07:11:52,203] {dag.py:2273} INFO - Setting next_dagrun for example_skip_dag to 2021-02-28 00:00:00+00:00
[2021-03-02 07:11:52,208] {scheduler_job.py:190} INFO - Processing /media/thiagola92/LinuxHD/Documents/public/learning-apache-airflow/venv/lib/python3.7/site-packages/airflow/example_dags/example_skip_dag.py took 0.027 seconds
[2021-03-02 07:12:22,290] {scheduler_job.py:182} INFO - Started process (PID=24198) to work on /media/thiagola92/LinuxHD/Documents/public/learning-apache-airflow/venv/lib/python3.7/site-packages/airflow/example_dags/example_skip_dag.py
[2021-03-02 07:12:22,291] {scheduler_job.py:629} INFO - Processing file /media/thiagola92/LinuxHD/Documents/public/learning-apache-airflow/venv/lib/python3.7/site-packages/airflow/example_dags/example_skip_dag.py for tasks to queue
[2021-03-02 07:12:22,292] {logging_mixin.py:104} INFO - [2021-03-02 07:12:22,292] {dagbag.py:448} INFO - Filling up the DagBag from /media/thiagola92/LinuxHD/Documents/public/learning-apache-airflow/venv/lib/python3.7/site-packages/airflow/example_dags/example_skip_dag.py
[2021-03-02 07:12:22,299] {scheduler_job.py:639} INFO - DAG(s) dict_keys(['example_skip_dag']) retrieved from /media/thiagola92/LinuxHD/Documents/public/learning-apache-airflow/venv/lib/python3.7/site-packages/airflow/example_dags/example_skip_dag.py
[2021-03-02 07:12:22,308] {logging_mixin.py:104} INFO - [2021-03-02 07:12:22,307] {dag.py:1818} INFO - Sync 1 DAGs
[2021-03-02 07:12:22,314] {logging_mixin.py:104} INFO - [2021-03-02 07:12:22,314] {dag.py:2273} INFO - Setting next_dagrun for example_skip_dag to 2021-02-28 00:00:00+00:00
[2021-03-02 07:12:22,319] {scheduler_job.py:190} INFO - Processing /media/thiagola92/LinuxHD/Documents/public/learning-apache-airflow/venv/lib/python3.7/site-packages/airflow/example_dags/example_skip_dag.py took 0.031 seconds
[2021-03-02 07:12:52,912] {scheduler_job.py:182} INFO - Started process (PID=24880) to work on /media/thiagola92/LinuxHD/Documents/public/learning-apache-airflow/venv/lib/python3.7/site-packages/airflow/example_dags/example_skip_dag.py
[2021-03-02 07:12:52,914] {scheduler_job.py:629} INFO - Processing file /media/thiagola92/LinuxHD/Documents/public/learning-apache-airflow/venv/lib/python3.7/site-packages/airflow/example_dags/example_skip_dag.py for tasks to queue
[2021-03-02 07:12:52,915] {logging_mixin.py:104} INFO - [2021-03-02 07:12:52,915] {dagbag.py:448} INFO - Filling up the DagBag from /media/thiagola92/LinuxHD/Documents/public/learning-apache-airflow/venv/lib/python3.7/site-packages/airflow/example_dags/example_skip_dag.py
[2021-03-02 07:12:52,927] {scheduler_job.py:639} INFO - DAG(s) dict_keys(['example_skip_dag']) retrieved from /media/thiagola92/LinuxHD/Documents/public/learning-apache-airflow/venv/lib/python3.7/site-packages/airflow/example_dags/example_skip_dag.py
[2021-03-02 07:12:52,938] {logging_mixin.py:104} INFO - [2021-03-02 07:12:52,938] {dag.py:1818} INFO - Sync 1 DAGs
[2021-03-02 07:12:52,945] {logging_mixin.py:104} INFO - [2021-03-02 07:12:52,945] {dag.py:2273} INFO - Setting next_dagrun for example_skip_dag to 2021-02-28 00:00:00+00:00
[2021-03-02 07:12:52,950] {scheduler_job.py:190} INFO - Processing /media/thiagola92/LinuxHD/Documents/public/learning-apache-airflow/venv/lib/python3.7/site-packages/airflow/example_dags/example_skip_dag.py took 0.045 seconds
[2021-03-02 07:13:24,141] {scheduler_job.py:182} INFO - Started process (PID=25327) to work on /media/thiagola92/LinuxHD/Documents/public/learning-apache-airflow/venv/lib/python3.7/site-packages/airflow/example_dags/example_skip_dag.py
[2021-03-02 07:13:24,142] {scheduler_job.py:629} INFO - Processing file /media/thiagola92/LinuxHD/Documents/public/learning-apache-airflow/venv/lib/python3.7/site-packages/airflow/example_dags/example_skip_dag.py for tasks to queue
[2021-03-02 07:13:24,142] {logging_mixin.py:104} INFO - [2021-03-02 07:13:24,142] {dagbag.py:448} INFO - Filling up the DagBag from /media/thiagola92/LinuxHD/Documents/public/learning-apache-airflow/venv/lib/python3.7/site-packages/airflow/example_dags/example_skip_dag.py
[2021-03-02 07:13:24,147] {scheduler_job.py:639} INFO - DAG(s) dict_keys(['example_skip_dag']) retrieved from /media/thiagola92/LinuxHD/Documents/public/learning-apache-airflow/venv/lib/python3.7/site-packages/airflow/example_dags/example_skip_dag.py
[2021-03-02 07:13:24,155] {logging_mixin.py:104} INFO - [2021-03-02 07:13:24,155] {dag.py:1818} INFO - Sync 1 DAGs
[2021-03-02 07:13:24,161] {logging_mixin.py:104} INFO - [2021-03-02 07:13:24,161] {dag.py:2273} INFO - Setting next_dagrun for example_skip_dag to 2021-02-28 00:00:00+00:00
[2021-03-02 07:13:24,165] {scheduler_job.py:190} INFO - Processing /media/thiagola92/LinuxHD/Documents/public/learning-apache-airflow/venv/lib/python3.7/site-packages/airflow/example_dags/example_skip_dag.py took 0.026 seconds
[2021-03-02 07:14:12,680] {scheduler_job.py:182} INFO - Started process (PID=25980) to work on /media/thiagola92/LinuxHD/Documents/public/learning-apache-airflow/venv/lib/python3.7/site-packages/airflow/example_dags/example_skip_dag.py
[2021-03-02 07:14:12,682] {scheduler_job.py:629} INFO - Processing file /media/thiagola92/LinuxHD/Documents/public/learning-apache-airflow/venv/lib/python3.7/site-packages/airflow/example_dags/example_skip_dag.py for tasks to queue
[2021-03-02 07:14:12,684] {logging_mixin.py:104} INFO - [2021-03-02 07:14:12,683] {dagbag.py:448} INFO - Filling up the DagBag from /media/thiagola92/LinuxHD/Documents/public/learning-apache-airflow/venv/lib/python3.7/site-packages/airflow/example_dags/example_skip_dag.py
[2021-03-02 07:14:12,699] {scheduler_job.py:639} INFO - DAG(s) dict_keys(['example_skip_dag']) retrieved from /media/thiagola92/LinuxHD/Documents/public/learning-apache-airflow/venv/lib/python3.7/site-packages/airflow/example_dags/example_skip_dag.py
[2021-03-02 07:14:12,711] {logging_mixin.py:104} INFO - [2021-03-02 07:14:12,711] {dag.py:1818} INFO - Sync 1 DAGs
[2021-03-02 07:14:12,719] {logging_mixin.py:104} INFO - [2021-03-02 07:14:12,719] {dag.py:2273} INFO - Setting next_dagrun for example_skip_dag to 2021-02-28 00:00:00+00:00
[2021-03-02 07:14:12,724] {scheduler_job.py:190} INFO - Processing /media/thiagola92/LinuxHD/Documents/public/learning-apache-airflow/venv/lib/python3.7/site-packages/airflow/example_dags/example_skip_dag.py took 0.051 seconds
[2021-03-02 07:14:42,852] {scheduler_job.py:182} INFO - Started process (PID=26387) to work on /media/thiagola92/LinuxHD/Documents/public/learning-apache-airflow/venv/lib/python3.7/site-packages/airflow/example_dags/example_skip_dag.py
[2021-03-02 07:14:42,856] {scheduler_job.py:629} INFO - Processing file /media/thiagola92/LinuxHD/Documents/public/learning-apache-airflow/venv/lib/python3.7/site-packages/airflow/example_dags/example_skip_dag.py for tasks to queue
[2021-03-02 07:14:42,857] {logging_mixin.py:104} INFO - [2021-03-02 07:14:42,857] {dagbag.py:448} INFO - Filling up the DagBag from /media/thiagola92/LinuxHD/Documents/public/learning-apache-airflow/venv/lib/python3.7/site-packages/airflow/example_dags/example_skip_dag.py
[2021-03-02 07:14:42,873] {scheduler_job.py:639} INFO - DAG(s) dict_keys(['example_skip_dag']) retrieved from /media/thiagola92/LinuxHD/Documents/public/learning-apache-airflow/venv/lib/python3.7/site-packages/airflow/example_dags/example_skip_dag.py
[2021-03-02 07:14:42,885] {logging_mixin.py:104} INFO - [2021-03-02 07:14:42,884] {dag.py:1818} INFO - Sync 1 DAGs
[2021-03-02 07:14:42,892] {logging_mixin.py:104} INFO - [2021-03-02 07:14:42,892] {dag.py:2273} INFO - Setting next_dagrun for example_skip_dag to 2021-02-28 00:00:00+00:00
[2021-03-02 07:14:42,896] {scheduler_job.py:190} INFO - Processing /media/thiagola92/LinuxHD/Documents/public/learning-apache-airflow/venv/lib/python3.7/site-packages/airflow/example_dags/example_skip_dag.py took 0.050 seconds
[2021-03-02 07:15:13,192] {scheduler_job.py:182} INFO - Started process (PID=26783) to work on /media/thiagola92/LinuxHD/Documents/public/learning-apache-airflow/venv/lib/python3.7/site-packages/airflow/example_dags/example_skip_dag.py
[2021-03-02 07:15:13,193] {scheduler_job.py:629} INFO - Processing file /media/thiagola92/LinuxHD/Documents/public/learning-apache-airflow/venv/lib/python3.7/site-packages/airflow/example_dags/example_skip_dag.py for tasks to queue
[2021-03-02 07:15:13,193] {logging_mixin.py:104} INFO - [2021-03-02 07:15:13,193] {dagbag.py:448} INFO - Filling up the DagBag from /media/thiagola92/LinuxHD/Documents/public/learning-apache-airflow/venv/lib/python3.7/site-packages/airflow/example_dags/example_skip_dag.py
[2021-03-02 07:15:13,198] {scheduler_job.py:639} INFO - DAG(s) dict_keys(['example_skip_dag']) retrieved from /media/thiagola92/LinuxHD/Documents/public/learning-apache-airflow/venv/lib/python3.7/site-packages/airflow/example_dags/example_skip_dag.py
[2021-03-02 07:15:13,206] {logging_mixin.py:104} INFO - [2021-03-02 07:15:13,206] {dag.py:1818} INFO - Sync 1 DAGs
[2021-03-02 07:15:13,212] {logging_mixin.py:104} INFO - [2021-03-02 07:15:13,212] {dag.py:2273} INFO - Setting next_dagrun for example_skip_dag to 2021-02-28 00:00:00+00:00
[2021-03-02 07:15:13,217] {scheduler_job.py:190} INFO - Processing /media/thiagola92/LinuxHD/Documents/public/learning-apache-airflow/venv/lib/python3.7/site-packages/airflow/example_dags/example_skip_dag.py took 0.025 seconds
[2021-03-02 07:15:43,478] {scheduler_job.py:182} INFO - Started process (PID=27207) to work on /media/thiagola92/LinuxHD/Documents/public/learning-apache-airflow/venv/lib/python3.7/site-packages/airflow/example_dags/example_skip_dag.py
[2021-03-02 07:15:43,479] {scheduler_job.py:629} INFO - Processing file /media/thiagola92/LinuxHD/Documents/public/learning-apache-airflow/venv/lib/python3.7/site-packages/airflow/example_dags/example_skip_dag.py for tasks to queue
[2021-03-02 07:15:43,479] {logging_mixin.py:104} INFO - [2021-03-02 07:15:43,479] {dagbag.py:448} INFO - Filling up the DagBag from /media/thiagola92/LinuxHD/Documents/public/learning-apache-airflow/venv/lib/python3.7/site-packages/airflow/example_dags/example_skip_dag.py
[2021-03-02 07:15:43,488] {scheduler_job.py:639} INFO - DAG(s) dict_keys(['example_skip_dag']) retrieved from /media/thiagola92/LinuxHD/Documents/public/learning-apache-airflow/venv/lib/python3.7/site-packages/airflow/example_dags/example_skip_dag.py
[2021-03-02 07:15:43,499] {logging_mixin.py:104} INFO - [2021-03-02 07:15:43,498] {dag.py:1818} INFO - Sync 1 DAGs
[2021-03-02 07:15:43,505] {logging_mixin.py:104} INFO - [2021-03-02 07:15:43,505] {dag.py:2273} INFO - Setting next_dagrun for example_skip_dag to 2021-02-28 00:00:00+00:00
[2021-03-02 07:15:43,510] {scheduler_job.py:190} INFO - Processing /media/thiagola92/LinuxHD/Documents/public/learning-apache-airflow/venv/lib/python3.7/site-packages/airflow/example_dags/example_skip_dag.py took 0.033 seconds
[2021-03-02 07:16:13,712] {scheduler_job.py:182} INFO - Started process (PID=27603) to work on /media/thiagola92/LinuxHD/Documents/public/learning-apache-airflow/venv/lib/python3.7/site-packages/airflow/example_dags/example_skip_dag.py
[2021-03-02 07:16:13,713] {scheduler_job.py:629} INFO - Processing file /media/thiagola92/LinuxHD/Documents/public/learning-apache-airflow/venv/lib/python3.7/site-packages/airflow/example_dags/example_skip_dag.py for tasks to queue
[2021-03-02 07:16:13,714] {logging_mixin.py:104} INFO - [2021-03-02 07:16:13,713] {dagbag.py:448} INFO - Filling up the DagBag from /media/thiagola92/LinuxHD/Documents/public/learning-apache-airflow/venv/lib/python3.7/site-packages/airflow/example_dags/example_skip_dag.py
[2021-03-02 07:16:13,723] {scheduler_job.py:639} INFO - DAG(s) dict_keys(['example_skip_dag']) retrieved from /media/thiagola92/LinuxHD/Documents/public/learning-apache-airflow/venv/lib/python3.7/site-packages/airflow/example_dags/example_skip_dag.py
[2021-03-02 07:16:13,733] {logging_mixin.py:104} INFO - [2021-03-02 07:16:13,733] {dag.py:1818} INFO - Sync 1 DAGs
[2021-03-02 07:16:13,741] {logging_mixin.py:104} INFO - [2021-03-02 07:16:13,741] {dag.py:2273} INFO - Setting next_dagrun for example_skip_dag to 2021-02-28 00:00:00+00:00
[2021-03-02 07:16:13,746] {scheduler_job.py:190} INFO - Processing /media/thiagola92/LinuxHD/Documents/public/learning-apache-airflow/venv/lib/python3.7/site-packages/airflow/example_dags/example_skip_dag.py took 0.036 seconds
[2021-03-02 07:16:44,067] {scheduler_job.py:182} INFO - Started process (PID=27990) to work on /media/thiagola92/LinuxHD/Documents/public/learning-apache-airflow/venv/lib/python3.7/site-packages/airflow/example_dags/example_skip_dag.py
[2021-03-02 07:16:44,068] {scheduler_job.py:629} INFO - Processing file /media/thiagola92/LinuxHD/Documents/public/learning-apache-airflow/venv/lib/python3.7/site-packages/airflow/example_dags/example_skip_dag.py for tasks to queue
[2021-03-02 07:16:44,069] {logging_mixin.py:104} INFO - [2021-03-02 07:16:44,069] {dagbag.py:448} INFO - Filling up the DagBag from /media/thiagola92/LinuxHD/Documents/public/learning-apache-airflow/venv/lib/python3.7/site-packages/airflow/example_dags/example_skip_dag.py
[2021-03-02 07:16:44,081] {scheduler_job.py:639} INFO - DAG(s) dict_keys(['example_skip_dag']) retrieved from /media/thiagola92/LinuxHD/Documents/public/learning-apache-airflow/venv/lib/python3.7/site-packages/airflow/example_dags/example_skip_dag.py
[2021-03-02 07:16:44,092] {logging_mixin.py:104} INFO - [2021-03-02 07:16:44,092] {dag.py:1818} INFO - Sync 1 DAGs
[2021-03-02 07:16:44,099] {logging_mixin.py:104} INFO - [2021-03-02 07:16:44,099] {dag.py:2273} INFO - Setting next_dagrun for example_skip_dag to 2021-02-28 00:00:00+00:00
[2021-03-02 07:16:44,103] {scheduler_job.py:190} INFO - Processing /media/thiagola92/LinuxHD/Documents/public/learning-apache-airflow/venv/lib/python3.7/site-packages/airflow/example_dags/example_skip_dag.py took 0.043 seconds
[2021-03-02 07:17:14,305] {scheduler_job.py:182} INFO - Started process (PID=28431) to work on /media/thiagola92/LinuxHD/Documents/public/learning-apache-airflow/venv/lib/python3.7/site-packages/airflow/example_dags/example_skip_dag.py
[2021-03-02 07:17:14,306] {scheduler_job.py:629} INFO - Processing file /media/thiagola92/LinuxHD/Documents/public/learning-apache-airflow/venv/lib/python3.7/site-packages/airflow/example_dags/example_skip_dag.py for tasks to queue
[2021-03-02 07:17:14,307] {logging_mixin.py:104} INFO - [2021-03-02 07:17:14,307] {dagbag.py:448} INFO - Filling up the DagBag from /media/thiagola92/LinuxHD/Documents/public/learning-apache-airflow/venv/lib/python3.7/site-packages/airflow/example_dags/example_skip_dag.py
[2021-03-02 07:17:14,318] {scheduler_job.py:639} INFO - DAG(s) dict_keys(['example_skip_dag']) retrieved from /media/thiagola92/LinuxHD/Documents/public/learning-apache-airflow/venv/lib/python3.7/site-packages/airflow/example_dags/example_skip_dag.py
[2021-03-02 07:17:14,332] {logging_mixin.py:104} INFO - [2021-03-02 07:17:14,332] {dag.py:1818} INFO - Sync 1 DAGs
[2021-03-02 07:17:14,339] {logging_mixin.py:104} INFO - [2021-03-02 07:17:14,339] {dag.py:2273} INFO - Setting next_dagrun for example_skip_dag to 2021-02-28 00:00:00+00:00
[2021-03-02 07:17:14,343] {scheduler_job.py:190} INFO - Processing /media/thiagola92/LinuxHD/Documents/public/learning-apache-airflow/venv/lib/python3.7/site-packages/airflow/example_dags/example_skip_dag.py took 0.042 seconds
[2021-03-02 07:18:02,787] {scheduler_job.py:182} INFO - Started process (PID=29083) to work on /media/thiagola92/LinuxHD/Documents/public/learning-apache-airflow/venv/lib/python3.7/site-packages/airflow/example_dags/example_skip_dag.py
[2021-03-02 07:18:02,789] {scheduler_job.py:629} INFO - Processing file /media/thiagola92/LinuxHD/Documents/public/learning-apache-airflow/venv/lib/python3.7/site-packages/airflow/example_dags/example_skip_dag.py for tasks to queue
[2021-03-02 07:18:02,790] {logging_mixin.py:104} INFO - [2021-03-02 07:18:02,790] {dagbag.py:448} INFO - Filling up the DagBag from /media/thiagola92/LinuxHD/Documents/public/learning-apache-airflow/venv/lib/python3.7/site-packages/airflow/example_dags/example_skip_dag.py
[2021-03-02 07:18:02,805] {scheduler_job.py:639} INFO - DAG(s) dict_keys(['example_skip_dag']) retrieved from /media/thiagola92/LinuxHD/Documents/public/learning-apache-airflow/venv/lib/python3.7/site-packages/airflow/example_dags/example_skip_dag.py
[2021-03-02 07:18:02,818] {logging_mixin.py:104} INFO - [2021-03-02 07:18:02,817] {dag.py:1818} INFO - Sync 1 DAGs
[2021-03-02 07:18:02,824] {logging_mixin.py:104} INFO - [2021-03-02 07:18:02,824] {dag.py:2273} INFO - Setting next_dagrun for example_skip_dag to 2021-02-28 00:00:00+00:00
[2021-03-02 07:18:02,829] {scheduler_job.py:190} INFO - Processing /media/thiagola92/LinuxHD/Documents/public/learning-apache-airflow/venv/lib/python3.7/site-packages/airflow/example_dags/example_skip_dag.py took 0.048 seconds
[2021-03-02 07:21:57,514] {scheduler_job.py:182} INFO - Started process (PID=32083) to work on /media/thiagola92/LinuxHD/Documents/public/learning-apache-airflow/venv/lib/python3.7/site-packages/airflow/example_dags/example_skip_dag.py
[2021-03-02 07:21:57,517] {scheduler_job.py:629} INFO - Processing file /media/thiagola92/LinuxHD/Documents/public/learning-apache-airflow/venv/lib/python3.7/site-packages/airflow/example_dags/example_skip_dag.py for tasks to queue
[2021-03-02 07:21:57,518] {logging_mixin.py:104} INFO - [2021-03-02 07:21:57,518] {dagbag.py:448} INFO - Filling up the DagBag from /media/thiagola92/LinuxHD/Documents/public/learning-apache-airflow/venv/lib/python3.7/site-packages/airflow/example_dags/example_skip_dag.py
[2021-03-02 07:21:57,541] {scheduler_job.py:639} INFO - DAG(s) dict_keys(['example_skip_dag']) retrieved from /media/thiagola92/LinuxHD/Documents/public/learning-apache-airflow/venv/lib/python3.7/site-packages/airflow/example_dags/example_skip_dag.py
[2021-03-02 07:21:57,565] {logging_mixin.py:104} INFO - [2021-03-02 07:21:57,565] {dag.py:1818} INFO - Sync 1 DAGs
[2021-03-02 07:21:57,576] {logging_mixin.py:104} INFO - [2021-03-02 07:21:57,576] {dag.py:2273} INFO - Setting next_dagrun for example_skip_dag to 2021-02-28 00:00:00+00:00
[2021-03-02 07:21:57,582] {scheduler_job.py:190} INFO - Processing /media/thiagola92/LinuxHD/Documents/public/learning-apache-airflow/venv/lib/python3.7/site-packages/airflow/example_dags/example_skip_dag.py took 0.075 seconds
[2021-03-02 07:22:27,976] {scheduler_job.py:182} INFO - Started process (PID=32486) to work on /media/thiagola92/LinuxHD/Documents/public/learning-apache-airflow/venv/lib/python3.7/site-packages/airflow/example_dags/example_skip_dag.py
[2021-03-02 07:22:27,976] {scheduler_job.py:629} INFO - Processing file /media/thiagola92/LinuxHD/Documents/public/learning-apache-airflow/venv/lib/python3.7/site-packages/airflow/example_dags/example_skip_dag.py for tasks to queue
[2021-03-02 07:22:27,977] {logging_mixin.py:104} INFO - [2021-03-02 07:22:27,977] {dagbag.py:448} INFO - Filling up the DagBag from /media/thiagola92/LinuxHD/Documents/public/learning-apache-airflow/venv/lib/python3.7/site-packages/airflow/example_dags/example_skip_dag.py
[2021-03-02 07:22:27,982] {scheduler_job.py:639} INFO - DAG(s) dict_keys(['example_skip_dag']) retrieved from /media/thiagola92/LinuxHD/Documents/public/learning-apache-airflow/venv/lib/python3.7/site-packages/airflow/example_dags/example_skip_dag.py
[2021-03-02 07:22:27,989] {logging_mixin.py:104} INFO - [2021-03-02 07:22:27,989] {dag.py:1818} INFO - Sync 1 DAGs
[2021-03-02 07:22:27,995] {logging_mixin.py:104} INFO - [2021-03-02 07:22:27,995] {dag.py:2273} INFO - Setting next_dagrun for example_skip_dag to 2021-02-28 00:00:00+00:00
[2021-03-02 07:22:27,998] {scheduler_job.py:190} INFO - Processing /media/thiagola92/LinuxHD/Documents/public/learning-apache-airflow/venv/lib/python3.7/site-packages/airflow/example_dags/example_skip_dag.py took 0.024 seconds
[2021-03-02 07:22:58,271] {scheduler_job.py:182} INFO - Started process (PID=32916) to work on /media/thiagola92/LinuxHD/Documents/public/learning-apache-airflow/venv/lib/python3.7/site-packages/airflow/example_dags/example_skip_dag.py
[2021-03-02 07:22:58,273] {scheduler_job.py:629} INFO - Processing file /media/thiagola92/LinuxHD/Documents/public/learning-apache-airflow/venv/lib/python3.7/site-packages/airflow/example_dags/example_skip_dag.py for tasks to queue
[2021-03-02 07:22:58,274] {logging_mixin.py:104} INFO - [2021-03-02 07:22:58,274] {dagbag.py:448} INFO - Filling up the DagBag from /media/thiagola92/LinuxHD/Documents/public/learning-apache-airflow/venv/lib/python3.7/site-packages/airflow/example_dags/example_skip_dag.py
[2021-03-02 07:22:58,298] {scheduler_job.py:639} INFO - DAG(s) dict_keys(['example_skip_dag']) retrieved from /media/thiagola92/LinuxHD/Documents/public/learning-apache-airflow/venv/lib/python3.7/site-packages/airflow/example_dags/example_skip_dag.py
[2021-03-02 07:22:58,318] {logging_mixin.py:104} INFO - [2021-03-02 07:22:58,317] {dag.py:1818} INFO - Sync 1 DAGs
[2021-03-02 07:22:58,328] {logging_mixin.py:104} INFO - [2021-03-02 07:22:58,328] {dag.py:2273} INFO - Setting next_dagrun for example_skip_dag to 2021-02-28 00:00:00+00:00
[2021-03-02 07:22:58,335] {scheduler_job.py:190} INFO - Processing /media/thiagola92/LinuxHD/Documents/public/learning-apache-airflow/venv/lib/python3.7/site-packages/airflow/example_dags/example_skip_dag.py took 0.071 seconds
[2021-03-02 07:23:29,337] {scheduler_job.py:182} INFO - Started process (PID=33424) to work on /media/thiagola92/LinuxHD/Documents/public/learning-apache-airflow/venv/lib/python3.7/site-packages/airflow/example_dags/example_skip_dag.py
[2021-03-02 07:23:29,339] {scheduler_job.py:629} INFO - Processing file /media/thiagola92/LinuxHD/Documents/public/learning-apache-airflow/venv/lib/python3.7/site-packages/airflow/example_dags/example_skip_dag.py for tasks to queue
[2021-03-02 07:23:29,341] {logging_mixin.py:104} INFO - [2021-03-02 07:23:29,340] {dagbag.py:448} INFO - Filling up the DagBag from /media/thiagola92/LinuxHD/Documents/public/learning-apache-airflow/venv/lib/python3.7/site-packages/airflow/example_dags/example_skip_dag.py
[2021-03-02 07:23:29,358] {scheduler_job.py:639} INFO - DAG(s) dict_keys(['example_skip_dag']) retrieved from /media/thiagola92/LinuxHD/Documents/public/learning-apache-airflow/venv/lib/python3.7/site-packages/airflow/example_dags/example_skip_dag.py
[2021-03-02 07:23:29,370] {logging_mixin.py:104} INFO - [2021-03-02 07:23:29,370] {dag.py:1818} INFO - Sync 1 DAGs
[2021-03-02 07:23:29,378] {logging_mixin.py:104} INFO - [2021-03-02 07:23:29,378] {dag.py:2273} INFO - Setting next_dagrun for example_skip_dag to 2021-02-28 00:00:00+00:00
[2021-03-02 07:23:29,383] {scheduler_job.py:190} INFO - Processing /media/thiagola92/LinuxHD/Documents/public/learning-apache-airflow/venv/lib/python3.7/site-packages/airflow/example_dags/example_skip_dag.py took 0.053 seconds
