[2021-03-02 07:11:47,448] {scheduler_job.py:182} INFO - Started process (PID=23688) to work on /media/thiagola92/LinuxHD/Documents/public/learning-apache-airflow/venv/lib/python3.7/site-packages/airflow/example_dags/example_subdag_operator.py
[2021-03-02 07:11:47,449] {scheduler_job.py:629} INFO - Processing file /media/thiagola92/LinuxHD/Documents/public/learning-apache-airflow/venv/lib/python3.7/site-packages/airflow/example_dags/example_subdag_operator.py for tasks to queue
[2021-03-02 07:11:47,449] {logging_mixin.py:104} INFO - [2021-03-02 07:11:47,449] {dagbag.py:448} INFO - Filling up the DagBag from /media/thiagola92/LinuxHD/Documents/public/learning-apache-airflow/venv/lib/python3.7/site-packages/airflow/example_dags/example_subdag_operator.py
[2021-03-02 07:11:47,460] {scheduler_job.py:639} INFO - DAG(s) dict_keys(['example_subdag_operator.section-1', 'example_subdag_operator.section-2', 'example_subdag_operator']) retrieved from /media/thiagola92/LinuxHD/Documents/public/learning-apache-airflow/venv/lib/python3.7/site-packages/airflow/example_dags/example_subdag_operator.py
[2021-03-02 07:11:47,466] {logging_mixin.py:104} INFO - [2021-03-02 07:11:47,466] {dag.py:1818} INFO - Sync 3 DAGs
[2021-03-02 07:11:47,472] {logging_mixin.py:104} INFO - [2021-03-02 07:11:47,472] {dag.py:2273} INFO - Setting next_dagrun for example_subdag_operator to 2021-02-28 00:00:00+00:00
[2021-03-02 07:11:47,472] {logging_mixin.py:104} INFO - [2021-03-02 07:11:47,472] {dag.py:2273} INFO - Setting next_dagrun for example_subdag_operator.section-1 to None
[2021-03-02 07:11:47,472] {logging_mixin.py:104} INFO - [2021-03-02 07:11:47,472] {dag.py:2273} INFO - Setting next_dagrun for example_subdag_operator.section-2 to None
[2021-03-02 07:11:47,475] {logging_mixin.py:104} INFO - [2021-03-02 07:11:47,475] {dag.py:1818} INFO - Sync 2 DAGs
[2021-03-02 07:11:47,478] {logging_mixin.py:104} INFO - [2021-03-02 07:11:47,478] {dag.py:2273} INFO - Setting next_dagrun for example_subdag_operator.section-1 to None
[2021-03-02 07:11:47,478] {logging_mixin.py:104} INFO - [2021-03-02 07:11:47,478] {dag.py:2273} INFO - Setting next_dagrun for example_subdag_operator.section-2 to None
[2021-03-02 07:11:47,481] {scheduler_job.py:190} INFO - Processing /media/thiagola92/LinuxHD/Documents/public/learning-apache-airflow/venv/lib/python3.7/site-packages/airflow/example_dags/example_subdag_operator.py took 0.034 seconds
[2021-03-02 07:12:18,524] {scheduler_job.py:182} INFO - Started process (PID=24136) to work on /media/thiagola92/LinuxHD/Documents/public/learning-apache-airflow/venv/lib/python3.7/site-packages/airflow/example_dags/example_subdag_operator.py
[2021-03-02 07:12:18,524] {scheduler_job.py:629} INFO - Processing file /media/thiagola92/LinuxHD/Documents/public/learning-apache-airflow/venv/lib/python3.7/site-packages/airflow/example_dags/example_subdag_operator.py for tasks to queue
[2021-03-02 07:12:18,525] {logging_mixin.py:104} INFO - [2021-03-02 07:12:18,524] {dagbag.py:448} INFO - Filling up the DagBag from /media/thiagola92/LinuxHD/Documents/public/learning-apache-airflow/venv/lib/python3.7/site-packages/airflow/example_dags/example_subdag_operator.py
[2021-03-02 07:12:18,536] {scheduler_job.py:639} INFO - DAG(s) dict_keys(['example_subdag_operator.section-1', 'example_subdag_operator.section-2', 'example_subdag_operator']) retrieved from /media/thiagola92/LinuxHD/Documents/public/learning-apache-airflow/venv/lib/python3.7/site-packages/airflow/example_dags/example_subdag_operator.py
[2021-03-02 07:12:18,541] {logging_mixin.py:104} INFO - [2021-03-02 07:12:18,541] {dag.py:1818} INFO - Sync 3 DAGs
[2021-03-02 07:12:18,547] {logging_mixin.py:104} INFO - [2021-03-02 07:12:18,547] {dag.py:2273} INFO - Setting next_dagrun for example_subdag_operator to 2021-02-28 00:00:00+00:00
[2021-03-02 07:12:18,547] {logging_mixin.py:104} INFO - [2021-03-02 07:12:18,547] {dag.py:2273} INFO - Setting next_dagrun for example_subdag_operator.section-1 to None
[2021-03-02 07:12:18,548] {logging_mixin.py:104} INFO - [2021-03-02 07:12:18,548] {dag.py:2273} INFO - Setting next_dagrun for example_subdag_operator.section-2 to None
[2021-03-02 07:12:18,550] {logging_mixin.py:104} INFO - [2021-03-02 07:12:18,550] {dag.py:1818} INFO - Sync 2 DAGs
[2021-03-02 07:12:18,554] {logging_mixin.py:104} INFO - [2021-03-02 07:12:18,554] {dag.py:2273} INFO - Setting next_dagrun for example_subdag_operator.section-1 to None
[2021-03-02 07:12:18,554] {logging_mixin.py:104} INFO - [2021-03-02 07:12:18,554] {dag.py:2273} INFO - Setting next_dagrun for example_subdag_operator.section-2 to None
[2021-03-02 07:12:18,556] {scheduler_job.py:190} INFO - Processing /media/thiagola92/LinuxHD/Documents/public/learning-apache-airflow/venv/lib/python3.7/site-packages/airflow/example_dags/example_subdag_operator.py took 0.034 seconds
[2021-03-02 07:12:48,715] {scheduler_job.py:182} INFO - Started process (PID=24799) to work on /media/thiagola92/LinuxHD/Documents/public/learning-apache-airflow/venv/lib/python3.7/site-packages/airflow/example_dags/example_subdag_operator.py
[2021-03-02 07:12:48,716] {scheduler_job.py:629} INFO - Processing file /media/thiagola92/LinuxHD/Documents/public/learning-apache-airflow/venv/lib/python3.7/site-packages/airflow/example_dags/example_subdag_operator.py for tasks to queue
[2021-03-02 07:12:48,717] {logging_mixin.py:104} INFO - [2021-03-02 07:12:48,717] {dagbag.py:448} INFO - Filling up the DagBag from /media/thiagola92/LinuxHD/Documents/public/learning-apache-airflow/venv/lib/python3.7/site-packages/airflow/example_dags/example_subdag_operator.py
[2021-03-02 07:12:48,735] {scheduler_job.py:639} INFO - DAG(s) dict_keys(['example_subdag_operator.section-1', 'example_subdag_operator.section-2', 'example_subdag_operator']) retrieved from /media/thiagola92/LinuxHD/Documents/public/learning-apache-airflow/venv/lib/python3.7/site-packages/airflow/example_dags/example_subdag_operator.py
[2021-03-02 07:12:48,741] {logging_mixin.py:104} INFO - [2021-03-02 07:12:48,741] {dag.py:1818} INFO - Sync 3 DAGs
[2021-03-02 07:12:48,747] {logging_mixin.py:104} INFO - [2021-03-02 07:12:48,747] {dag.py:2273} INFO - Setting next_dagrun for example_subdag_operator to 2021-02-28 00:00:00+00:00
[2021-03-02 07:12:48,747] {logging_mixin.py:104} INFO - [2021-03-02 07:12:48,747] {dag.py:2273} INFO - Setting next_dagrun for example_subdag_operator.section-1 to None
[2021-03-02 07:12:48,747] {logging_mixin.py:104} INFO - [2021-03-02 07:12:48,747] {dag.py:2273} INFO - Setting next_dagrun for example_subdag_operator.section-2 to None
[2021-03-02 07:12:48,750] {logging_mixin.py:104} INFO - [2021-03-02 07:12:48,750] {dag.py:1818} INFO - Sync 2 DAGs
[2021-03-02 07:12:48,753] {logging_mixin.py:104} INFO - [2021-03-02 07:12:48,753] {dag.py:2273} INFO - Setting next_dagrun for example_subdag_operator.section-1 to None
[2021-03-02 07:12:48,753] {logging_mixin.py:104} INFO - [2021-03-02 07:12:48,753] {dag.py:2273} INFO - Setting next_dagrun for example_subdag_operator.section-2 to None
[2021-03-02 07:12:48,756] {scheduler_job.py:190} INFO - Processing /media/thiagola92/LinuxHD/Documents/public/learning-apache-airflow/venv/lib/python3.7/site-packages/airflow/example_dags/example_subdag_operator.py took 0.044 seconds
[2021-03-02 07:13:18,894] {scheduler_job.py:182} INFO - Started process (PID=25258) to work on /media/thiagola92/LinuxHD/Documents/public/learning-apache-airflow/venv/lib/python3.7/site-packages/airflow/example_dags/example_subdag_operator.py
[2021-03-02 07:13:18,894] {scheduler_job.py:629} INFO - Processing file /media/thiagola92/LinuxHD/Documents/public/learning-apache-airflow/venv/lib/python3.7/site-packages/airflow/example_dags/example_subdag_operator.py for tasks to queue
[2021-03-02 07:13:18,895] {logging_mixin.py:104} INFO - [2021-03-02 07:13:18,895] {dagbag.py:448} INFO - Filling up the DagBag from /media/thiagola92/LinuxHD/Documents/public/learning-apache-airflow/venv/lib/python3.7/site-packages/airflow/example_dags/example_subdag_operator.py
[2021-03-02 07:13:18,906] {scheduler_job.py:639} INFO - DAG(s) dict_keys(['example_subdag_operator.section-1', 'example_subdag_operator.section-2', 'example_subdag_operator']) retrieved from /media/thiagola92/LinuxHD/Documents/public/learning-apache-airflow/venv/lib/python3.7/site-packages/airflow/example_dags/example_subdag_operator.py
[2021-03-02 07:13:18,912] {logging_mixin.py:104} INFO - [2021-03-02 07:13:18,911] {dag.py:1818} INFO - Sync 3 DAGs
[2021-03-02 07:13:18,917] {logging_mixin.py:104} INFO - [2021-03-02 07:13:18,917] {dag.py:2273} INFO - Setting next_dagrun for example_subdag_operator to 2021-02-28 00:00:00+00:00
[2021-03-02 07:13:18,917] {logging_mixin.py:104} INFO - [2021-03-02 07:13:18,917] {dag.py:2273} INFO - Setting next_dagrun for example_subdag_operator.section-1 to None
[2021-03-02 07:13:18,918] {logging_mixin.py:104} INFO - [2021-03-02 07:13:18,917] {dag.py:2273} INFO - Setting next_dagrun for example_subdag_operator.section-2 to None
[2021-03-02 07:13:18,920] {logging_mixin.py:104} INFO - [2021-03-02 07:13:18,920] {dag.py:1818} INFO - Sync 2 DAGs
[2021-03-02 07:13:18,923] {logging_mixin.py:104} INFO - [2021-03-02 07:13:18,923] {dag.py:2273} INFO - Setting next_dagrun for example_subdag_operator.section-1 to None
[2021-03-02 07:13:18,924] {logging_mixin.py:104} INFO - [2021-03-02 07:13:18,924] {dag.py:2273} INFO - Setting next_dagrun for example_subdag_operator.section-2 to None
[2021-03-02 07:13:18,926] {scheduler_job.py:190} INFO - Processing /media/thiagola92/LinuxHD/Documents/public/learning-apache-airflow/venv/lib/python3.7/site-packages/airflow/example_dags/example_subdag_operator.py took 0.034 seconds
[2021-03-02 07:14:10,299] {scheduler_job.py:182} INFO - Started process (PID=25944) to work on /media/thiagola92/LinuxHD/Documents/public/learning-apache-airflow/venv/lib/python3.7/site-packages/airflow/example_dags/example_subdag_operator.py
[2021-03-02 07:14:10,300] {scheduler_job.py:629} INFO - Processing file /media/thiagola92/LinuxHD/Documents/public/learning-apache-airflow/venv/lib/python3.7/site-packages/airflow/example_dags/example_subdag_operator.py for tasks to queue
[2021-03-02 07:14:10,300] {logging_mixin.py:104} INFO - [2021-03-02 07:14:10,300] {dagbag.py:448} INFO - Filling up the DagBag from /media/thiagola92/LinuxHD/Documents/public/learning-apache-airflow/venv/lib/python3.7/site-packages/airflow/example_dags/example_subdag_operator.py
[2021-03-02 07:14:10,313] {scheduler_job.py:639} INFO - DAG(s) dict_keys(['example_subdag_operator.section-1', 'example_subdag_operator.section-2', 'example_subdag_operator']) retrieved from /media/thiagola92/LinuxHD/Documents/public/learning-apache-airflow/venv/lib/python3.7/site-packages/airflow/example_dags/example_subdag_operator.py
[2021-03-02 07:14:10,319] {logging_mixin.py:104} INFO - [2021-03-02 07:14:10,319] {dag.py:1818} INFO - Sync 3 DAGs
[2021-03-02 07:14:10,325] {logging_mixin.py:104} INFO - [2021-03-02 07:14:10,325] {dag.py:2273} INFO - Setting next_dagrun for example_subdag_operator to 2021-02-28 00:00:00+00:00
[2021-03-02 07:14:10,326] {logging_mixin.py:104} INFO - [2021-03-02 07:14:10,326] {dag.py:2273} INFO - Setting next_dagrun for example_subdag_operator.section-1 to None
[2021-03-02 07:14:10,326] {logging_mixin.py:104} INFO - [2021-03-02 07:14:10,326] {dag.py:2273} INFO - Setting next_dagrun for example_subdag_operator.section-2 to None
[2021-03-02 07:14:10,328] {logging_mixin.py:104} INFO - [2021-03-02 07:14:10,328] {dag.py:1818} INFO - Sync 2 DAGs
[2021-03-02 07:14:10,332] {logging_mixin.py:104} INFO - [2021-03-02 07:14:10,332] {dag.py:2273} INFO - Setting next_dagrun for example_subdag_operator.section-1 to None
[2021-03-02 07:14:10,332] {logging_mixin.py:104} INFO - [2021-03-02 07:14:10,332] {dag.py:2273} INFO - Setting next_dagrun for example_subdag_operator.section-2 to None
[2021-03-02 07:14:10,335] {scheduler_job.py:190} INFO - Processing /media/thiagola92/LinuxHD/Documents/public/learning-apache-airflow/venv/lib/python3.7/site-packages/airflow/example_dags/example_subdag_operator.py took 0.038 seconds
[2021-03-02 07:14:40,541] {scheduler_job.py:182} INFO - Started process (PID=26352) to work on /media/thiagola92/LinuxHD/Documents/public/learning-apache-airflow/venv/lib/python3.7/site-packages/airflow/example_dags/example_subdag_operator.py
[2021-03-02 07:14:40,543] {scheduler_job.py:629} INFO - Processing file /media/thiagola92/LinuxHD/Documents/public/learning-apache-airflow/venv/lib/python3.7/site-packages/airflow/example_dags/example_subdag_operator.py for tasks to queue
[2021-03-02 07:14:40,544] {logging_mixin.py:104} INFO - [2021-03-02 07:14:40,544] {dagbag.py:448} INFO - Filling up the DagBag from /media/thiagola92/LinuxHD/Documents/public/learning-apache-airflow/venv/lib/python3.7/site-packages/airflow/example_dags/example_subdag_operator.py
[2021-03-02 07:14:40,568] {scheduler_job.py:639} INFO - DAG(s) dict_keys(['example_subdag_operator.section-1', 'example_subdag_operator.section-2', 'example_subdag_operator']) retrieved from /media/thiagola92/LinuxHD/Documents/public/learning-apache-airflow/venv/lib/python3.7/site-packages/airflow/example_dags/example_subdag_operator.py
[2021-03-02 07:14:40,576] {logging_mixin.py:104} INFO - [2021-03-02 07:14:40,576] {dag.py:1818} INFO - Sync 3 DAGs
[2021-03-02 07:14:40,582] {logging_mixin.py:104} INFO - [2021-03-02 07:14:40,582] {dag.py:2273} INFO - Setting next_dagrun for example_subdag_operator to 2021-02-28 00:00:00+00:00
[2021-03-02 07:14:40,583] {logging_mixin.py:104} INFO - [2021-03-02 07:14:40,583] {dag.py:2273} INFO - Setting next_dagrun for example_subdag_operator.section-1 to None
[2021-03-02 07:14:40,583] {logging_mixin.py:104} INFO - [2021-03-02 07:14:40,583] {dag.py:2273} INFO - Setting next_dagrun for example_subdag_operator.section-2 to None
[2021-03-02 07:14:40,586] {logging_mixin.py:104} INFO - [2021-03-02 07:14:40,586] {dag.py:1818} INFO - Sync 2 DAGs
[2021-03-02 07:14:40,590] {logging_mixin.py:104} INFO - [2021-03-02 07:14:40,590] {dag.py:2273} INFO - Setting next_dagrun for example_subdag_operator.section-1 to None
[2021-03-02 07:14:40,590] {logging_mixin.py:104} INFO - [2021-03-02 07:14:40,590] {dag.py:2273} INFO - Setting next_dagrun for example_subdag_operator.section-2 to None
[2021-03-02 07:14:40,593] {scheduler_job.py:190} INFO - Processing /media/thiagola92/LinuxHD/Documents/public/learning-apache-airflow/venv/lib/python3.7/site-packages/airflow/example_dags/example_subdag_operator.py took 0.057 seconds
[2021-03-02 07:15:10,806] {scheduler_job.py:182} INFO - Started process (PID=26751) to work on /media/thiagola92/LinuxHD/Documents/public/learning-apache-airflow/venv/lib/python3.7/site-packages/airflow/example_dags/example_subdag_operator.py
[2021-03-02 07:15:10,806] {scheduler_job.py:629} INFO - Processing file /media/thiagola92/LinuxHD/Documents/public/learning-apache-airflow/venv/lib/python3.7/site-packages/airflow/example_dags/example_subdag_operator.py for tasks to queue
[2021-03-02 07:15:10,807] {logging_mixin.py:104} INFO - [2021-03-02 07:15:10,806] {dagbag.py:448} INFO - Filling up the DagBag from /media/thiagola92/LinuxHD/Documents/public/learning-apache-airflow/venv/lib/python3.7/site-packages/airflow/example_dags/example_subdag_operator.py
[2021-03-02 07:15:10,818] {scheduler_job.py:639} INFO - DAG(s) dict_keys(['example_subdag_operator.section-1', 'example_subdag_operator.section-2', 'example_subdag_operator']) retrieved from /media/thiagola92/LinuxHD/Documents/public/learning-apache-airflow/venv/lib/python3.7/site-packages/airflow/example_dags/example_subdag_operator.py
[2021-03-02 07:15:10,824] {logging_mixin.py:104} INFO - [2021-03-02 07:15:10,823] {dag.py:1818} INFO - Sync 3 DAGs
[2021-03-02 07:15:10,829] {logging_mixin.py:104} INFO - [2021-03-02 07:15:10,829] {dag.py:2273} INFO - Setting next_dagrun for example_subdag_operator to 2021-02-28 00:00:00+00:00
[2021-03-02 07:15:10,829] {logging_mixin.py:104} INFO - [2021-03-02 07:15:10,829] {dag.py:2273} INFO - Setting next_dagrun for example_subdag_operator.section-1 to None
[2021-03-02 07:15:10,829] {logging_mixin.py:104} INFO - [2021-03-02 07:15:10,829] {dag.py:2273} INFO - Setting next_dagrun for example_subdag_operator.section-2 to None
[2021-03-02 07:15:10,832] {logging_mixin.py:104} INFO - [2021-03-02 07:15:10,832] {dag.py:1818} INFO - Sync 2 DAGs
[2021-03-02 07:15:10,835] {logging_mixin.py:104} INFO - [2021-03-02 07:15:10,835] {dag.py:2273} INFO - Setting next_dagrun for example_subdag_operator.section-1 to None
[2021-03-02 07:15:10,835] {logging_mixin.py:104} INFO - [2021-03-02 07:15:10,835] {dag.py:2273} INFO - Setting next_dagrun for example_subdag_operator.section-2 to None
[2021-03-02 07:15:10,838] {scheduler_job.py:190} INFO - Processing /media/thiagola92/LinuxHD/Documents/public/learning-apache-airflow/venv/lib/python3.7/site-packages/airflow/example_dags/example_subdag_operator.py took 0.034 seconds
[2021-03-02 07:15:41,203] {scheduler_job.py:182} INFO - Started process (PID=27189) to work on /media/thiagola92/LinuxHD/Documents/public/learning-apache-airflow/venv/lib/python3.7/site-packages/airflow/example_dags/example_subdag_operator.py
[2021-03-02 07:15:41,203] {scheduler_job.py:629} INFO - Processing file /media/thiagola92/LinuxHD/Documents/public/learning-apache-airflow/venv/lib/python3.7/site-packages/airflow/example_dags/example_subdag_operator.py for tasks to queue
[2021-03-02 07:15:41,204] {logging_mixin.py:104} INFO - [2021-03-02 07:15:41,204] {dagbag.py:448} INFO - Filling up the DagBag from /media/thiagola92/LinuxHD/Documents/public/learning-apache-airflow/venv/lib/python3.7/site-packages/airflow/example_dags/example_subdag_operator.py
[2021-03-02 07:15:41,215] {scheduler_job.py:639} INFO - DAG(s) dict_keys(['example_subdag_operator.section-1', 'example_subdag_operator.section-2', 'example_subdag_operator']) retrieved from /media/thiagola92/LinuxHD/Documents/public/learning-apache-airflow/venv/lib/python3.7/site-packages/airflow/example_dags/example_subdag_operator.py
[2021-03-02 07:15:41,221] {logging_mixin.py:104} INFO - [2021-03-02 07:15:41,221] {dag.py:1818} INFO - Sync 3 DAGs
[2021-03-02 07:15:41,226] {logging_mixin.py:104} INFO - [2021-03-02 07:15:41,226] {dag.py:2273} INFO - Setting next_dagrun for example_subdag_operator to 2021-02-28 00:00:00+00:00
[2021-03-02 07:15:41,227] {logging_mixin.py:104} INFO - [2021-03-02 07:15:41,227] {dag.py:2273} INFO - Setting next_dagrun for example_subdag_operator.section-1 to None
[2021-03-02 07:15:41,227] {logging_mixin.py:104} INFO - [2021-03-02 07:15:41,227] {dag.py:2273} INFO - Setting next_dagrun for example_subdag_operator.section-2 to None
[2021-03-02 07:15:41,229] {logging_mixin.py:104} INFO - [2021-03-02 07:15:41,229] {dag.py:1818} INFO - Sync 2 DAGs
[2021-03-02 07:15:41,233] {logging_mixin.py:104} INFO - [2021-03-02 07:15:41,233] {dag.py:2273} INFO - Setting next_dagrun for example_subdag_operator.section-1 to None
[2021-03-02 07:15:41,233] {logging_mixin.py:104} INFO - [2021-03-02 07:15:41,233] {dag.py:2273} INFO - Setting next_dagrun for example_subdag_operator.section-2 to None
[2021-03-02 07:15:41,235] {scheduler_job.py:190} INFO - Processing /media/thiagola92/LinuxHD/Documents/public/learning-apache-airflow/venv/lib/python3.7/site-packages/airflow/example_dags/example_subdag_operator.py took 0.034 seconds
[2021-03-02 07:16:11,495] {scheduler_job.py:182} INFO - Started process (PID=27570) to work on /media/thiagola92/LinuxHD/Documents/public/learning-apache-airflow/venv/lib/python3.7/site-packages/airflow/example_dags/example_subdag_operator.py
[2021-03-02 07:16:11,497] {scheduler_job.py:629} INFO - Processing file /media/thiagola92/LinuxHD/Documents/public/learning-apache-airflow/venv/lib/python3.7/site-packages/airflow/example_dags/example_subdag_operator.py for tasks to queue
[2021-03-02 07:16:11,499] {logging_mixin.py:104} INFO - [2021-03-02 07:16:11,499] {dagbag.py:448} INFO - Filling up the DagBag from /media/thiagola92/LinuxHD/Documents/public/learning-apache-airflow/venv/lib/python3.7/site-packages/airflow/example_dags/example_subdag_operator.py
[2021-03-02 07:16:11,523] {scheduler_job.py:639} INFO - DAG(s) dict_keys(['example_subdag_operator.section-1', 'example_subdag_operator.section-2', 'example_subdag_operator']) retrieved from /media/thiagola92/LinuxHD/Documents/public/learning-apache-airflow/venv/lib/python3.7/site-packages/airflow/example_dags/example_subdag_operator.py
[2021-03-02 07:16:11,530] {logging_mixin.py:104} INFO - [2021-03-02 07:16:11,530] {dag.py:1818} INFO - Sync 3 DAGs
[2021-03-02 07:16:11,536] {logging_mixin.py:104} INFO - [2021-03-02 07:16:11,535] {dag.py:2273} INFO - Setting next_dagrun for example_subdag_operator to 2021-02-28 00:00:00+00:00
[2021-03-02 07:16:11,536] {logging_mixin.py:104} INFO - [2021-03-02 07:16:11,536] {dag.py:2273} INFO - Setting next_dagrun for example_subdag_operator.section-1 to None
[2021-03-02 07:16:11,536] {logging_mixin.py:104} INFO - [2021-03-02 07:16:11,536] {dag.py:2273} INFO - Setting next_dagrun for example_subdag_operator.section-2 to None
[2021-03-02 07:16:11,539] {logging_mixin.py:104} INFO - [2021-03-02 07:16:11,539] {dag.py:1818} INFO - Sync 2 DAGs
[2021-03-02 07:16:11,543] {logging_mixin.py:104} INFO - [2021-03-02 07:16:11,543] {dag.py:2273} INFO - Setting next_dagrun for example_subdag_operator.section-1 to None
[2021-03-02 07:16:11,543] {logging_mixin.py:104} INFO - [2021-03-02 07:16:11,543] {dag.py:2273} INFO - Setting next_dagrun for example_subdag_operator.section-2 to None
[2021-03-02 07:16:11,546] {scheduler_job.py:190} INFO - Processing /media/thiagola92/LinuxHD/Documents/public/learning-apache-airflow/venv/lib/python3.7/site-packages/airflow/example_dags/example_subdag_operator.py took 0.057 seconds
[2021-03-02 07:16:41,766] {scheduler_job.py:182} INFO - Started process (PID=27963) to work on /media/thiagola92/LinuxHD/Documents/public/learning-apache-airflow/venv/lib/python3.7/site-packages/airflow/example_dags/example_subdag_operator.py
[2021-03-02 07:16:41,768] {scheduler_job.py:629} INFO - Processing file /media/thiagola92/LinuxHD/Documents/public/learning-apache-airflow/venv/lib/python3.7/site-packages/airflow/example_dags/example_subdag_operator.py for tasks to queue
[2021-03-02 07:16:41,769] {logging_mixin.py:104} INFO - [2021-03-02 07:16:41,769] {dagbag.py:448} INFO - Filling up the DagBag from /media/thiagola92/LinuxHD/Documents/public/learning-apache-airflow/venv/lib/python3.7/site-packages/airflow/example_dags/example_subdag_operator.py
[2021-03-02 07:16:41,793] {scheduler_job.py:639} INFO - DAG(s) dict_keys(['example_subdag_operator.section-1', 'example_subdag_operator.section-2', 'example_subdag_operator']) retrieved from /media/thiagola92/LinuxHD/Documents/public/learning-apache-airflow/venv/lib/python3.7/site-packages/airflow/example_dags/example_subdag_operator.py
[2021-03-02 07:16:41,800] {logging_mixin.py:104} INFO - [2021-03-02 07:16:41,799] {dag.py:1818} INFO - Sync 3 DAGs
[2021-03-02 07:16:41,806] {logging_mixin.py:104} INFO - [2021-03-02 07:16:41,806] {dag.py:2273} INFO - Setting next_dagrun for example_subdag_operator to 2021-02-28 00:00:00+00:00
[2021-03-02 07:16:41,806] {logging_mixin.py:104} INFO - [2021-03-02 07:16:41,806] {dag.py:2273} INFO - Setting next_dagrun for example_subdag_operator.section-1 to None
[2021-03-02 07:16:41,806] {logging_mixin.py:104} INFO - [2021-03-02 07:16:41,806] {dag.py:2273} INFO - Setting next_dagrun for example_subdag_operator.section-2 to None
[2021-03-02 07:16:41,809] {logging_mixin.py:104} INFO - [2021-03-02 07:16:41,809] {dag.py:1818} INFO - Sync 2 DAGs
[2021-03-02 07:16:41,812] {logging_mixin.py:104} INFO - [2021-03-02 07:16:41,812] {dag.py:2273} INFO - Setting next_dagrun for example_subdag_operator.section-1 to None
[2021-03-02 07:16:41,812] {logging_mixin.py:104} INFO - [2021-03-02 07:16:41,812] {dag.py:2273} INFO - Setting next_dagrun for example_subdag_operator.section-2 to None
[2021-03-02 07:16:41,815] {scheduler_job.py:190} INFO - Processing /media/thiagola92/LinuxHD/Documents/public/learning-apache-airflow/venv/lib/python3.7/site-packages/airflow/example_dags/example_subdag_operator.py took 0.053 seconds
[2021-03-02 07:17:12,055] {scheduler_job.py:182} INFO - Started process (PID=28392) to work on /media/thiagola92/LinuxHD/Documents/public/learning-apache-airflow/venv/lib/python3.7/site-packages/airflow/example_dags/example_subdag_operator.py
[2021-03-02 07:17:12,057] {scheduler_job.py:629} INFO - Processing file /media/thiagola92/LinuxHD/Documents/public/learning-apache-airflow/venv/lib/python3.7/site-packages/airflow/example_dags/example_subdag_operator.py for tasks to queue
[2021-03-02 07:17:12,059] {logging_mixin.py:104} INFO - [2021-03-02 07:17:12,058] {dagbag.py:448} INFO - Filling up the DagBag from /media/thiagola92/LinuxHD/Documents/public/learning-apache-airflow/venv/lib/python3.7/site-packages/airflow/example_dags/example_subdag_operator.py
[2021-03-02 07:17:12,087] {scheduler_job.py:639} INFO - DAG(s) dict_keys(['example_subdag_operator.section-1', 'example_subdag_operator.section-2', 'example_subdag_operator']) retrieved from /media/thiagola92/LinuxHD/Documents/public/learning-apache-airflow/venv/lib/python3.7/site-packages/airflow/example_dags/example_subdag_operator.py
[2021-03-02 07:17:12,094] {logging_mixin.py:104} INFO - [2021-03-02 07:17:12,094] {dag.py:1818} INFO - Sync 3 DAGs
[2021-03-02 07:17:12,101] {logging_mixin.py:104} INFO - [2021-03-02 07:17:12,101] {dag.py:2273} INFO - Setting next_dagrun for example_subdag_operator to 2021-02-28 00:00:00+00:00
[2021-03-02 07:17:12,101] {logging_mixin.py:104} INFO - [2021-03-02 07:17:12,101] {dag.py:2273} INFO - Setting next_dagrun for example_subdag_operator.section-1 to None
[2021-03-02 07:17:12,102] {logging_mixin.py:104} INFO - [2021-03-02 07:17:12,102] {dag.py:2273} INFO - Setting next_dagrun for example_subdag_operator.section-2 to None
[2021-03-02 07:17:12,104] {logging_mixin.py:104} INFO - [2021-03-02 07:17:12,104] {dag.py:1818} INFO - Sync 2 DAGs
[2021-03-02 07:17:12,107] {logging_mixin.py:104} INFO - [2021-03-02 07:17:12,107] {dag.py:2273} INFO - Setting next_dagrun for example_subdag_operator.section-1 to None
[2021-03-02 07:17:12,108] {logging_mixin.py:104} INFO - [2021-03-02 07:17:12,107] {dag.py:2273} INFO - Setting next_dagrun for example_subdag_operator.section-2 to None
[2021-03-02 07:17:12,110] {scheduler_job.py:190} INFO - Processing /media/thiagola92/LinuxHD/Documents/public/learning-apache-airflow/venv/lib/python3.7/site-packages/airflow/example_dags/example_subdag_operator.py took 0.061 seconds
[2021-03-02 07:17:42,318] {scheduler_job.py:182} INFO - Started process (PID=28799) to work on /media/thiagola92/LinuxHD/Documents/public/learning-apache-airflow/venv/lib/python3.7/site-packages/airflow/example_dags/example_subdag_operator.py
[2021-03-02 07:17:42,320] {scheduler_job.py:629} INFO - Processing file /media/thiagola92/LinuxHD/Documents/public/learning-apache-airflow/venv/lib/python3.7/site-packages/airflow/example_dags/example_subdag_operator.py for tasks to queue
[2021-03-02 07:17:42,321] {logging_mixin.py:104} INFO - [2021-03-02 07:17:42,321] {dagbag.py:448} INFO - Filling up the DagBag from /media/thiagola92/LinuxHD/Documents/public/learning-apache-airflow/venv/lib/python3.7/site-packages/airflow/example_dags/example_subdag_operator.py
[2021-03-02 07:17:42,363] {scheduler_job.py:639} INFO - DAG(s) dict_keys(['example_subdag_operator.section-1', 'example_subdag_operator.section-2', 'example_subdag_operator']) retrieved from /media/thiagola92/LinuxHD/Documents/public/learning-apache-airflow/venv/lib/python3.7/site-packages/airflow/example_dags/example_subdag_operator.py
[2021-03-02 07:17:42,372] {logging_mixin.py:104} INFO - [2021-03-02 07:17:42,372] {dag.py:1818} INFO - Sync 3 DAGs
[2021-03-02 07:17:42,379] {logging_mixin.py:104} INFO - [2021-03-02 07:17:42,379] {dag.py:2273} INFO - Setting next_dagrun for example_subdag_operator to 2021-02-28 00:00:00+00:00
[2021-03-02 07:17:42,380] {logging_mixin.py:104} INFO - [2021-03-02 07:17:42,379] {dag.py:2273} INFO - Setting next_dagrun for example_subdag_operator.section-1 to None
[2021-03-02 07:17:42,380] {logging_mixin.py:104} INFO - [2021-03-02 07:17:42,380] {dag.py:2273} INFO - Setting next_dagrun for example_subdag_operator.section-2 to None
[2021-03-02 07:17:42,382] {logging_mixin.py:104} INFO - [2021-03-02 07:17:42,382] {dag.py:1818} INFO - Sync 2 DAGs
[2021-03-02 07:17:42,386] {logging_mixin.py:104} INFO - [2021-03-02 07:17:42,386] {dag.py:2273} INFO - Setting next_dagrun for example_subdag_operator.section-1 to None
[2021-03-02 07:17:42,386] {logging_mixin.py:104} INFO - [2021-03-02 07:17:42,386] {dag.py:2273} INFO - Setting next_dagrun for example_subdag_operator.section-2 to None
[2021-03-02 07:17:42,389] {scheduler_job.py:190} INFO - Processing /media/thiagola92/LinuxHD/Documents/public/learning-apache-airflow/venv/lib/python3.7/site-packages/airflow/example_dags/example_subdag_operator.py took 0.077 seconds
[2021-03-02 07:21:40,335] {scheduler_job.py:182} INFO - Started process (PID=31898) to work on /media/thiagola92/LinuxHD/Documents/public/learning-apache-airflow/venv/lib/python3.7/site-packages/airflow/example_dags/example_subdag_operator.py
[2021-03-02 07:21:40,337] {scheduler_job.py:629} INFO - Processing file /media/thiagola92/LinuxHD/Documents/public/learning-apache-airflow/venv/lib/python3.7/site-packages/airflow/example_dags/example_subdag_operator.py for tasks to queue
[2021-03-02 07:21:40,339] {logging_mixin.py:104} INFO - [2021-03-02 07:21:40,338] {dagbag.py:448} INFO - Filling up the DagBag from /media/thiagola92/LinuxHD/Documents/public/learning-apache-airflow/venv/lib/python3.7/site-packages/airflow/example_dags/example_subdag_operator.py
[2021-03-02 07:21:40,365] {scheduler_job.py:639} INFO - DAG(s) dict_keys(['example_subdag_operator.section-1', 'example_subdag_operator.section-2', 'example_subdag_operator']) retrieved from /media/thiagola92/LinuxHD/Documents/public/learning-apache-airflow/venv/lib/python3.7/site-packages/airflow/example_dags/example_subdag_operator.py
[2021-03-02 07:21:40,372] {logging_mixin.py:104} INFO - [2021-03-02 07:21:40,372] {dag.py:1818} INFO - Sync 3 DAGs
[2021-03-02 07:21:40,378] {logging_mixin.py:104} INFO - [2021-03-02 07:21:40,378] {dag.py:2273} INFO - Setting next_dagrun for example_subdag_operator to 2021-02-28 00:00:00+00:00
[2021-03-02 07:21:40,379] {logging_mixin.py:104} INFO - [2021-03-02 07:21:40,379] {dag.py:2273} INFO - Setting next_dagrun for example_subdag_operator.section-1 to None
[2021-03-02 07:21:40,379] {logging_mixin.py:104} INFO - [2021-03-02 07:21:40,379] {dag.py:2273} INFO - Setting next_dagrun for example_subdag_operator.section-2 to None
[2021-03-02 07:21:40,382] {logging_mixin.py:104} INFO - [2021-03-02 07:21:40,382] {dag.py:1818} INFO - Sync 2 DAGs
[2021-03-02 07:21:40,387] {logging_mixin.py:104} INFO - [2021-03-02 07:21:40,386] {dag.py:2273} INFO - Setting next_dagrun for example_subdag_operator.section-1 to None
[2021-03-02 07:21:40,387] {logging_mixin.py:104} INFO - [2021-03-02 07:21:40,387] {dag.py:2273} INFO - Setting next_dagrun for example_subdag_operator.section-2 to None
[2021-03-02 07:21:40,390] {scheduler_job.py:190} INFO - Processing /media/thiagola92/LinuxHD/Documents/public/learning-apache-airflow/venv/lib/python3.7/site-packages/airflow/example_dags/example_subdag_operator.py took 0.062 seconds
[2021-03-02 07:22:10,850] {scheduler_job.py:182} INFO - Started process (PID=32259) to work on /media/thiagola92/LinuxHD/Documents/public/learning-apache-airflow/venv/lib/python3.7/site-packages/airflow/example_dags/example_subdag_operator.py
[2021-03-02 07:22:10,852] {scheduler_job.py:629} INFO - Processing file /media/thiagola92/LinuxHD/Documents/public/learning-apache-airflow/venv/lib/python3.7/site-packages/airflow/example_dags/example_subdag_operator.py for tasks to queue
[2021-03-02 07:22:10,854] {logging_mixin.py:104} INFO - [2021-03-02 07:22:10,853] {dagbag.py:448} INFO - Filling up the DagBag from /media/thiagola92/LinuxHD/Documents/public/learning-apache-airflow/venv/lib/python3.7/site-packages/airflow/example_dags/example_subdag_operator.py
[2021-03-02 07:22:10,880] {scheduler_job.py:639} INFO - DAG(s) dict_keys(['example_subdag_operator.section-1', 'example_subdag_operator.section-2', 'example_subdag_operator']) retrieved from /media/thiagola92/LinuxHD/Documents/public/learning-apache-airflow/venv/lib/python3.7/site-packages/airflow/example_dags/example_subdag_operator.py
[2021-03-02 07:22:10,887] {logging_mixin.py:104} INFO - [2021-03-02 07:22:10,887] {dag.py:1818} INFO - Sync 3 DAGs
[2021-03-02 07:22:10,894] {logging_mixin.py:104} INFO - [2021-03-02 07:22:10,894] {dag.py:2273} INFO - Setting next_dagrun for example_subdag_operator to 2021-02-28 00:00:00+00:00
[2021-03-02 07:22:10,894] {logging_mixin.py:104} INFO - [2021-03-02 07:22:10,894] {dag.py:2273} INFO - Setting next_dagrun for example_subdag_operator.section-1 to None
[2021-03-02 07:22:10,894] {logging_mixin.py:104} INFO - [2021-03-02 07:22:10,894] {dag.py:2273} INFO - Setting next_dagrun for example_subdag_operator.section-2 to None
[2021-03-02 07:22:10,897] {logging_mixin.py:104} INFO - [2021-03-02 07:22:10,897] {dag.py:1818} INFO - Sync 2 DAGs
[2021-03-02 07:22:10,900] {logging_mixin.py:104} INFO - [2021-03-02 07:22:10,900] {dag.py:2273} INFO - Setting next_dagrun for example_subdag_operator.section-1 to None
[2021-03-02 07:22:10,900] {logging_mixin.py:104} INFO - [2021-03-02 07:22:10,900] {dag.py:2273} INFO - Setting next_dagrun for example_subdag_operator.section-2 to None
[2021-03-02 07:22:10,903] {scheduler_job.py:190} INFO - Processing /media/thiagola92/LinuxHD/Documents/public/learning-apache-airflow/venv/lib/python3.7/site-packages/airflow/example_dags/example_subdag_operator.py took 0.059 seconds
[2021-03-02 07:22:41,798] {scheduler_job.py:182} INFO - Started process (PID=32682) to work on /media/thiagola92/LinuxHD/Documents/public/learning-apache-airflow/venv/lib/python3.7/site-packages/airflow/example_dags/example_subdag_operator.py
[2021-03-02 07:22:41,799] {scheduler_job.py:629} INFO - Processing file /media/thiagola92/LinuxHD/Documents/public/learning-apache-airflow/venv/lib/python3.7/site-packages/airflow/example_dags/example_subdag_operator.py for tasks to queue
[2021-03-02 07:22:41,799] {logging_mixin.py:104} INFO - [2021-03-02 07:22:41,799] {dagbag.py:448} INFO - Filling up the DagBag from /media/thiagola92/LinuxHD/Documents/public/learning-apache-airflow/venv/lib/python3.7/site-packages/airflow/example_dags/example_subdag_operator.py
[2021-03-02 07:22:41,811] {scheduler_job.py:639} INFO - DAG(s) dict_keys(['example_subdag_operator.section-1', 'example_subdag_operator.section-2', 'example_subdag_operator']) retrieved from /media/thiagola92/LinuxHD/Documents/public/learning-apache-airflow/venv/lib/python3.7/site-packages/airflow/example_dags/example_subdag_operator.py
[2021-03-02 07:22:41,817] {logging_mixin.py:104} INFO - [2021-03-02 07:22:41,817] {dag.py:1818} INFO - Sync 3 DAGs
[2021-03-02 07:22:41,823] {logging_mixin.py:104} INFO - [2021-03-02 07:22:41,823] {dag.py:2273} INFO - Setting next_dagrun for example_subdag_operator to 2021-02-28 00:00:00+00:00
[2021-03-02 07:22:41,823] {logging_mixin.py:104} INFO - [2021-03-02 07:22:41,823] {dag.py:2273} INFO - Setting next_dagrun for example_subdag_operator.section-1 to None
[2021-03-02 07:22:41,823] {logging_mixin.py:104} INFO - [2021-03-02 07:22:41,823] {dag.py:2273} INFO - Setting next_dagrun for example_subdag_operator.section-2 to None
[2021-03-02 07:22:41,826] {logging_mixin.py:104} INFO - [2021-03-02 07:22:41,826] {dag.py:1818} INFO - Sync 2 DAGs
[2021-03-02 07:22:41,829] {logging_mixin.py:104} INFO - [2021-03-02 07:22:41,829] {dag.py:2273} INFO - Setting next_dagrun for example_subdag_operator.section-1 to None
[2021-03-02 07:22:41,829] {logging_mixin.py:104} INFO - [2021-03-02 07:22:41,829] {dag.py:2273} INFO - Setting next_dagrun for example_subdag_operator.section-2 to None
[2021-03-02 07:22:41,832] {scheduler_job.py:190} INFO - Processing /media/thiagola92/LinuxHD/Documents/public/learning-apache-airflow/venv/lib/python3.7/site-packages/airflow/example_dags/example_subdag_operator.py took 0.035 seconds
[2021-03-02 07:23:12,098] {scheduler_job.py:182} INFO - Started process (PID=33165) to work on /media/thiagola92/LinuxHD/Documents/public/learning-apache-airflow/venv/lib/python3.7/site-packages/airflow/example_dags/example_subdag_operator.py
[2021-03-02 07:23:12,099] {scheduler_job.py:629} INFO - Processing file /media/thiagola92/LinuxHD/Documents/public/learning-apache-airflow/venv/lib/python3.7/site-packages/airflow/example_dags/example_subdag_operator.py for tasks to queue
[2021-03-02 07:23:12,099] {logging_mixin.py:104} INFO - [2021-03-02 07:23:12,099] {dagbag.py:448} INFO - Filling up the DagBag from /media/thiagola92/LinuxHD/Documents/public/learning-apache-airflow/venv/lib/python3.7/site-packages/airflow/example_dags/example_subdag_operator.py
[2021-03-02 07:23:12,112] {scheduler_job.py:639} INFO - DAG(s) dict_keys(['example_subdag_operator.section-1', 'example_subdag_operator.section-2', 'example_subdag_operator']) retrieved from /media/thiagola92/LinuxHD/Documents/public/learning-apache-airflow/venv/lib/python3.7/site-packages/airflow/example_dags/example_subdag_operator.py
[2021-03-02 07:23:12,118] {logging_mixin.py:104} INFO - [2021-03-02 07:23:12,118] {dag.py:1818} INFO - Sync 3 DAGs
[2021-03-02 07:23:12,124] {logging_mixin.py:104} INFO - [2021-03-02 07:23:12,124] {dag.py:2273} INFO - Setting next_dagrun for example_subdag_operator to 2021-02-28 00:00:00+00:00
[2021-03-02 07:23:12,125] {logging_mixin.py:104} INFO - [2021-03-02 07:23:12,125] {dag.py:2273} INFO - Setting next_dagrun for example_subdag_operator.section-1 to None
[2021-03-02 07:23:12,125] {logging_mixin.py:104} INFO - [2021-03-02 07:23:12,125] {dag.py:2273} INFO - Setting next_dagrun for example_subdag_operator.section-2 to None
[2021-03-02 07:23:12,128] {logging_mixin.py:104} INFO - [2021-03-02 07:23:12,128] {dag.py:1818} INFO - Sync 2 DAGs
[2021-03-02 07:23:12,131] {logging_mixin.py:104} INFO - [2021-03-02 07:23:12,131] {dag.py:2273} INFO - Setting next_dagrun for example_subdag_operator.section-1 to None
[2021-03-02 07:23:12,131] {logging_mixin.py:104} INFO - [2021-03-02 07:23:12,131] {dag.py:2273} INFO - Setting next_dagrun for example_subdag_operator.section-2 to None
[2021-03-02 07:23:12,134] {scheduler_job.py:190} INFO - Processing /media/thiagola92/LinuxHD/Documents/public/learning-apache-airflow/venv/lib/python3.7/site-packages/airflow/example_dags/example_subdag_operator.py took 0.038 seconds
[2021-03-02 07:23:42,398] {scheduler_job.py:182} INFO - Started process (PID=33631) to work on /media/thiagola92/LinuxHD/Documents/public/learning-apache-airflow/venv/lib/python3.7/site-packages/airflow/example_dags/example_subdag_operator.py
[2021-03-02 07:23:42,400] {scheduler_job.py:629} INFO - Processing file /media/thiagola92/LinuxHD/Documents/public/learning-apache-airflow/venv/lib/python3.7/site-packages/airflow/example_dags/example_subdag_operator.py for tasks to queue
[2021-03-02 07:23:42,402] {logging_mixin.py:104} INFO - [2021-03-02 07:23:42,402] {dagbag.py:448} INFO - Filling up the DagBag from /media/thiagola92/LinuxHD/Documents/public/learning-apache-airflow/venv/lib/python3.7/site-packages/airflow/example_dags/example_subdag_operator.py
[2021-03-02 07:23:42,425] {scheduler_job.py:639} INFO - DAG(s) dict_keys(['example_subdag_operator.section-1', 'example_subdag_operator.section-2', 'example_subdag_operator']) retrieved from /media/thiagola92/LinuxHD/Documents/public/learning-apache-airflow/venv/lib/python3.7/site-packages/airflow/example_dags/example_subdag_operator.py
[2021-03-02 07:23:42,433] {logging_mixin.py:104} INFO - [2021-03-02 07:23:42,432] {dag.py:1818} INFO - Sync 3 DAGs
[2021-03-02 07:23:42,439] {logging_mixin.py:104} INFO - [2021-03-02 07:23:42,438] {dag.py:2273} INFO - Setting next_dagrun for example_subdag_operator to 2021-02-28 00:00:00+00:00
[2021-03-02 07:23:42,439] {logging_mixin.py:104} INFO - [2021-03-02 07:23:42,439] {dag.py:2273} INFO - Setting next_dagrun for example_subdag_operator.section-1 to None
[2021-03-02 07:23:42,439] {logging_mixin.py:104} INFO - [2021-03-02 07:23:42,439] {dag.py:2273} INFO - Setting next_dagrun for example_subdag_operator.section-2 to None
[2021-03-02 07:23:42,441] {logging_mixin.py:104} INFO - [2021-03-02 07:23:42,441] {dag.py:1818} INFO - Sync 2 DAGs
[2021-03-02 07:23:42,445] {logging_mixin.py:104} INFO - [2021-03-02 07:23:42,445] {dag.py:2273} INFO - Setting next_dagrun for example_subdag_operator.section-1 to None
[2021-03-02 07:23:42,445] {logging_mixin.py:104} INFO - [2021-03-02 07:23:42,445] {dag.py:2273} INFO - Setting next_dagrun for example_subdag_operator.section-2 to None
[2021-03-02 07:23:42,447] {scheduler_job.py:190} INFO - Processing /media/thiagola92/LinuxHD/Documents/public/learning-apache-airflow/venv/lib/python3.7/site-packages/airflow/example_dags/example_subdag_operator.py took 0.056 seconds
