[2021-03-02 07:11:52,433] {scheduler_job.py:182} INFO - Started process (PID=23752) to work on /media/thiagola92/LinuxHD/Documents/public/learning-apache-airflow/venv/lib/python3.7/site-packages/airflow/example_dags/example_task_group.py
[2021-03-02 07:11:52,435] {scheduler_job.py:629} INFO - Processing file /media/thiagola92/LinuxHD/Documents/public/learning-apache-airflow/venv/lib/python3.7/site-packages/airflow/example_dags/example_task_group.py for tasks to queue
[2021-03-02 07:11:52,436] {logging_mixin.py:104} INFO - [2021-03-02 07:11:52,436] {dagbag.py:448} INFO - Filling up the DagBag from /media/thiagola92/LinuxHD/Documents/public/learning-apache-airflow/venv/lib/python3.7/site-packages/airflow/example_dags/example_task_group.py
[2021-03-02 07:11:52,455] {scheduler_job.py:639} INFO - DAG(s) dict_keys(['example_task_group']) retrieved from /media/thiagola92/LinuxHD/Documents/public/learning-apache-airflow/venv/lib/python3.7/site-packages/airflow/example_dags/example_task_group.py
[2021-03-02 07:11:52,469] {logging_mixin.py:104} INFO - [2021-03-02 07:11:52,469] {dag.py:1818} INFO - Sync 1 DAGs
[2021-03-02 07:11:52,475] {logging_mixin.py:104} INFO - [2021-03-02 07:11:52,475] {dag.py:2273} INFO - Setting next_dagrun for example_task_group to 2021-02-28 00:00:00+00:00
[2021-03-02 07:11:52,554] {scheduler_job.py:190} INFO - Processing /media/thiagola92/LinuxHD/Documents/public/learning-apache-airflow/venv/lib/python3.7/site-packages/airflow/example_dags/example_task_group.py took 0.128 seconds
[2021-03-02 07:12:23,419] {scheduler_job.py:182} INFO - Started process (PID=24212) to work on /media/thiagola92/LinuxHD/Documents/public/learning-apache-airflow/venv/lib/python3.7/site-packages/airflow/example_dags/example_task_group.py
[2021-03-02 07:12:23,420] {scheduler_job.py:629} INFO - Processing file /media/thiagola92/LinuxHD/Documents/public/learning-apache-airflow/venv/lib/python3.7/site-packages/airflow/example_dags/example_task_group.py for tasks to queue
[2021-03-02 07:12:23,421] {logging_mixin.py:104} INFO - [2021-03-02 07:12:23,421] {dagbag.py:448} INFO - Filling up the DagBag from /media/thiagola92/LinuxHD/Documents/public/learning-apache-airflow/venv/lib/python3.7/site-packages/airflow/example_dags/example_task_group.py
[2021-03-02 07:12:23,430] {scheduler_job.py:639} INFO - DAG(s) dict_keys(['example_task_group']) retrieved from /media/thiagola92/LinuxHD/Documents/public/learning-apache-airflow/venv/lib/python3.7/site-packages/airflow/example_dags/example_task_group.py
[2021-03-02 07:12:23,439] {logging_mixin.py:104} INFO - [2021-03-02 07:12:23,439] {dag.py:1818} INFO - Sync 1 DAGs
[2021-03-02 07:12:23,445] {logging_mixin.py:104} INFO - [2021-03-02 07:12:23,445] {dag.py:2273} INFO - Setting next_dagrun for example_task_group to 2021-02-28 00:00:00+00:00
[2021-03-02 07:12:23,449] {scheduler_job.py:190} INFO - Processing /media/thiagola92/LinuxHD/Documents/public/learning-apache-airflow/venv/lib/python3.7/site-packages/airflow/example_dags/example_task_group.py took 0.033 seconds
[2021-03-02 07:12:54,042] {scheduler_job.py:182} INFO - Started process (PID=24887) to work on /media/thiagola92/LinuxHD/Documents/public/learning-apache-airflow/venv/lib/python3.7/site-packages/airflow/example_dags/example_task_group.py
[2021-03-02 07:12:54,043] {scheduler_job.py:629} INFO - Processing file /media/thiagola92/LinuxHD/Documents/public/learning-apache-airflow/venv/lib/python3.7/site-packages/airflow/example_dags/example_task_group.py for tasks to queue
[2021-03-02 07:12:54,044] {logging_mixin.py:104} INFO - [2021-03-02 07:12:54,044] {dagbag.py:448} INFO - Filling up the DagBag from /media/thiagola92/LinuxHD/Documents/public/learning-apache-airflow/venv/lib/python3.7/site-packages/airflow/example_dags/example_task_group.py
[2021-03-02 07:12:54,053] {scheduler_job.py:639} INFO - DAG(s) dict_keys(['example_task_group']) retrieved from /media/thiagola92/LinuxHD/Documents/public/learning-apache-airflow/venv/lib/python3.7/site-packages/airflow/example_dags/example_task_group.py
[2021-03-02 07:12:54,062] {logging_mixin.py:104} INFO - [2021-03-02 07:12:54,062] {dag.py:1818} INFO - Sync 1 DAGs
[2021-03-02 07:12:54,068] {logging_mixin.py:104} INFO - [2021-03-02 07:12:54,068] {dag.py:2273} INFO - Setting next_dagrun for example_task_group to 2021-02-28 00:00:00+00:00
[2021-03-02 07:12:54,073] {scheduler_job.py:190} INFO - Processing /media/thiagola92/LinuxHD/Documents/public/learning-apache-airflow/venv/lib/python3.7/site-packages/airflow/example_dags/example_task_group.py took 0.033 seconds
[2021-03-02 07:13:25,293] {scheduler_job.py:182} INFO - Started process (PID=25339) to work on /media/thiagola92/LinuxHD/Documents/public/learning-apache-airflow/venv/lib/python3.7/site-packages/airflow/example_dags/example_task_group.py
[2021-03-02 07:13:25,295] {scheduler_job.py:629} INFO - Processing file /media/thiagola92/LinuxHD/Documents/public/learning-apache-airflow/venv/lib/python3.7/site-packages/airflow/example_dags/example_task_group.py for tasks to queue
[2021-03-02 07:13:25,295] {logging_mixin.py:104} INFO - [2021-03-02 07:13:25,295] {dagbag.py:448} INFO - Filling up the DagBag from /media/thiagola92/LinuxHD/Documents/public/learning-apache-airflow/venv/lib/python3.7/site-packages/airflow/example_dags/example_task_group.py
[2021-03-02 07:13:25,306] {scheduler_job.py:639} INFO - DAG(s) dict_keys(['example_task_group']) retrieved from /media/thiagola92/LinuxHD/Documents/public/learning-apache-airflow/venv/lib/python3.7/site-packages/airflow/example_dags/example_task_group.py
[2021-03-02 07:13:25,318] {logging_mixin.py:104} INFO - [2021-03-02 07:13:25,318] {dag.py:1818} INFO - Sync 1 DAGs
[2021-03-02 07:13:25,327] {logging_mixin.py:104} INFO - [2021-03-02 07:13:25,327] {dag.py:2273} INFO - Setting next_dagrun for example_task_group to 2021-02-28 00:00:00+00:00
[2021-03-02 07:13:25,331] {scheduler_job.py:190} INFO - Processing /media/thiagola92/LinuxHD/Documents/public/learning-apache-airflow/venv/lib/python3.7/site-packages/airflow/example_dags/example_task_group.py took 0.041 seconds
[2021-03-02 07:14:15,421] {scheduler_job.py:182} INFO - Started process (PID=26014) to work on /media/thiagola92/LinuxHD/Documents/public/learning-apache-airflow/venv/lib/python3.7/site-packages/airflow/example_dags/example_task_group.py
[2021-03-02 07:14:15,422] {scheduler_job.py:629} INFO - Processing file /media/thiagola92/LinuxHD/Documents/public/learning-apache-airflow/venv/lib/python3.7/site-packages/airflow/example_dags/example_task_group.py for tasks to queue
[2021-03-02 07:14:15,423] {logging_mixin.py:104} INFO - [2021-03-02 07:14:15,422] {dagbag.py:448} INFO - Filling up the DagBag from /media/thiagola92/LinuxHD/Documents/public/learning-apache-airflow/venv/lib/python3.7/site-packages/airflow/example_dags/example_task_group.py
[2021-03-02 07:14:15,436] {scheduler_job.py:639} INFO - DAG(s) dict_keys(['example_task_group']) retrieved from /media/thiagola92/LinuxHD/Documents/public/learning-apache-airflow/venv/lib/python3.7/site-packages/airflow/example_dags/example_task_group.py
[2021-03-02 07:14:15,447] {logging_mixin.py:104} INFO - [2021-03-02 07:14:15,447] {dag.py:1818} INFO - Sync 1 DAGs
[2021-03-02 07:14:15,453] {logging_mixin.py:104} INFO - [2021-03-02 07:14:15,453] {dag.py:2273} INFO - Setting next_dagrun for example_task_group to 2021-02-28 00:00:00+00:00
[2021-03-02 07:14:15,457] {scheduler_job.py:190} INFO - Processing /media/thiagola92/LinuxHD/Documents/public/learning-apache-airflow/venv/lib/python3.7/site-packages/airflow/example_dags/example_task_group.py took 0.039 seconds
[2021-03-02 07:14:45,797] {scheduler_job.py:182} INFO - Started process (PID=26421) to work on /media/thiagola92/LinuxHD/Documents/public/learning-apache-airflow/venv/lib/python3.7/site-packages/airflow/example_dags/example_task_group.py
[2021-03-02 07:14:45,801] {scheduler_job.py:629} INFO - Processing file /media/thiagola92/LinuxHD/Documents/public/learning-apache-airflow/venv/lib/python3.7/site-packages/airflow/example_dags/example_task_group.py for tasks to queue
[2021-03-02 07:14:45,802] {logging_mixin.py:104} INFO - [2021-03-02 07:14:45,802] {dagbag.py:448} INFO - Filling up the DagBag from /media/thiagola92/LinuxHD/Documents/public/learning-apache-airflow/venv/lib/python3.7/site-packages/airflow/example_dags/example_task_group.py
[2021-03-02 07:14:45,822] {scheduler_job.py:639} INFO - DAG(s) dict_keys(['example_task_group']) retrieved from /media/thiagola92/LinuxHD/Documents/public/learning-apache-airflow/venv/lib/python3.7/site-packages/airflow/example_dags/example_task_group.py
[2021-03-02 07:14:45,835] {logging_mixin.py:104} INFO - [2021-03-02 07:14:45,835] {dag.py:1818} INFO - Sync 1 DAGs
[2021-03-02 07:14:45,843] {logging_mixin.py:104} INFO - [2021-03-02 07:14:45,843] {dag.py:2273} INFO - Setting next_dagrun for example_task_group to 2021-02-28 00:00:00+00:00
[2021-03-02 07:14:45,847] {scheduler_job.py:190} INFO - Processing /media/thiagola92/LinuxHD/Documents/public/learning-apache-airflow/venv/lib/python3.7/site-packages/airflow/example_dags/example_task_group.py took 0.057 seconds
[2021-03-02 07:15:16,063] {scheduler_job.py:182} INFO - Started process (PID=26821) to work on /media/thiagola92/LinuxHD/Documents/public/learning-apache-airflow/venv/lib/python3.7/site-packages/airflow/example_dags/example_task_group.py
[2021-03-02 07:15:16,064] {scheduler_job.py:629} INFO - Processing file /media/thiagola92/LinuxHD/Documents/public/learning-apache-airflow/venv/lib/python3.7/site-packages/airflow/example_dags/example_task_group.py for tasks to queue
[2021-03-02 07:15:16,064] {logging_mixin.py:104} INFO - [2021-03-02 07:15:16,064] {dagbag.py:448} INFO - Filling up the DagBag from /media/thiagola92/LinuxHD/Documents/public/learning-apache-airflow/venv/lib/python3.7/site-packages/airflow/example_dags/example_task_group.py
[2021-03-02 07:15:16,075] {scheduler_job.py:639} INFO - DAG(s) dict_keys(['example_task_group']) retrieved from /media/thiagola92/LinuxHD/Documents/public/learning-apache-airflow/venv/lib/python3.7/site-packages/airflow/example_dags/example_task_group.py
[2021-03-02 07:15:16,090] {logging_mixin.py:104} INFO - [2021-03-02 07:15:16,090] {dag.py:1818} INFO - Sync 1 DAGs
[2021-03-02 07:15:16,099] {logging_mixin.py:104} INFO - [2021-03-02 07:15:16,099] {dag.py:2273} INFO - Setting next_dagrun for example_task_group to 2021-02-28 00:00:00+00:00
[2021-03-02 07:15:16,105] {scheduler_job.py:190} INFO - Processing /media/thiagola92/LinuxHD/Documents/public/learning-apache-airflow/venv/lib/python3.7/site-packages/airflow/example_dags/example_task_group.py took 0.045 seconds
[2021-03-02 07:15:46,864] {scheduler_job.py:182} INFO - Started process (PID=27250) to work on /media/thiagola92/LinuxHD/Documents/public/learning-apache-airflow/venv/lib/python3.7/site-packages/airflow/example_dags/example_task_group.py
[2021-03-02 07:15:46,866] {scheduler_job.py:629} INFO - Processing file /media/thiagola92/LinuxHD/Documents/public/learning-apache-airflow/venv/lib/python3.7/site-packages/airflow/example_dags/example_task_group.py for tasks to queue
[2021-03-02 07:15:46,866] {logging_mixin.py:104} INFO - [2021-03-02 07:15:46,866] {dagbag.py:448} INFO - Filling up the DagBag from /media/thiagola92/LinuxHD/Documents/public/learning-apache-airflow/venv/lib/python3.7/site-packages/airflow/example_dags/example_task_group.py
[2021-03-02 07:15:46,878] {scheduler_job.py:639} INFO - DAG(s) dict_keys(['example_task_group']) retrieved from /media/thiagola92/LinuxHD/Documents/public/learning-apache-airflow/venv/lib/python3.7/site-packages/airflow/example_dags/example_task_group.py
[2021-03-02 07:15:46,889] {logging_mixin.py:104} INFO - [2021-03-02 07:15:46,889] {dag.py:1818} INFO - Sync 1 DAGs
[2021-03-02 07:15:46,895] {logging_mixin.py:104} INFO - [2021-03-02 07:15:46,895] {dag.py:2273} INFO - Setting next_dagrun for example_task_group to 2021-02-28 00:00:00+00:00
[2021-03-02 07:15:46,899] {scheduler_job.py:190} INFO - Processing /media/thiagola92/LinuxHD/Documents/public/learning-apache-airflow/venv/lib/python3.7/site-packages/airflow/example_dags/example_task_group.py took 0.038 seconds
[2021-03-02 07:16:17,228] {scheduler_job.py:182} INFO - Started process (PID=27646) to work on /media/thiagola92/LinuxHD/Documents/public/learning-apache-airflow/venv/lib/python3.7/site-packages/airflow/example_dags/example_task_group.py
[2021-03-02 07:16:17,231] {scheduler_job.py:629} INFO - Processing file /media/thiagola92/LinuxHD/Documents/public/learning-apache-airflow/venv/lib/python3.7/site-packages/airflow/example_dags/example_task_group.py for tasks to queue
[2021-03-02 07:16:17,232] {logging_mixin.py:104} INFO - [2021-03-02 07:16:17,232] {dagbag.py:448} INFO - Filling up the DagBag from /media/thiagola92/LinuxHD/Documents/public/learning-apache-airflow/venv/lib/python3.7/site-packages/airflow/example_dags/example_task_group.py
[2021-03-02 07:16:17,248] {scheduler_job.py:639} INFO - DAG(s) dict_keys(['example_task_group']) retrieved from /media/thiagola92/LinuxHD/Documents/public/learning-apache-airflow/venv/lib/python3.7/site-packages/airflow/example_dags/example_task_group.py
[2021-03-02 07:16:17,260] {logging_mixin.py:104} INFO - [2021-03-02 07:16:17,260] {dag.py:1818} INFO - Sync 1 DAGs
[2021-03-02 07:16:17,267] {logging_mixin.py:104} INFO - [2021-03-02 07:16:17,267] {dag.py:2273} INFO - Setting next_dagrun for example_task_group to 2021-02-28 00:00:00+00:00
[2021-03-02 07:16:17,272] {scheduler_job.py:190} INFO - Processing /media/thiagola92/LinuxHD/Documents/public/learning-apache-airflow/venv/lib/python3.7/site-packages/airflow/example_dags/example_task_group.py took 0.050 seconds
[2021-03-02 07:16:47,433] {scheduler_job.py:182} INFO - Started process (PID=28030) to work on /media/thiagola92/LinuxHD/Documents/public/learning-apache-airflow/venv/lib/python3.7/site-packages/airflow/example_dags/example_task_group.py
[2021-03-02 07:16:47,435] {scheduler_job.py:629} INFO - Processing file /media/thiagola92/LinuxHD/Documents/public/learning-apache-airflow/venv/lib/python3.7/site-packages/airflow/example_dags/example_task_group.py for tasks to queue
[2021-03-02 07:16:47,437] {logging_mixin.py:104} INFO - [2021-03-02 07:16:47,436] {dagbag.py:448} INFO - Filling up the DagBag from /media/thiagola92/LinuxHD/Documents/public/learning-apache-airflow/venv/lib/python3.7/site-packages/airflow/example_dags/example_task_group.py
[2021-03-02 07:16:47,453] {scheduler_job.py:639} INFO - DAG(s) dict_keys(['example_task_group']) retrieved from /media/thiagola92/LinuxHD/Documents/public/learning-apache-airflow/venv/lib/python3.7/site-packages/airflow/example_dags/example_task_group.py
[2021-03-02 07:16:47,464] {logging_mixin.py:104} INFO - [2021-03-02 07:16:47,464] {dag.py:1818} INFO - Sync 1 DAGs
[2021-03-02 07:16:47,471] {logging_mixin.py:104} INFO - [2021-03-02 07:16:47,471] {dag.py:2273} INFO - Setting next_dagrun for example_task_group to 2021-02-28 00:00:00+00:00
[2021-03-02 07:16:47,476] {scheduler_job.py:190} INFO - Processing /media/thiagola92/LinuxHD/Documents/public/learning-apache-airflow/venv/lib/python3.7/site-packages/airflow/example_dags/example_task_group.py took 0.049 seconds
[2021-03-02 07:17:18,084] {scheduler_job.py:182} INFO - Started process (PID=28479) to work on /media/thiagola92/LinuxHD/Documents/public/learning-apache-airflow/venv/lib/python3.7/site-packages/airflow/example_dags/example_task_group.py
[2021-03-02 07:17:18,086] {scheduler_job.py:629} INFO - Processing file /media/thiagola92/LinuxHD/Documents/public/learning-apache-airflow/venv/lib/python3.7/site-packages/airflow/example_dags/example_task_group.py for tasks to queue
[2021-03-02 07:17:18,087] {logging_mixin.py:104} INFO - [2021-03-02 07:17:18,087] {dagbag.py:448} INFO - Filling up the DagBag from /media/thiagola92/LinuxHD/Documents/public/learning-apache-airflow/venv/lib/python3.7/site-packages/airflow/example_dags/example_task_group.py
[2021-03-02 07:17:18,106] {scheduler_job.py:639} INFO - DAG(s) dict_keys(['example_task_group']) retrieved from /media/thiagola92/LinuxHD/Documents/public/learning-apache-airflow/venv/lib/python3.7/site-packages/airflow/example_dags/example_task_group.py
[2021-03-02 07:17:18,118] {logging_mixin.py:104} INFO - [2021-03-02 07:17:18,118] {dag.py:1818} INFO - Sync 1 DAGs
[2021-03-02 07:17:18,125] {logging_mixin.py:104} INFO - [2021-03-02 07:17:18,125] {dag.py:2273} INFO - Setting next_dagrun for example_task_group to 2021-02-28 00:00:00+00:00
[2021-03-02 07:17:18,130] {scheduler_job.py:190} INFO - Processing /media/thiagola92/LinuxHD/Documents/public/learning-apache-airflow/venv/lib/python3.7/site-packages/airflow/example_dags/example_task_group.py took 0.052 seconds
[2021-03-02 07:17:55,287] {scheduler_job.py:182} INFO - Started process (PID=28975) to work on /media/thiagola92/LinuxHD/Documents/public/learning-apache-airflow/venv/lib/python3.7/site-packages/airflow/example_dags/example_task_group.py
[2021-03-02 07:17:55,288] {scheduler_job.py:629} INFO - Processing file /media/thiagola92/LinuxHD/Documents/public/learning-apache-airflow/venv/lib/python3.7/site-packages/airflow/example_dags/example_task_group.py for tasks to queue
[2021-03-02 07:17:55,288] {logging_mixin.py:104} INFO - [2021-03-02 07:17:55,288] {dagbag.py:448} INFO - Filling up the DagBag from /media/thiagola92/LinuxHD/Documents/public/learning-apache-airflow/venv/lib/python3.7/site-packages/airflow/example_dags/example_task_group.py
[2021-03-02 07:17:55,294] {scheduler_job.py:639} INFO - DAG(s) dict_keys(['example_task_group']) retrieved from /media/thiagola92/LinuxHD/Documents/public/learning-apache-airflow/venv/lib/python3.7/site-packages/airflow/example_dags/example_task_group.py
[2021-03-02 07:17:55,302] {logging_mixin.py:104} INFO - [2021-03-02 07:17:55,302] {dag.py:1818} INFO - Sync 1 DAGs
[2021-03-02 07:17:55,308] {logging_mixin.py:104} INFO - [2021-03-02 07:17:55,308] {dag.py:2273} INFO - Setting next_dagrun for example_task_group to 2021-02-28 00:00:00+00:00
[2021-03-02 07:17:55,313] {scheduler_job.py:190} INFO - Processing /media/thiagola92/LinuxHD/Documents/public/learning-apache-airflow/venv/lib/python3.7/site-packages/airflow/example_dags/example_task_group.py took 0.027 seconds
[2021-03-02 07:21:23,754] {scheduler_job.py:182} INFO - Started process (PID=31648) to work on /media/thiagola92/LinuxHD/Documents/public/learning-apache-airflow/venv/lib/python3.7/site-packages/airflow/example_dags/example_task_group.py
[2021-03-02 07:21:23,755] {scheduler_job.py:629} INFO - Processing file /media/thiagola92/LinuxHD/Documents/public/learning-apache-airflow/venv/lib/python3.7/site-packages/airflow/example_dags/example_task_group.py for tasks to queue
[2021-03-02 07:21:23,755] {logging_mixin.py:104} INFO - [2021-03-02 07:21:23,755] {dagbag.py:448} INFO - Filling up the DagBag from /media/thiagola92/LinuxHD/Documents/public/learning-apache-airflow/venv/lib/python3.7/site-packages/airflow/example_dags/example_task_group.py
[2021-03-02 07:21:23,762] {scheduler_job.py:639} INFO - DAG(s) dict_keys(['example_task_group']) retrieved from /media/thiagola92/LinuxHD/Documents/public/learning-apache-airflow/venv/lib/python3.7/site-packages/airflow/example_dags/example_task_group.py
[2021-03-02 07:21:23,771] {logging_mixin.py:104} INFO - [2021-03-02 07:21:23,770] {dag.py:1818} INFO - Sync 1 DAGs
[2021-03-02 07:21:23,777] {logging_mixin.py:104} INFO - [2021-03-02 07:21:23,777] {dag.py:2273} INFO - Setting next_dagrun for example_task_group to 2021-02-28 00:00:00+00:00
[2021-03-02 07:21:23,880] {scheduler_job.py:190} INFO - Processing /media/thiagola92/LinuxHD/Documents/public/learning-apache-airflow/venv/lib/python3.7/site-packages/airflow/example_dags/example_task_group.py took 0.127 seconds
[2021-03-02 07:22:01,559] {scheduler_job.py:182} INFO - Started process (PID=32139) to work on /media/thiagola92/LinuxHD/Documents/public/learning-apache-airflow/venv/lib/python3.7/site-packages/airflow/example_dags/example_task_group.py
[2021-03-02 07:22:01,564] {scheduler_job.py:629} INFO - Processing file /media/thiagola92/LinuxHD/Documents/public/learning-apache-airflow/venv/lib/python3.7/site-packages/airflow/example_dags/example_task_group.py for tasks to queue
[2021-03-02 07:22:01,564] {logging_mixin.py:104} INFO - [2021-03-02 07:22:01,564] {dagbag.py:448} INFO - Filling up the DagBag from /media/thiagola92/LinuxHD/Documents/public/learning-apache-airflow/venv/lib/python3.7/site-packages/airflow/example_dags/example_task_group.py
[2021-03-02 07:22:01,570] {scheduler_job.py:639} INFO - DAG(s) dict_keys(['example_task_group']) retrieved from /media/thiagola92/LinuxHD/Documents/public/learning-apache-airflow/venv/lib/python3.7/site-packages/airflow/example_dags/example_task_group.py
[2021-03-02 07:22:01,578] {logging_mixin.py:104} INFO - [2021-03-02 07:22:01,578] {dag.py:1818} INFO - Sync 1 DAGs
[2021-03-02 07:22:01,584] {logging_mixin.py:104} INFO - [2021-03-02 07:22:01,584] {dag.py:2273} INFO - Setting next_dagrun for example_task_group to 2021-02-28 00:00:00+00:00
[2021-03-02 07:22:01,588] {scheduler_job.py:190} INFO - Processing /media/thiagola92/LinuxHD/Documents/public/learning-apache-airflow/venv/lib/python3.7/site-packages/airflow/example_dags/example_task_group.py took 0.030 seconds
[2021-03-02 07:22:31,971] {scheduler_job.py:182} INFO - Started process (PID=32558) to work on /media/thiagola92/LinuxHD/Documents/public/learning-apache-airflow/venv/lib/python3.7/site-packages/airflow/example_dags/example_task_group.py
[2021-03-02 07:22:31,971] {scheduler_job.py:629} INFO - Processing file /media/thiagola92/LinuxHD/Documents/public/learning-apache-airflow/venv/lib/python3.7/site-packages/airflow/example_dags/example_task_group.py for tasks to queue
[2021-03-02 07:22:31,972] {logging_mixin.py:104} INFO - [2021-03-02 07:22:31,971] {dagbag.py:448} INFO - Filling up the DagBag from /media/thiagola92/LinuxHD/Documents/public/learning-apache-airflow/venv/lib/python3.7/site-packages/airflow/example_dags/example_task_group.py
[2021-03-02 07:22:31,977] {scheduler_job.py:639} INFO - DAG(s) dict_keys(['example_task_group']) retrieved from /media/thiagola92/LinuxHD/Documents/public/learning-apache-airflow/venv/lib/python3.7/site-packages/airflow/example_dags/example_task_group.py
[2021-03-02 07:22:31,985] {logging_mixin.py:104} INFO - [2021-03-02 07:22:31,985] {dag.py:1818} INFO - Sync 1 DAGs
[2021-03-02 07:22:31,990] {logging_mixin.py:104} INFO - [2021-03-02 07:22:31,990] {dag.py:2273} INFO - Setting next_dagrun for example_task_group to 2021-02-28 00:00:00+00:00
[2021-03-02 07:22:31,994] {scheduler_job.py:190} INFO - Processing /media/thiagola92/LinuxHD/Documents/public/learning-apache-airflow/venv/lib/python3.7/site-packages/airflow/example_dags/example_task_group.py took 0.025 seconds
[2021-03-02 07:23:02,884] {scheduler_job.py:182} INFO - Started process (PID=32990) to work on /media/thiagola92/LinuxHD/Documents/public/learning-apache-airflow/venv/lib/python3.7/site-packages/airflow/example_dags/example_task_group.py
[2021-03-02 07:23:02,884] {scheduler_job.py:629} INFO - Processing file /media/thiagola92/LinuxHD/Documents/public/learning-apache-airflow/venv/lib/python3.7/site-packages/airflow/example_dags/example_task_group.py for tasks to queue
[2021-03-02 07:23:02,885] {logging_mixin.py:104} INFO - [2021-03-02 07:23:02,885] {dagbag.py:448} INFO - Filling up the DagBag from /media/thiagola92/LinuxHD/Documents/public/learning-apache-airflow/venv/lib/python3.7/site-packages/airflow/example_dags/example_task_group.py
[2021-03-02 07:23:02,891] {scheduler_job.py:639} INFO - DAG(s) dict_keys(['example_task_group']) retrieved from /media/thiagola92/LinuxHD/Documents/public/learning-apache-airflow/venv/lib/python3.7/site-packages/airflow/example_dags/example_task_group.py
[2021-03-02 07:23:02,899] {logging_mixin.py:104} INFO - [2021-03-02 07:23:02,898] {dag.py:1818} INFO - Sync 1 DAGs
[2021-03-02 07:23:02,905] {logging_mixin.py:104} INFO - [2021-03-02 07:23:02,905] {dag.py:2273} INFO - Setting next_dagrun for example_task_group to 2021-02-28 00:00:00+00:00
[2021-03-02 07:23:02,909] {scheduler_job.py:190} INFO - Processing /media/thiagola92/LinuxHD/Documents/public/learning-apache-airflow/venv/lib/python3.7/site-packages/airflow/example_dags/example_task_group.py took 0.027 seconds
[2021-03-02 07:23:33,164] {scheduler_job.py:182} INFO - Started process (PID=33488) to work on /media/thiagola92/LinuxHD/Documents/public/learning-apache-airflow/venv/lib/python3.7/site-packages/airflow/example_dags/example_task_group.py
[2021-03-02 07:23:33,165] {scheduler_job.py:629} INFO - Processing file /media/thiagola92/LinuxHD/Documents/public/learning-apache-airflow/venv/lib/python3.7/site-packages/airflow/example_dags/example_task_group.py for tasks to queue
[2021-03-02 07:23:33,166] {logging_mixin.py:104} INFO - [2021-03-02 07:23:33,166] {dagbag.py:448} INFO - Filling up the DagBag from /media/thiagola92/LinuxHD/Documents/public/learning-apache-airflow/venv/lib/python3.7/site-packages/airflow/example_dags/example_task_group.py
[2021-03-02 07:23:33,172] {scheduler_job.py:639} INFO - DAG(s) dict_keys(['example_task_group']) retrieved from /media/thiagola92/LinuxHD/Documents/public/learning-apache-airflow/venv/lib/python3.7/site-packages/airflow/example_dags/example_task_group.py
[2021-03-02 07:23:33,180] {logging_mixin.py:104} INFO - [2021-03-02 07:23:33,180] {dag.py:1818} INFO - Sync 1 DAGs
[2021-03-02 07:23:33,186] {logging_mixin.py:104} INFO - [2021-03-02 07:23:33,186] {dag.py:2273} INFO - Setting next_dagrun for example_task_group to 2021-02-28 00:00:00+00:00
[2021-03-02 07:23:33,190] {scheduler_job.py:190} INFO - Processing /media/thiagola92/LinuxHD/Documents/public/learning-apache-airflow/venv/lib/python3.7/site-packages/airflow/example_dags/example_task_group.py took 0.027 seconds
