[2021-03-02 07:11:56,026] {scheduler_job.py:182} INFO - Started process (PID=23807) to work on /media/thiagola92/LinuxHD/Documents/public/learning-apache-airflow/venv/lib/python3.7/site-packages/airflow/example_dags/example_xcomargs.py
[2021-03-02 07:11:56,027] {scheduler_job.py:629} INFO - Processing file /media/thiagola92/LinuxHD/Documents/public/learning-apache-airflow/venv/lib/python3.7/site-packages/airflow/example_dags/example_xcomargs.py for tasks to queue
[2021-03-02 07:11:56,027] {logging_mixin.py:104} INFO - [2021-03-02 07:11:56,027] {dagbag.py:448} INFO - Filling up the DagBag from /media/thiagola92/LinuxHD/Documents/public/learning-apache-airflow/venv/lib/python3.7/site-packages/airflow/example_dags/example_xcomargs.py
[2021-03-02 07:11:56,035] {scheduler_job.py:639} INFO - DAG(s) dict_keys(['example_xcom_args', 'example_xcom_args_with_operators']) retrieved from /media/thiagola92/LinuxHD/Documents/public/learning-apache-airflow/venv/lib/python3.7/site-packages/airflow/example_dags/example_xcomargs.py
[2021-03-02 07:11:56,045] {logging_mixin.py:104} INFO - [2021-03-02 07:11:56,045] {dag.py:1818} INFO - Sync 2 DAGs
[2021-03-02 07:11:56,050] {logging_mixin.py:104} INFO - [2021-03-02 07:11:56,050] {dag.py:2273} INFO - Setting next_dagrun for example_xcom_args to None
[2021-03-02 07:11:56,051] {logging_mixin.py:104} INFO - [2021-03-02 07:11:56,051] {dag.py:2273} INFO - Setting next_dagrun for example_xcom_args_with_operators to None
[2021-03-02 07:11:56,141] {scheduler_job.py:190} INFO - Processing /media/thiagola92/LinuxHD/Documents/public/learning-apache-airflow/venv/lib/python3.7/site-packages/airflow/example_dags/example_xcomargs.py took 0.117 seconds
[2021-03-02 07:12:26,586] {scheduler_job.py:182} INFO - Started process (PID=24254) to work on /media/thiagola92/LinuxHD/Documents/public/learning-apache-airflow/venv/lib/python3.7/site-packages/airflow/example_dags/example_xcomargs.py
[2021-03-02 07:12:26,587] {scheduler_job.py:629} INFO - Processing file /media/thiagola92/LinuxHD/Documents/public/learning-apache-airflow/venv/lib/python3.7/site-packages/airflow/example_dags/example_xcomargs.py for tasks to queue
[2021-03-02 07:12:26,587] {logging_mixin.py:104} INFO - [2021-03-02 07:12:26,587] {dagbag.py:448} INFO - Filling up the DagBag from /media/thiagola92/LinuxHD/Documents/public/learning-apache-airflow/venv/lib/python3.7/site-packages/airflow/example_dags/example_xcomargs.py
[2021-03-02 07:12:26,594] {scheduler_job.py:639} INFO - DAG(s) dict_keys(['example_xcom_args', 'example_xcom_args_with_operators']) retrieved from /media/thiagola92/LinuxHD/Documents/public/learning-apache-airflow/venv/lib/python3.7/site-packages/airflow/example_dags/example_xcomargs.py
[2021-03-02 07:12:26,604] {logging_mixin.py:104} INFO - [2021-03-02 07:12:26,604] {dag.py:1818} INFO - Sync 2 DAGs
[2021-03-02 07:12:26,610] {logging_mixin.py:104} INFO - [2021-03-02 07:12:26,610] {dag.py:2273} INFO - Setting next_dagrun for example_xcom_args to None
[2021-03-02 07:12:26,610] {logging_mixin.py:104} INFO - [2021-03-02 07:12:26,610] {dag.py:2273} INFO - Setting next_dagrun for example_xcom_args_with_operators to None
[2021-03-02 07:12:26,710] {scheduler_job.py:190} INFO - Processing /media/thiagola92/LinuxHD/Documents/public/learning-apache-airflow/venv/lib/python3.7/site-packages/airflow/example_dags/example_xcomargs.py took 0.125 seconds
[2021-03-02 07:12:56,990] {scheduler_job.py:182} INFO - Started process (PID=24929) to work on /media/thiagola92/LinuxHD/Documents/public/learning-apache-airflow/venv/lib/python3.7/site-packages/airflow/example_dags/example_xcomargs.py
[2021-03-02 07:12:56,990] {scheduler_job.py:629} INFO - Processing file /media/thiagola92/LinuxHD/Documents/public/learning-apache-airflow/venv/lib/python3.7/site-packages/airflow/example_dags/example_xcomargs.py for tasks to queue
[2021-03-02 07:12:56,991] {logging_mixin.py:104} INFO - [2021-03-02 07:12:56,991] {dagbag.py:448} INFO - Filling up the DagBag from /media/thiagola92/LinuxHD/Documents/public/learning-apache-airflow/venv/lib/python3.7/site-packages/airflow/example_dags/example_xcomargs.py
[2021-03-02 07:12:56,998] {scheduler_job.py:639} INFO - DAG(s) dict_keys(['example_xcom_args', 'example_xcom_args_with_operators']) retrieved from /media/thiagola92/LinuxHD/Documents/public/learning-apache-airflow/venv/lib/python3.7/site-packages/airflow/example_dags/example_xcomargs.py
[2021-03-02 07:12:57,009] {logging_mixin.py:104} INFO - [2021-03-02 07:12:57,009] {dag.py:1818} INFO - Sync 2 DAGs
[2021-03-02 07:12:57,015] {logging_mixin.py:104} INFO - [2021-03-02 07:12:57,015] {dag.py:2273} INFO - Setting next_dagrun for example_xcom_args to None
[2021-03-02 07:12:57,016] {logging_mixin.py:104} INFO - [2021-03-02 07:12:57,016] {dag.py:2273} INFO - Setting next_dagrun for example_xcom_args_with_operators to None
[2021-03-02 07:12:57,140] {scheduler_job.py:190} INFO - Processing /media/thiagola92/LinuxHD/Documents/public/learning-apache-airflow/venv/lib/python3.7/site-packages/airflow/example_dags/example_xcomargs.py took 0.152 seconds
[2021-03-02 07:13:28,256] {scheduler_job.py:182} INFO - Started process (PID=25381) to work on /media/thiagola92/LinuxHD/Documents/public/learning-apache-airflow/venv/lib/python3.7/site-packages/airflow/example_dags/example_xcomargs.py
[2021-03-02 07:13:28,258] {scheduler_job.py:629} INFO - Processing file /media/thiagola92/LinuxHD/Documents/public/learning-apache-airflow/venv/lib/python3.7/site-packages/airflow/example_dags/example_xcomargs.py for tasks to queue
[2021-03-02 07:13:28,259] {logging_mixin.py:104} INFO - [2021-03-02 07:13:28,259] {dagbag.py:448} INFO - Filling up the DagBag from /media/thiagola92/LinuxHD/Documents/public/learning-apache-airflow/venv/lib/python3.7/site-packages/airflow/example_dags/example_xcomargs.py
[2021-03-02 07:13:28,273] {scheduler_job.py:639} INFO - DAG(s) dict_keys(['example_xcom_args', 'example_xcom_args_with_operators']) retrieved from /media/thiagola92/LinuxHD/Documents/public/learning-apache-airflow/venv/lib/python3.7/site-packages/airflow/example_dags/example_xcomargs.py
[2021-03-02 07:13:28,287] {logging_mixin.py:104} INFO - [2021-03-02 07:13:28,287] {dag.py:1818} INFO - Sync 2 DAGs
[2021-03-02 07:13:28,294] {logging_mixin.py:104} INFO - [2021-03-02 07:13:28,294] {dag.py:2273} INFO - Setting next_dagrun for example_xcom_args to None
[2021-03-02 07:13:28,294] {logging_mixin.py:104} INFO - [2021-03-02 07:13:28,294] {dag.py:2273} INFO - Setting next_dagrun for example_xcom_args_with_operators to None
[2021-03-02 07:13:28,385] {scheduler_job.py:190} INFO - Processing /media/thiagola92/LinuxHD/Documents/public/learning-apache-airflow/venv/lib/python3.7/site-packages/airflow/example_dags/example_xcomargs.py took 0.135 seconds
[2021-03-02 07:14:19,561] {scheduler_job.py:182} INFO - Started process (PID=26064) to work on /media/thiagola92/LinuxHD/Documents/public/learning-apache-airflow/venv/lib/python3.7/site-packages/airflow/example_dags/example_xcomargs.py
[2021-03-02 07:14:19,562] {scheduler_job.py:629} INFO - Processing file /media/thiagola92/LinuxHD/Documents/public/learning-apache-airflow/venv/lib/python3.7/site-packages/airflow/example_dags/example_xcomargs.py for tasks to queue
[2021-03-02 07:14:19,562] {logging_mixin.py:104} INFO - [2021-03-02 07:14:19,562] {dagbag.py:448} INFO - Filling up the DagBag from /media/thiagola92/LinuxHD/Documents/public/learning-apache-airflow/venv/lib/python3.7/site-packages/airflow/example_dags/example_xcomargs.py
[2021-03-02 07:14:19,572] {scheduler_job.py:639} INFO - DAG(s) dict_keys(['example_xcom_args', 'example_xcom_args_with_operators']) retrieved from /media/thiagola92/LinuxHD/Documents/public/learning-apache-airflow/venv/lib/python3.7/site-packages/airflow/example_dags/example_xcomargs.py
[2021-03-02 07:14:19,585] {logging_mixin.py:104} INFO - [2021-03-02 07:14:19,585] {dag.py:1818} INFO - Sync 2 DAGs
[2021-03-02 07:14:19,591] {logging_mixin.py:104} INFO - [2021-03-02 07:14:19,591] {dag.py:2273} INFO - Setting next_dagrun for example_xcom_args to None
[2021-03-02 07:14:19,592] {logging_mixin.py:104} INFO - [2021-03-02 07:14:19,592] {dag.py:2273} INFO - Setting next_dagrun for example_xcom_args_with_operators to None
[2021-03-02 07:14:19,696] {scheduler_job.py:190} INFO - Processing /media/thiagola92/LinuxHD/Documents/public/learning-apache-airflow/venv/lib/python3.7/site-packages/airflow/example_dags/example_xcomargs.py took 0.138 seconds
[2021-03-02 07:14:49,802] {scheduler_job.py:182} INFO - Started process (PID=26469) to work on /media/thiagola92/LinuxHD/Documents/public/learning-apache-airflow/venv/lib/python3.7/site-packages/airflow/example_dags/example_xcomargs.py
[2021-03-02 07:14:49,803] {scheduler_job.py:629} INFO - Processing file /media/thiagola92/LinuxHD/Documents/public/learning-apache-airflow/venv/lib/python3.7/site-packages/airflow/example_dags/example_xcomargs.py for tasks to queue
[2021-03-02 07:14:49,804] {logging_mixin.py:104} INFO - [2021-03-02 07:14:49,804] {dagbag.py:448} INFO - Filling up the DagBag from /media/thiagola92/LinuxHD/Documents/public/learning-apache-airflow/venv/lib/python3.7/site-packages/airflow/example_dags/example_xcomargs.py
[2021-03-02 07:14:49,819] {scheduler_job.py:639} INFO - DAG(s) dict_keys(['example_xcom_args', 'example_xcom_args_with_operators']) retrieved from /media/thiagola92/LinuxHD/Documents/public/learning-apache-airflow/venv/lib/python3.7/site-packages/airflow/example_dags/example_xcomargs.py
[2021-03-02 07:14:49,832] {logging_mixin.py:104} INFO - [2021-03-02 07:14:49,832] {dag.py:1818} INFO - Sync 2 DAGs
[2021-03-02 07:14:49,839] {logging_mixin.py:104} INFO - [2021-03-02 07:14:49,839] {dag.py:2273} INFO - Setting next_dagrun for example_xcom_args to None
[2021-03-02 07:14:49,839] {logging_mixin.py:104} INFO - [2021-03-02 07:14:49,839] {dag.py:2273} INFO - Setting next_dagrun for example_xcom_args_with_operators to None
[2021-03-02 07:14:49,934] {scheduler_job.py:190} INFO - Processing /media/thiagola92/LinuxHD/Documents/public/learning-apache-airflow/venv/lib/python3.7/site-packages/airflow/example_dags/example_xcomargs.py took 0.136 seconds
[2021-03-02 07:15:20,792] {scheduler_job.py:182} INFO - Started process (PID=26879) to work on /media/thiagola92/LinuxHD/Documents/public/learning-apache-airflow/venv/lib/python3.7/site-packages/airflow/example_dags/example_xcomargs.py
[2021-03-02 07:15:20,793] {scheduler_job.py:629} INFO - Processing file /media/thiagola92/LinuxHD/Documents/public/learning-apache-airflow/venv/lib/python3.7/site-packages/airflow/example_dags/example_xcomargs.py for tasks to queue
[2021-03-02 07:15:20,794] {logging_mixin.py:104} INFO - [2021-03-02 07:15:20,794] {dagbag.py:448} INFO - Filling up the DagBag from /media/thiagola92/LinuxHD/Documents/public/learning-apache-airflow/venv/lib/python3.7/site-packages/airflow/example_dags/example_xcomargs.py
[2021-03-02 07:15:20,807] {scheduler_job.py:639} INFO - DAG(s) dict_keys(['example_xcom_args', 'example_xcom_args_with_operators']) retrieved from /media/thiagola92/LinuxHD/Documents/public/learning-apache-airflow/venv/lib/python3.7/site-packages/airflow/example_dags/example_xcomargs.py
[2021-03-02 07:15:20,820] {logging_mixin.py:104} INFO - [2021-03-02 07:15:20,820] {dag.py:1818} INFO - Sync 2 DAGs
[2021-03-02 07:15:20,826] {logging_mixin.py:104} INFO - [2021-03-02 07:15:20,826] {dag.py:2273} INFO - Setting next_dagrun for example_xcom_args to None
[2021-03-02 07:15:20,826] {logging_mixin.py:104} INFO - [2021-03-02 07:15:20,826] {dag.py:2273} INFO - Setting next_dagrun for example_xcom_args_with_operators to None
[2021-03-02 07:15:20,934] {scheduler_job.py:190} INFO - Processing /media/thiagola92/LinuxHD/Documents/public/learning-apache-airflow/venv/lib/python3.7/site-packages/airflow/example_dags/example_xcomargs.py took 0.148 seconds
[2021-03-02 07:15:50,990] {scheduler_job.py:182} INFO - Started process (PID=27319) to work on /media/thiagola92/LinuxHD/Documents/public/learning-apache-airflow/venv/lib/python3.7/site-packages/airflow/example_dags/example_xcomargs.py
[2021-03-02 07:15:50,991] {scheduler_job.py:629} INFO - Processing file /media/thiagola92/LinuxHD/Documents/public/learning-apache-airflow/venv/lib/python3.7/site-packages/airflow/example_dags/example_xcomargs.py for tasks to queue
[2021-03-02 07:15:50,992] {logging_mixin.py:104} INFO - [2021-03-02 07:15:50,991] {dagbag.py:448} INFO - Filling up the DagBag from /media/thiagola92/LinuxHD/Documents/public/learning-apache-airflow/venv/lib/python3.7/site-packages/airflow/example_dags/example_xcomargs.py
[2021-03-02 07:15:50,999] {scheduler_job.py:639} INFO - DAG(s) dict_keys(['example_xcom_args', 'example_xcom_args_with_operators']) retrieved from /media/thiagola92/LinuxHD/Documents/public/learning-apache-airflow/venv/lib/python3.7/site-packages/airflow/example_dags/example_xcomargs.py
[2021-03-02 07:15:51,011] {logging_mixin.py:104} INFO - [2021-03-02 07:15:51,011] {dag.py:1818} INFO - Sync 2 DAGs
[2021-03-02 07:15:51,018] {logging_mixin.py:104} INFO - [2021-03-02 07:15:51,018] {dag.py:2273} INFO - Setting next_dagrun for example_xcom_args to None
[2021-03-02 07:15:51,018] {logging_mixin.py:104} INFO - [2021-03-02 07:15:51,018] {dag.py:2273} INFO - Setting next_dagrun for example_xcom_args_with_operators to None
[2021-03-02 07:15:51,121] {scheduler_job.py:190} INFO - Processing /media/thiagola92/LinuxHD/Documents/public/learning-apache-airflow/venv/lib/python3.7/site-packages/airflow/example_dags/example_xcomargs.py took 0.132 seconds
[2021-03-02 07:16:21,363] {scheduler_job.py:182} INFO - Started process (PID=27698) to work on /media/thiagola92/LinuxHD/Documents/public/learning-apache-airflow/venv/lib/python3.7/site-packages/airflow/example_dags/example_xcomargs.py
[2021-03-02 07:16:21,365] {scheduler_job.py:629} INFO - Processing file /media/thiagola92/LinuxHD/Documents/public/learning-apache-airflow/venv/lib/python3.7/site-packages/airflow/example_dags/example_xcomargs.py for tasks to queue
[2021-03-02 07:16:21,366] {logging_mixin.py:104} INFO - [2021-03-02 07:16:21,366] {dagbag.py:448} INFO - Filling up the DagBag from /media/thiagola92/LinuxHD/Documents/public/learning-apache-airflow/venv/lib/python3.7/site-packages/airflow/example_dags/example_xcomargs.py
[2021-03-02 07:16:21,386] {scheduler_job.py:639} INFO - DAG(s) dict_keys(['example_xcom_args', 'example_xcom_args_with_operators']) retrieved from /media/thiagola92/LinuxHD/Documents/public/learning-apache-airflow/venv/lib/python3.7/site-packages/airflow/example_dags/example_xcomargs.py
[2021-03-02 07:16:21,400] {logging_mixin.py:104} INFO - [2021-03-02 07:16:21,399] {dag.py:1818} INFO - Sync 2 DAGs
[2021-03-02 07:16:21,406] {logging_mixin.py:104} INFO - [2021-03-02 07:16:21,406] {dag.py:2273} INFO - Setting next_dagrun for example_xcom_args to None
[2021-03-02 07:16:21,406] {logging_mixin.py:104} INFO - [2021-03-02 07:16:21,406] {dag.py:2273} INFO - Setting next_dagrun for example_xcom_args_with_operators to None
[2021-03-02 07:16:21,506] {scheduler_job.py:190} INFO - Processing /media/thiagola92/LinuxHD/Documents/public/learning-apache-airflow/venv/lib/python3.7/site-packages/airflow/example_dags/example_xcomargs.py took 0.150 seconds
[2021-03-02 07:16:51,752] {scheduler_job.py:182} INFO - Started process (PID=28083) to work on /media/thiagola92/LinuxHD/Documents/public/learning-apache-airflow/venv/lib/python3.7/site-packages/airflow/example_dags/example_xcomargs.py
[2021-03-02 07:16:51,753] {scheduler_job.py:629} INFO - Processing file /media/thiagola92/LinuxHD/Documents/public/learning-apache-airflow/venv/lib/python3.7/site-packages/airflow/example_dags/example_xcomargs.py for tasks to queue
[2021-03-02 07:16:51,753] {logging_mixin.py:104} INFO - [2021-03-02 07:16:51,753] {dagbag.py:448} INFO - Filling up the DagBag from /media/thiagola92/LinuxHD/Documents/public/learning-apache-airflow/venv/lib/python3.7/site-packages/airflow/example_dags/example_xcomargs.py
[2021-03-02 07:16:51,760] {scheduler_job.py:639} INFO - DAG(s) dict_keys(['example_xcom_args', 'example_xcom_args_with_operators']) retrieved from /media/thiagola92/LinuxHD/Documents/public/learning-apache-airflow/venv/lib/python3.7/site-packages/airflow/example_dags/example_xcomargs.py
[2021-03-02 07:16:51,771] {logging_mixin.py:104} INFO - [2021-03-02 07:16:51,771] {dag.py:1818} INFO - Sync 2 DAGs
[2021-03-02 07:16:51,777] {logging_mixin.py:104} INFO - [2021-03-02 07:16:51,777] {dag.py:2273} INFO - Setting next_dagrun for example_xcom_args to None
[2021-03-02 07:16:51,777] {logging_mixin.py:104} INFO - [2021-03-02 07:16:51,777] {dag.py:2273} INFO - Setting next_dagrun for example_xcom_args_with_operators to None
[2021-03-02 07:16:51,894] {scheduler_job.py:190} INFO - Processing /media/thiagola92/LinuxHD/Documents/public/learning-apache-airflow/venv/lib/python3.7/site-packages/airflow/example_dags/example_xcomargs.py took 0.143 seconds
[2021-03-02 07:17:22,085] {scheduler_job.py:182} INFO - Started process (PID=28525) to work on /media/thiagola92/LinuxHD/Documents/public/learning-apache-airflow/venv/lib/python3.7/site-packages/airflow/example_dags/example_xcomargs.py
[2021-03-02 07:17:22,087] {scheduler_job.py:629} INFO - Processing file /media/thiagola92/LinuxHD/Documents/public/learning-apache-airflow/venv/lib/python3.7/site-packages/airflow/example_dags/example_xcomargs.py for tasks to queue
[2021-03-02 07:17:22,089] {logging_mixin.py:104} INFO - [2021-03-02 07:17:22,089] {dagbag.py:448} INFO - Filling up the DagBag from /media/thiagola92/LinuxHD/Documents/public/learning-apache-airflow/venv/lib/python3.7/site-packages/airflow/example_dags/example_xcomargs.py
[2021-03-02 07:17:22,121] {scheduler_job.py:639} INFO - DAG(s) dict_keys(['example_xcom_args', 'example_xcom_args_with_operators']) retrieved from /media/thiagola92/LinuxHD/Documents/public/learning-apache-airflow/venv/lib/python3.7/site-packages/airflow/example_dags/example_xcomargs.py
[2021-03-02 07:17:22,158] {logging_mixin.py:104} INFO - [2021-03-02 07:17:22,158] {dag.py:1818} INFO - Sync 2 DAGs
[2021-03-02 07:17:22,170] {logging_mixin.py:104} INFO - [2021-03-02 07:17:22,170] {dag.py:2273} INFO - Setting next_dagrun for example_xcom_args to None
[2021-03-02 07:17:22,171] {logging_mixin.py:104} INFO - [2021-03-02 07:17:22,171] {dag.py:2273} INFO - Setting next_dagrun for example_xcom_args_with_operators to None
[2021-03-02 07:17:22,272] {scheduler_job.py:190} INFO - Processing /media/thiagola92/LinuxHD/Documents/public/learning-apache-airflow/venv/lib/python3.7/site-packages/airflow/example_dags/example_xcomargs.py took 0.194 seconds
[2021-03-02 07:17:59,296] {scheduler_job.py:182} INFO - Started process (PID=29038) to work on /media/thiagola92/LinuxHD/Documents/public/learning-apache-airflow/venv/lib/python3.7/site-packages/airflow/example_dags/example_xcomargs.py
[2021-03-02 07:17:59,297] {scheduler_job.py:629} INFO - Processing file /media/thiagola92/LinuxHD/Documents/public/learning-apache-airflow/venv/lib/python3.7/site-packages/airflow/example_dags/example_xcomargs.py for tasks to queue
[2021-03-02 07:17:59,298] {logging_mixin.py:104} INFO - [2021-03-02 07:17:59,298] {dagbag.py:448} INFO - Filling up the DagBag from /media/thiagola92/LinuxHD/Documents/public/learning-apache-airflow/venv/lib/python3.7/site-packages/airflow/example_dags/example_xcomargs.py
[2021-03-02 07:17:59,305] {scheduler_job.py:639} INFO - DAG(s) dict_keys(['example_xcom_args', 'example_xcom_args_with_operators']) retrieved from /media/thiagola92/LinuxHD/Documents/public/learning-apache-airflow/venv/lib/python3.7/site-packages/airflow/example_dags/example_xcomargs.py
[2021-03-02 07:17:59,317] {logging_mixin.py:104} INFO - [2021-03-02 07:17:59,317] {dag.py:1818} INFO - Sync 2 DAGs
[2021-03-02 07:17:59,323] {logging_mixin.py:104} INFO - [2021-03-02 07:17:59,323] {dag.py:2273} INFO - Setting next_dagrun for example_xcom_args to None
[2021-03-02 07:17:59,324] {logging_mixin.py:104} INFO - [2021-03-02 07:17:59,324] {dag.py:2273} INFO - Setting next_dagrun for example_xcom_args_with_operators to None
[2021-03-02 07:17:59,435] {scheduler_job.py:190} INFO - Processing /media/thiagola92/LinuxHD/Documents/public/learning-apache-airflow/venv/lib/python3.7/site-packages/airflow/example_dags/example_xcomargs.py took 0.141 seconds
[2021-03-02 07:21:36,167] {scheduler_job.py:182} INFO - Started process (PID=31843) to work on /media/thiagola92/LinuxHD/Documents/public/learning-apache-airflow/venv/lib/python3.7/site-packages/airflow/example_dags/example_xcomargs.py
[2021-03-02 07:21:36,168] {scheduler_job.py:629} INFO - Processing file /media/thiagola92/LinuxHD/Documents/public/learning-apache-airflow/venv/lib/python3.7/site-packages/airflow/example_dags/example_xcomargs.py for tasks to queue
[2021-03-02 07:21:36,168] {logging_mixin.py:104} INFO - [2021-03-02 07:21:36,168] {dagbag.py:448} INFO - Filling up the DagBag from /media/thiagola92/LinuxHD/Documents/public/learning-apache-airflow/venv/lib/python3.7/site-packages/airflow/example_dags/example_xcomargs.py
[2021-03-02 07:21:36,176] {scheduler_job.py:639} INFO - DAG(s) dict_keys(['example_xcom_args', 'example_xcom_args_with_operators']) retrieved from /media/thiagola92/LinuxHD/Documents/public/learning-apache-airflow/venv/lib/python3.7/site-packages/airflow/example_dags/example_xcomargs.py
[2021-03-02 07:21:36,188] {logging_mixin.py:104} INFO - [2021-03-02 07:21:36,188] {dag.py:1818} INFO - Sync 2 DAGs
[2021-03-02 07:21:36,194] {logging_mixin.py:104} INFO - [2021-03-02 07:21:36,194] {dag.py:2273} INFO - Setting next_dagrun for example_xcom_args to None
[2021-03-02 07:21:36,194] {logging_mixin.py:104} INFO - [2021-03-02 07:21:36,194] {dag.py:2273} INFO - Setting next_dagrun for example_xcom_args_with_operators to None
[2021-03-02 07:21:36,287] {scheduler_job.py:190} INFO - Processing /media/thiagola92/LinuxHD/Documents/public/learning-apache-airflow/venv/lib/python3.7/site-packages/airflow/example_dags/example_xcomargs.py took 0.122 seconds
[2021-03-02 07:22:06,836] {scheduler_job.py:182} INFO - Started process (PID=32208) to work on /media/thiagola92/LinuxHD/Documents/public/learning-apache-airflow/venv/lib/python3.7/site-packages/airflow/example_dags/example_xcomargs.py
[2021-03-02 07:22:06,839] {scheduler_job.py:629} INFO - Processing file /media/thiagola92/LinuxHD/Documents/public/learning-apache-airflow/venv/lib/python3.7/site-packages/airflow/example_dags/example_xcomargs.py for tasks to queue
[2021-03-02 07:22:06,842] {logging_mixin.py:104} INFO - [2021-03-02 07:22:06,842] {dagbag.py:448} INFO - Filling up the DagBag from /media/thiagola92/LinuxHD/Documents/public/learning-apache-airflow/venv/lib/python3.7/site-packages/airflow/example_dags/example_xcomargs.py
[2021-03-02 07:22:06,852] {scheduler_job.py:639} INFO - DAG(s) dict_keys(['example_xcom_args', 'example_xcom_args_with_operators']) retrieved from /media/thiagola92/LinuxHD/Documents/public/learning-apache-airflow/venv/lib/python3.7/site-packages/airflow/example_dags/example_xcomargs.py
[2021-03-02 07:22:06,863] {logging_mixin.py:104} INFO - [2021-03-02 07:22:06,863] {dag.py:1818} INFO - Sync 2 DAGs
[2021-03-02 07:22:06,868] {logging_mixin.py:104} INFO - [2021-03-02 07:22:06,868] {dag.py:2273} INFO - Setting next_dagrun for example_xcom_args to None
[2021-03-02 07:22:06,869] {logging_mixin.py:104} INFO - [2021-03-02 07:22:06,869] {dag.py:2273} INFO - Setting next_dagrun for example_xcom_args_with_operators to None
[2021-03-02 07:22:06,969] {scheduler_job.py:190} INFO - Processing /media/thiagola92/LinuxHD/Documents/public/learning-apache-airflow/venv/lib/python3.7/site-packages/airflow/example_dags/example_xcomargs.py took 0.134 seconds
[2021-03-02 07:22:37,190] {scheduler_job.py:182} INFO - Started process (PID=32625) to work on /media/thiagola92/LinuxHD/Documents/public/learning-apache-airflow/venv/lib/python3.7/site-packages/airflow/example_dags/example_xcomargs.py
[2021-03-02 07:22:37,190] {scheduler_job.py:629} INFO - Processing file /media/thiagola92/LinuxHD/Documents/public/learning-apache-airflow/venv/lib/python3.7/site-packages/airflow/example_dags/example_xcomargs.py for tasks to queue
[2021-03-02 07:22:37,191] {logging_mixin.py:104} INFO - [2021-03-02 07:22:37,191] {dagbag.py:448} INFO - Filling up the DagBag from /media/thiagola92/LinuxHD/Documents/public/learning-apache-airflow/venv/lib/python3.7/site-packages/airflow/example_dags/example_xcomargs.py
[2021-03-02 07:22:37,198] {scheduler_job.py:639} INFO - DAG(s) dict_keys(['example_xcom_args', 'example_xcom_args_with_operators']) retrieved from /media/thiagola92/LinuxHD/Documents/public/learning-apache-airflow/venv/lib/python3.7/site-packages/airflow/example_dags/example_xcomargs.py
[2021-03-02 07:22:37,209] {logging_mixin.py:104} INFO - [2021-03-02 07:22:37,209] {dag.py:1818} INFO - Sync 2 DAGs
[2021-03-02 07:22:37,215] {logging_mixin.py:104} INFO - [2021-03-02 07:22:37,215] {dag.py:2273} INFO - Setting next_dagrun for example_xcom_args to None
[2021-03-02 07:22:37,215] {logging_mixin.py:104} INFO - [2021-03-02 07:22:37,215] {dag.py:2273} INFO - Setting next_dagrun for example_xcom_args_with_operators to None
[2021-03-02 07:22:37,337] {scheduler_job.py:190} INFO - Processing /media/thiagola92/LinuxHD/Documents/public/learning-apache-airflow/venv/lib/python3.7/site-packages/airflow/example_dags/example_xcomargs.py took 0.148 seconds
[2021-03-02 07:23:07,861] {scheduler_job.py:182} INFO - Started process (PID=33086) to work on /media/thiagola92/LinuxHD/Documents/public/learning-apache-airflow/venv/lib/python3.7/site-packages/airflow/example_dags/example_xcomargs.py
[2021-03-02 07:23:07,861] {scheduler_job.py:629} INFO - Processing file /media/thiagola92/LinuxHD/Documents/public/learning-apache-airflow/venv/lib/python3.7/site-packages/airflow/example_dags/example_xcomargs.py for tasks to queue
[2021-03-02 07:23:07,862] {logging_mixin.py:104} INFO - [2021-03-02 07:23:07,862] {dagbag.py:448} INFO - Filling up the DagBag from /media/thiagola92/LinuxHD/Documents/public/learning-apache-airflow/venv/lib/python3.7/site-packages/airflow/example_dags/example_xcomargs.py
[2021-03-02 07:23:07,869] {scheduler_job.py:639} INFO - DAG(s) dict_keys(['example_xcom_args', 'example_xcom_args_with_operators']) retrieved from /media/thiagola92/LinuxHD/Documents/public/learning-apache-airflow/venv/lib/python3.7/site-packages/airflow/example_dags/example_xcomargs.py
[2021-03-02 07:23:07,878] {logging_mixin.py:104} INFO - [2021-03-02 07:23:07,878] {dag.py:1818} INFO - Sync 2 DAGs
[2021-03-02 07:23:07,884] {logging_mixin.py:104} INFO - [2021-03-02 07:23:07,883] {dag.py:2273} INFO - Setting next_dagrun for example_xcom_args to None
[2021-03-02 07:23:07,884] {logging_mixin.py:104} INFO - [2021-03-02 07:23:07,884] {dag.py:2273} INFO - Setting next_dagrun for example_xcom_args_with_operators to None
[2021-03-02 07:23:07,970] {scheduler_job.py:190} INFO - Processing /media/thiagola92/LinuxHD/Documents/public/learning-apache-airflow/venv/lib/python3.7/site-packages/airflow/example_dags/example_xcomargs.py took 0.111 seconds
[2021-03-02 07:23:38,217] {scheduler_job.py:182} INFO - Started process (PID=33574) to work on /media/thiagola92/LinuxHD/Documents/public/learning-apache-airflow/venv/lib/python3.7/site-packages/airflow/example_dags/example_xcomargs.py
[2021-03-02 07:23:38,221] {scheduler_job.py:629} INFO - Processing file /media/thiagola92/LinuxHD/Documents/public/learning-apache-airflow/venv/lib/python3.7/site-packages/airflow/example_dags/example_xcomargs.py for tasks to queue
[2021-03-02 07:23:38,223] {logging_mixin.py:104} INFO - [2021-03-02 07:23:38,223] {dagbag.py:448} INFO - Filling up the DagBag from /media/thiagola92/LinuxHD/Documents/public/learning-apache-airflow/venv/lib/python3.7/site-packages/airflow/example_dags/example_xcomargs.py
[2021-03-02 07:23:38,246] {scheduler_job.py:639} INFO - DAG(s) dict_keys(['example_xcom_args', 'example_xcom_args_with_operators']) retrieved from /media/thiagola92/LinuxHD/Documents/public/learning-apache-airflow/venv/lib/python3.7/site-packages/airflow/example_dags/example_xcomargs.py
[2021-03-02 07:23:38,264] {logging_mixin.py:104} INFO - [2021-03-02 07:23:38,264] {dag.py:1818} INFO - Sync 2 DAGs
[2021-03-02 07:23:38,271] {logging_mixin.py:104} INFO - [2021-03-02 07:23:38,271] {dag.py:2273} INFO - Setting next_dagrun for example_xcom_args to None
[2021-03-02 07:23:38,271] {logging_mixin.py:104} INFO - [2021-03-02 07:23:38,271] {dag.py:2273} INFO - Setting next_dagrun for example_xcom_args_with_operators to None
[2021-03-02 07:23:38,372] {scheduler_job.py:190} INFO - Processing /media/thiagola92/LinuxHD/Documents/public/learning-apache-airflow/venv/lib/python3.7/site-packages/airflow/example_dags/example_xcomargs.py took 0.162 seconds
