[2021-03-02 07:12:11,916] {scheduler_job.py:182} INFO - Started process (PID=24030) to work on /media/thiagola92/LinuxHD/Documents/public/learning-apache-airflow/venv/lib/python3.7/site-packages/airflow/example_dags/example_latest_only_with_trigger.py
[2021-03-02 07:12:11,919] {scheduler_job.py:629} INFO - Processing file /media/thiagola92/LinuxHD/Documents/public/learning-apache-airflow/venv/lib/python3.7/site-packages/airflow/example_dags/example_latest_only_with_trigger.py for tasks to queue
[2021-03-02 07:12:11,920] {logging_mixin.py:104} INFO - [2021-03-02 07:12:11,920] {dagbag.py:448} INFO - Filling up the DagBag from /media/thiagola92/LinuxHD/Documents/public/learning-apache-airflow/venv/lib/python3.7/site-packages/airflow/example_dags/example_latest_only_with_trigger.py
[2021-03-02 07:12:11,934] {scheduler_job.py:639} INFO - DAG(s) dict_keys(['latest_only_with_trigger']) retrieved from /media/thiagola92/LinuxHD/Documents/public/learning-apache-airflow/venv/lib/python3.7/site-packages/airflow/example_dags/example_latest_only_with_trigger.py
[2021-03-02 07:12:11,946] {logging_mixin.py:104} INFO - [2021-03-02 07:12:11,946] {dag.py:1818} INFO - Sync 1 DAGs
[2021-03-02 07:12:11,953] {logging_mixin.py:104} INFO - [2021-03-02 07:12:11,953] {dag.py:2273} INFO - Setting next_dagrun for latest_only_with_trigger to 2021-02-28 00:00:00+00:00
[2021-03-02 07:12:12,038] {scheduler_job.py:190} INFO - Processing /media/thiagola92/LinuxHD/Documents/public/learning-apache-airflow/venv/lib/python3.7/site-packages/airflow/example_dags/example_latest_only_with_trigger.py took 0.130 seconds
[2021-03-02 07:12:42,481] {scheduler_job.py:182} INFO - Started process (PID=24716) to work on /media/thiagola92/LinuxHD/Documents/public/learning-apache-airflow/venv/lib/python3.7/site-packages/airflow/example_dags/example_latest_only_with_trigger.py
[2021-03-02 07:12:42,481] {scheduler_job.py:629} INFO - Processing file /media/thiagola92/LinuxHD/Documents/public/learning-apache-airflow/venv/lib/python3.7/site-packages/airflow/example_dags/example_latest_only_with_trigger.py for tasks to queue
[2021-03-02 07:12:42,482] {logging_mixin.py:104} INFO - [2021-03-02 07:12:42,482] {dagbag.py:448} INFO - Filling up the DagBag from /media/thiagola92/LinuxHD/Documents/public/learning-apache-airflow/venv/lib/python3.7/site-packages/airflow/example_dags/example_latest_only_with_trigger.py
[2021-03-02 07:12:42,490] {scheduler_job.py:639} INFO - DAG(s) dict_keys(['latest_only_with_trigger']) retrieved from /media/thiagola92/LinuxHD/Documents/public/learning-apache-airflow/venv/lib/python3.7/site-packages/airflow/example_dags/example_latest_only_with_trigger.py
[2021-03-02 07:12:42,500] {logging_mixin.py:104} INFO - [2021-03-02 07:12:42,500] {dag.py:1818} INFO - Sync 1 DAGs
[2021-03-02 07:12:42,507] {logging_mixin.py:104} INFO - [2021-03-02 07:12:42,507] {dag.py:2273} INFO - Setting next_dagrun for latest_only_with_trigger to 2021-02-28 00:00:00+00:00
[2021-03-02 07:12:42,511] {scheduler_job.py:190} INFO - Processing /media/thiagola92/LinuxHD/Documents/public/learning-apache-airflow/venv/lib/python3.7/site-packages/airflow/example_dags/example_latest_only_with_trigger.py took 0.032 seconds
[2021-03-02 07:13:12,590] {scheduler_job.py:182} INFO - Started process (PID=25176) to work on /media/thiagola92/LinuxHD/Documents/public/learning-apache-airflow/venv/lib/python3.7/site-packages/airflow/example_dags/example_latest_only_with_trigger.py
[2021-03-02 07:13:12,591] {scheduler_job.py:629} INFO - Processing file /media/thiagola92/LinuxHD/Documents/public/learning-apache-airflow/venv/lib/python3.7/site-packages/airflow/example_dags/example_latest_only_with_trigger.py for tasks to queue
[2021-03-02 07:13:12,591] {logging_mixin.py:104} INFO - [2021-03-02 07:13:12,591] {dagbag.py:448} INFO - Filling up the DagBag from /media/thiagola92/LinuxHD/Documents/public/learning-apache-airflow/venv/lib/python3.7/site-packages/airflow/example_dags/example_latest_only_with_trigger.py
[2021-03-02 07:13:12,597] {scheduler_job.py:639} INFO - DAG(s) dict_keys(['latest_only_with_trigger']) retrieved from /media/thiagola92/LinuxHD/Documents/public/learning-apache-airflow/venv/lib/python3.7/site-packages/airflow/example_dags/example_latest_only_with_trigger.py
[2021-03-02 07:13:12,605] {logging_mixin.py:104} INFO - [2021-03-02 07:13:12,605] {dag.py:1818} INFO - Sync 1 DAGs
[2021-03-02 07:13:12,612] {logging_mixin.py:104} INFO - [2021-03-02 07:13:12,611] {dag.py:2273} INFO - Setting next_dagrun for latest_only_with_trigger to 2021-02-28 00:00:00+00:00
[2021-03-02 07:13:12,615] {scheduler_job.py:190} INFO - Processing /media/thiagola92/LinuxHD/Documents/public/learning-apache-airflow/venv/lib/python3.7/site-packages/airflow/example_dags/example_latest_only_with_trigger.py took 0.027 seconds
[2021-03-02 07:13:42,791] {scheduler_job.py:182} INFO - Started process (PID=25571) to work on /media/thiagola92/LinuxHD/Documents/public/learning-apache-airflow/venv/lib/python3.7/site-packages/airflow/example_dags/example_latest_only_with_trigger.py
[2021-03-02 07:13:42,793] {scheduler_job.py:629} INFO - Processing file /media/thiagola92/LinuxHD/Documents/public/learning-apache-airflow/venv/lib/python3.7/site-packages/airflow/example_dags/example_latest_only_with_trigger.py for tasks to queue
[2021-03-02 07:13:42,793] {logging_mixin.py:104} INFO - [2021-03-02 07:13:42,793] {dagbag.py:448} INFO - Filling up the DagBag from /media/thiagola92/LinuxHD/Documents/public/learning-apache-airflow/venv/lib/python3.7/site-packages/airflow/example_dags/example_latest_only_with_trigger.py
[2021-03-02 07:13:42,799] {scheduler_job.py:639} INFO - DAG(s) dict_keys(['latest_only_with_trigger']) retrieved from /media/thiagola92/LinuxHD/Documents/public/learning-apache-airflow/venv/lib/python3.7/site-packages/airflow/example_dags/example_latest_only_with_trigger.py
[2021-03-02 07:13:42,807] {logging_mixin.py:104} INFO - [2021-03-02 07:13:42,807] {dag.py:1818} INFO - Sync 1 DAGs
[2021-03-02 07:13:42,814] {logging_mixin.py:104} INFO - [2021-03-02 07:13:42,814] {dag.py:2273} INFO - Setting next_dagrun for latest_only_with_trigger to 2021-02-28 00:00:00+00:00
[2021-03-02 07:13:42,818] {scheduler_job.py:190} INFO - Processing /media/thiagola92/LinuxHD/Documents/public/learning-apache-airflow/venv/lib/python3.7/site-packages/airflow/example_dags/example_latest_only_with_trigger.py took 0.031 seconds
[2021-03-02 07:14:16,564] {scheduler_job.py:182} INFO - Started process (PID=26024) to work on /media/thiagola92/LinuxHD/Documents/public/learning-apache-airflow/venv/lib/python3.7/site-packages/airflow/example_dags/example_latest_only_with_trigger.py
[2021-03-02 07:14:16,566] {scheduler_job.py:629} INFO - Processing file /media/thiagola92/LinuxHD/Documents/public/learning-apache-airflow/venv/lib/python3.7/site-packages/airflow/example_dags/example_latest_only_with_trigger.py for tasks to queue
[2021-03-02 07:14:16,568] {logging_mixin.py:104} INFO - [2021-03-02 07:14:16,568] {dagbag.py:448} INFO - Filling up the DagBag from /media/thiagola92/LinuxHD/Documents/public/learning-apache-airflow/venv/lib/python3.7/site-packages/airflow/example_dags/example_latest_only_with_trigger.py
[2021-03-02 07:14:16,583] {scheduler_job.py:639} INFO - DAG(s) dict_keys(['latest_only_with_trigger']) retrieved from /media/thiagola92/LinuxHD/Documents/public/learning-apache-airflow/venv/lib/python3.7/site-packages/airflow/example_dags/example_latest_only_with_trigger.py
[2021-03-02 07:14:16,595] {logging_mixin.py:104} INFO - [2021-03-02 07:14:16,595] {dag.py:1818} INFO - Sync 1 DAGs
[2021-03-02 07:14:16,602] {logging_mixin.py:104} INFO - [2021-03-02 07:14:16,602] {dag.py:2273} INFO - Setting next_dagrun for latest_only_with_trigger to 2021-02-28 00:00:00+00:00
[2021-03-02 07:14:16,606] {scheduler_job.py:190} INFO - Processing /media/thiagola92/LinuxHD/Documents/public/learning-apache-airflow/venv/lib/python3.7/site-packages/airflow/example_dags/example_latest_only_with_trigger.py took 0.048 seconds
[2021-03-02 07:14:46,948] {scheduler_job.py:182} INFO - Started process (PID=26432) to work on /media/thiagola92/LinuxHD/Documents/public/learning-apache-airflow/venv/lib/python3.7/site-packages/airflow/example_dags/example_latest_only_with_trigger.py
[2021-03-02 07:14:46,951] {scheduler_job.py:629} INFO - Processing file /media/thiagola92/LinuxHD/Documents/public/learning-apache-airflow/venv/lib/python3.7/site-packages/airflow/example_dags/example_latest_only_with_trigger.py for tasks to queue
[2021-03-02 07:14:46,953] {logging_mixin.py:104} INFO - [2021-03-02 07:14:46,952] {dagbag.py:448} INFO - Filling up the DagBag from /media/thiagola92/LinuxHD/Documents/public/learning-apache-airflow/venv/lib/python3.7/site-packages/airflow/example_dags/example_latest_only_with_trigger.py
[2021-03-02 07:14:46,971] {scheduler_job.py:639} INFO - DAG(s) dict_keys(['latest_only_with_trigger']) retrieved from /media/thiagola92/LinuxHD/Documents/public/learning-apache-airflow/venv/lib/python3.7/site-packages/airflow/example_dags/example_latest_only_with_trigger.py
[2021-03-02 07:14:46,984] {logging_mixin.py:104} INFO - [2021-03-02 07:14:46,984] {dag.py:1818} INFO - Sync 1 DAGs
[2021-03-02 07:14:46,991] {logging_mixin.py:104} INFO - [2021-03-02 07:14:46,991] {dag.py:2273} INFO - Setting next_dagrun for latest_only_with_trigger to 2021-02-28 00:00:00+00:00
[2021-03-02 07:14:46,996] {scheduler_job.py:190} INFO - Processing /media/thiagola92/LinuxHD/Documents/public/learning-apache-airflow/venv/lib/python3.7/site-packages/airflow/example_dags/example_latest_only_with_trigger.py took 0.055 seconds
[2021-03-02 07:15:17,315] {scheduler_job.py:182} INFO - Started process (PID=26837) to work on /media/thiagola92/LinuxHD/Documents/public/learning-apache-airflow/venv/lib/python3.7/site-packages/airflow/example_dags/example_latest_only_with_trigger.py
[2021-03-02 07:15:17,315] {scheduler_job.py:629} INFO - Processing file /media/thiagola92/LinuxHD/Documents/public/learning-apache-airflow/venv/lib/python3.7/site-packages/airflow/example_dags/example_latest_only_with_trigger.py for tasks to queue
[2021-03-02 07:15:17,316] {logging_mixin.py:104} INFO - [2021-03-02 07:15:17,316] {dagbag.py:448} INFO - Filling up the DagBag from /media/thiagola92/LinuxHD/Documents/public/learning-apache-airflow/venv/lib/python3.7/site-packages/airflow/example_dags/example_latest_only_with_trigger.py
[2021-03-02 07:15:17,321] {scheduler_job.py:639} INFO - DAG(s) dict_keys(['latest_only_with_trigger']) retrieved from /media/thiagola92/LinuxHD/Documents/public/learning-apache-airflow/venv/lib/python3.7/site-packages/airflow/example_dags/example_latest_only_with_trigger.py
[2021-03-02 07:15:17,328] {logging_mixin.py:104} INFO - [2021-03-02 07:15:17,328] {dag.py:1818} INFO - Sync 1 DAGs
[2021-03-02 07:15:17,334] {logging_mixin.py:104} INFO - [2021-03-02 07:15:17,334] {dag.py:2273} INFO - Setting next_dagrun for latest_only_with_trigger to 2021-02-28 00:00:00+00:00
[2021-03-02 07:15:17,338] {scheduler_job.py:190} INFO - Processing /media/thiagola92/LinuxHD/Documents/public/learning-apache-airflow/venv/lib/python3.7/site-packages/airflow/example_dags/example_latest_only_with_trigger.py took 0.024 seconds
[2021-03-02 07:15:47,483] {scheduler_job.py:182} INFO - Started process (PID=27263) to work on /media/thiagola92/LinuxHD/Documents/public/learning-apache-airflow/venv/lib/python3.7/site-packages/airflow/example_dags/example_latest_only_with_trigger.py
[2021-03-02 07:15:47,485] {scheduler_job.py:629} INFO - Processing file /media/thiagola92/LinuxHD/Documents/public/learning-apache-airflow/venv/lib/python3.7/site-packages/airflow/example_dags/example_latest_only_with_trigger.py for tasks to queue
[2021-03-02 07:15:47,485] {logging_mixin.py:104} INFO - [2021-03-02 07:15:47,485] {dagbag.py:448} INFO - Filling up the DagBag from /media/thiagola92/LinuxHD/Documents/public/learning-apache-airflow/venv/lib/python3.7/site-packages/airflow/example_dags/example_latest_only_with_trigger.py
[2021-03-02 07:15:47,497] {scheduler_job.py:639} INFO - DAG(s) dict_keys(['latest_only_with_trigger']) retrieved from /media/thiagola92/LinuxHD/Documents/public/learning-apache-airflow/venv/lib/python3.7/site-packages/airflow/example_dags/example_latest_only_with_trigger.py
[2021-03-02 07:15:47,509] {logging_mixin.py:104} INFO - [2021-03-02 07:15:47,508] {dag.py:1818} INFO - Sync 1 DAGs
[2021-03-02 07:15:47,516] {logging_mixin.py:104} INFO - [2021-03-02 07:15:47,516] {dag.py:2273} INFO - Setting next_dagrun for latest_only_with_trigger to 2021-02-28 00:00:00+00:00
[2021-03-02 07:15:47,520] {scheduler_job.py:190} INFO - Processing /media/thiagola92/LinuxHD/Documents/public/learning-apache-airflow/venv/lib/python3.7/site-packages/airflow/example_dags/example_latest_only_with_trigger.py took 0.040 seconds
[2021-03-02 07:16:18,357] {scheduler_job.py:182} INFO - Started process (PID=27657) to work on /media/thiagola92/LinuxHD/Documents/public/learning-apache-airflow/venv/lib/python3.7/site-packages/airflow/example_dags/example_latest_only_with_trigger.py
[2021-03-02 07:16:18,358] {scheduler_job.py:629} INFO - Processing file /media/thiagola92/LinuxHD/Documents/public/learning-apache-airflow/venv/lib/python3.7/site-packages/airflow/example_dags/example_latest_only_with_trigger.py for tasks to queue
[2021-03-02 07:16:18,358] {logging_mixin.py:104} INFO - [2021-03-02 07:16:18,358] {dagbag.py:448} INFO - Filling up the DagBag from /media/thiagola92/LinuxHD/Documents/public/learning-apache-airflow/venv/lib/python3.7/site-packages/airflow/example_dags/example_latest_only_with_trigger.py
[2021-03-02 07:16:18,364] {scheduler_job.py:639} INFO - DAG(s) dict_keys(['latest_only_with_trigger']) retrieved from /media/thiagola92/LinuxHD/Documents/public/learning-apache-airflow/venv/lib/python3.7/site-packages/airflow/example_dags/example_latest_only_with_trigger.py
[2021-03-02 07:16:18,372] {logging_mixin.py:104} INFO - [2021-03-02 07:16:18,372] {dag.py:1818} INFO - Sync 1 DAGs
[2021-03-02 07:16:18,377] {logging_mixin.py:104} INFO - [2021-03-02 07:16:18,377] {dag.py:2273} INFO - Setting next_dagrun for latest_only_with_trigger to 2021-02-28 00:00:00+00:00
[2021-03-02 07:16:18,381] {scheduler_job.py:190} INFO - Processing /media/thiagola92/LinuxHD/Documents/public/learning-apache-airflow/venv/lib/python3.7/site-packages/airflow/example_dags/example_latest_only_with_trigger.py took 0.026 seconds
[2021-03-02 07:16:48,618] {scheduler_job.py:182} INFO - Started process (PID=28045) to work on /media/thiagola92/LinuxHD/Documents/public/learning-apache-airflow/venv/lib/python3.7/site-packages/airflow/example_dags/example_latest_only_with_trigger.py
[2021-03-02 07:16:48,618] {scheduler_job.py:629} INFO - Processing file /media/thiagola92/LinuxHD/Documents/public/learning-apache-airflow/venv/lib/python3.7/site-packages/airflow/example_dags/example_latest_only_with_trigger.py for tasks to queue
[2021-03-02 07:16:48,619] {logging_mixin.py:104} INFO - [2021-03-02 07:16:48,619] {dagbag.py:448} INFO - Filling up the DagBag from /media/thiagola92/LinuxHD/Documents/public/learning-apache-airflow/venv/lib/python3.7/site-packages/airflow/example_dags/example_latest_only_with_trigger.py
[2021-03-02 07:16:48,625] {scheduler_job.py:639} INFO - DAG(s) dict_keys(['latest_only_with_trigger']) retrieved from /media/thiagola92/LinuxHD/Documents/public/learning-apache-airflow/venv/lib/python3.7/site-packages/airflow/example_dags/example_latest_only_with_trigger.py
[2021-03-02 07:16:48,633] {logging_mixin.py:104} INFO - [2021-03-02 07:16:48,633] {dag.py:1818} INFO - Sync 1 DAGs
[2021-03-02 07:16:48,638] {logging_mixin.py:104} INFO - [2021-03-02 07:16:48,638] {dag.py:2273} INFO - Setting next_dagrun for latest_only_with_trigger to 2021-02-28 00:00:00+00:00
[2021-03-02 07:16:48,642] {scheduler_job.py:190} INFO - Processing /media/thiagola92/LinuxHD/Documents/public/learning-apache-airflow/venv/lib/python3.7/site-packages/airflow/example_dags/example_latest_only_with_trigger.py took 0.027 seconds
[2021-03-02 07:17:19,242] {scheduler_job.py:182} INFO - Started process (PID=28495) to work on /media/thiagola92/LinuxHD/Documents/public/learning-apache-airflow/venv/lib/python3.7/site-packages/airflow/example_dags/example_latest_only_with_trigger.py
[2021-03-02 07:17:19,244] {scheduler_job.py:629} INFO - Processing file /media/thiagola92/LinuxHD/Documents/public/learning-apache-airflow/venv/lib/python3.7/site-packages/airflow/example_dags/example_latest_only_with_trigger.py for tasks to queue
[2021-03-02 07:17:19,245] {logging_mixin.py:104} INFO - [2021-03-02 07:17:19,245] {dagbag.py:448} INFO - Filling up the DagBag from /media/thiagola92/LinuxHD/Documents/public/learning-apache-airflow/venv/lib/python3.7/site-packages/airflow/example_dags/example_latest_only_with_trigger.py
[2021-03-02 07:17:19,270] {scheduler_job.py:639} INFO - DAG(s) dict_keys(['latest_only_with_trigger']) retrieved from /media/thiagola92/LinuxHD/Documents/public/learning-apache-airflow/venv/lib/python3.7/site-packages/airflow/example_dags/example_latest_only_with_trigger.py
[2021-03-02 07:17:19,302] {logging_mixin.py:104} INFO - [2021-03-02 07:17:19,301] {dag.py:1818} INFO - Sync 1 DAGs
[2021-03-02 07:17:19,318] {logging_mixin.py:104} INFO - [2021-03-02 07:17:19,318] {dag.py:2273} INFO - Setting next_dagrun for latest_only_with_trigger to 2021-02-28 00:00:00+00:00
[2021-03-02 07:17:19,325] {scheduler_job.py:190} INFO - Processing /media/thiagola92/LinuxHD/Documents/public/learning-apache-airflow/venv/lib/python3.7/site-packages/airflow/example_dags/example_latest_only_with_trigger.py took 0.090 seconds
[2021-03-02 07:18:00,528] {scheduler_job.py:182} INFO - Started process (PID=29055) to work on /media/thiagola92/LinuxHD/Documents/public/learning-apache-airflow/venv/lib/python3.7/site-packages/airflow/example_dags/example_latest_only_with_trigger.py
[2021-03-02 07:18:00,529] {scheduler_job.py:629} INFO - Processing file /media/thiagola92/LinuxHD/Documents/public/learning-apache-airflow/venv/lib/python3.7/site-packages/airflow/example_dags/example_latest_only_with_trigger.py for tasks to queue
[2021-03-02 07:18:00,529] {logging_mixin.py:104} INFO - [2021-03-02 07:18:00,529] {dagbag.py:448} INFO - Filling up the DagBag from /media/thiagola92/LinuxHD/Documents/public/learning-apache-airflow/venv/lib/python3.7/site-packages/airflow/example_dags/example_latest_only_with_trigger.py
[2021-03-02 07:18:00,535] {scheduler_job.py:639} INFO - DAG(s) dict_keys(['latest_only_with_trigger']) retrieved from /media/thiagola92/LinuxHD/Documents/public/learning-apache-airflow/venv/lib/python3.7/site-packages/airflow/example_dags/example_latest_only_with_trigger.py
[2021-03-02 07:18:00,544] {logging_mixin.py:104} INFO - [2021-03-02 07:18:00,544] {dag.py:1818} INFO - Sync 1 DAGs
[2021-03-02 07:18:00,550] {logging_mixin.py:104} INFO - [2021-03-02 07:18:00,550] {dag.py:2273} INFO - Setting next_dagrun for latest_only_with_trigger to 2021-02-28 00:00:00+00:00
[2021-03-02 07:18:00,556] {scheduler_job.py:190} INFO - Processing /media/thiagola92/LinuxHD/Documents/public/learning-apache-airflow/venv/lib/python3.7/site-packages/airflow/example_dags/example_latest_only_with_trigger.py took 0.029 seconds
[2021-03-02 07:21:44,359] {scheduler_job.py:182} INFO - Started process (PID=31928) to work on /media/thiagola92/LinuxHD/Documents/public/learning-apache-airflow/venv/lib/python3.7/site-packages/airflow/example_dags/example_latest_only_with_trigger.py
[2021-03-02 07:21:44,362] {scheduler_job.py:629} INFO - Processing file /media/thiagola92/LinuxHD/Documents/public/learning-apache-airflow/venv/lib/python3.7/site-packages/airflow/example_dags/example_latest_only_with_trigger.py for tasks to queue
[2021-03-02 07:21:44,364] {logging_mixin.py:104} INFO - [2021-03-02 07:21:44,363] {dagbag.py:448} INFO - Filling up the DagBag from /media/thiagola92/LinuxHD/Documents/public/learning-apache-airflow/venv/lib/python3.7/site-packages/airflow/example_dags/example_latest_only_with_trigger.py
[2021-03-02 07:21:44,379] {scheduler_job.py:639} INFO - DAG(s) dict_keys(['latest_only_with_trigger']) retrieved from /media/thiagola92/LinuxHD/Documents/public/learning-apache-airflow/venv/lib/python3.7/site-packages/airflow/example_dags/example_latest_only_with_trigger.py
[2021-03-02 07:21:44,394] {logging_mixin.py:104} INFO - [2021-03-02 07:21:44,394] {dag.py:1818} INFO - Sync 1 DAGs
[2021-03-02 07:21:44,404] {logging_mixin.py:104} INFO - [2021-03-02 07:21:44,404] {dag.py:2273} INFO - Setting next_dagrun for latest_only_with_trigger to 2021-02-28 00:00:00+00:00
[2021-03-02 07:21:44,410] {scheduler_job.py:190} INFO - Processing /media/thiagola92/LinuxHD/Documents/public/learning-apache-airflow/venv/lib/python3.7/site-packages/airflow/example_dags/example_latest_only_with_trigger.py took 0.057 seconds
[2021-03-02 07:22:15,512] {scheduler_job.py:182} INFO - Started process (PID=32325) to work on /media/thiagola92/LinuxHD/Documents/public/learning-apache-airflow/venv/lib/python3.7/site-packages/airflow/example_dags/example_latest_only_with_trigger.py
[2021-03-02 07:22:15,521] {scheduler_job.py:629} INFO - Processing file /media/thiagola92/LinuxHD/Documents/public/learning-apache-airflow/venv/lib/python3.7/site-packages/airflow/example_dags/example_latest_only_with_trigger.py for tasks to queue
[2021-03-02 07:22:15,522] {logging_mixin.py:104} INFO - [2021-03-02 07:22:15,521] {dagbag.py:448} INFO - Filling up the DagBag from /media/thiagola92/LinuxHD/Documents/public/learning-apache-airflow/venv/lib/python3.7/site-packages/airflow/example_dags/example_latest_only_with_trigger.py
[2021-03-02 07:22:15,530] {scheduler_job.py:639} INFO - DAG(s) dict_keys(['latest_only_with_trigger']) retrieved from /media/thiagola92/LinuxHD/Documents/public/learning-apache-airflow/venv/lib/python3.7/site-packages/airflow/example_dags/example_latest_only_with_trigger.py
[2021-03-02 07:22:15,553] {logging_mixin.py:104} INFO - [2021-03-02 07:22:15,553] {dag.py:1818} INFO - Sync 1 DAGs
[2021-03-02 07:22:15,559] {logging_mixin.py:104} INFO - [2021-03-02 07:22:15,559] {dag.py:2273} INFO - Setting next_dagrun for latest_only_with_trigger to 2021-02-28 00:00:00+00:00
[2021-03-02 07:22:15,564] {scheduler_job.py:190} INFO - Processing /media/thiagola92/LinuxHD/Documents/public/learning-apache-airflow/venv/lib/python3.7/site-packages/airflow/example_dags/example_latest_only_with_trigger.py took 0.055 seconds
[2021-03-02 07:22:46,075] {scheduler_job.py:182} INFO - Started process (PID=32734) to work on /media/thiagola92/LinuxHD/Documents/public/learning-apache-airflow/venv/lib/python3.7/site-packages/airflow/example_dags/example_latest_only_with_trigger.py
[2021-03-02 07:22:46,077] {scheduler_job.py:629} INFO - Processing file /media/thiagola92/LinuxHD/Documents/public/learning-apache-airflow/venv/lib/python3.7/site-packages/airflow/example_dags/example_latest_only_with_trigger.py for tasks to queue
[2021-03-02 07:22:46,078] {logging_mixin.py:104} INFO - [2021-03-02 07:22:46,078] {dagbag.py:448} INFO - Filling up the DagBag from /media/thiagola92/LinuxHD/Documents/public/learning-apache-airflow/venv/lib/python3.7/site-packages/airflow/example_dags/example_latest_only_with_trigger.py
[2021-03-02 07:22:46,089] {scheduler_job.py:639} INFO - DAG(s) dict_keys(['latest_only_with_trigger']) retrieved from /media/thiagola92/LinuxHD/Documents/public/learning-apache-airflow/venv/lib/python3.7/site-packages/airflow/example_dags/example_latest_only_with_trigger.py
[2021-03-02 07:22:46,100] {logging_mixin.py:104} INFO - [2021-03-02 07:22:46,100] {dag.py:1818} INFO - Sync 1 DAGs
[2021-03-02 07:22:46,107] {logging_mixin.py:104} INFO - [2021-03-02 07:22:46,107] {dag.py:2273} INFO - Setting next_dagrun for latest_only_with_trigger to 2021-02-28 00:00:00+00:00
[2021-03-02 07:22:46,111] {scheduler_job.py:190} INFO - Processing /media/thiagola92/LinuxHD/Documents/public/learning-apache-airflow/venv/lib/python3.7/site-packages/airflow/example_dags/example_latest_only_with_trigger.py took 0.042 seconds
[2021-03-02 07:23:16,321] {scheduler_job.py:182} INFO - Started process (PID=33233) to work on /media/thiagola92/LinuxHD/Documents/public/learning-apache-airflow/venv/lib/python3.7/site-packages/airflow/example_dags/example_latest_only_with_trigger.py
[2021-03-02 07:23:16,322] {scheduler_job.py:629} INFO - Processing file /media/thiagola92/LinuxHD/Documents/public/learning-apache-airflow/venv/lib/python3.7/site-packages/airflow/example_dags/example_latest_only_with_trigger.py for tasks to queue
[2021-03-02 07:23:16,323] {logging_mixin.py:104} INFO - [2021-03-02 07:23:16,322] {dagbag.py:448} INFO - Filling up the DagBag from /media/thiagola92/LinuxHD/Documents/public/learning-apache-airflow/venv/lib/python3.7/site-packages/airflow/example_dags/example_latest_only_with_trigger.py
[2021-03-02 07:23:16,328] {scheduler_job.py:639} INFO - DAG(s) dict_keys(['latest_only_with_trigger']) retrieved from /media/thiagola92/LinuxHD/Documents/public/learning-apache-airflow/venv/lib/python3.7/site-packages/airflow/example_dags/example_latest_only_with_trigger.py
[2021-03-02 07:23:16,335] {logging_mixin.py:104} INFO - [2021-03-02 07:23:16,335] {dag.py:1818} INFO - Sync 1 DAGs
[2021-03-02 07:23:16,342] {logging_mixin.py:104} INFO - [2021-03-02 07:23:16,342] {dag.py:2273} INFO - Setting next_dagrun for latest_only_with_trigger to 2021-02-28 00:00:00+00:00
[2021-03-02 07:23:16,345] {scheduler_job.py:190} INFO - Processing /media/thiagola92/LinuxHD/Documents/public/learning-apache-airflow/venv/lib/python3.7/site-packages/airflow/example_dags/example_latest_only_with_trigger.py took 0.025 seconds
[2021-03-02 07:23:47,598] {scheduler_job.py:182} INFO - Started process (PID=33701) to work on /media/thiagola92/LinuxHD/Documents/public/learning-apache-airflow/venv/lib/python3.7/site-packages/airflow/example_dags/example_latest_only_with_trigger.py
[2021-03-02 07:23:47,600] {scheduler_job.py:629} INFO - Processing file /media/thiagola92/LinuxHD/Documents/public/learning-apache-airflow/venv/lib/python3.7/site-packages/airflow/example_dags/example_latest_only_with_trigger.py for tasks to queue
[2021-03-02 07:23:47,601] {logging_mixin.py:104} INFO - [2021-03-02 07:23:47,601] {dagbag.py:448} INFO - Filling up the DagBag from /media/thiagola92/LinuxHD/Documents/public/learning-apache-airflow/venv/lib/python3.7/site-packages/airflow/example_dags/example_latest_only_with_trigger.py
[2021-03-02 07:23:47,619] {scheduler_job.py:639} INFO - DAG(s) dict_keys(['latest_only_with_trigger']) retrieved from /media/thiagola92/LinuxHD/Documents/public/learning-apache-airflow/venv/lib/python3.7/site-packages/airflow/example_dags/example_latest_only_with_trigger.py
[2021-03-02 07:23:47,632] {logging_mixin.py:104} INFO - [2021-03-02 07:23:47,632] {dag.py:1818} INFO - Sync 1 DAGs
[2021-03-02 07:23:47,639] {logging_mixin.py:104} INFO - [2021-03-02 07:23:47,639] {dag.py:2273} INFO - Setting next_dagrun for latest_only_with_trigger to 2021-02-28 00:00:00+00:00
[2021-03-02 07:23:47,643] {scheduler_job.py:190} INFO - Processing /media/thiagola92/LinuxHD/Documents/public/learning-apache-airflow/venv/lib/python3.7/site-packages/airflow/example_dags/example_latest_only_with_trigger.py took 0.052 seconds
