[2021-03-02 07:12:02,943] {scheduler_job.py:182} INFO - Started process (PID=23900) to work on /media/thiagola92/LinuxHD/Documents/public/learning-apache-airflow/venv/lib/python3.7/site-packages/airflow/example_dags/example_external_task_marker_dag.py
[2021-03-02 07:12:02,946] {scheduler_job.py:629} INFO - Processing file /media/thiagola92/LinuxHD/Documents/public/learning-apache-airflow/venv/lib/python3.7/site-packages/airflow/example_dags/example_external_task_marker_dag.py for tasks to queue
[2021-03-02 07:12:02,947] {logging_mixin.py:104} INFO - [2021-03-02 07:12:02,946] {dagbag.py:448} INFO - Filling up the DagBag from /media/thiagola92/LinuxHD/Documents/public/learning-apache-airflow/venv/lib/python3.7/site-packages/airflow/example_dags/example_external_task_marker_dag.py
[2021-03-02 07:12:02,960] {scheduler_job.py:639} INFO - DAG(s) dict_keys(['example_external_task_marker_parent', 'example_external_task_marker_child']) retrieved from /media/thiagola92/LinuxHD/Documents/public/learning-apache-airflow/venv/lib/python3.7/site-packages/airflow/example_dags/example_external_task_marker_dag.py
[2021-03-02 07:12:02,973] {logging_mixin.py:104} INFO - [2021-03-02 07:12:02,973] {dag.py:1818} INFO - Sync 2 DAGs
[2021-03-02 07:12:02,980] {logging_mixin.py:104} INFO - [2021-03-02 07:12:02,980] {dag.py:2273} INFO - Setting next_dagrun for example_external_task_marker_child to None
[2021-03-02 07:12:02,980] {logging_mixin.py:104} INFO - [2021-03-02 07:12:02,980] {dag.py:2273} INFO - Setting next_dagrun for example_external_task_marker_parent to None
[2021-03-02 07:12:03,058] {scheduler_job.py:190} INFO - Processing /media/thiagola92/LinuxHD/Documents/public/learning-apache-airflow/venv/lib/python3.7/site-packages/airflow/example_dags/example_external_task_marker_dag.py took 0.121 seconds
[2021-03-02 07:12:33,695] {scheduler_job.py:182} INFO - Started process (PID=24591) to work on /media/thiagola92/LinuxHD/Documents/public/learning-apache-airflow/venv/lib/python3.7/site-packages/airflow/example_dags/example_external_task_marker_dag.py
[2021-03-02 07:12:33,696] {scheduler_job.py:629} INFO - Processing file /media/thiagola92/LinuxHD/Documents/public/learning-apache-airflow/venv/lib/python3.7/site-packages/airflow/example_dags/example_external_task_marker_dag.py for tasks to queue
[2021-03-02 07:12:33,697] {logging_mixin.py:104} INFO - [2021-03-02 07:12:33,696] {dagbag.py:448} INFO - Filling up the DagBag from /media/thiagola92/LinuxHD/Documents/public/learning-apache-airflow/venv/lib/python3.7/site-packages/airflow/example_dags/example_external_task_marker_dag.py
[2021-03-02 07:12:33,707] {scheduler_job.py:639} INFO - DAG(s) dict_keys(['example_external_task_marker_parent', 'example_external_task_marker_child']) retrieved from /media/thiagola92/LinuxHD/Documents/public/learning-apache-airflow/venv/lib/python3.7/site-packages/airflow/example_dags/example_external_task_marker_dag.py
[2021-03-02 07:12:33,719] {logging_mixin.py:104} INFO - [2021-03-02 07:12:33,719] {dag.py:1818} INFO - Sync 2 DAGs
[2021-03-02 07:12:33,725] {logging_mixin.py:104} INFO - [2021-03-02 07:12:33,725] {dag.py:2273} INFO - Setting next_dagrun for example_external_task_marker_child to None
[2021-03-02 07:12:33,726] {logging_mixin.py:104} INFO - [2021-03-02 07:12:33,726] {dag.py:2273} INFO - Setting next_dagrun for example_external_task_marker_parent to None
[2021-03-02 07:12:33,846] {scheduler_job.py:190} INFO - Processing /media/thiagola92/LinuxHD/Documents/public/learning-apache-airflow/venv/lib/python3.7/site-packages/airflow/example_dags/example_external_task_marker_dag.py took 0.156 seconds
[2021-03-02 07:13:04,871] {scheduler_job.py:182} INFO - Started process (PID=25064) to work on /media/thiagola92/LinuxHD/Documents/public/learning-apache-airflow/venv/lib/python3.7/site-packages/airflow/example_dags/example_external_task_marker_dag.py
[2021-03-02 07:13:04,872] {scheduler_job.py:629} INFO - Processing file /media/thiagola92/LinuxHD/Documents/public/learning-apache-airflow/venv/lib/python3.7/site-packages/airflow/example_dags/example_external_task_marker_dag.py for tasks to queue
[2021-03-02 07:13:04,874] {logging_mixin.py:104} INFO - [2021-03-02 07:13:04,873] {dagbag.py:448} INFO - Filling up the DagBag from /media/thiagola92/LinuxHD/Documents/public/learning-apache-airflow/venv/lib/python3.7/site-packages/airflow/example_dags/example_external_task_marker_dag.py
[2021-03-02 07:13:04,892] {scheduler_job.py:639} INFO - DAG(s) dict_keys(['example_external_task_marker_parent', 'example_external_task_marker_child']) retrieved from /media/thiagola92/LinuxHD/Documents/public/learning-apache-airflow/venv/lib/python3.7/site-packages/airflow/example_dags/example_external_task_marker_dag.py
[2021-03-02 07:13:04,907] {logging_mixin.py:104} INFO - [2021-03-02 07:13:04,907] {dag.py:1818} INFO - Sync 2 DAGs
[2021-03-02 07:13:04,914] {logging_mixin.py:104} INFO - [2021-03-02 07:13:04,914] {dag.py:2273} INFO - Setting next_dagrun for example_external_task_marker_child to None
[2021-03-02 07:13:04,915] {logging_mixin.py:104} INFO - [2021-03-02 07:13:04,915] {dag.py:2273} INFO - Setting next_dagrun for example_external_task_marker_parent to None
[2021-03-02 07:13:04,919] {scheduler_job.py:190} INFO - Processing /media/thiagola92/LinuxHD/Documents/public/learning-apache-airflow/venv/lib/python3.7/site-packages/airflow/example_dags/example_external_task_marker_dag.py took 0.053 seconds
[2021-03-02 07:13:35,220] {scheduler_job.py:182} INFO - Started process (PID=25481) to work on /media/thiagola92/LinuxHD/Documents/public/learning-apache-airflow/venv/lib/python3.7/site-packages/airflow/example_dags/example_external_task_marker_dag.py
[2021-03-02 07:13:35,222] {scheduler_job.py:629} INFO - Processing file /media/thiagola92/LinuxHD/Documents/public/learning-apache-airflow/venv/lib/python3.7/site-packages/airflow/example_dags/example_external_task_marker_dag.py for tasks to queue
[2021-03-02 07:13:35,224] {logging_mixin.py:104} INFO - [2021-03-02 07:13:35,223] {dagbag.py:448} INFO - Filling up the DagBag from /media/thiagola92/LinuxHD/Documents/public/learning-apache-airflow/venv/lib/python3.7/site-packages/airflow/example_dags/example_external_task_marker_dag.py
[2021-03-02 07:13:35,248] {scheduler_job.py:639} INFO - DAG(s) dict_keys(['example_external_task_marker_parent', 'example_external_task_marker_child']) retrieved from /media/thiagola92/LinuxHD/Documents/public/learning-apache-airflow/venv/lib/python3.7/site-packages/airflow/example_dags/example_external_task_marker_dag.py
[2021-03-02 07:13:35,284] {logging_mixin.py:104} INFO - [2021-03-02 07:13:35,284] {dag.py:1818} INFO - Sync 2 DAGs
[2021-03-02 07:13:35,296] {logging_mixin.py:104} INFO - [2021-03-02 07:13:35,296] {dag.py:2273} INFO - Setting next_dagrun for example_external_task_marker_child to None
[2021-03-02 07:13:35,296] {logging_mixin.py:104} INFO - [2021-03-02 07:13:35,296] {dag.py:2273} INFO - Setting next_dagrun for example_external_task_marker_parent to None
[2021-03-02 07:13:35,419] {scheduler_job.py:190} INFO - Processing /media/thiagola92/LinuxHD/Documents/public/learning-apache-airflow/venv/lib/python3.7/site-packages/airflow/example_dags/example_external_task_marker_dag.py took 0.206 seconds
[2021-03-02 07:14:26,672] {scheduler_job.py:182} INFO - Started process (PID=26163) to work on /media/thiagola92/LinuxHD/Documents/public/learning-apache-airflow/venv/lib/python3.7/site-packages/airflow/example_dags/example_external_task_marker_dag.py
[2021-03-02 07:14:26,673] {scheduler_job.py:629} INFO - Processing file /media/thiagola92/LinuxHD/Documents/public/learning-apache-airflow/venv/lib/python3.7/site-packages/airflow/example_dags/example_external_task_marker_dag.py for tasks to queue
[2021-03-02 07:14:26,673] {logging_mixin.py:104} INFO - [2021-03-02 07:14:26,673] {dagbag.py:448} INFO - Filling up the DagBag from /media/thiagola92/LinuxHD/Documents/public/learning-apache-airflow/venv/lib/python3.7/site-packages/airflow/example_dags/example_external_task_marker_dag.py
[2021-03-02 07:14:26,679] {scheduler_job.py:639} INFO - DAG(s) dict_keys(['example_external_task_marker_parent', 'example_external_task_marker_child']) retrieved from /media/thiagola92/LinuxHD/Documents/public/learning-apache-airflow/venv/lib/python3.7/site-packages/airflow/example_dags/example_external_task_marker_dag.py
[2021-03-02 07:14:26,689] {logging_mixin.py:104} INFO - [2021-03-02 07:14:26,689] {dag.py:1818} INFO - Sync 2 DAGs
[2021-03-02 07:14:26,695] {logging_mixin.py:104} INFO - [2021-03-02 07:14:26,695] {dag.py:2273} INFO - Setting next_dagrun for example_external_task_marker_child to None
[2021-03-02 07:14:26,695] {logging_mixin.py:104} INFO - [2021-03-02 07:14:26,695] {dag.py:2273} INFO - Setting next_dagrun for example_external_task_marker_parent to None
[2021-03-02 07:14:26,777] {scheduler_job.py:190} INFO - Processing /media/thiagola92/LinuxHD/Documents/public/learning-apache-airflow/venv/lib/python3.7/site-packages/airflow/example_dags/example_external_task_marker_dag.py took 0.106 seconds
[2021-03-02 07:14:57,850] {scheduler_job.py:182} INFO - Started process (PID=26576) to work on /media/thiagola92/LinuxHD/Documents/public/learning-apache-airflow/venv/lib/python3.7/site-packages/airflow/example_dags/example_external_task_marker_dag.py
[2021-03-02 07:14:57,851] {scheduler_job.py:629} INFO - Processing file /media/thiagola92/LinuxHD/Documents/public/learning-apache-airflow/venv/lib/python3.7/site-packages/airflow/example_dags/example_external_task_marker_dag.py for tasks to queue
[2021-03-02 07:14:57,852] {logging_mixin.py:104} INFO - [2021-03-02 07:14:57,851] {dagbag.py:448} INFO - Filling up the DagBag from /media/thiagola92/LinuxHD/Documents/public/learning-apache-airflow/venv/lib/python3.7/site-packages/airflow/example_dags/example_external_task_marker_dag.py
[2021-03-02 07:14:57,857] {scheduler_job.py:639} INFO - DAG(s) dict_keys(['example_external_task_marker_parent', 'example_external_task_marker_child']) retrieved from /media/thiagola92/LinuxHD/Documents/public/learning-apache-airflow/venv/lib/python3.7/site-packages/airflow/example_dags/example_external_task_marker_dag.py
[2021-03-02 07:14:57,867] {logging_mixin.py:104} INFO - [2021-03-02 07:14:57,867] {dag.py:1818} INFO - Sync 2 DAGs
[2021-03-02 07:14:57,873] {logging_mixin.py:104} INFO - [2021-03-02 07:14:57,873] {dag.py:2273} INFO - Setting next_dagrun for example_external_task_marker_child to None
[2021-03-02 07:14:57,873] {logging_mixin.py:104} INFO - [2021-03-02 07:14:57,873] {dag.py:2273} INFO - Setting next_dagrun for example_external_task_marker_parent to None
[2021-03-02 07:14:57,961] {scheduler_job.py:190} INFO - Processing /media/thiagola92/LinuxHD/Documents/public/learning-apache-airflow/venv/lib/python3.7/site-packages/airflow/example_dags/example_external_task_marker_dag.py took 0.112 seconds
[2021-03-02 07:15:28,813] {scheduler_job.py:182} INFO - Started process (PID=26987) to work on /media/thiagola92/LinuxHD/Documents/public/learning-apache-airflow/venv/lib/python3.7/site-packages/airflow/example_dags/example_external_task_marker_dag.py
[2021-03-02 07:15:28,813] {scheduler_job.py:629} INFO - Processing file /media/thiagola92/LinuxHD/Documents/public/learning-apache-airflow/venv/lib/python3.7/site-packages/airflow/example_dags/example_external_task_marker_dag.py for tasks to queue
[2021-03-02 07:15:28,814] {logging_mixin.py:104} INFO - [2021-03-02 07:15:28,814] {dagbag.py:448} INFO - Filling up the DagBag from /media/thiagola92/LinuxHD/Documents/public/learning-apache-airflow/venv/lib/python3.7/site-packages/airflow/example_dags/example_external_task_marker_dag.py
[2021-03-02 07:15:28,820] {scheduler_job.py:639} INFO - DAG(s) dict_keys(['example_external_task_marker_parent', 'example_external_task_marker_child']) retrieved from /media/thiagola92/LinuxHD/Documents/public/learning-apache-airflow/venv/lib/python3.7/site-packages/airflow/example_dags/example_external_task_marker_dag.py
[2021-03-02 07:15:28,829] {logging_mixin.py:104} INFO - [2021-03-02 07:15:28,829] {dag.py:1818} INFO - Sync 2 DAGs
[2021-03-02 07:15:28,834] {logging_mixin.py:104} INFO - [2021-03-02 07:15:28,834] {dag.py:2273} INFO - Setting next_dagrun for example_external_task_marker_child to None
[2021-03-02 07:15:28,835] {logging_mixin.py:104} INFO - [2021-03-02 07:15:28,835] {dag.py:2273} INFO - Setting next_dagrun for example_external_task_marker_parent to None
[2021-03-02 07:15:28,943] {scheduler_job.py:190} INFO - Processing /media/thiagola92/LinuxHD/Documents/public/learning-apache-airflow/venv/lib/python3.7/site-packages/airflow/example_dags/example_external_task_marker_dag.py took 0.131 seconds
[2021-03-02 07:15:59,132] {scheduler_job.py:182} INFO - Started process (PID=27425) to work on /media/thiagola92/LinuxHD/Documents/public/learning-apache-airflow/venv/lib/python3.7/site-packages/airflow/example_dags/example_external_task_marker_dag.py
[2021-03-02 07:15:59,132] {scheduler_job.py:629} INFO - Processing file /media/thiagola92/LinuxHD/Documents/public/learning-apache-airflow/venv/lib/python3.7/site-packages/airflow/example_dags/example_external_task_marker_dag.py for tasks to queue
[2021-03-02 07:15:59,133] {logging_mixin.py:104} INFO - [2021-03-02 07:15:59,133] {dagbag.py:448} INFO - Filling up the DagBag from /media/thiagola92/LinuxHD/Documents/public/learning-apache-airflow/venv/lib/python3.7/site-packages/airflow/example_dags/example_external_task_marker_dag.py
[2021-03-02 07:15:59,139] {scheduler_job.py:639} INFO - DAG(s) dict_keys(['example_external_task_marker_parent', 'example_external_task_marker_child']) retrieved from /media/thiagola92/LinuxHD/Documents/public/learning-apache-airflow/venv/lib/python3.7/site-packages/airflow/example_dags/example_external_task_marker_dag.py
[2021-03-02 07:15:59,149] {logging_mixin.py:104} INFO - [2021-03-02 07:15:59,149] {dag.py:1818} INFO - Sync 2 DAGs
[2021-03-02 07:15:59,156] {logging_mixin.py:104} INFO - [2021-03-02 07:15:59,155] {dag.py:2273} INFO - Setting next_dagrun for example_external_task_marker_child to None
[2021-03-02 07:15:59,156] {logging_mixin.py:104} INFO - [2021-03-02 07:15:59,156] {dag.py:2273} INFO - Setting next_dagrun for example_external_task_marker_parent to None
[2021-03-02 07:15:59,253] {scheduler_job.py:190} INFO - Processing /media/thiagola92/LinuxHD/Documents/public/learning-apache-airflow/venv/lib/python3.7/site-packages/airflow/example_dags/example_external_task_marker_dag.py took 0.123 seconds
[2021-03-02 07:16:29,577] {scheduler_job.py:182} INFO - Started process (PID=27811) to work on /media/thiagola92/LinuxHD/Documents/public/learning-apache-airflow/venv/lib/python3.7/site-packages/airflow/example_dags/example_external_task_marker_dag.py
[2021-03-02 07:16:29,578] {scheduler_job.py:629} INFO - Processing file /media/thiagola92/LinuxHD/Documents/public/learning-apache-airflow/venv/lib/python3.7/site-packages/airflow/example_dags/example_external_task_marker_dag.py for tasks to queue
[2021-03-02 07:16:29,578] {logging_mixin.py:104} INFO - [2021-03-02 07:16:29,578] {dagbag.py:448} INFO - Filling up the DagBag from /media/thiagola92/LinuxHD/Documents/public/learning-apache-airflow/venv/lib/python3.7/site-packages/airflow/example_dags/example_external_task_marker_dag.py
[2021-03-02 07:16:29,584] {scheduler_job.py:639} INFO - DAG(s) dict_keys(['example_external_task_marker_parent', 'example_external_task_marker_child']) retrieved from /media/thiagola92/LinuxHD/Documents/public/learning-apache-airflow/venv/lib/python3.7/site-packages/airflow/example_dags/example_external_task_marker_dag.py
[2021-03-02 07:16:29,592] {logging_mixin.py:104} INFO - [2021-03-02 07:16:29,592] {dag.py:1818} INFO - Sync 2 DAGs
[2021-03-02 07:16:29,598] {logging_mixin.py:104} INFO - [2021-03-02 07:16:29,598] {dag.py:2273} INFO - Setting next_dagrun for example_external_task_marker_child to None
[2021-03-02 07:16:29,598] {logging_mixin.py:104} INFO - [2021-03-02 07:16:29,598] {dag.py:2273} INFO - Setting next_dagrun for example_external_task_marker_parent to None
[2021-03-02 07:16:29,602] {scheduler_job.py:190} INFO - Processing /media/thiagola92/LinuxHD/Documents/public/learning-apache-airflow/venv/lib/python3.7/site-packages/airflow/example_dags/example_external_task_marker_dag.py took 0.027 seconds
[2021-03-02 07:17:00,187] {scheduler_job.py:182} INFO - Started process (PID=28205) to work on /media/thiagola92/LinuxHD/Documents/public/learning-apache-airflow/venv/lib/python3.7/site-packages/airflow/example_dags/example_external_task_marker_dag.py
[2021-03-02 07:17:00,188] {scheduler_job.py:629} INFO - Processing file /media/thiagola92/LinuxHD/Documents/public/learning-apache-airflow/venv/lib/python3.7/site-packages/airflow/example_dags/example_external_task_marker_dag.py for tasks to queue
[2021-03-02 07:17:00,188] {logging_mixin.py:104} INFO - [2021-03-02 07:17:00,188] {dagbag.py:448} INFO - Filling up the DagBag from /media/thiagola92/LinuxHD/Documents/public/learning-apache-airflow/venv/lib/python3.7/site-packages/airflow/example_dags/example_external_task_marker_dag.py
[2021-03-02 07:17:00,194] {scheduler_job.py:639} INFO - DAG(s) dict_keys(['example_external_task_marker_parent', 'example_external_task_marker_child']) retrieved from /media/thiagola92/LinuxHD/Documents/public/learning-apache-airflow/venv/lib/python3.7/site-packages/airflow/example_dags/example_external_task_marker_dag.py
[2021-03-02 07:17:00,206] {logging_mixin.py:104} INFO - [2021-03-02 07:17:00,206] {dag.py:1818} INFO - Sync 2 DAGs
[2021-03-02 07:17:00,213] {logging_mixin.py:104} INFO - [2021-03-02 07:17:00,212] {dag.py:2273} INFO - Setting next_dagrun for example_external_task_marker_child to None
[2021-03-02 07:17:00,213] {logging_mixin.py:104} INFO - [2021-03-02 07:17:00,213] {dag.py:2273} INFO - Setting next_dagrun for example_external_task_marker_parent to None
[2021-03-02 07:17:00,342] {scheduler_job.py:190} INFO - Processing /media/thiagola92/LinuxHD/Documents/public/learning-apache-airflow/venv/lib/python3.7/site-packages/airflow/example_dags/example_external_task_marker_dag.py took 0.156 seconds
[2021-03-02 07:17:30,795] {scheduler_job.py:182} INFO - Started process (PID=28652) to work on /media/thiagola92/LinuxHD/Documents/public/learning-apache-airflow/venv/lib/python3.7/site-packages/airflow/example_dags/example_external_task_marker_dag.py
[2021-03-02 07:17:30,805] {scheduler_job.py:629} INFO - Processing file /media/thiagola92/LinuxHD/Documents/public/learning-apache-airflow/venv/lib/python3.7/site-packages/airflow/example_dags/example_external_task_marker_dag.py for tasks to queue
[2021-03-02 07:17:30,808] {logging_mixin.py:104} INFO - [2021-03-02 07:17:30,808] {dagbag.py:448} INFO - Filling up the DagBag from /media/thiagola92/LinuxHD/Documents/public/learning-apache-airflow/venv/lib/python3.7/site-packages/airflow/example_dags/example_external_task_marker_dag.py
[2021-03-02 07:17:30,823] {scheduler_job.py:639} INFO - DAG(s) dict_keys(['example_external_task_marker_parent', 'example_external_task_marker_child']) retrieved from /media/thiagola92/LinuxHD/Documents/public/learning-apache-airflow/venv/lib/python3.7/site-packages/airflow/example_dags/example_external_task_marker_dag.py
[2021-03-02 07:17:30,837] {logging_mixin.py:104} INFO - [2021-03-02 07:17:30,837] {dag.py:1818} INFO - Sync 2 DAGs
[2021-03-02 07:17:30,845] {logging_mixin.py:104} INFO - [2021-03-02 07:17:30,845] {dag.py:2273} INFO - Setting next_dagrun for example_external_task_marker_child to None
[2021-03-02 07:17:30,849] {logging_mixin.py:104} INFO - [2021-03-02 07:17:30,849] {dag.py:2273} INFO - Setting next_dagrun for example_external_task_marker_parent to None
[2021-03-02 07:17:30,935] {scheduler_job.py:190} INFO - Processing /media/thiagola92/LinuxHD/Documents/public/learning-apache-airflow/venv/lib/python3.7/site-packages/airflow/example_dags/example_external_task_marker_dag.py took 0.141 seconds
[2021-03-02 07:18:05,693] {scheduler_job.py:182} INFO - Started process (PID=29134) to work on /media/thiagola92/LinuxHD/Documents/public/learning-apache-airflow/venv/lib/python3.7/site-packages/airflow/example_dags/example_external_task_marker_dag.py
[2021-03-02 07:18:05,695] {scheduler_job.py:629} INFO - Processing file /media/thiagola92/LinuxHD/Documents/public/learning-apache-airflow/venv/lib/python3.7/site-packages/airflow/example_dags/example_external_task_marker_dag.py for tasks to queue
[2021-03-02 07:18:05,696] {logging_mixin.py:104} INFO - [2021-03-02 07:18:05,696] {dagbag.py:448} INFO - Filling up the DagBag from /media/thiagola92/LinuxHD/Documents/public/learning-apache-airflow/venv/lib/python3.7/site-packages/airflow/example_dags/example_external_task_marker_dag.py
[2021-03-02 07:18:05,717] {scheduler_job.py:639} INFO - DAG(s) dict_keys(['example_external_task_marker_parent', 'example_external_task_marker_child']) retrieved from /media/thiagola92/LinuxHD/Documents/public/learning-apache-airflow/venv/lib/python3.7/site-packages/airflow/example_dags/example_external_task_marker_dag.py
[2021-03-02 07:18:05,734] {logging_mixin.py:104} INFO - [2021-03-02 07:18:05,733] {dag.py:1818} INFO - Sync 2 DAGs
[2021-03-02 07:18:05,740] {logging_mixin.py:104} INFO - [2021-03-02 07:18:05,740] {dag.py:2273} INFO - Setting next_dagrun for example_external_task_marker_child to None
[2021-03-02 07:18:05,741] {logging_mixin.py:104} INFO - [2021-03-02 07:18:05,741] {dag.py:2273} INFO - Setting next_dagrun for example_external_task_marker_parent to None
[2021-03-02 07:18:05,826] {scheduler_job.py:190} INFO - Processing /media/thiagola92/LinuxHD/Documents/public/learning-apache-airflow/venv/lib/python3.7/site-packages/airflow/example_dags/example_external_task_marker_dag.py took 0.139 seconds
[2021-03-02 07:21:39,001] {scheduler_job.py:182} INFO - Started process (PID=31883) to work on /media/thiagola92/LinuxHD/Documents/public/learning-apache-airflow/venv/lib/python3.7/site-packages/airflow/example_dags/example_external_task_marker_dag.py
[2021-03-02 07:21:39,001] {scheduler_job.py:629} INFO - Processing file /media/thiagola92/LinuxHD/Documents/public/learning-apache-airflow/venv/lib/python3.7/site-packages/airflow/example_dags/example_external_task_marker_dag.py for tasks to queue
[2021-03-02 07:21:39,002] {logging_mixin.py:104} INFO - [2021-03-02 07:21:39,001] {dagbag.py:448} INFO - Filling up the DagBag from /media/thiagola92/LinuxHD/Documents/public/learning-apache-airflow/venv/lib/python3.7/site-packages/airflow/example_dags/example_external_task_marker_dag.py
[2021-03-02 07:21:39,008] {scheduler_job.py:639} INFO - DAG(s) dict_keys(['example_external_task_marker_parent', 'example_external_task_marker_child']) retrieved from /media/thiagola92/LinuxHD/Documents/public/learning-apache-airflow/venv/lib/python3.7/site-packages/airflow/example_dags/example_external_task_marker_dag.py
[2021-03-02 07:21:39,018] {logging_mixin.py:104} INFO - [2021-03-02 07:21:39,018] {dag.py:1818} INFO - Sync 2 DAGs
[2021-03-02 07:21:39,024] {logging_mixin.py:104} INFO - [2021-03-02 07:21:39,024] {dag.py:2273} INFO - Setting next_dagrun for example_external_task_marker_child to None
[2021-03-02 07:21:39,025] {logging_mixin.py:104} INFO - [2021-03-02 07:21:39,025] {dag.py:2273} INFO - Setting next_dagrun for example_external_task_marker_parent to None
[2021-03-02 07:21:39,138] {scheduler_job.py:190} INFO - Processing /media/thiagola92/LinuxHD/Documents/public/learning-apache-airflow/venv/lib/python3.7/site-packages/airflow/example_dags/example_external_task_marker_dag.py took 0.139 seconds
[2021-03-02 07:22:10,267] {scheduler_job.py:182} INFO - Started process (PID=32255) to work on /media/thiagola92/LinuxHD/Documents/public/learning-apache-airflow/venv/lib/python3.7/site-packages/airflow/example_dags/example_external_task_marker_dag.py
[2021-03-02 07:22:10,270] {scheduler_job.py:629} INFO - Processing file /media/thiagola92/LinuxHD/Documents/public/learning-apache-airflow/venv/lib/python3.7/site-packages/airflow/example_dags/example_external_task_marker_dag.py for tasks to queue
[2021-03-02 07:22:10,271] {logging_mixin.py:104} INFO - [2021-03-02 07:22:10,271] {dagbag.py:448} INFO - Filling up the DagBag from /media/thiagola92/LinuxHD/Documents/public/learning-apache-airflow/venv/lib/python3.7/site-packages/airflow/example_dags/example_external_task_marker_dag.py
[2021-03-02 07:22:10,283] {scheduler_job.py:639} INFO - DAG(s) dict_keys(['example_external_task_marker_parent', 'example_external_task_marker_child']) retrieved from /media/thiagola92/LinuxHD/Documents/public/learning-apache-airflow/venv/lib/python3.7/site-packages/airflow/example_dags/example_external_task_marker_dag.py
[2021-03-02 07:22:10,297] {logging_mixin.py:104} INFO - [2021-03-02 07:22:10,297] {dag.py:1818} INFO - Sync 2 DAGs
[2021-03-02 07:22:10,303] {logging_mixin.py:104} INFO - [2021-03-02 07:22:10,303] {dag.py:2273} INFO - Setting next_dagrun for example_external_task_marker_child to None
[2021-03-02 07:22:10,304] {logging_mixin.py:104} INFO - [2021-03-02 07:22:10,304] {dag.py:2273} INFO - Setting next_dagrun for example_external_task_marker_parent to None
[2021-03-02 07:22:10,436] {scheduler_job.py:190} INFO - Processing /media/thiagola92/LinuxHD/Documents/public/learning-apache-airflow/venv/lib/python3.7/site-packages/airflow/example_dags/example_external_task_marker_dag.py took 0.175 seconds
[2021-03-02 07:22:40,564] {scheduler_job.py:182} INFO - Started process (PID=32670) to work on /media/thiagola92/LinuxHD/Documents/public/learning-apache-airflow/venv/lib/python3.7/site-packages/airflow/example_dags/example_external_task_marker_dag.py
[2021-03-02 07:22:40,566] {scheduler_job.py:629} INFO - Processing file /media/thiagola92/LinuxHD/Documents/public/learning-apache-airflow/venv/lib/python3.7/site-packages/airflow/example_dags/example_external_task_marker_dag.py for tasks to queue
[2021-03-02 07:22:40,567] {logging_mixin.py:104} INFO - [2021-03-02 07:22:40,567] {dagbag.py:448} INFO - Filling up the DagBag from /media/thiagola92/LinuxHD/Documents/public/learning-apache-airflow/venv/lib/python3.7/site-packages/airflow/example_dags/example_external_task_marker_dag.py
[2021-03-02 07:22:40,589] {scheduler_job.py:639} INFO - DAG(s) dict_keys(['example_external_task_marker_parent', 'example_external_task_marker_child']) retrieved from /media/thiagola92/LinuxHD/Documents/public/learning-apache-airflow/venv/lib/python3.7/site-packages/airflow/example_dags/example_external_task_marker_dag.py
[2021-03-02 07:22:40,604] {logging_mixin.py:104} INFO - [2021-03-02 07:22:40,604] {dag.py:1818} INFO - Sync 2 DAGs
[2021-03-02 07:22:40,610] {logging_mixin.py:104} INFO - [2021-03-02 07:22:40,610] {dag.py:2273} INFO - Setting next_dagrun for example_external_task_marker_child to None
[2021-03-02 07:22:40,611] {logging_mixin.py:104} INFO - [2021-03-02 07:22:40,611] {dag.py:2273} INFO - Setting next_dagrun for example_external_task_marker_parent to None
[2021-03-02 07:22:40,704] {scheduler_job.py:190} INFO - Processing /media/thiagola92/LinuxHD/Documents/public/learning-apache-airflow/venv/lib/python3.7/site-packages/airflow/example_dags/example_external_task_marker_dag.py took 0.147 seconds
[2021-03-02 07:23:10,850] {scheduler_job.py:182} INFO - Started process (PID=33156) to work on /media/thiagola92/LinuxHD/Documents/public/learning-apache-airflow/venv/lib/python3.7/site-packages/airflow/example_dags/example_external_task_marker_dag.py
[2021-03-02 07:23:10,852] {scheduler_job.py:629} INFO - Processing file /media/thiagola92/LinuxHD/Documents/public/learning-apache-airflow/venv/lib/python3.7/site-packages/airflow/example_dags/example_external_task_marker_dag.py for tasks to queue
[2021-03-02 07:23:10,853] {logging_mixin.py:104} INFO - [2021-03-02 07:23:10,853] {dagbag.py:448} INFO - Filling up the DagBag from /media/thiagola92/LinuxHD/Documents/public/learning-apache-airflow/venv/lib/python3.7/site-packages/airflow/example_dags/example_external_task_marker_dag.py
[2021-03-02 07:23:10,870] {scheduler_job.py:639} INFO - DAG(s) dict_keys(['example_external_task_marker_parent', 'example_external_task_marker_child']) retrieved from /media/thiagola92/LinuxHD/Documents/public/learning-apache-airflow/venv/lib/python3.7/site-packages/airflow/example_dags/example_external_task_marker_dag.py
[2021-03-02 07:23:10,886] {logging_mixin.py:104} INFO - [2021-03-02 07:23:10,886] {dag.py:1818} INFO - Sync 2 DAGs
[2021-03-02 07:23:10,893] {logging_mixin.py:104} INFO - [2021-03-02 07:23:10,893] {dag.py:2273} INFO - Setting next_dagrun for example_external_task_marker_child to None
[2021-03-02 07:23:10,894] {logging_mixin.py:104} INFO - [2021-03-02 07:23:10,894] {dag.py:2273} INFO - Setting next_dagrun for example_external_task_marker_parent to None
[2021-03-02 07:23:10,980] {scheduler_job.py:190} INFO - Processing /media/thiagola92/LinuxHD/Documents/public/learning-apache-airflow/venv/lib/python3.7/site-packages/airflow/example_dags/example_external_task_marker_dag.py took 0.135 seconds
[2021-03-02 07:23:41,268] {scheduler_job.py:182} INFO - Started process (PID=33617) to work on /media/thiagola92/LinuxHD/Documents/public/learning-apache-airflow/venv/lib/python3.7/site-packages/airflow/example_dags/example_external_task_marker_dag.py
[2021-03-02 07:23:41,271] {scheduler_job.py:629} INFO - Processing file /media/thiagola92/LinuxHD/Documents/public/learning-apache-airflow/venv/lib/python3.7/site-packages/airflow/example_dags/example_external_task_marker_dag.py for tasks to queue
[2021-03-02 07:23:41,272] {logging_mixin.py:104} INFO - [2021-03-02 07:23:41,272] {dagbag.py:448} INFO - Filling up the DagBag from /media/thiagola92/LinuxHD/Documents/public/learning-apache-airflow/venv/lib/python3.7/site-packages/airflow/example_dags/example_external_task_marker_dag.py
[2021-03-02 07:23:41,292] {scheduler_job.py:639} INFO - DAG(s) dict_keys(['example_external_task_marker_parent', 'example_external_task_marker_child']) retrieved from /media/thiagola92/LinuxHD/Documents/public/learning-apache-airflow/venv/lib/python3.7/site-packages/airflow/example_dags/example_external_task_marker_dag.py
[2021-03-02 07:23:41,306] {logging_mixin.py:104} INFO - [2021-03-02 07:23:41,306] {dag.py:1818} INFO - Sync 2 DAGs
[2021-03-02 07:23:41,313] {logging_mixin.py:104} INFO - [2021-03-02 07:23:41,312] {dag.py:2273} INFO - Setting next_dagrun for example_external_task_marker_child to None
[2021-03-02 07:23:41,313] {logging_mixin.py:104} INFO - [2021-03-02 07:23:41,313] {dag.py:2273} INFO - Setting next_dagrun for example_external_task_marker_parent to None
[2021-03-02 07:23:41,317] {scheduler_job.py:190} INFO - Processing /media/thiagola92/LinuxHD/Documents/public/learning-apache-airflow/venv/lib/python3.7/site-packages/airflow/example_dags/example_external_task_marker_dag.py took 0.055 seconds
