[2021-03-02 07:11:49,723] {scheduler_job.py:182} INFO - Started process (PID=23714) to work on /media/thiagola92/LinuxHD/Documents/public/learning-apache-airflow/venv/lib/python3.7/site-packages/airflow/example_dags/example_nested_branch_dag.py
[2021-03-02 07:11:49,725] {scheduler_job.py:629} INFO - Processing file /media/thiagola92/LinuxHD/Documents/public/learning-apache-airflow/venv/lib/python3.7/site-packages/airflow/example_dags/example_nested_branch_dag.py for tasks to queue
[2021-03-02 07:11:49,726] {logging_mixin.py:104} INFO - [2021-03-02 07:11:49,726] {dagbag.py:448} INFO - Filling up the DagBag from /media/thiagola92/LinuxHD/Documents/public/learning-apache-airflow/venv/lib/python3.7/site-packages/airflow/example_dags/example_nested_branch_dag.py
[2021-03-02 07:11:49,748] {scheduler_job.py:639} INFO - DAG(s) dict_keys(['example_nested_branch_dag']) retrieved from /media/thiagola92/LinuxHD/Documents/public/learning-apache-airflow/venv/lib/python3.7/site-packages/airflow/example_dags/example_nested_branch_dag.py
[2021-03-02 07:11:49,761] {logging_mixin.py:104} INFO - [2021-03-02 07:11:49,761] {dag.py:1818} INFO - Sync 1 DAGs
[2021-03-02 07:11:49,772] {logging_mixin.py:104} INFO - [2021-03-02 07:11:49,772] {dag.py:2273} INFO - Setting next_dagrun for example_nested_branch_dag to 2021-02-28 00:00:00+00:00
[2021-03-02 07:11:49,853] {scheduler_job.py:190} INFO - Processing /media/thiagola92/LinuxHD/Documents/public/learning-apache-airflow/venv/lib/python3.7/site-packages/airflow/example_dags/example_nested_branch_dag.py took 0.137 seconds
[2021-03-02 07:12:20,043] {scheduler_job.py:182} INFO - Started process (PID=24155) to work on /media/thiagola92/LinuxHD/Documents/public/learning-apache-airflow/venv/lib/python3.7/site-packages/airflow/example_dags/example_nested_branch_dag.py
[2021-03-02 07:12:20,046] {scheduler_job.py:629} INFO - Processing file /media/thiagola92/LinuxHD/Documents/public/learning-apache-airflow/venv/lib/python3.7/site-packages/airflow/example_dags/example_nested_branch_dag.py for tasks to queue
[2021-03-02 07:12:20,047] {logging_mixin.py:104} INFO - [2021-03-02 07:12:20,047] {dagbag.py:448} INFO - Filling up the DagBag from /media/thiagola92/LinuxHD/Documents/public/learning-apache-airflow/venv/lib/python3.7/site-packages/airflow/example_dags/example_nested_branch_dag.py
[2021-03-02 07:12:20,064] {scheduler_job.py:639} INFO - DAG(s) dict_keys(['example_nested_branch_dag']) retrieved from /media/thiagola92/LinuxHD/Documents/public/learning-apache-airflow/venv/lib/python3.7/site-packages/airflow/example_dags/example_nested_branch_dag.py
[2021-03-02 07:12:20,075] {logging_mixin.py:104} INFO - [2021-03-02 07:12:20,075] {dag.py:1818} INFO - Sync 1 DAGs
[2021-03-02 07:12:20,087] {logging_mixin.py:104} INFO - [2021-03-02 07:12:20,087] {dag.py:2273} INFO - Setting next_dagrun for example_nested_branch_dag to 2021-02-28 00:00:00+00:00
[2021-03-02 07:12:20,091] {scheduler_job.py:190} INFO - Processing /media/thiagola92/LinuxHD/Documents/public/learning-apache-airflow/venv/lib/python3.7/site-packages/airflow/example_dags/example_nested_branch_dag.py took 0.055 seconds
[2021-03-02 07:12:50,489] {scheduler_job.py:182} INFO - Started process (PID=24837) to work on /media/thiagola92/LinuxHD/Documents/public/learning-apache-airflow/venv/lib/python3.7/site-packages/airflow/example_dags/example_nested_branch_dag.py
[2021-03-02 07:12:50,489] {scheduler_job.py:629} INFO - Processing file /media/thiagola92/LinuxHD/Documents/public/learning-apache-airflow/venv/lib/python3.7/site-packages/airflow/example_dags/example_nested_branch_dag.py for tasks to queue
[2021-03-02 07:12:50,490] {logging_mixin.py:104} INFO - [2021-03-02 07:12:50,490] {dagbag.py:448} INFO - Filling up the DagBag from /media/thiagola92/LinuxHD/Documents/public/learning-apache-airflow/venv/lib/python3.7/site-packages/airflow/example_dags/example_nested_branch_dag.py
[2021-03-02 07:12:50,497] {scheduler_job.py:639} INFO - DAG(s) dict_keys(['example_nested_branch_dag']) retrieved from /media/thiagola92/LinuxHD/Documents/public/learning-apache-airflow/venv/lib/python3.7/site-packages/airflow/example_dags/example_nested_branch_dag.py
[2021-03-02 07:12:50,504] {logging_mixin.py:104} INFO - [2021-03-02 07:12:50,504] {dag.py:1818} INFO - Sync 1 DAGs
[2021-03-02 07:12:50,514] {logging_mixin.py:104} INFO - [2021-03-02 07:12:50,514] {dag.py:2273} INFO - Setting next_dagrun for example_nested_branch_dag to 2021-02-28 00:00:00+00:00
[2021-03-02 07:12:50,518] {scheduler_job.py:190} INFO - Processing /media/thiagola92/LinuxHD/Documents/public/learning-apache-airflow/venv/lib/python3.7/site-packages/airflow/example_dags/example_nested_branch_dag.py took 0.031 seconds
[2021-03-02 07:13:21,757] {scheduler_job.py:182} INFO - Started process (PID=25295) to work on /media/thiagola92/LinuxHD/Documents/public/learning-apache-airflow/venv/lib/python3.7/site-packages/airflow/example_dags/example_nested_branch_dag.py
[2021-03-02 07:13:21,759] {scheduler_job.py:629} INFO - Processing file /media/thiagola92/LinuxHD/Documents/public/learning-apache-airflow/venv/lib/python3.7/site-packages/airflow/example_dags/example_nested_branch_dag.py for tasks to queue
[2021-03-02 07:13:21,760] {logging_mixin.py:104} INFO - [2021-03-02 07:13:21,760] {dagbag.py:448} INFO - Filling up the DagBag from /media/thiagola92/LinuxHD/Documents/public/learning-apache-airflow/venv/lib/python3.7/site-packages/airflow/example_dags/example_nested_branch_dag.py
[2021-03-02 07:13:21,784] {scheduler_job.py:639} INFO - DAG(s) dict_keys(['example_nested_branch_dag']) retrieved from /media/thiagola92/LinuxHD/Documents/public/learning-apache-airflow/venv/lib/python3.7/site-packages/airflow/example_dags/example_nested_branch_dag.py
[2021-03-02 07:13:21,796] {logging_mixin.py:104} INFO - [2021-03-02 07:13:21,796] {dag.py:1818} INFO - Sync 1 DAGs
[2021-03-02 07:13:21,808] {logging_mixin.py:104} INFO - [2021-03-02 07:13:21,808] {dag.py:2273} INFO - Setting next_dagrun for example_nested_branch_dag to 2021-02-28 00:00:00+00:00
[2021-03-02 07:13:21,812] {scheduler_job.py:190} INFO - Processing /media/thiagola92/LinuxHD/Documents/public/learning-apache-airflow/venv/lib/python3.7/site-packages/airflow/example_dags/example_nested_branch_dag.py took 0.061 seconds
[2021-03-02 07:13:55,387] {scheduler_job.py:182} INFO - Started process (PID=25731) to work on /media/thiagola92/LinuxHD/Documents/public/learning-apache-airflow/venv/lib/python3.7/site-packages/airflow/example_dags/example_nested_branch_dag.py
[2021-03-02 07:13:55,389] {scheduler_job.py:629} INFO - Processing file /media/thiagola92/LinuxHD/Documents/public/learning-apache-airflow/venv/lib/python3.7/site-packages/airflow/example_dags/example_nested_branch_dag.py for tasks to queue
[2021-03-02 07:13:55,391] {logging_mixin.py:104} INFO - [2021-03-02 07:13:55,391] {dagbag.py:448} INFO - Filling up the DagBag from /media/thiagola92/LinuxHD/Documents/public/learning-apache-airflow/venv/lib/python3.7/site-packages/airflow/example_dags/example_nested_branch_dag.py
[2021-03-02 07:13:55,413] {scheduler_job.py:639} INFO - DAG(s) dict_keys(['example_nested_branch_dag']) retrieved from /media/thiagola92/LinuxHD/Documents/public/learning-apache-airflow/venv/lib/python3.7/site-packages/airflow/example_dags/example_nested_branch_dag.py
[2021-03-02 07:13:55,424] {logging_mixin.py:104} INFO - [2021-03-02 07:13:55,424] {dag.py:1818} INFO - Sync 1 DAGs
[2021-03-02 07:13:55,435] {logging_mixin.py:104} INFO - [2021-03-02 07:13:55,435] {dag.py:2273} INFO - Setting next_dagrun for example_nested_branch_dag to 2021-02-28 00:00:00+00:00
[2021-03-02 07:13:55,439] {scheduler_job.py:190} INFO - Processing /media/thiagola92/LinuxHD/Documents/public/learning-apache-airflow/venv/lib/python3.7/site-packages/airflow/example_dags/example_nested_branch_dag.py took 0.058 seconds
[2021-03-02 07:14:35,372] {scheduler_job.py:182} INFO - Started process (PID=26283) to work on /media/thiagola92/LinuxHD/Documents/public/learning-apache-airflow/venv/lib/python3.7/site-packages/airflow/example_dags/example_nested_branch_dag.py
[2021-03-02 07:14:35,374] {scheduler_job.py:629} INFO - Processing file /media/thiagola92/LinuxHD/Documents/public/learning-apache-airflow/venv/lib/python3.7/site-packages/airflow/example_dags/example_nested_branch_dag.py for tasks to queue
[2021-03-02 07:14:35,374] {logging_mixin.py:104} INFO - [2021-03-02 07:14:35,374] {dagbag.py:448} INFO - Filling up the DagBag from /media/thiagola92/LinuxHD/Documents/public/learning-apache-airflow/venv/lib/python3.7/site-packages/airflow/example_dags/example_nested_branch_dag.py
[2021-03-02 07:14:35,387] {scheduler_job.py:639} INFO - DAG(s) dict_keys(['example_nested_branch_dag']) retrieved from /media/thiagola92/LinuxHD/Documents/public/learning-apache-airflow/venv/lib/python3.7/site-packages/airflow/example_dags/example_nested_branch_dag.py
[2021-03-02 07:14:35,398] {logging_mixin.py:104} INFO - [2021-03-02 07:14:35,398] {dag.py:1818} INFO - Sync 1 DAGs
[2021-03-02 07:14:35,410] {logging_mixin.py:104} INFO - [2021-03-02 07:14:35,410] {dag.py:2273} INFO - Setting next_dagrun for example_nested_branch_dag to 2021-02-28 00:00:00+00:00
[2021-03-02 07:14:35,415] {scheduler_job.py:190} INFO - Processing /media/thiagola92/LinuxHD/Documents/public/learning-apache-airflow/venv/lib/python3.7/site-packages/airflow/example_dags/example_nested_branch_dag.py took 0.045 seconds
[2021-03-02 07:15:06,802] {scheduler_job.py:182} INFO - Started process (PID=26705) to work on /media/thiagola92/LinuxHD/Documents/public/learning-apache-airflow/venv/lib/python3.7/site-packages/airflow/example_dags/example_nested_branch_dag.py
[2021-03-02 07:15:06,803] {scheduler_job.py:629} INFO - Processing file /media/thiagola92/LinuxHD/Documents/public/learning-apache-airflow/venv/lib/python3.7/site-packages/airflow/example_dags/example_nested_branch_dag.py for tasks to queue
[2021-03-02 07:15:06,803] {logging_mixin.py:104} INFO - [2021-03-02 07:15:06,803] {dagbag.py:448} INFO - Filling up the DagBag from /media/thiagola92/LinuxHD/Documents/public/learning-apache-airflow/venv/lib/python3.7/site-packages/airflow/example_dags/example_nested_branch_dag.py
[2021-03-02 07:15:06,811] {scheduler_job.py:639} INFO - DAG(s) dict_keys(['example_nested_branch_dag']) retrieved from /media/thiagola92/LinuxHD/Documents/public/learning-apache-airflow/venv/lib/python3.7/site-packages/airflow/example_dags/example_nested_branch_dag.py
[2021-03-02 07:15:06,819] {logging_mixin.py:104} INFO - [2021-03-02 07:15:06,819] {dag.py:1818} INFO - Sync 1 DAGs
[2021-03-02 07:15:06,829] {logging_mixin.py:104} INFO - [2021-03-02 07:15:06,829] {dag.py:2273} INFO - Setting next_dagrun for example_nested_branch_dag to 2021-02-28 00:00:00+00:00
[2021-03-02 07:15:06,834] {scheduler_job.py:190} INFO - Processing /media/thiagola92/LinuxHD/Documents/public/learning-apache-airflow/venv/lib/python3.7/site-packages/airflow/example_dags/example_nested_branch_dag.py took 0.034 seconds
[2021-03-02 07:15:37,046] {scheduler_job.py:182} INFO - Started process (PID=27104) to work on /media/thiagola92/LinuxHD/Documents/public/learning-apache-airflow/venv/lib/python3.7/site-packages/airflow/example_dags/example_nested_branch_dag.py
[2021-03-02 07:15:37,047] {scheduler_job.py:629} INFO - Processing file /media/thiagola92/LinuxHD/Documents/public/learning-apache-airflow/venv/lib/python3.7/site-packages/airflow/example_dags/example_nested_branch_dag.py for tasks to queue
[2021-03-02 07:15:37,047] {logging_mixin.py:104} INFO - [2021-03-02 07:15:37,047] {dagbag.py:448} INFO - Filling up the DagBag from /media/thiagola92/LinuxHD/Documents/public/learning-apache-airflow/venv/lib/python3.7/site-packages/airflow/example_dags/example_nested_branch_dag.py
[2021-03-02 07:15:37,055] {scheduler_job.py:639} INFO - DAG(s) dict_keys(['example_nested_branch_dag']) retrieved from /media/thiagola92/LinuxHD/Documents/public/learning-apache-airflow/venv/lib/python3.7/site-packages/airflow/example_dags/example_nested_branch_dag.py
[2021-03-02 07:15:37,063] {logging_mixin.py:104} INFO - [2021-03-02 07:15:37,063] {dag.py:1818} INFO - Sync 1 DAGs
[2021-03-02 07:15:37,075] {logging_mixin.py:104} INFO - [2021-03-02 07:15:37,075] {dag.py:2273} INFO - Setting next_dagrun for example_nested_branch_dag to 2021-02-28 00:00:00+00:00
[2021-03-02 07:15:37,080] {scheduler_job.py:190} INFO - Processing /media/thiagola92/LinuxHD/Documents/public/learning-apache-airflow/venv/lib/python3.7/site-packages/airflow/example_dags/example_nested_branch_dag.py took 0.035 seconds
[2021-03-02 07:16:08,367] {scheduler_job.py:182} INFO - Started process (PID=27532) to work on /media/thiagola92/LinuxHD/Documents/public/learning-apache-airflow/venv/lib/python3.7/site-packages/airflow/example_dags/example_nested_branch_dag.py
[2021-03-02 07:16:08,371] {scheduler_job.py:629} INFO - Processing file /media/thiagola92/LinuxHD/Documents/public/learning-apache-airflow/venv/lib/python3.7/site-packages/airflow/example_dags/example_nested_branch_dag.py for tasks to queue
[2021-03-02 07:16:08,373] {logging_mixin.py:104} INFO - [2021-03-02 07:16:08,373] {dagbag.py:448} INFO - Filling up the DagBag from /media/thiagola92/LinuxHD/Documents/public/learning-apache-airflow/venv/lib/python3.7/site-packages/airflow/example_dags/example_nested_branch_dag.py
[2021-03-02 07:16:08,409] {scheduler_job.py:639} INFO - DAG(s) dict_keys(['example_nested_branch_dag']) retrieved from /media/thiagola92/LinuxHD/Documents/public/learning-apache-airflow/venv/lib/python3.7/site-packages/airflow/example_dags/example_nested_branch_dag.py
[2021-03-02 07:16:08,444] {logging_mixin.py:104} INFO - [2021-03-02 07:16:08,444] {dag.py:1818} INFO - Sync 1 DAGs
[2021-03-02 07:16:08,467] {logging_mixin.py:104} INFO - [2021-03-02 07:16:08,467] {dag.py:2273} INFO - Setting next_dagrun for example_nested_branch_dag to 2021-02-28 00:00:00+00:00
[2021-03-02 07:16:08,474] {scheduler_job.py:190} INFO - Processing /media/thiagola92/LinuxHD/Documents/public/learning-apache-airflow/venv/lib/python3.7/site-packages/airflow/example_dags/example_nested_branch_dag.py took 0.114 seconds
[2021-03-02 07:16:39,508] {scheduler_job.py:182} INFO - Started process (PID=27935) to work on /media/thiagola92/LinuxHD/Documents/public/learning-apache-airflow/venv/lib/python3.7/site-packages/airflow/example_dags/example_nested_branch_dag.py
[2021-03-02 07:16:39,510] {scheduler_job.py:629} INFO - Processing file /media/thiagola92/LinuxHD/Documents/public/learning-apache-airflow/venv/lib/python3.7/site-packages/airflow/example_dags/example_nested_branch_dag.py for tasks to queue
[2021-03-02 07:16:39,512] {logging_mixin.py:104} INFO - [2021-03-02 07:16:39,511] {dagbag.py:448} INFO - Filling up the DagBag from /media/thiagola92/LinuxHD/Documents/public/learning-apache-airflow/venv/lib/python3.7/site-packages/airflow/example_dags/example_nested_branch_dag.py
[2021-03-02 07:16:39,533] {scheduler_job.py:639} INFO - DAG(s) dict_keys(['example_nested_branch_dag']) retrieved from /media/thiagola92/LinuxHD/Documents/public/learning-apache-airflow/venv/lib/python3.7/site-packages/airflow/example_dags/example_nested_branch_dag.py
[2021-03-02 07:16:39,545] {logging_mixin.py:104} INFO - [2021-03-02 07:16:39,544] {dag.py:1818} INFO - Sync 1 DAGs
[2021-03-02 07:16:39,556] {logging_mixin.py:104} INFO - [2021-03-02 07:16:39,556] {dag.py:2273} INFO - Setting next_dagrun for example_nested_branch_dag to 2021-02-28 00:00:00+00:00
[2021-03-02 07:16:39,559] {scheduler_job.py:190} INFO - Processing /media/thiagola92/LinuxHD/Documents/public/learning-apache-airflow/venv/lib/python3.7/site-packages/airflow/example_dags/example_nested_branch_dag.py took 0.057 seconds
[2021-03-02 07:17:09,953] {scheduler_job.py:182} INFO - Started process (PID=28366) to work on /media/thiagola92/LinuxHD/Documents/public/learning-apache-airflow/venv/lib/python3.7/site-packages/airflow/example_dags/example_nested_branch_dag.py
[2021-03-02 07:17:09,955] {scheduler_job.py:629} INFO - Processing file /media/thiagola92/LinuxHD/Documents/public/learning-apache-airflow/venv/lib/python3.7/site-packages/airflow/example_dags/example_nested_branch_dag.py for tasks to queue
[2021-03-02 07:17:09,956] {logging_mixin.py:104} INFO - [2021-03-02 07:17:09,956] {dagbag.py:448} INFO - Filling up the DagBag from /media/thiagola92/LinuxHD/Documents/public/learning-apache-airflow/venv/lib/python3.7/site-packages/airflow/example_dags/example_nested_branch_dag.py
[2021-03-02 07:17:09,976] {scheduler_job.py:639} INFO - DAG(s) dict_keys(['example_nested_branch_dag']) retrieved from /media/thiagola92/LinuxHD/Documents/public/learning-apache-airflow/venv/lib/python3.7/site-packages/airflow/example_dags/example_nested_branch_dag.py
[2021-03-02 07:17:09,987] {logging_mixin.py:104} INFO - [2021-03-02 07:17:09,987] {dag.py:1818} INFO - Sync 1 DAGs
[2021-03-02 07:17:09,998] {logging_mixin.py:104} INFO - [2021-03-02 07:17:09,997] {dag.py:2273} INFO - Setting next_dagrun for example_nested_branch_dag to 2021-02-28 00:00:00+00:00
[2021-03-02 07:17:10,001] {scheduler_job.py:190} INFO - Processing /media/thiagola92/LinuxHD/Documents/public/learning-apache-airflow/venv/lib/python3.7/site-packages/airflow/example_dags/example_nested_branch_dag.py took 0.055 seconds
[2021-03-02 07:17:40,189] {scheduler_job.py:182} INFO - Started process (PID=28774) to work on /media/thiagola92/LinuxHD/Documents/public/learning-apache-airflow/venv/lib/python3.7/site-packages/airflow/example_dags/example_nested_branch_dag.py
[2021-03-02 07:17:40,192] {scheduler_job.py:629} INFO - Processing file /media/thiagola92/LinuxHD/Documents/public/learning-apache-airflow/venv/lib/python3.7/site-packages/airflow/example_dags/example_nested_branch_dag.py for tasks to queue
[2021-03-02 07:17:40,194] {logging_mixin.py:104} INFO - [2021-03-02 07:17:40,193] {dagbag.py:448} INFO - Filling up the DagBag from /media/thiagola92/LinuxHD/Documents/public/learning-apache-airflow/venv/lib/python3.7/site-packages/airflow/example_dags/example_nested_branch_dag.py
[2021-03-02 07:17:40,236] {scheduler_job.py:639} INFO - DAG(s) dict_keys(['example_nested_branch_dag']) retrieved from /media/thiagola92/LinuxHD/Documents/public/learning-apache-airflow/venv/lib/python3.7/site-packages/airflow/example_dags/example_nested_branch_dag.py
[2021-03-02 07:17:40,273] {logging_mixin.py:104} INFO - [2021-03-02 07:17:40,272] {dag.py:1818} INFO - Sync 1 DAGs
[2021-03-02 07:17:40,297] {logging_mixin.py:104} INFO - [2021-03-02 07:17:40,297] {dag.py:2273} INFO - Setting next_dagrun for example_nested_branch_dag to 2021-02-28 00:00:00+00:00
[2021-03-02 07:17:40,304] {scheduler_job.py:190} INFO - Processing /media/thiagola92/LinuxHD/Documents/public/learning-apache-airflow/venv/lib/python3.7/site-packages/airflow/example_dags/example_nested_branch_dag.py took 0.122 seconds
[2021-03-02 07:21:56,275] {scheduler_job.py:182} INFO - Started process (PID=32072) to work on /media/thiagola92/LinuxHD/Documents/public/learning-apache-airflow/venv/lib/python3.7/site-packages/airflow/example_dags/example_nested_branch_dag.py
[2021-03-02 07:21:56,277] {scheduler_job.py:629} INFO - Processing file /media/thiagola92/LinuxHD/Documents/public/learning-apache-airflow/venv/lib/python3.7/site-packages/airflow/example_dags/example_nested_branch_dag.py for tasks to queue
[2021-03-02 07:21:56,279] {logging_mixin.py:104} INFO - [2021-03-02 07:21:56,279] {dagbag.py:448} INFO - Filling up the DagBag from /media/thiagola92/LinuxHD/Documents/public/learning-apache-airflow/venv/lib/python3.7/site-packages/airflow/example_dags/example_nested_branch_dag.py
[2021-03-02 07:21:56,301] {scheduler_job.py:639} INFO - DAG(s) dict_keys(['example_nested_branch_dag']) retrieved from /media/thiagola92/LinuxHD/Documents/public/learning-apache-airflow/venv/lib/python3.7/site-packages/airflow/example_dags/example_nested_branch_dag.py
[2021-03-02 07:21:56,314] {logging_mixin.py:104} INFO - [2021-03-02 07:21:56,314] {dag.py:1818} INFO - Sync 1 DAGs
[2021-03-02 07:21:56,325] {logging_mixin.py:104} INFO - [2021-03-02 07:21:56,325] {dag.py:2273} INFO - Setting next_dagrun for example_nested_branch_dag to 2021-02-28 00:00:00+00:00
[2021-03-02 07:21:56,432] {scheduler_job.py:190} INFO - Processing /media/thiagola92/LinuxHD/Documents/public/learning-apache-airflow/venv/lib/python3.7/site-packages/airflow/example_dags/example_nested_branch_dag.py took 0.163 seconds
[2021-03-02 07:22:26,523] {scheduler_job.py:182} INFO - Started process (PID=32470) to work on /media/thiagola92/LinuxHD/Documents/public/learning-apache-airflow/venv/lib/python3.7/site-packages/airflow/example_dags/example_nested_branch_dag.py
[2021-03-02 07:22:26,524] {scheduler_job.py:629} INFO - Processing file /media/thiagola92/LinuxHD/Documents/public/learning-apache-airflow/venv/lib/python3.7/site-packages/airflow/example_dags/example_nested_branch_dag.py for tasks to queue
[2021-03-02 07:22:26,524] {logging_mixin.py:104} INFO - [2021-03-02 07:22:26,524] {dagbag.py:448} INFO - Filling up the DagBag from /media/thiagola92/LinuxHD/Documents/public/learning-apache-airflow/venv/lib/python3.7/site-packages/airflow/example_dags/example_nested_branch_dag.py
[2021-03-02 07:22:26,532] {scheduler_job.py:639} INFO - DAG(s) dict_keys(['example_nested_branch_dag']) retrieved from /media/thiagola92/LinuxHD/Documents/public/learning-apache-airflow/venv/lib/python3.7/site-packages/airflow/example_dags/example_nested_branch_dag.py
[2021-03-02 07:22:26,540] {logging_mixin.py:104} INFO - [2021-03-02 07:22:26,540] {dag.py:1818} INFO - Sync 1 DAGs
[2021-03-02 07:22:26,551] {logging_mixin.py:104} INFO - [2021-03-02 07:22:26,551] {dag.py:2273} INFO - Setting next_dagrun for example_nested_branch_dag to 2021-02-28 00:00:00+00:00
[2021-03-02 07:22:26,555] {scheduler_job.py:190} INFO - Processing /media/thiagola92/LinuxHD/Documents/public/learning-apache-airflow/venv/lib/python3.7/site-packages/airflow/example_dags/example_nested_branch_dag.py took 0.034 seconds
[2021-03-02 07:22:56,828] {scheduler_job.py:182} INFO - Started process (PID=32894) to work on /media/thiagola92/LinuxHD/Documents/public/learning-apache-airflow/venv/lib/python3.7/site-packages/airflow/example_dags/example_nested_branch_dag.py
[2021-03-02 07:22:56,830] {scheduler_job.py:629} INFO - Processing file /media/thiagola92/LinuxHD/Documents/public/learning-apache-airflow/venv/lib/python3.7/site-packages/airflow/example_dags/example_nested_branch_dag.py for tasks to queue
[2021-03-02 07:22:56,830] {logging_mixin.py:104} INFO - [2021-03-02 07:22:56,830] {dagbag.py:448} INFO - Filling up the DagBag from /media/thiagola92/LinuxHD/Documents/public/learning-apache-airflow/venv/lib/python3.7/site-packages/airflow/example_dags/example_nested_branch_dag.py
[2021-03-02 07:22:56,842] {scheduler_job.py:639} INFO - DAG(s) dict_keys(['example_nested_branch_dag']) retrieved from /media/thiagola92/LinuxHD/Documents/public/learning-apache-airflow/venv/lib/python3.7/site-packages/airflow/example_dags/example_nested_branch_dag.py
[2021-03-02 07:22:56,852] {logging_mixin.py:104} INFO - [2021-03-02 07:22:56,852] {dag.py:1818} INFO - Sync 1 DAGs
[2021-03-02 07:22:56,867] {logging_mixin.py:104} INFO - [2021-03-02 07:22:56,867] {dag.py:2273} INFO - Setting next_dagrun for example_nested_branch_dag to 2021-02-28 00:00:00+00:00
[2021-03-02 07:22:56,871] {scheduler_job.py:190} INFO - Processing /media/thiagola92/LinuxHD/Documents/public/learning-apache-airflow/venv/lib/python3.7/site-packages/airflow/example_dags/example_nested_branch_dag.py took 0.046 seconds
[2021-03-02 07:23:27,146] {scheduler_job.py:182} INFO - Started process (PID=33388) to work on /media/thiagola92/LinuxHD/Documents/public/learning-apache-airflow/venv/lib/python3.7/site-packages/airflow/example_dags/example_nested_branch_dag.py
[2021-03-02 07:23:27,149] {scheduler_job.py:629} INFO - Processing file /media/thiagola92/LinuxHD/Documents/public/learning-apache-airflow/venv/lib/python3.7/site-packages/airflow/example_dags/example_nested_branch_dag.py for tasks to queue
[2021-03-02 07:23:27,151] {logging_mixin.py:104} INFO - [2021-03-02 07:23:27,150] {dagbag.py:448} INFO - Filling up the DagBag from /media/thiagola92/LinuxHD/Documents/public/learning-apache-airflow/venv/lib/python3.7/site-packages/airflow/example_dags/example_nested_branch_dag.py
[2021-03-02 07:23:27,169] {scheduler_job.py:639} INFO - DAG(s) dict_keys(['example_nested_branch_dag']) retrieved from /media/thiagola92/LinuxHD/Documents/public/learning-apache-airflow/venv/lib/python3.7/site-packages/airflow/example_dags/example_nested_branch_dag.py
[2021-03-02 07:23:27,180] {logging_mixin.py:104} INFO - [2021-03-02 07:23:27,180] {dag.py:1818} INFO - Sync 1 DAGs
[2021-03-02 07:23:27,191] {logging_mixin.py:104} INFO - [2021-03-02 07:23:27,191] {dag.py:2273} INFO - Setting next_dagrun for example_nested_branch_dag to 2021-02-28 00:00:00+00:00
[2021-03-02 07:23:27,195] {scheduler_job.py:190} INFO - Processing /media/thiagola92/LinuxHD/Documents/public/learning-apache-airflow/venv/lib/python3.7/site-packages/airflow/example_dags/example_nested_branch_dag.py took 0.055 seconds
