[2021-03-02 07:11:57,254] {scheduler_job.py:182} INFO - Started process (PID=23817) to work on /media/thiagola92/LinuxHD/Documents/public/learning-apache-airflow/venv/lib/python3.7/site-packages/airflow/example_dags/example_python_operator.py
[2021-03-02 07:11:57,255] {scheduler_job.py:629} INFO - Processing file /media/thiagola92/LinuxHD/Documents/public/learning-apache-airflow/venv/lib/python3.7/site-packages/airflow/example_dags/example_python_operator.py for tasks to queue
[2021-03-02 07:11:57,255] {logging_mixin.py:104} INFO - [2021-03-02 07:11:57,255] {dagbag.py:448} INFO - Filling up the DagBag from /media/thiagola92/LinuxHD/Documents/public/learning-apache-airflow/venv/lib/python3.7/site-packages/airflow/example_dags/example_python_operator.py
[2021-03-02 07:11:57,264] {scheduler_job.py:639} INFO - DAG(s) dict_keys(['example_python_operator']) retrieved from /media/thiagola92/LinuxHD/Documents/public/learning-apache-airflow/venv/lib/python3.7/site-packages/airflow/example_dags/example_python_operator.py
[2021-03-02 07:11:57,276] {logging_mixin.py:104} INFO - [2021-03-02 07:11:57,276] {dag.py:1818} INFO - Sync 1 DAGs
[2021-03-02 07:11:57,283] {logging_mixin.py:104} INFO - [2021-03-02 07:11:57,283] {dag.py:2273} INFO - Setting next_dagrun for example_python_operator to None
[2021-03-02 07:11:57,371] {scheduler_job.py:190} INFO - Processing /media/thiagola92/LinuxHD/Documents/public/learning-apache-airflow/venv/lib/python3.7/site-packages/airflow/example_dags/example_python_operator.py took 0.120 seconds
[2021-03-02 07:12:27,812] {scheduler_job.py:182} INFO - Started process (PID=24280) to work on /media/thiagola92/LinuxHD/Documents/public/learning-apache-airflow/venv/lib/python3.7/site-packages/airflow/example_dags/example_python_operator.py
[2021-03-02 07:12:27,813] {scheduler_job.py:629} INFO - Processing file /media/thiagola92/LinuxHD/Documents/public/learning-apache-airflow/venv/lib/python3.7/site-packages/airflow/example_dags/example_python_operator.py for tasks to queue
[2021-03-02 07:12:27,813] {logging_mixin.py:104} INFO - [2021-03-02 07:12:27,813] {dagbag.py:448} INFO - Filling up the DagBag from /media/thiagola92/LinuxHD/Documents/public/learning-apache-airflow/venv/lib/python3.7/site-packages/airflow/example_dags/example_python_operator.py
[2021-03-02 07:12:27,824] {scheduler_job.py:639} INFO - DAG(s) dict_keys(['example_python_operator']) retrieved from /media/thiagola92/LinuxHD/Documents/public/learning-apache-airflow/venv/lib/python3.7/site-packages/airflow/example_dags/example_python_operator.py
[2021-03-02 07:12:27,833] {logging_mixin.py:104} INFO - [2021-03-02 07:12:27,833] {dag.py:1818} INFO - Sync 1 DAGs
[2021-03-02 07:12:27,840] {logging_mixin.py:104} INFO - [2021-03-02 07:12:27,840] {dag.py:2273} INFO - Setting next_dagrun for example_python_operator to None
[2021-03-02 07:12:27,847] {scheduler_job.py:190} INFO - Processing /media/thiagola92/LinuxHD/Documents/public/learning-apache-airflow/venv/lib/python3.7/site-packages/airflow/example_dags/example_python_operator.py took 0.037 seconds
[2021-03-02 07:12:58,216] {scheduler_job.py:182} INFO - Started process (PID=24947) to work on /media/thiagola92/LinuxHD/Documents/public/learning-apache-airflow/venv/lib/python3.7/site-packages/airflow/example_dags/example_python_operator.py
[2021-03-02 07:12:58,219] {scheduler_job.py:629} INFO - Processing file /media/thiagola92/LinuxHD/Documents/public/learning-apache-airflow/venv/lib/python3.7/site-packages/airflow/example_dags/example_python_operator.py for tasks to queue
[2021-03-02 07:12:58,219] {logging_mixin.py:104} INFO - [2021-03-02 07:12:58,219] {dagbag.py:448} INFO - Filling up the DagBag from /media/thiagola92/LinuxHD/Documents/public/learning-apache-airflow/venv/lib/python3.7/site-packages/airflow/example_dags/example_python_operator.py
[2021-03-02 07:12:58,226] {scheduler_job.py:639} INFO - DAG(s) dict_keys(['example_python_operator']) retrieved from /media/thiagola92/LinuxHD/Documents/public/learning-apache-airflow/venv/lib/python3.7/site-packages/airflow/example_dags/example_python_operator.py
[2021-03-02 07:12:58,235] {logging_mixin.py:104} INFO - [2021-03-02 07:12:58,235] {dag.py:1818} INFO - Sync 1 DAGs
[2021-03-02 07:12:58,241] {logging_mixin.py:104} INFO - [2021-03-02 07:12:58,241] {dag.py:2273} INFO - Setting next_dagrun for example_python_operator to None
[2021-03-02 07:12:58,246] {scheduler_job.py:190} INFO - Processing /media/thiagola92/LinuxHD/Documents/public/learning-apache-airflow/venv/lib/python3.7/site-packages/airflow/example_dags/example_python_operator.py took 0.032 seconds
[2021-03-02 07:13:29,494] {scheduler_job.py:182} INFO - Started process (PID=25401) to work on /media/thiagola92/LinuxHD/Documents/public/learning-apache-airflow/venv/lib/python3.7/site-packages/airflow/example_dags/example_python_operator.py
[2021-03-02 07:13:29,494] {scheduler_job.py:629} INFO - Processing file /media/thiagola92/LinuxHD/Documents/public/learning-apache-airflow/venv/lib/python3.7/site-packages/airflow/example_dags/example_python_operator.py for tasks to queue
[2021-03-02 07:13:29,495] {logging_mixin.py:104} INFO - [2021-03-02 07:13:29,495] {dagbag.py:448} INFO - Filling up the DagBag from /media/thiagola92/LinuxHD/Documents/public/learning-apache-airflow/venv/lib/python3.7/site-packages/airflow/example_dags/example_python_operator.py
[2021-03-02 07:13:29,502] {scheduler_job.py:639} INFO - DAG(s) dict_keys(['example_python_operator']) retrieved from /media/thiagola92/LinuxHD/Documents/public/learning-apache-airflow/venv/lib/python3.7/site-packages/airflow/example_dags/example_python_operator.py
[2021-03-02 07:13:29,512] {logging_mixin.py:104} INFO - [2021-03-02 07:13:29,512] {dag.py:1818} INFO - Sync 1 DAGs
[2021-03-02 07:13:29,519] {logging_mixin.py:104} INFO - [2021-03-02 07:13:29,519] {dag.py:2273} INFO - Setting next_dagrun for example_python_operator to None
[2021-03-02 07:13:29,523] {scheduler_job.py:190} INFO - Processing /media/thiagola92/LinuxHD/Documents/public/learning-apache-airflow/venv/lib/python3.7/site-packages/airflow/example_dags/example_python_operator.py took 0.031 seconds
[2021-03-02 07:14:20,791] {scheduler_job.py:182} INFO - Started process (PID=26088) to work on /media/thiagola92/LinuxHD/Documents/public/learning-apache-airflow/venv/lib/python3.7/site-packages/airflow/example_dags/example_python_operator.py
[2021-03-02 07:14:20,792] {scheduler_job.py:629} INFO - Processing file /media/thiagola92/LinuxHD/Documents/public/learning-apache-airflow/venv/lib/python3.7/site-packages/airflow/example_dags/example_python_operator.py for tasks to queue
[2021-03-02 07:14:20,792] {logging_mixin.py:104} INFO - [2021-03-02 07:14:20,792] {dagbag.py:448} INFO - Filling up the DagBag from /media/thiagola92/LinuxHD/Documents/public/learning-apache-airflow/venv/lib/python3.7/site-packages/airflow/example_dags/example_python_operator.py
[2021-03-02 07:14:20,798] {scheduler_job.py:639} INFO - DAG(s) dict_keys(['example_python_operator']) retrieved from /media/thiagola92/LinuxHD/Documents/public/learning-apache-airflow/venv/lib/python3.7/site-packages/airflow/example_dags/example_python_operator.py
[2021-03-02 07:14:20,806] {logging_mixin.py:104} INFO - [2021-03-02 07:14:20,806] {dag.py:1818} INFO - Sync 1 DAGs
[2021-03-02 07:14:20,811] {logging_mixin.py:104} INFO - [2021-03-02 07:14:20,811] {dag.py:2273} INFO - Setting next_dagrun for example_python_operator to None
[2021-03-02 07:14:20,815] {scheduler_job.py:190} INFO - Processing /media/thiagola92/LinuxHD/Documents/public/learning-apache-airflow/venv/lib/python3.7/site-packages/airflow/example_dags/example_python_operator.py took 0.025 seconds
[2021-03-02 07:14:51,138] {scheduler_job.py:182} INFO - Started process (PID=26490) to work on /media/thiagola92/LinuxHD/Documents/public/learning-apache-airflow/venv/lib/python3.7/site-packages/airflow/example_dags/example_python_operator.py
[2021-03-02 07:14:51,141] {scheduler_job.py:629} INFO - Processing file /media/thiagola92/LinuxHD/Documents/public/learning-apache-airflow/venv/lib/python3.7/site-packages/airflow/example_dags/example_python_operator.py for tasks to queue
[2021-03-02 07:14:51,142] {logging_mixin.py:104} INFO - [2021-03-02 07:14:51,142] {dagbag.py:448} INFO - Filling up the DagBag from /media/thiagola92/LinuxHD/Documents/public/learning-apache-airflow/venv/lib/python3.7/site-packages/airflow/example_dags/example_python_operator.py
[2021-03-02 07:14:51,157] {scheduler_job.py:639} INFO - DAG(s) dict_keys(['example_python_operator']) retrieved from /media/thiagola92/LinuxHD/Documents/public/learning-apache-airflow/venv/lib/python3.7/site-packages/airflow/example_dags/example_python_operator.py
[2021-03-02 07:14:51,168] {logging_mixin.py:104} INFO - [2021-03-02 07:14:51,168] {dag.py:1818} INFO - Sync 1 DAGs
[2021-03-02 07:14:51,174] {logging_mixin.py:104} INFO - [2021-03-02 07:14:51,174] {dag.py:2273} INFO - Setting next_dagrun for example_python_operator to None
[2021-03-02 07:14:51,179] {scheduler_job.py:190} INFO - Processing /media/thiagola92/LinuxHD/Documents/public/learning-apache-airflow/venv/lib/python3.7/site-packages/airflow/example_dags/example_python_operator.py took 0.047 seconds
[2021-03-02 07:15:21,342] {scheduler_job.py:182} INFO - Started process (PID=26883) to work on /media/thiagola92/LinuxHD/Documents/public/learning-apache-airflow/venv/lib/python3.7/site-packages/airflow/example_dags/example_python_operator.py
[2021-03-02 07:15:21,343] {scheduler_job.py:629} INFO - Processing file /media/thiagola92/LinuxHD/Documents/public/learning-apache-airflow/venv/lib/python3.7/site-packages/airflow/example_dags/example_python_operator.py for tasks to queue
[2021-03-02 07:15:21,343] {logging_mixin.py:104} INFO - [2021-03-02 07:15:21,343] {dagbag.py:448} INFO - Filling up the DagBag from /media/thiagola92/LinuxHD/Documents/public/learning-apache-airflow/venv/lib/python3.7/site-packages/airflow/example_dags/example_python_operator.py
[2021-03-02 07:15:21,354] {scheduler_job.py:639} INFO - DAG(s) dict_keys(['example_python_operator']) retrieved from /media/thiagola92/LinuxHD/Documents/public/learning-apache-airflow/venv/lib/python3.7/site-packages/airflow/example_dags/example_python_operator.py
[2021-03-02 07:15:21,363] {logging_mixin.py:104} INFO - [2021-03-02 07:15:21,363] {dag.py:1818} INFO - Sync 1 DAGs
[2021-03-02 07:15:21,369] {logging_mixin.py:104} INFO - [2021-03-02 07:15:21,369] {dag.py:2273} INFO - Setting next_dagrun for example_python_operator to None
[2021-03-02 07:15:21,374] {scheduler_job.py:190} INFO - Processing /media/thiagola92/LinuxHD/Documents/public/learning-apache-airflow/venv/lib/python3.7/site-packages/airflow/example_dags/example_python_operator.py took 0.036 seconds
[2021-03-02 07:15:52,247] {scheduler_job.py:182} INFO - Started process (PID=27328) to work on /media/thiagola92/LinuxHD/Documents/public/learning-apache-airflow/venv/lib/python3.7/site-packages/airflow/example_dags/example_python_operator.py
[2021-03-02 07:15:52,247] {scheduler_job.py:629} INFO - Processing file /media/thiagola92/LinuxHD/Documents/public/learning-apache-airflow/venv/lib/python3.7/site-packages/airflow/example_dags/example_python_operator.py for tasks to queue
[2021-03-02 07:15:52,248] {logging_mixin.py:104} INFO - [2021-03-02 07:15:52,248] {dagbag.py:448} INFO - Filling up the DagBag from /media/thiagola92/LinuxHD/Documents/public/learning-apache-airflow/venv/lib/python3.7/site-packages/airflow/example_dags/example_python_operator.py
[2021-03-02 07:15:52,255] {scheduler_job.py:639} INFO - DAG(s) dict_keys(['example_python_operator']) retrieved from /media/thiagola92/LinuxHD/Documents/public/learning-apache-airflow/venv/lib/python3.7/site-packages/airflow/example_dags/example_python_operator.py
[2021-03-02 07:15:52,264] {logging_mixin.py:104} INFO - [2021-03-02 07:15:52,264] {dag.py:1818} INFO - Sync 1 DAGs
[2021-03-02 07:15:52,277] {logging_mixin.py:104} INFO - [2021-03-02 07:15:52,275] {dag.py:2273} INFO - Setting next_dagrun for example_python_operator to None
[2021-03-02 07:15:52,282] {scheduler_job.py:190} INFO - Processing /media/thiagola92/LinuxHD/Documents/public/learning-apache-airflow/venv/lib/python3.7/site-packages/airflow/example_dags/example_python_operator.py took 0.037 seconds
[2021-03-02 07:16:22,608] {scheduler_job.py:182} INFO - Started process (PID=27724) to work on /media/thiagola92/LinuxHD/Documents/public/learning-apache-airflow/venv/lib/python3.7/site-packages/airflow/example_dags/example_python_operator.py
[2021-03-02 07:16:22,609] {scheduler_job.py:629} INFO - Processing file /media/thiagola92/LinuxHD/Documents/public/learning-apache-airflow/venv/lib/python3.7/site-packages/airflow/example_dags/example_python_operator.py for tasks to queue
[2021-03-02 07:16:22,609] {logging_mixin.py:104} INFO - [2021-03-02 07:16:22,609] {dagbag.py:448} INFO - Filling up the DagBag from /media/thiagola92/LinuxHD/Documents/public/learning-apache-airflow/venv/lib/python3.7/site-packages/airflow/example_dags/example_python_operator.py
[2021-03-02 07:16:22,618] {scheduler_job.py:639} INFO - DAG(s) dict_keys(['example_python_operator']) retrieved from /media/thiagola92/LinuxHD/Documents/public/learning-apache-airflow/venv/lib/python3.7/site-packages/airflow/example_dags/example_python_operator.py
[2021-03-02 07:16:22,627] {logging_mixin.py:104} INFO - [2021-03-02 07:16:22,627] {dag.py:1818} INFO - Sync 1 DAGs
[2021-03-02 07:16:22,634] {logging_mixin.py:104} INFO - [2021-03-02 07:16:22,634] {dag.py:2273} INFO - Setting next_dagrun for example_python_operator to None
[2021-03-02 07:16:22,639] {scheduler_job.py:190} INFO - Processing /media/thiagola92/LinuxHD/Documents/public/learning-apache-airflow/venv/lib/python3.7/site-packages/airflow/example_dags/example_python_operator.py took 0.032 seconds
[2021-03-02 07:16:53,006] {scheduler_job.py:182} INFO - Started process (PID=28107) to work on /media/thiagola92/LinuxHD/Documents/public/learning-apache-airflow/venv/lib/python3.7/site-packages/airflow/example_dags/example_python_operator.py
[2021-03-02 07:16:53,006] {scheduler_job.py:629} INFO - Processing file /media/thiagola92/LinuxHD/Documents/public/learning-apache-airflow/venv/lib/python3.7/site-packages/airflow/example_dags/example_python_operator.py for tasks to queue
[2021-03-02 07:16:53,007] {logging_mixin.py:104} INFO - [2021-03-02 07:16:53,007] {dagbag.py:448} INFO - Filling up the DagBag from /media/thiagola92/LinuxHD/Documents/public/learning-apache-airflow/venv/lib/python3.7/site-packages/airflow/example_dags/example_python_operator.py
[2021-03-02 07:16:53,014] {scheduler_job.py:639} INFO - DAG(s) dict_keys(['example_python_operator']) retrieved from /media/thiagola92/LinuxHD/Documents/public/learning-apache-airflow/venv/lib/python3.7/site-packages/airflow/example_dags/example_python_operator.py
[2021-03-02 07:16:53,023] {logging_mixin.py:104} INFO - [2021-03-02 07:16:53,023] {dag.py:1818} INFO - Sync 1 DAGs
[2021-03-02 07:16:53,029] {logging_mixin.py:104} INFO - [2021-03-02 07:16:53,029] {dag.py:2273} INFO - Setting next_dagrun for example_python_operator to None
[2021-03-02 07:16:53,034] {scheduler_job.py:190} INFO - Processing /media/thiagola92/LinuxHD/Documents/public/learning-apache-airflow/venv/lib/python3.7/site-packages/airflow/example_dags/example_python_operator.py took 0.031 seconds
[2021-03-02 07:17:23,456] {scheduler_job.py:182} INFO - Started process (PID=28559) to work on /media/thiagola92/LinuxHD/Documents/public/learning-apache-airflow/venv/lib/python3.7/site-packages/airflow/example_dags/example_python_operator.py
[2021-03-02 07:17:23,458] {scheduler_job.py:629} INFO - Processing file /media/thiagola92/LinuxHD/Documents/public/learning-apache-airflow/venv/lib/python3.7/site-packages/airflow/example_dags/example_python_operator.py for tasks to queue
[2021-03-02 07:17:23,460] {logging_mixin.py:104} INFO - [2021-03-02 07:17:23,460] {dagbag.py:448} INFO - Filling up the DagBag from /media/thiagola92/LinuxHD/Documents/public/learning-apache-airflow/venv/lib/python3.7/site-packages/airflow/example_dags/example_python_operator.py
[2021-03-02 07:17:23,483] {scheduler_job.py:639} INFO - DAG(s) dict_keys(['example_python_operator']) retrieved from /media/thiagola92/LinuxHD/Documents/public/learning-apache-airflow/venv/lib/python3.7/site-packages/airflow/example_dags/example_python_operator.py
[2021-03-02 07:17:23,497] {logging_mixin.py:104} INFO - [2021-03-02 07:17:23,497] {dag.py:1818} INFO - Sync 1 DAGs
[2021-03-02 07:17:23,505] {logging_mixin.py:104} INFO - [2021-03-02 07:17:23,505] {dag.py:2273} INFO - Setting next_dagrun for example_python_operator to None
[2021-03-02 07:17:23,510] {scheduler_job.py:190} INFO - Processing /media/thiagola92/LinuxHD/Documents/public/learning-apache-airflow/venv/lib/python3.7/site-packages/airflow/example_dags/example_python_operator.py took 0.061 seconds
[2021-03-02 07:21:53,859] {scheduler_job.py:182} INFO - Started process (PID=32042) to work on /media/thiagola92/LinuxHD/Documents/public/learning-apache-airflow/venv/lib/python3.7/site-packages/airflow/example_dags/example_python_operator.py
[2021-03-02 07:21:53,860] {scheduler_job.py:629} INFO - Processing file /media/thiagola92/LinuxHD/Documents/public/learning-apache-airflow/venv/lib/python3.7/site-packages/airflow/example_dags/example_python_operator.py for tasks to queue
[2021-03-02 07:21:53,861] {logging_mixin.py:104} INFO - [2021-03-02 07:21:53,861] {dagbag.py:448} INFO - Filling up the DagBag from /media/thiagola92/LinuxHD/Documents/public/learning-apache-airflow/venv/lib/python3.7/site-packages/airflow/example_dags/example_python_operator.py
[2021-03-02 07:21:53,877] {scheduler_job.py:639} INFO - DAG(s) dict_keys(['example_python_operator']) retrieved from /media/thiagola92/LinuxHD/Documents/public/learning-apache-airflow/venv/lib/python3.7/site-packages/airflow/example_dags/example_python_operator.py
[2021-03-02 07:21:53,899] {logging_mixin.py:104} INFO - [2021-03-02 07:21:53,898] {dag.py:1818} INFO - Sync 1 DAGs
[2021-03-02 07:21:53,910] {logging_mixin.py:104} INFO - [2021-03-02 07:21:53,910] {dag.py:2273} INFO - Setting next_dagrun for example_python_operator to None
[2021-03-02 07:21:54,035] {scheduler_job.py:190} INFO - Processing /media/thiagola92/LinuxHD/Documents/public/learning-apache-airflow/venv/lib/python3.7/site-packages/airflow/example_dags/example_python_operator.py took 0.180 seconds
[2021-03-02 07:22:24,267] {scheduler_job.py:182} INFO - Started process (PID=32441) to work on /media/thiagola92/LinuxHD/Documents/public/learning-apache-airflow/venv/lib/python3.7/site-packages/airflow/example_dags/example_python_operator.py
[2021-03-02 07:22:24,271] {scheduler_job.py:629} INFO - Processing file /media/thiagola92/LinuxHD/Documents/public/learning-apache-airflow/venv/lib/python3.7/site-packages/airflow/example_dags/example_python_operator.py for tasks to queue
[2021-03-02 07:22:24,273] {logging_mixin.py:104} INFO - [2021-03-02 07:22:24,272] {dagbag.py:448} INFO - Filling up the DagBag from /media/thiagola92/LinuxHD/Documents/public/learning-apache-airflow/venv/lib/python3.7/site-packages/airflow/example_dags/example_python_operator.py
[2021-03-02 07:22:24,307] {scheduler_job.py:639} INFO - DAG(s) dict_keys(['example_python_operator']) retrieved from /media/thiagola92/LinuxHD/Documents/public/learning-apache-airflow/venv/lib/python3.7/site-packages/airflow/example_dags/example_python_operator.py
[2021-03-02 07:22:24,335] {logging_mixin.py:104} INFO - [2021-03-02 07:22:24,335] {dag.py:1818} INFO - Sync 1 DAGs
[2021-03-02 07:22:24,347] {logging_mixin.py:104} INFO - [2021-03-02 07:22:24,347] {dag.py:2273} INFO - Setting next_dagrun for example_python_operator to None
[2021-03-02 07:22:24,353] {scheduler_job.py:190} INFO - Processing /media/thiagola92/LinuxHD/Documents/public/learning-apache-airflow/venv/lib/python3.7/site-packages/airflow/example_dags/example_python_operator.py took 0.093 seconds
[2021-03-02 07:22:54,547] {scheduler_job.py:182} INFO - Started process (PID=32864) to work on /media/thiagola92/LinuxHD/Documents/public/learning-apache-airflow/venv/lib/python3.7/site-packages/airflow/example_dags/example_python_operator.py
[2021-03-02 07:22:54,548] {scheduler_job.py:629} INFO - Processing file /media/thiagola92/LinuxHD/Documents/public/learning-apache-airflow/venv/lib/python3.7/site-packages/airflow/example_dags/example_python_operator.py for tasks to queue
[2021-03-02 07:22:54,548] {logging_mixin.py:104} INFO - [2021-03-02 07:22:54,548] {dagbag.py:448} INFO - Filling up the DagBag from /media/thiagola92/LinuxHD/Documents/public/learning-apache-airflow/venv/lib/python3.7/site-packages/airflow/example_dags/example_python_operator.py
[2021-03-02 07:22:54,555] {scheduler_job.py:639} INFO - DAG(s) dict_keys(['example_python_operator']) retrieved from /media/thiagola92/LinuxHD/Documents/public/learning-apache-airflow/venv/lib/python3.7/site-packages/airflow/example_dags/example_python_operator.py
[2021-03-02 07:22:54,562] {logging_mixin.py:104} INFO - [2021-03-02 07:22:54,562] {dag.py:1818} INFO - Sync 1 DAGs
[2021-03-02 07:22:54,568] {logging_mixin.py:104} INFO - [2021-03-02 07:22:54,568] {dag.py:2273} INFO - Setting next_dagrun for example_python_operator to None
[2021-03-02 07:22:54,572] {scheduler_job.py:190} INFO - Processing /media/thiagola92/LinuxHD/Documents/public/learning-apache-airflow/venv/lib/python3.7/site-packages/airflow/example_dags/example_python_operator.py took 0.026 seconds
[2021-03-02 07:23:24,857] {scheduler_job.py:182} INFO - Started process (PID=33364) to work on /media/thiagola92/LinuxHD/Documents/public/learning-apache-airflow/venv/lib/python3.7/site-packages/airflow/example_dags/example_python_operator.py
[2021-03-02 07:23:24,859] {scheduler_job.py:629} INFO - Processing file /media/thiagola92/LinuxHD/Documents/public/learning-apache-airflow/venv/lib/python3.7/site-packages/airflow/example_dags/example_python_operator.py for tasks to queue
[2021-03-02 07:23:24,861] {logging_mixin.py:104} INFO - [2021-03-02 07:23:24,861] {dagbag.py:448} INFO - Filling up the DagBag from /media/thiagola92/LinuxHD/Documents/public/learning-apache-airflow/venv/lib/python3.7/site-packages/airflow/example_dags/example_python_operator.py
[2021-03-02 07:23:24,879] {scheduler_job.py:639} INFO - DAG(s) dict_keys(['example_python_operator']) retrieved from /media/thiagola92/LinuxHD/Documents/public/learning-apache-airflow/venv/lib/python3.7/site-packages/airflow/example_dags/example_python_operator.py
[2021-03-02 07:23:24,891] {logging_mixin.py:104} INFO - [2021-03-02 07:23:24,891] {dag.py:1818} INFO - Sync 1 DAGs
[2021-03-02 07:23:24,898] {logging_mixin.py:104} INFO - [2021-03-02 07:23:24,898] {dag.py:2273} INFO - Setting next_dagrun for example_python_operator to None
[2021-03-02 07:23:24,902] {scheduler_job.py:190} INFO - Processing /media/thiagola92/LinuxHD/Documents/public/learning-apache-airflow/venv/lib/python3.7/site-packages/airflow/example_dags/example_python_operator.py took 0.052 seconds
