[2021-03-02 07:12:01,226] {scheduler_job.py:182} INFO - Started process (PID=23875) to work on /media/thiagola92/LinuxHD/Documents/public/learning-apache-airflow/venv/lib/python3.7/site-packages/airflow/example_dags/example_trigger_target_dag.py
[2021-03-02 07:12:01,228] {scheduler_job.py:629} INFO - Processing file /media/thiagola92/LinuxHD/Documents/public/learning-apache-airflow/venv/lib/python3.7/site-packages/airflow/example_dags/example_trigger_target_dag.py for tasks to queue
[2021-03-02 07:12:01,230] {logging_mixin.py:104} INFO - [2021-03-02 07:12:01,230] {dagbag.py:448} INFO - Filling up the DagBag from /media/thiagola92/LinuxHD/Documents/public/learning-apache-airflow/venv/lib/python3.7/site-packages/airflow/example_dags/example_trigger_target_dag.py
[2021-03-02 07:12:01,246] {scheduler_job.py:639} INFO - DAG(s) dict_keys(['example_trigger_target_dag']) retrieved from /media/thiagola92/LinuxHD/Documents/public/learning-apache-airflow/venv/lib/python3.7/site-packages/airflow/example_dags/example_trigger_target_dag.py
[2021-03-02 07:12:01,256] {logging_mixin.py:104} INFO - [2021-03-02 07:12:01,256] {dag.py:1818} INFO - Sync 1 DAGs
[2021-03-02 07:12:01,263] {logging_mixin.py:104} INFO - [2021-03-02 07:12:01,263] {dag.py:2273} INFO - Setting next_dagrun for example_trigger_target_dag to None
[2021-03-02 07:12:01,267] {scheduler_job.py:190} INFO - Processing /media/thiagola92/LinuxHD/Documents/public/learning-apache-airflow/venv/lib/python3.7/site-packages/airflow/example_dags/example_trigger_target_dag.py took 0.049 seconds
[2021-03-02 07:12:31,906] {scheduler_job.py:182} INFO - Started process (PID=24517) to work on /media/thiagola92/LinuxHD/Documents/public/learning-apache-airflow/venv/lib/python3.7/site-packages/airflow/example_dags/example_trigger_target_dag.py
[2021-03-02 07:12:31,909] {scheduler_job.py:629} INFO - Processing file /media/thiagola92/LinuxHD/Documents/public/learning-apache-airflow/venv/lib/python3.7/site-packages/airflow/example_dags/example_trigger_target_dag.py for tasks to queue
[2021-03-02 07:12:31,911] {logging_mixin.py:104} INFO - [2021-03-02 07:12:31,910] {dagbag.py:448} INFO - Filling up the DagBag from /media/thiagola92/LinuxHD/Documents/public/learning-apache-airflow/venv/lib/python3.7/site-packages/airflow/example_dags/example_trigger_target_dag.py
[2021-03-02 07:12:31,933] {scheduler_job.py:639} INFO - DAG(s) dict_keys(['example_trigger_target_dag']) retrieved from /media/thiagola92/LinuxHD/Documents/public/learning-apache-airflow/venv/lib/python3.7/site-packages/airflow/example_dags/example_trigger_target_dag.py
[2021-03-02 07:12:31,945] {logging_mixin.py:104} INFO - [2021-03-02 07:12:31,945] {dag.py:1818} INFO - Sync 1 DAGs
[2021-03-02 07:12:31,952] {logging_mixin.py:104} INFO - [2021-03-02 07:12:31,952] {dag.py:2273} INFO - Setting next_dagrun for example_trigger_target_dag to None
[2021-03-02 07:12:31,956] {scheduler_job.py:190} INFO - Processing /media/thiagola92/LinuxHD/Documents/public/learning-apache-airflow/venv/lib/python3.7/site-packages/airflow/example_dags/example_trigger_target_dag.py took 0.056 seconds
[2021-03-02 07:13:02,234] {scheduler_job.py:182} INFO - Started process (PID=24997) to work on /media/thiagola92/LinuxHD/Documents/public/learning-apache-airflow/venv/lib/python3.7/site-packages/airflow/example_dags/example_trigger_target_dag.py
[2021-03-02 07:13:02,235] {scheduler_job.py:629} INFO - Processing file /media/thiagola92/LinuxHD/Documents/public/learning-apache-airflow/venv/lib/python3.7/site-packages/airflow/example_dags/example_trigger_target_dag.py for tasks to queue
[2021-03-02 07:13:02,236] {logging_mixin.py:104} INFO - [2021-03-02 07:13:02,236] {dagbag.py:448} INFO - Filling up the DagBag from /media/thiagola92/LinuxHD/Documents/public/learning-apache-airflow/venv/lib/python3.7/site-packages/airflow/example_dags/example_trigger_target_dag.py
[2021-03-02 07:13:02,248] {scheduler_job.py:639} INFO - DAG(s) dict_keys(['example_trigger_target_dag']) retrieved from /media/thiagola92/LinuxHD/Documents/public/learning-apache-airflow/venv/lib/python3.7/site-packages/airflow/example_dags/example_trigger_target_dag.py
[2021-03-02 07:13:02,257] {logging_mixin.py:104} INFO - [2021-03-02 07:13:02,257] {dag.py:1818} INFO - Sync 1 DAGs
[2021-03-02 07:13:02,263] {logging_mixin.py:104} INFO - [2021-03-02 07:13:02,263] {dag.py:2273} INFO - Setting next_dagrun for example_trigger_target_dag to None
[2021-03-02 07:13:02,267] {scheduler_job.py:190} INFO - Processing /media/thiagola92/LinuxHD/Documents/public/learning-apache-airflow/venv/lib/python3.7/site-packages/airflow/example_dags/example_trigger_target_dag.py took 0.037 seconds
[2021-03-02 07:13:32,901] {scheduler_job.py:182} INFO - Started process (PID=25447) to work on /media/thiagola92/LinuxHD/Documents/public/learning-apache-airflow/venv/lib/python3.7/site-packages/airflow/example_dags/example_trigger_target_dag.py
[2021-03-02 07:13:32,903] {scheduler_job.py:629} INFO - Processing file /media/thiagola92/LinuxHD/Documents/public/learning-apache-airflow/venv/lib/python3.7/site-packages/airflow/example_dags/example_trigger_target_dag.py for tasks to queue
[2021-03-02 07:13:32,905] {logging_mixin.py:104} INFO - [2021-03-02 07:13:32,904] {dagbag.py:448} INFO - Filling up the DagBag from /media/thiagola92/LinuxHD/Documents/public/learning-apache-airflow/venv/lib/python3.7/site-packages/airflow/example_dags/example_trigger_target_dag.py
[2021-03-02 07:13:32,924] {scheduler_job.py:639} INFO - DAG(s) dict_keys(['example_trigger_target_dag']) retrieved from /media/thiagola92/LinuxHD/Documents/public/learning-apache-airflow/venv/lib/python3.7/site-packages/airflow/example_dags/example_trigger_target_dag.py
[2021-03-02 07:13:32,936] {logging_mixin.py:104} INFO - [2021-03-02 07:13:32,936] {dag.py:1818} INFO - Sync 1 DAGs
[2021-03-02 07:13:32,943] {logging_mixin.py:104} INFO - [2021-03-02 07:13:32,943] {dag.py:2273} INFO - Setting next_dagrun for example_trigger_target_dag to None
[2021-03-02 07:13:32,947] {scheduler_job.py:190} INFO - Processing /media/thiagola92/LinuxHD/Documents/public/learning-apache-airflow/venv/lib/python3.7/site-packages/airflow/example_dags/example_trigger_target_dag.py took 0.052 seconds
[2021-03-02 07:14:24,804] {scheduler_job.py:182} INFO - Started process (PID=26132) to work on /media/thiagola92/LinuxHD/Documents/public/learning-apache-airflow/venv/lib/python3.7/site-packages/airflow/example_dags/example_trigger_target_dag.py
[2021-03-02 07:14:24,805] {scheduler_job.py:629} INFO - Processing file /media/thiagola92/LinuxHD/Documents/public/learning-apache-airflow/venv/lib/python3.7/site-packages/airflow/example_dags/example_trigger_target_dag.py for tasks to queue
[2021-03-02 07:14:24,806] {logging_mixin.py:104} INFO - [2021-03-02 07:14:24,806] {dagbag.py:448} INFO - Filling up the DagBag from /media/thiagola92/LinuxHD/Documents/public/learning-apache-airflow/venv/lib/python3.7/site-packages/airflow/example_dags/example_trigger_target_dag.py
[2021-03-02 07:14:24,815] {scheduler_job.py:639} INFO - DAG(s) dict_keys(['example_trigger_target_dag']) retrieved from /media/thiagola92/LinuxHD/Documents/public/learning-apache-airflow/venv/lib/python3.7/site-packages/airflow/example_dags/example_trigger_target_dag.py
[2021-03-02 07:14:24,835] {logging_mixin.py:104} INFO - [2021-03-02 07:14:24,835] {dag.py:1818} INFO - Sync 1 DAGs
[2021-03-02 07:14:24,843] {logging_mixin.py:104} INFO - [2021-03-02 07:14:24,843] {dag.py:2273} INFO - Setting next_dagrun for example_trigger_target_dag to None
[2021-03-02 07:14:24,849] {scheduler_job.py:190} INFO - Processing /media/thiagola92/LinuxHD/Documents/public/learning-apache-airflow/venv/lib/python3.7/site-packages/airflow/example_dags/example_trigger_target_dag.py took 0.048 seconds
[2021-03-02 07:14:55,134] {scheduler_job.py:182} INFO - Started process (PID=26540) to work on /media/thiagola92/LinuxHD/Documents/public/learning-apache-airflow/venv/lib/python3.7/site-packages/airflow/example_dags/example_trigger_target_dag.py
[2021-03-02 07:14:55,136] {scheduler_job.py:629} INFO - Processing file /media/thiagola92/LinuxHD/Documents/public/learning-apache-airflow/venv/lib/python3.7/site-packages/airflow/example_dags/example_trigger_target_dag.py for tasks to queue
[2021-03-02 07:14:55,137] {logging_mixin.py:104} INFO - [2021-03-02 07:14:55,137] {dagbag.py:448} INFO - Filling up the DagBag from /media/thiagola92/LinuxHD/Documents/public/learning-apache-airflow/venv/lib/python3.7/site-packages/airflow/example_dags/example_trigger_target_dag.py
[2021-03-02 07:14:55,148] {scheduler_job.py:639} INFO - DAG(s) dict_keys(['example_trigger_target_dag']) retrieved from /media/thiagola92/LinuxHD/Documents/public/learning-apache-airflow/venv/lib/python3.7/site-packages/airflow/example_dags/example_trigger_target_dag.py
[2021-03-02 07:14:55,158] {logging_mixin.py:104} INFO - [2021-03-02 07:14:55,158] {dag.py:1818} INFO - Sync 1 DAGs
[2021-03-02 07:14:55,165] {logging_mixin.py:104} INFO - [2021-03-02 07:14:55,165] {dag.py:2273} INFO - Setting next_dagrun for example_trigger_target_dag to None
[2021-03-02 07:14:55,169] {scheduler_job.py:190} INFO - Processing /media/thiagola92/LinuxHD/Documents/public/learning-apache-airflow/venv/lib/python3.7/site-packages/airflow/example_dags/example_trigger_target_dag.py took 0.040 seconds
[2021-03-02 07:15:26,080] {scheduler_job.py:182} INFO - Started process (PID=26947) to work on /media/thiagola92/LinuxHD/Documents/public/learning-apache-airflow/venv/lib/python3.7/site-packages/airflow/example_dags/example_trigger_target_dag.py
[2021-03-02 07:15:26,082] {scheduler_job.py:629} INFO - Processing file /media/thiagola92/LinuxHD/Documents/public/learning-apache-airflow/venv/lib/python3.7/site-packages/airflow/example_dags/example_trigger_target_dag.py for tasks to queue
[2021-03-02 07:15:26,084] {logging_mixin.py:104} INFO - [2021-03-02 07:15:26,083] {dagbag.py:448} INFO - Filling up the DagBag from /media/thiagola92/LinuxHD/Documents/public/learning-apache-airflow/venv/lib/python3.7/site-packages/airflow/example_dags/example_trigger_target_dag.py
[2021-03-02 07:15:26,097] {scheduler_job.py:639} INFO - DAG(s) dict_keys(['example_trigger_target_dag']) retrieved from /media/thiagola92/LinuxHD/Documents/public/learning-apache-airflow/venv/lib/python3.7/site-packages/airflow/example_dags/example_trigger_target_dag.py
[2021-03-02 07:15:26,108] {logging_mixin.py:104} INFO - [2021-03-02 07:15:26,108] {dag.py:1818} INFO - Sync 1 DAGs
[2021-03-02 07:15:26,115] {logging_mixin.py:104} INFO - [2021-03-02 07:15:26,115] {dag.py:2273} INFO - Setting next_dagrun for example_trigger_target_dag to None
[2021-03-02 07:15:26,119] {scheduler_job.py:190} INFO - Processing /media/thiagola92/LinuxHD/Documents/public/learning-apache-airflow/venv/lib/python3.7/site-packages/airflow/example_dags/example_trigger_target_dag.py took 0.045 seconds
[2021-03-02 07:15:56,347] {scheduler_job.py:182} INFO - Started process (PID=27385) to work on /media/thiagola92/LinuxHD/Documents/public/learning-apache-airflow/venv/lib/python3.7/site-packages/airflow/example_dags/example_trigger_target_dag.py
[2021-03-02 07:15:56,348] {scheduler_job.py:629} INFO - Processing file /media/thiagola92/LinuxHD/Documents/public/learning-apache-airflow/venv/lib/python3.7/site-packages/airflow/example_dags/example_trigger_target_dag.py for tasks to queue
[2021-03-02 07:15:56,348] {logging_mixin.py:104} INFO - [2021-03-02 07:15:56,348] {dagbag.py:448} INFO - Filling up the DagBag from /media/thiagola92/LinuxHD/Documents/public/learning-apache-airflow/venv/lib/python3.7/site-packages/airflow/example_dags/example_trigger_target_dag.py
[2021-03-02 07:15:56,357] {scheduler_job.py:639} INFO - DAG(s) dict_keys(['example_trigger_target_dag']) retrieved from /media/thiagola92/LinuxHD/Documents/public/learning-apache-airflow/venv/lib/python3.7/site-packages/airflow/example_dags/example_trigger_target_dag.py
[2021-03-02 07:15:56,366] {logging_mixin.py:104} INFO - [2021-03-02 07:15:56,366] {dag.py:1818} INFO - Sync 1 DAGs
[2021-03-02 07:15:56,373] {logging_mixin.py:104} INFO - [2021-03-02 07:15:56,373] {dag.py:2273} INFO - Setting next_dagrun for example_trigger_target_dag to None
[2021-03-02 07:15:56,377] {scheduler_job.py:190} INFO - Processing /media/thiagola92/LinuxHD/Documents/public/learning-apache-airflow/venv/lib/python3.7/site-packages/airflow/example_dags/example_trigger_target_dag.py took 0.033 seconds
[2021-03-02 07:16:26,618] {scheduler_job.py:182} INFO - Started process (PID=27768) to work on /media/thiagola92/LinuxHD/Documents/public/learning-apache-airflow/venv/lib/python3.7/site-packages/airflow/example_dags/example_trigger_target_dag.py
[2021-03-02 07:16:26,619] {scheduler_job.py:629} INFO - Processing file /media/thiagola92/LinuxHD/Documents/public/learning-apache-airflow/venv/lib/python3.7/site-packages/airflow/example_dags/example_trigger_target_dag.py for tasks to queue
[2021-03-02 07:16:26,620] {logging_mixin.py:104} INFO - [2021-03-02 07:16:26,619] {dagbag.py:448} INFO - Filling up the DagBag from /media/thiagola92/LinuxHD/Documents/public/learning-apache-airflow/venv/lib/python3.7/site-packages/airflow/example_dags/example_trigger_target_dag.py
[2021-03-02 07:16:26,632] {scheduler_job.py:639} INFO - DAG(s) dict_keys(['example_trigger_target_dag']) retrieved from /media/thiagola92/LinuxHD/Documents/public/learning-apache-airflow/venv/lib/python3.7/site-packages/airflow/example_dags/example_trigger_target_dag.py
[2021-03-02 07:16:26,645] {logging_mixin.py:104} INFO - [2021-03-02 07:16:26,645] {dag.py:1818} INFO - Sync 1 DAGs
[2021-03-02 07:16:26,653] {logging_mixin.py:104} INFO - [2021-03-02 07:16:26,652] {dag.py:2273} INFO - Setting next_dagrun for example_trigger_target_dag to None
[2021-03-02 07:16:26,657] {scheduler_job.py:190} INFO - Processing /media/thiagola92/LinuxHD/Documents/public/learning-apache-airflow/venv/lib/python3.7/site-packages/airflow/example_dags/example_trigger_target_dag.py took 0.043 seconds
[2021-03-02 07:16:56,907] {scheduler_job.py:182} INFO - Started process (PID=28153) to work on /media/thiagola92/LinuxHD/Documents/public/learning-apache-airflow/venv/lib/python3.7/site-packages/airflow/example_dags/example_trigger_target_dag.py
[2021-03-02 07:16:56,908] {scheduler_job.py:629} INFO - Processing file /media/thiagola92/LinuxHD/Documents/public/learning-apache-airflow/venv/lib/python3.7/site-packages/airflow/example_dags/example_trigger_target_dag.py for tasks to queue
[2021-03-02 07:16:56,909] {logging_mixin.py:104} INFO - [2021-03-02 07:16:56,909] {dagbag.py:448} INFO - Filling up the DagBag from /media/thiagola92/LinuxHD/Documents/public/learning-apache-airflow/venv/lib/python3.7/site-packages/airflow/example_dags/example_trigger_target_dag.py
[2021-03-02 07:16:56,923] {scheduler_job.py:639} INFO - DAG(s) dict_keys(['example_trigger_target_dag']) retrieved from /media/thiagola92/LinuxHD/Documents/public/learning-apache-airflow/venv/lib/python3.7/site-packages/airflow/example_dags/example_trigger_target_dag.py
[2021-03-02 07:16:56,940] {logging_mixin.py:104} INFO - [2021-03-02 07:16:56,940] {dag.py:1818} INFO - Sync 1 DAGs
[2021-03-02 07:16:56,954] {logging_mixin.py:104} INFO - [2021-03-02 07:16:56,953] {dag.py:2273} INFO - Setting next_dagrun for example_trigger_target_dag to None
[2021-03-02 07:16:56,962] {scheduler_job.py:190} INFO - Processing /media/thiagola92/LinuxHD/Documents/public/learning-apache-airflow/venv/lib/python3.7/site-packages/airflow/example_dags/example_trigger_target_dag.py took 0.058 seconds
[2021-03-02 07:17:27,185] {scheduler_job.py:182} INFO - Started process (PID=28602) to work on /media/thiagola92/LinuxHD/Documents/public/learning-apache-airflow/venv/lib/python3.7/site-packages/airflow/example_dags/example_trigger_target_dag.py
[2021-03-02 07:17:27,187] {scheduler_job.py:629} INFO - Processing file /media/thiagola92/LinuxHD/Documents/public/learning-apache-airflow/venv/lib/python3.7/site-packages/airflow/example_dags/example_trigger_target_dag.py for tasks to queue
[2021-03-02 07:17:27,188] {logging_mixin.py:104} INFO - [2021-03-02 07:17:27,188] {dagbag.py:448} INFO - Filling up the DagBag from /media/thiagola92/LinuxHD/Documents/public/learning-apache-airflow/venv/lib/python3.7/site-packages/airflow/example_dags/example_trigger_target_dag.py
[2021-03-02 07:17:27,207] {scheduler_job.py:639} INFO - DAG(s) dict_keys(['example_trigger_target_dag']) retrieved from /media/thiagola92/LinuxHD/Documents/public/learning-apache-airflow/venv/lib/python3.7/site-packages/airflow/example_dags/example_trigger_target_dag.py
[2021-03-02 07:17:27,218] {logging_mixin.py:104} INFO - [2021-03-02 07:17:27,218] {dag.py:1818} INFO - Sync 1 DAGs
[2021-03-02 07:17:27,225] {logging_mixin.py:104} INFO - [2021-03-02 07:17:27,225] {dag.py:2273} INFO - Setting next_dagrun for example_trigger_target_dag to None
[2021-03-02 07:17:27,229] {scheduler_job.py:190} INFO - Processing /media/thiagola92/LinuxHD/Documents/public/learning-apache-airflow/venv/lib/python3.7/site-packages/airflow/example_dags/example_trigger_target_dag.py took 0.051 seconds
[2021-03-02 07:18:03,299] {scheduler_job.py:182} INFO - Started process (PID=29096) to work on /media/thiagola92/LinuxHD/Documents/public/learning-apache-airflow/venv/lib/python3.7/site-packages/airflow/example_dags/example_trigger_target_dag.py
[2021-03-02 07:18:03,299] {scheduler_job.py:629} INFO - Processing file /media/thiagola92/LinuxHD/Documents/public/learning-apache-airflow/venv/lib/python3.7/site-packages/airflow/example_dags/example_trigger_target_dag.py for tasks to queue
[2021-03-02 07:18:03,300] {logging_mixin.py:104} INFO - [2021-03-02 07:18:03,300] {dagbag.py:448} INFO - Filling up the DagBag from /media/thiagola92/LinuxHD/Documents/public/learning-apache-airflow/venv/lib/python3.7/site-packages/airflow/example_dags/example_trigger_target_dag.py
[2021-03-02 07:18:03,306] {scheduler_job.py:639} INFO - DAG(s) dict_keys(['example_trigger_target_dag']) retrieved from /media/thiagola92/LinuxHD/Documents/public/learning-apache-airflow/venv/lib/python3.7/site-packages/airflow/example_dags/example_trigger_target_dag.py
[2021-03-02 07:18:03,313] {logging_mixin.py:104} INFO - [2021-03-02 07:18:03,313] {dag.py:1818} INFO - Sync 1 DAGs
[2021-03-02 07:18:03,320] {logging_mixin.py:104} INFO - [2021-03-02 07:18:03,320] {dag.py:2273} INFO - Setting next_dagrun for example_trigger_target_dag to None
[2021-03-02 07:18:03,325] {scheduler_job.py:190} INFO - Processing /media/thiagola92/LinuxHD/Documents/public/learning-apache-airflow/venv/lib/python3.7/site-packages/airflow/example_dags/example_trigger_target_dag.py took 0.028 seconds
[2021-03-02 07:21:52,177] {scheduler_job.py:182} INFO - Started process (PID=32016) to work on /media/thiagola92/LinuxHD/Documents/public/learning-apache-airflow/venv/lib/python3.7/site-packages/airflow/example_dags/example_trigger_target_dag.py
[2021-03-02 07:21:52,178] {scheduler_job.py:629} INFO - Processing file /media/thiagola92/LinuxHD/Documents/public/learning-apache-airflow/venv/lib/python3.7/site-packages/airflow/example_dags/example_trigger_target_dag.py for tasks to queue
[2021-03-02 07:21:52,179] {logging_mixin.py:104} INFO - [2021-03-02 07:21:52,179] {dagbag.py:448} INFO - Filling up the DagBag from /media/thiagola92/LinuxHD/Documents/public/learning-apache-airflow/venv/lib/python3.7/site-packages/airflow/example_dags/example_trigger_target_dag.py
[2021-03-02 07:21:52,193] {scheduler_job.py:639} INFO - DAG(s) dict_keys(['example_trigger_target_dag']) retrieved from /media/thiagola92/LinuxHD/Documents/public/learning-apache-airflow/venv/lib/python3.7/site-packages/airflow/example_dags/example_trigger_target_dag.py
[2021-03-02 07:21:52,205] {logging_mixin.py:104} INFO - [2021-03-02 07:21:52,205] {dag.py:1818} INFO - Sync 1 DAGs
[2021-03-02 07:21:52,213] {logging_mixin.py:104} INFO - [2021-03-02 07:21:52,213] {dag.py:2273} INFO - Setting next_dagrun for example_trigger_target_dag to None
[2021-03-02 07:21:52,217] {scheduler_job.py:190} INFO - Processing /media/thiagola92/LinuxHD/Documents/public/learning-apache-airflow/venv/lib/python3.7/site-packages/airflow/example_dags/example_trigger_target_dag.py took 0.045 seconds
[2021-03-02 07:22:22,842] {scheduler_job.py:182} INFO - Started process (PID=32416) to work on /media/thiagola92/LinuxHD/Documents/public/learning-apache-airflow/venv/lib/python3.7/site-packages/airflow/example_dags/example_trigger_target_dag.py
[2021-03-02 07:22:22,844] {scheduler_job.py:629} INFO - Processing file /media/thiagola92/LinuxHD/Documents/public/learning-apache-airflow/venv/lib/python3.7/site-packages/airflow/example_dags/example_trigger_target_dag.py for tasks to queue
[2021-03-02 07:22:22,844] {logging_mixin.py:104} INFO - [2021-03-02 07:22:22,844] {dagbag.py:448} INFO - Filling up the DagBag from /media/thiagola92/LinuxHD/Documents/public/learning-apache-airflow/venv/lib/python3.7/site-packages/airflow/example_dags/example_trigger_target_dag.py
[2021-03-02 07:22:22,856] {scheduler_job.py:639} INFO - DAG(s) dict_keys(['example_trigger_target_dag']) retrieved from /media/thiagola92/LinuxHD/Documents/public/learning-apache-airflow/venv/lib/python3.7/site-packages/airflow/example_dags/example_trigger_target_dag.py
[2021-03-02 07:22:22,866] {logging_mixin.py:104} INFO - [2021-03-02 07:22:22,866] {dag.py:1818} INFO - Sync 1 DAGs
[2021-03-02 07:22:22,872] {logging_mixin.py:104} INFO - [2021-03-02 07:22:22,872] {dag.py:2273} INFO - Setting next_dagrun for example_trigger_target_dag to None
[2021-03-02 07:22:22,876] {scheduler_job.py:190} INFO - Processing /media/thiagola92/LinuxHD/Documents/public/learning-apache-airflow/venv/lib/python3.7/site-packages/airflow/example_dags/example_trigger_target_dag.py took 0.039 seconds
[2021-03-02 07:22:53,007] {scheduler_job.py:182} INFO - Started process (PID=32850) to work on /media/thiagola92/LinuxHD/Documents/public/learning-apache-airflow/venv/lib/python3.7/site-packages/airflow/example_dags/example_trigger_target_dag.py
[2021-03-02 07:22:53,008] {scheduler_job.py:629} INFO - Processing file /media/thiagola92/LinuxHD/Documents/public/learning-apache-airflow/venv/lib/python3.7/site-packages/airflow/example_dags/example_trigger_target_dag.py for tasks to queue
[2021-03-02 07:22:53,008] {logging_mixin.py:104} INFO - [2021-03-02 07:22:53,008] {dagbag.py:448} INFO - Filling up the DagBag from /media/thiagola92/LinuxHD/Documents/public/learning-apache-airflow/venv/lib/python3.7/site-packages/airflow/example_dags/example_trigger_target_dag.py
[2021-03-02 07:22:53,015] {scheduler_job.py:639} INFO - DAG(s) dict_keys(['example_trigger_target_dag']) retrieved from /media/thiagola92/LinuxHD/Documents/public/learning-apache-airflow/venv/lib/python3.7/site-packages/airflow/example_dags/example_trigger_target_dag.py
[2021-03-02 07:22:53,023] {logging_mixin.py:104} INFO - [2021-03-02 07:22:53,023] {dag.py:1818} INFO - Sync 1 DAGs
[2021-03-02 07:22:53,029] {logging_mixin.py:104} INFO - [2021-03-02 07:22:53,029] {dag.py:2273} INFO - Setting next_dagrun for example_trigger_target_dag to None
[2021-03-02 07:22:53,034] {scheduler_job.py:190} INFO - Processing /media/thiagola92/LinuxHD/Documents/public/learning-apache-airflow/venv/lib/python3.7/site-packages/airflow/example_dags/example_trigger_target_dag.py took 0.029 seconds
[2021-03-02 07:23:23,973] {scheduler_job.py:182} INFO - Started process (PID=33345) to work on /media/thiagola92/LinuxHD/Documents/public/learning-apache-airflow/venv/lib/python3.7/site-packages/airflow/example_dags/example_trigger_target_dag.py
[2021-03-02 07:23:23,974] {scheduler_job.py:629} INFO - Processing file /media/thiagola92/LinuxHD/Documents/public/learning-apache-airflow/venv/lib/python3.7/site-packages/airflow/example_dags/example_trigger_target_dag.py for tasks to queue
[2021-03-02 07:23:23,975] {logging_mixin.py:104} INFO - [2021-03-02 07:23:23,974] {dagbag.py:448} INFO - Filling up the DagBag from /media/thiagola92/LinuxHD/Documents/public/learning-apache-airflow/venv/lib/python3.7/site-packages/airflow/example_dags/example_trigger_target_dag.py
[2021-03-02 07:23:23,985] {scheduler_job.py:639} INFO - DAG(s) dict_keys(['example_trigger_target_dag']) retrieved from /media/thiagola92/LinuxHD/Documents/public/learning-apache-airflow/venv/lib/python3.7/site-packages/airflow/example_dags/example_trigger_target_dag.py
[2021-03-02 07:23:23,997] {logging_mixin.py:104} INFO - [2021-03-02 07:23:23,997] {dag.py:1818} INFO - Sync 1 DAGs
[2021-03-02 07:23:24,003] {logging_mixin.py:104} INFO - [2021-03-02 07:23:24,003] {dag.py:2273} INFO - Setting next_dagrun for example_trigger_target_dag to None
[2021-03-02 07:23:24,007] {scheduler_job.py:190} INFO - Processing /media/thiagola92/LinuxHD/Documents/public/learning-apache-airflow/venv/lib/python3.7/site-packages/airflow/example_dags/example_trigger_target_dag.py took 0.037 seconds
