[2021-03-02 07:11:50,940] {scheduler_job.py:182} INFO - Started process (PID=23730) to work on /media/thiagola92/LinuxHD/Documents/public/learning-apache-airflow/venv/lib/python3.7/site-packages/airflow/example_dags/tutorial.py
[2021-03-02 07:11:50,941] {scheduler_job.py:629} INFO - Processing file /media/thiagola92/LinuxHD/Documents/public/learning-apache-airflow/venv/lib/python3.7/site-packages/airflow/example_dags/tutorial.py for tasks to queue
[2021-03-02 07:11:50,942] {logging_mixin.py:104} INFO - [2021-03-02 07:11:50,942] {dagbag.py:448} INFO - Filling up the DagBag from /media/thiagola92/LinuxHD/Documents/public/learning-apache-airflow/venv/lib/python3.7/site-packages/airflow/example_dags/tutorial.py
[2021-03-02 07:11:50,949] {scheduler_job.py:639} INFO - DAG(s) dict_keys(['tutorial']) retrieved from /media/thiagola92/LinuxHD/Documents/public/learning-apache-airflow/venv/lib/python3.7/site-packages/airflow/example_dags/tutorial.py
[2021-03-02 07:11:50,959] {logging_mixin.py:104} INFO - [2021-03-02 07:11:50,959] {dag.py:1818} INFO - Sync 1 DAGs
[2021-03-02 07:11:50,965] {logging_mixin.py:104} INFO - [2021-03-02 07:11:50,965] {dag.py:2273} INFO - Setting next_dagrun for tutorial to 2021-02-28 00:00:00+00:00
[2021-03-02 07:11:51,041] {scheduler_job.py:190} INFO - Processing /media/thiagola92/LinuxHD/Documents/public/learning-apache-airflow/venv/lib/python3.7/site-packages/airflow/example_dags/tutorial.py took 0.104 seconds
[2021-03-02 07:12:21,179] {scheduler_job.py:182} INFO - Started process (PID=24171) to work on /media/thiagola92/LinuxHD/Documents/public/learning-apache-airflow/venv/lib/python3.7/site-packages/airflow/example_dags/tutorial.py
[2021-03-02 07:12:21,182] {scheduler_job.py:629} INFO - Processing file /media/thiagola92/LinuxHD/Documents/public/learning-apache-airflow/venv/lib/python3.7/site-packages/airflow/example_dags/tutorial.py for tasks to queue
[2021-03-02 07:12:21,183] {logging_mixin.py:104} INFO - [2021-03-02 07:12:21,183] {dagbag.py:448} INFO - Filling up the DagBag from /media/thiagola92/LinuxHD/Documents/public/learning-apache-airflow/venv/lib/python3.7/site-packages/airflow/example_dags/tutorial.py
[2021-03-02 07:12:21,195] {scheduler_job.py:639} INFO - DAG(s) dict_keys(['tutorial']) retrieved from /media/thiagola92/LinuxHD/Documents/public/learning-apache-airflow/venv/lib/python3.7/site-packages/airflow/example_dags/tutorial.py
[2021-03-02 07:12:21,206] {logging_mixin.py:104} INFO - [2021-03-02 07:12:21,206] {dag.py:1818} INFO - Sync 1 DAGs
[2021-03-02 07:12:21,213] {logging_mixin.py:104} INFO - [2021-03-02 07:12:21,213] {dag.py:2273} INFO - Setting next_dagrun for tutorial to 2021-02-28 00:00:00+00:00
[2021-03-02 07:12:21,217] {scheduler_job.py:190} INFO - Processing /media/thiagola92/LinuxHD/Documents/public/learning-apache-airflow/venv/lib/python3.7/site-packages/airflow/example_dags/tutorial.py took 0.045 seconds
[2021-03-02 07:12:51,781] {scheduler_job.py:182} INFO - Started process (PID=24852) to work on /media/thiagola92/LinuxHD/Documents/public/learning-apache-airflow/venv/lib/python3.7/site-packages/airflow/example_dags/tutorial.py
[2021-03-02 07:12:51,783] {scheduler_job.py:629} INFO - Processing file /media/thiagola92/LinuxHD/Documents/public/learning-apache-airflow/venv/lib/python3.7/site-packages/airflow/example_dags/tutorial.py for tasks to queue
[2021-03-02 07:12:51,784] {logging_mixin.py:104} INFO - [2021-03-02 07:12:51,784] {dagbag.py:448} INFO - Filling up the DagBag from /media/thiagola92/LinuxHD/Documents/public/learning-apache-airflow/venv/lib/python3.7/site-packages/airflow/example_dags/tutorial.py
[2021-03-02 07:12:51,803] {scheduler_job.py:639} INFO - DAG(s) dict_keys(['tutorial']) retrieved from /media/thiagola92/LinuxHD/Documents/public/learning-apache-airflow/venv/lib/python3.7/site-packages/airflow/example_dags/tutorial.py
[2021-03-02 07:12:51,817] {logging_mixin.py:104} INFO - [2021-03-02 07:12:51,817] {dag.py:1818} INFO - Sync 1 DAGs
[2021-03-02 07:12:51,825] {logging_mixin.py:104} INFO - [2021-03-02 07:12:51,825] {dag.py:2273} INFO - Setting next_dagrun for tutorial to 2021-02-28 00:00:00+00:00
[2021-03-02 07:12:51,829] {scheduler_job.py:190} INFO - Processing /media/thiagola92/LinuxHD/Documents/public/learning-apache-airflow/venv/lib/python3.7/site-packages/airflow/example_dags/tutorial.py took 0.054 seconds
[2021-03-02 07:13:23,010] {scheduler_job.py:182} INFO - Started process (PID=25311) to work on /media/thiagola92/LinuxHD/Documents/public/learning-apache-airflow/venv/lib/python3.7/site-packages/airflow/example_dags/tutorial.py
[2021-03-02 07:13:23,011] {scheduler_job.py:629} INFO - Processing file /media/thiagola92/LinuxHD/Documents/public/learning-apache-airflow/venv/lib/python3.7/site-packages/airflow/example_dags/tutorial.py for tasks to queue
[2021-03-02 07:13:23,012] {logging_mixin.py:104} INFO - [2021-03-02 07:13:23,012] {dagbag.py:448} INFO - Filling up the DagBag from /media/thiagola92/LinuxHD/Documents/public/learning-apache-airflow/venv/lib/python3.7/site-packages/airflow/example_dags/tutorial.py
[2021-03-02 07:13:23,023] {scheduler_job.py:639} INFO - DAG(s) dict_keys(['tutorial']) retrieved from /media/thiagola92/LinuxHD/Documents/public/learning-apache-airflow/venv/lib/python3.7/site-packages/airflow/example_dags/tutorial.py
[2021-03-02 07:13:23,037] {logging_mixin.py:104} INFO - [2021-03-02 07:13:23,037] {dag.py:1818} INFO - Sync 1 DAGs
[2021-03-02 07:13:23,044] {logging_mixin.py:104} INFO - [2021-03-02 07:13:23,044] {dag.py:2273} INFO - Setting next_dagrun for tutorial to 2021-02-28 00:00:00+00:00
[2021-03-02 07:13:23,049] {scheduler_job.py:190} INFO - Processing /media/thiagola92/LinuxHD/Documents/public/learning-apache-airflow/venv/lib/python3.7/site-packages/airflow/example_dags/tutorial.py took 0.042 seconds
[2021-03-02 07:14:11,551] {scheduler_job.py:182} INFO - Started process (PID=25965) to work on /media/thiagola92/LinuxHD/Documents/public/learning-apache-airflow/venv/lib/python3.7/site-packages/airflow/example_dags/tutorial.py
[2021-03-02 07:14:11,553] {scheduler_job.py:629} INFO - Processing file /media/thiagola92/LinuxHD/Documents/public/learning-apache-airflow/venv/lib/python3.7/site-packages/airflow/example_dags/tutorial.py for tasks to queue
[2021-03-02 07:14:11,555] {logging_mixin.py:104} INFO - [2021-03-02 07:14:11,554] {dagbag.py:448} INFO - Filling up the DagBag from /media/thiagola92/LinuxHD/Documents/public/learning-apache-airflow/venv/lib/python3.7/site-packages/airflow/example_dags/tutorial.py
[2021-03-02 07:14:11,576] {scheduler_job.py:639} INFO - DAG(s) dict_keys(['tutorial']) retrieved from /media/thiagola92/LinuxHD/Documents/public/learning-apache-airflow/venv/lib/python3.7/site-packages/airflow/example_dags/tutorial.py
[2021-03-02 07:14:11,593] {logging_mixin.py:104} INFO - [2021-03-02 07:14:11,592] {dag.py:1818} INFO - Sync 1 DAGs
[2021-03-02 07:14:11,602] {logging_mixin.py:104} INFO - [2021-03-02 07:14:11,602] {dag.py:2273} INFO - Setting next_dagrun for tutorial to 2021-02-28 00:00:00+00:00
[2021-03-02 07:14:11,609] {scheduler_job.py:190} INFO - Processing /media/thiagola92/LinuxHD/Documents/public/learning-apache-airflow/venv/lib/python3.7/site-packages/airflow/example_dags/tutorial.py took 0.065 seconds
[2021-03-02 07:14:41,710] {scheduler_job.py:182} INFO - Started process (PID=26376) to work on /media/thiagola92/LinuxHD/Documents/public/learning-apache-airflow/venv/lib/python3.7/site-packages/airflow/example_dags/tutorial.py
[2021-03-02 07:14:41,714] {scheduler_job.py:629} INFO - Processing file /media/thiagola92/LinuxHD/Documents/public/learning-apache-airflow/venv/lib/python3.7/site-packages/airflow/example_dags/tutorial.py for tasks to queue
[2021-03-02 07:14:41,715] {logging_mixin.py:104} INFO - [2021-03-02 07:14:41,715] {dagbag.py:448} INFO - Filling up the DagBag from /media/thiagola92/LinuxHD/Documents/public/learning-apache-airflow/venv/lib/python3.7/site-packages/airflow/example_dags/tutorial.py
[2021-03-02 07:14:41,728] {scheduler_job.py:639} INFO - DAG(s) dict_keys(['tutorial']) retrieved from /media/thiagola92/LinuxHD/Documents/public/learning-apache-airflow/venv/lib/python3.7/site-packages/airflow/example_dags/tutorial.py
[2021-03-02 07:14:41,739] {logging_mixin.py:104} INFO - [2021-03-02 07:14:41,739] {dag.py:1818} INFO - Sync 1 DAGs
[2021-03-02 07:14:41,746] {logging_mixin.py:104} INFO - [2021-03-02 07:14:41,746] {dag.py:2273} INFO - Setting next_dagrun for tutorial to 2021-02-28 00:00:00+00:00
[2021-03-02 07:14:41,751] {scheduler_job.py:190} INFO - Processing /media/thiagola92/LinuxHD/Documents/public/learning-apache-airflow/venv/lib/python3.7/site-packages/airflow/example_dags/tutorial.py took 0.047 seconds
[2021-03-02 07:15:12,068] {scheduler_job.py:182} INFO - Started process (PID=26769) to work on /media/thiagola92/LinuxHD/Documents/public/learning-apache-airflow/venv/lib/python3.7/site-packages/airflow/example_dags/tutorial.py
[2021-03-02 07:15:12,069] {scheduler_job.py:629} INFO - Processing file /media/thiagola92/LinuxHD/Documents/public/learning-apache-airflow/venv/lib/python3.7/site-packages/airflow/example_dags/tutorial.py for tasks to queue
[2021-03-02 07:15:12,070] {logging_mixin.py:104} INFO - [2021-03-02 07:15:12,070] {dagbag.py:448} INFO - Filling up the DagBag from /media/thiagola92/LinuxHD/Documents/public/learning-apache-airflow/venv/lib/python3.7/site-packages/airflow/example_dags/tutorial.py
[2021-03-02 07:15:12,077] {scheduler_job.py:639} INFO - DAG(s) dict_keys(['tutorial']) retrieved from /media/thiagola92/LinuxHD/Documents/public/learning-apache-airflow/venv/lib/python3.7/site-packages/airflow/example_dags/tutorial.py
[2021-03-02 07:15:12,086] {logging_mixin.py:104} INFO - [2021-03-02 07:15:12,086] {dag.py:1818} INFO - Sync 1 DAGs
[2021-03-02 07:15:12,092] {logging_mixin.py:104} INFO - [2021-03-02 07:15:12,092] {dag.py:2273} INFO - Setting next_dagrun for tutorial to 2021-02-28 00:00:00+00:00
[2021-03-02 07:15:12,097] {scheduler_job.py:190} INFO - Processing /media/thiagola92/LinuxHD/Documents/public/learning-apache-airflow/venv/lib/python3.7/site-packages/airflow/example_dags/tutorial.py took 0.031 seconds
[2021-03-02 07:15:42,261] {scheduler_job.py:182} INFO - Started process (PID=27195) to work on /media/thiagola92/LinuxHD/Documents/public/learning-apache-airflow/venv/lib/python3.7/site-packages/airflow/example_dags/tutorial.py
[2021-03-02 07:15:42,262] {scheduler_job.py:629} INFO - Processing file /media/thiagola92/LinuxHD/Documents/public/learning-apache-airflow/venv/lib/python3.7/site-packages/airflow/example_dags/tutorial.py for tasks to queue
[2021-03-02 07:15:42,262] {logging_mixin.py:104} INFO - [2021-03-02 07:15:42,262] {dagbag.py:448} INFO - Filling up the DagBag from /media/thiagola92/LinuxHD/Documents/public/learning-apache-airflow/venv/lib/python3.7/site-packages/airflow/example_dags/tutorial.py
[2021-03-02 07:15:42,268] {scheduler_job.py:639} INFO - DAG(s) dict_keys(['tutorial']) retrieved from /media/thiagola92/LinuxHD/Documents/public/learning-apache-airflow/venv/lib/python3.7/site-packages/airflow/example_dags/tutorial.py
[2021-03-02 07:15:42,276] {logging_mixin.py:104} INFO - [2021-03-02 07:15:42,276] {dag.py:1818} INFO - Sync 1 DAGs
[2021-03-02 07:15:42,283] {logging_mixin.py:104} INFO - [2021-03-02 07:15:42,283] {dag.py:2273} INFO - Setting next_dagrun for tutorial to 2021-02-28 00:00:00+00:00
[2021-03-02 07:15:42,287] {scheduler_job.py:190} INFO - Processing /media/thiagola92/LinuxHD/Documents/public/learning-apache-airflow/venv/lib/python3.7/site-packages/airflow/example_dags/tutorial.py took 0.027 seconds
[2021-03-02 07:16:12,627] {scheduler_job.py:182} INFO - Started process (PID=27589) to work on /media/thiagola92/LinuxHD/Documents/public/learning-apache-airflow/venv/lib/python3.7/site-packages/airflow/example_dags/tutorial.py
[2021-03-02 07:16:12,630] {scheduler_job.py:629} INFO - Processing file /media/thiagola92/LinuxHD/Documents/public/learning-apache-airflow/venv/lib/python3.7/site-packages/airflow/example_dags/tutorial.py for tasks to queue
[2021-03-02 07:16:12,631] {logging_mixin.py:104} INFO - [2021-03-02 07:16:12,631] {dagbag.py:448} INFO - Filling up the DagBag from /media/thiagola92/LinuxHD/Documents/public/learning-apache-airflow/venv/lib/python3.7/site-packages/airflow/example_dags/tutorial.py
[2021-03-02 07:16:12,644] {scheduler_job.py:639} INFO - DAG(s) dict_keys(['tutorial']) retrieved from /media/thiagola92/LinuxHD/Documents/public/learning-apache-airflow/venv/lib/python3.7/site-packages/airflow/example_dags/tutorial.py
[2021-03-02 07:16:12,654] {logging_mixin.py:104} INFO - [2021-03-02 07:16:12,654] {dag.py:1818} INFO - Sync 1 DAGs
[2021-03-02 07:16:12,661] {logging_mixin.py:104} INFO - [2021-03-02 07:16:12,661] {dag.py:2273} INFO - Setting next_dagrun for tutorial to 2021-02-28 00:00:00+00:00
[2021-03-02 07:16:12,665] {scheduler_job.py:190} INFO - Processing /media/thiagola92/LinuxHD/Documents/public/learning-apache-airflow/venv/lib/python3.7/site-packages/airflow/example_dags/tutorial.py took 0.044 seconds
[2021-03-02 07:16:42,900] {scheduler_job.py:182} INFO - Started process (PID=27979) to work on /media/thiagola92/LinuxHD/Documents/public/learning-apache-airflow/venv/lib/python3.7/site-packages/airflow/example_dags/tutorial.py
[2021-03-02 07:16:42,900] {scheduler_job.py:629} INFO - Processing file /media/thiagola92/LinuxHD/Documents/public/learning-apache-airflow/venv/lib/python3.7/site-packages/airflow/example_dags/tutorial.py for tasks to queue
[2021-03-02 07:16:42,901] {logging_mixin.py:104} INFO - [2021-03-02 07:16:42,901] {dagbag.py:448} INFO - Filling up the DagBag from /media/thiagola92/LinuxHD/Documents/public/learning-apache-airflow/venv/lib/python3.7/site-packages/airflow/example_dags/tutorial.py
[2021-03-02 07:16:42,906] {scheduler_job.py:639} INFO - DAG(s) dict_keys(['tutorial']) retrieved from /media/thiagola92/LinuxHD/Documents/public/learning-apache-airflow/venv/lib/python3.7/site-packages/airflow/example_dags/tutorial.py
[2021-03-02 07:16:42,912] {logging_mixin.py:104} INFO - [2021-03-02 07:16:42,912] {dag.py:1818} INFO - Sync 1 DAGs
[2021-03-02 07:16:42,918] {logging_mixin.py:104} INFO - [2021-03-02 07:16:42,918] {dag.py:2273} INFO - Setting next_dagrun for tutorial to 2021-02-28 00:00:00+00:00
[2021-03-02 07:16:42,922] {scheduler_job.py:190} INFO - Processing /media/thiagola92/LinuxHD/Documents/public/learning-apache-airflow/venv/lib/python3.7/site-packages/airflow/example_dags/tutorial.py took 0.024 seconds
[2021-03-02 07:17:13,185] {scheduler_job.py:182} INFO - Started process (PID=28413) to work on /media/thiagola92/LinuxHD/Documents/public/learning-apache-airflow/venv/lib/python3.7/site-packages/airflow/example_dags/tutorial.py
[2021-03-02 07:17:13,188] {scheduler_job.py:629} INFO - Processing file /media/thiagola92/LinuxHD/Documents/public/learning-apache-airflow/venv/lib/python3.7/site-packages/airflow/example_dags/tutorial.py for tasks to queue
[2021-03-02 07:17:13,189] {logging_mixin.py:104} INFO - [2021-03-02 07:17:13,189] {dagbag.py:448} INFO - Filling up the DagBag from /media/thiagola92/LinuxHD/Documents/public/learning-apache-airflow/venv/lib/python3.7/site-packages/airflow/example_dags/tutorial.py
[2021-03-02 07:17:13,208] {scheduler_job.py:639} INFO - DAG(s) dict_keys(['tutorial']) retrieved from /media/thiagola92/LinuxHD/Documents/public/learning-apache-airflow/venv/lib/python3.7/site-packages/airflow/example_dags/tutorial.py
[2021-03-02 07:17:13,221] {logging_mixin.py:104} INFO - [2021-03-02 07:17:13,220] {dag.py:1818} INFO - Sync 1 DAGs
[2021-03-02 07:17:13,228] {logging_mixin.py:104} INFO - [2021-03-02 07:17:13,228] {dag.py:2273} INFO - Setting next_dagrun for tutorial to 2021-02-28 00:00:00+00:00
[2021-03-02 07:17:13,232] {scheduler_job.py:190} INFO - Processing /media/thiagola92/LinuxHD/Documents/public/learning-apache-airflow/venv/lib/python3.7/site-packages/airflow/example_dags/tutorial.py took 0.054 seconds
[2021-03-02 07:17:53,039] {scheduler_job.py:182} INFO - Started process (PID=28950) to work on /media/thiagola92/LinuxHD/Documents/public/learning-apache-airflow/venv/lib/python3.7/site-packages/airflow/example_dags/tutorial.py
[2021-03-02 07:17:53,040] {scheduler_job.py:629} INFO - Processing file /media/thiagola92/LinuxHD/Documents/public/learning-apache-airflow/venv/lib/python3.7/site-packages/airflow/example_dags/tutorial.py for tasks to queue
[2021-03-02 07:17:53,041] {logging_mixin.py:104} INFO - [2021-03-02 07:17:53,041] {dagbag.py:448} INFO - Filling up the DagBag from /media/thiagola92/LinuxHD/Documents/public/learning-apache-airflow/venv/lib/python3.7/site-packages/airflow/example_dags/tutorial.py
[2021-03-02 07:17:53,049] {scheduler_job.py:639} INFO - DAG(s) dict_keys(['tutorial']) retrieved from /media/thiagola92/LinuxHD/Documents/public/learning-apache-airflow/venv/lib/python3.7/site-packages/airflow/example_dags/tutorial.py
[2021-03-02 07:17:53,060] {logging_mixin.py:104} INFO - [2021-03-02 07:17:53,060] {dag.py:1818} INFO - Sync 1 DAGs
[2021-03-02 07:17:53,069] {logging_mixin.py:104} INFO - [2021-03-02 07:17:53,069] {dag.py:2273} INFO - Setting next_dagrun for tutorial to 2021-02-28 00:00:00+00:00
[2021-03-02 07:17:53,075] {scheduler_job.py:190} INFO - Processing /media/thiagola92/LinuxHD/Documents/public/learning-apache-airflow/venv/lib/python3.7/site-packages/airflow/example_dags/tutorial.py took 0.038 seconds
[2021-03-02 07:22:00,275] {scheduler_job.py:182} INFO - Started process (PID=32122) to work on /media/thiagola92/LinuxHD/Documents/public/learning-apache-airflow/venv/lib/python3.7/site-packages/airflow/example_dags/tutorial.py
[2021-03-02 07:22:00,277] {scheduler_job.py:629} INFO - Processing file /media/thiagola92/LinuxHD/Documents/public/learning-apache-airflow/venv/lib/python3.7/site-packages/airflow/example_dags/tutorial.py for tasks to queue
[2021-03-02 07:22:00,278] {logging_mixin.py:104} INFO - [2021-03-02 07:22:00,278] {dagbag.py:448} INFO - Filling up the DagBag from /media/thiagola92/LinuxHD/Documents/public/learning-apache-airflow/venv/lib/python3.7/site-packages/airflow/example_dags/tutorial.py
[2021-03-02 07:22:00,290] {scheduler_job.py:639} INFO - DAG(s) dict_keys(['tutorial']) retrieved from /media/thiagola92/LinuxHD/Documents/public/learning-apache-airflow/venv/lib/python3.7/site-packages/airflow/example_dags/tutorial.py
[2021-03-02 07:22:00,301] {logging_mixin.py:104} INFO - [2021-03-02 07:22:00,301] {dag.py:1818} INFO - Sync 1 DAGs
[2021-03-02 07:22:00,308] {logging_mixin.py:104} INFO - [2021-03-02 07:22:00,307] {dag.py:2273} INFO - Setting next_dagrun for tutorial to 2021-02-28 00:00:00+00:00
[2021-03-02 07:22:00,311] {scheduler_job.py:190} INFO - Processing /media/thiagola92/LinuxHD/Documents/public/learning-apache-airflow/venv/lib/python3.7/site-packages/airflow/example_dags/tutorial.py took 0.043 seconds
[2021-03-02 07:22:31,453] {scheduler_job.py:182} INFO - Started process (PID=32549) to work on /media/thiagola92/LinuxHD/Documents/public/learning-apache-airflow/venv/lib/python3.7/site-packages/airflow/example_dags/tutorial.py
[2021-03-02 07:22:31,455] {scheduler_job.py:629} INFO - Processing file /media/thiagola92/LinuxHD/Documents/public/learning-apache-airflow/venv/lib/python3.7/site-packages/airflow/example_dags/tutorial.py for tasks to queue
[2021-03-02 07:22:31,456] {logging_mixin.py:104} INFO - [2021-03-02 07:22:31,456] {dagbag.py:448} INFO - Filling up the DagBag from /media/thiagola92/LinuxHD/Documents/public/learning-apache-airflow/venv/lib/python3.7/site-packages/airflow/example_dags/tutorial.py
[2021-03-02 07:22:31,470] {scheduler_job.py:639} INFO - DAG(s) dict_keys(['tutorial']) retrieved from /media/thiagola92/LinuxHD/Documents/public/learning-apache-airflow/venv/lib/python3.7/site-packages/airflow/example_dags/tutorial.py
[2021-03-02 07:22:31,485] {logging_mixin.py:104} INFO - [2021-03-02 07:22:31,485] {dag.py:1818} INFO - Sync 1 DAGs
[2021-03-02 07:22:31,494] {logging_mixin.py:104} INFO - [2021-03-02 07:22:31,493] {dag.py:2273} INFO - Setting next_dagrun for tutorial to 2021-02-28 00:00:00+00:00
[2021-03-02 07:22:31,498] {scheduler_job.py:190} INFO - Processing /media/thiagola92/LinuxHD/Documents/public/learning-apache-airflow/venv/lib/python3.7/site-packages/airflow/example_dags/tutorial.py took 0.049 seconds
[2021-03-02 07:23:01,768] {scheduler_job.py:182} INFO - Started process (PID=32975) to work on /media/thiagola92/LinuxHD/Documents/public/learning-apache-airflow/venv/lib/python3.7/site-packages/airflow/example_dags/tutorial.py
[2021-03-02 07:23:01,770] {scheduler_job.py:629} INFO - Processing file /media/thiagola92/LinuxHD/Documents/public/learning-apache-airflow/venv/lib/python3.7/site-packages/airflow/example_dags/tutorial.py for tasks to queue
[2021-03-02 07:23:01,771] {logging_mixin.py:104} INFO - [2021-03-02 07:23:01,771] {dagbag.py:448} INFO - Filling up the DagBag from /media/thiagola92/LinuxHD/Documents/public/learning-apache-airflow/venv/lib/python3.7/site-packages/airflow/example_dags/tutorial.py
[2021-03-02 07:23:01,780] {scheduler_job.py:639} INFO - DAG(s) dict_keys(['tutorial']) retrieved from /media/thiagola92/LinuxHD/Documents/public/learning-apache-airflow/venv/lib/python3.7/site-packages/airflow/example_dags/tutorial.py
[2021-03-02 07:23:01,791] {logging_mixin.py:104} INFO - [2021-03-02 07:23:01,791] {dag.py:1818} INFO - Sync 1 DAGs
[2021-03-02 07:23:01,799] {logging_mixin.py:104} INFO - [2021-03-02 07:23:01,799] {dag.py:2273} INFO - Setting next_dagrun for tutorial to 2021-02-28 00:00:00+00:00
[2021-03-02 07:23:01,803] {scheduler_job.py:190} INFO - Processing /media/thiagola92/LinuxHD/Documents/public/learning-apache-airflow/venv/lib/python3.7/site-packages/airflow/example_dags/tutorial.py took 0.039 seconds
[2021-03-02 07:23:32,040] {scheduler_job.py:182} INFO - Started process (PID=33469) to work on /media/thiagola92/LinuxHD/Documents/public/learning-apache-airflow/venv/lib/python3.7/site-packages/airflow/example_dags/tutorial.py
[2021-03-02 07:23:32,043] {scheduler_job.py:629} INFO - Processing file /media/thiagola92/LinuxHD/Documents/public/learning-apache-airflow/venv/lib/python3.7/site-packages/airflow/example_dags/tutorial.py for tasks to queue
[2021-03-02 07:23:32,044] {logging_mixin.py:104} INFO - [2021-03-02 07:23:32,044] {dagbag.py:448} INFO - Filling up the DagBag from /media/thiagola92/LinuxHD/Documents/public/learning-apache-airflow/venv/lib/python3.7/site-packages/airflow/example_dags/tutorial.py
[2021-03-02 07:23:32,060] {scheduler_job.py:639} INFO - DAG(s) dict_keys(['tutorial']) retrieved from /media/thiagola92/LinuxHD/Documents/public/learning-apache-airflow/venv/lib/python3.7/site-packages/airflow/example_dags/tutorial.py
[2021-03-02 07:23:32,071] {logging_mixin.py:104} INFO - [2021-03-02 07:23:32,071] {dag.py:1818} INFO - Sync 1 DAGs
[2021-03-02 07:23:32,079] {logging_mixin.py:104} INFO - [2021-03-02 07:23:32,079] {dag.py:2273} INFO - Setting next_dagrun for tutorial to 2021-02-28 00:00:00+00:00
[2021-03-02 07:23:32,083] {scheduler_job.py:190} INFO - Processing /media/thiagola92/LinuxHD/Documents/public/learning-apache-airflow/venv/lib/python3.7/site-packages/airflow/example_dags/tutorial.py took 0.049 seconds
