[2021-03-02 07:12:05,542] {scheduler_job.py:182} INFO - Started process (PID=23935) to work on /media/thiagola92/LinuxHD/Documents/public/learning-apache-airflow/venv/lib/python3.7/site-packages/airflow/example_dags/tutorial_etl_dag.py
[2021-03-02 07:12:05,544] {scheduler_job.py:629} INFO - Processing file /media/thiagola92/LinuxHD/Documents/public/learning-apache-airflow/venv/lib/python3.7/site-packages/airflow/example_dags/tutorial_etl_dag.py for tasks to queue
[2021-03-02 07:12:05,545] {logging_mixin.py:104} INFO - [2021-03-02 07:12:05,545] {dagbag.py:448} INFO - Filling up the DagBag from /media/thiagola92/LinuxHD/Documents/public/learning-apache-airflow/venv/lib/python3.7/site-packages/airflow/example_dags/tutorial_etl_dag.py
[2021-03-02 07:12:05,564] {scheduler_job.py:639} INFO - DAG(s) dict_keys(['tutorial_etl_dag']) retrieved from /media/thiagola92/LinuxHD/Documents/public/learning-apache-airflow/venv/lib/python3.7/site-packages/airflow/example_dags/tutorial_etl_dag.py
[2021-03-02 07:12:05,576] {logging_mixin.py:104} INFO - [2021-03-02 07:12:05,576] {dag.py:1818} INFO - Sync 1 DAGs
[2021-03-02 07:12:05,583] {logging_mixin.py:104} INFO - [2021-03-02 07:12:05,583] {dag.py:2273} INFO - Setting next_dagrun for tutorial_etl_dag to None
[2021-03-02 07:12:05,587] {scheduler_job.py:190} INFO - Processing /media/thiagola92/LinuxHD/Documents/public/learning-apache-airflow/venv/lib/python3.7/site-packages/airflow/example_dags/tutorial_etl_dag.py took 0.052 seconds
[2021-03-02 07:12:36,128] {scheduler_job.py:182} INFO - Started process (PID=24625) to work on /media/thiagola92/LinuxHD/Documents/public/learning-apache-airflow/venv/lib/python3.7/site-packages/airflow/example_dags/tutorial_etl_dag.py
[2021-03-02 07:12:36,130] {scheduler_job.py:629} INFO - Processing file /media/thiagola92/LinuxHD/Documents/public/learning-apache-airflow/venv/lib/python3.7/site-packages/airflow/example_dags/tutorial_etl_dag.py for tasks to queue
[2021-03-02 07:12:36,132] {logging_mixin.py:104} INFO - [2021-03-02 07:12:36,131] {dagbag.py:448} INFO - Filling up the DagBag from /media/thiagola92/LinuxHD/Documents/public/learning-apache-airflow/venv/lib/python3.7/site-packages/airflow/example_dags/tutorial_etl_dag.py
[2021-03-02 07:12:36,139] {scheduler_job.py:639} INFO - DAG(s) dict_keys(['tutorial_etl_dag']) retrieved from /media/thiagola92/LinuxHD/Documents/public/learning-apache-airflow/venv/lib/python3.7/site-packages/airflow/example_dags/tutorial_etl_dag.py
[2021-03-02 07:12:36,146] {logging_mixin.py:104} INFO - [2021-03-02 07:12:36,146] {dag.py:1818} INFO - Sync 1 DAGs
[2021-03-02 07:12:36,152] {logging_mixin.py:104} INFO - [2021-03-02 07:12:36,152] {dag.py:2273} INFO - Setting next_dagrun for tutorial_etl_dag to None
[2021-03-02 07:12:36,156] {scheduler_job.py:190} INFO - Processing /media/thiagola92/LinuxHD/Documents/public/learning-apache-airflow/venv/lib/python3.7/site-packages/airflow/example_dags/tutorial_etl_dag.py took 0.034 seconds
[2021-03-02 07:13:07,370] {scheduler_job.py:182} INFO - Started process (PID=25095) to work on /media/thiagola92/LinuxHD/Documents/public/learning-apache-airflow/venv/lib/python3.7/site-packages/airflow/example_dags/tutorial_etl_dag.py
[2021-03-02 07:13:07,372] {scheduler_job.py:629} INFO - Processing file /media/thiagola92/LinuxHD/Documents/public/learning-apache-airflow/venv/lib/python3.7/site-packages/airflow/example_dags/tutorial_etl_dag.py for tasks to queue
[2021-03-02 07:13:07,373] {logging_mixin.py:104} INFO - [2021-03-02 07:13:07,373] {dagbag.py:448} INFO - Filling up the DagBag from /media/thiagola92/LinuxHD/Documents/public/learning-apache-airflow/venv/lib/python3.7/site-packages/airflow/example_dags/tutorial_etl_dag.py
[2021-03-02 07:13:07,388] {scheduler_job.py:639} INFO - DAG(s) dict_keys(['tutorial_etl_dag']) retrieved from /media/thiagola92/LinuxHD/Documents/public/learning-apache-airflow/venv/lib/python3.7/site-packages/airflow/example_dags/tutorial_etl_dag.py
[2021-03-02 07:13:07,399] {logging_mixin.py:104} INFO - [2021-03-02 07:13:07,399] {dag.py:1818} INFO - Sync 1 DAGs
[2021-03-02 07:13:07,406] {logging_mixin.py:104} INFO - [2021-03-02 07:13:07,406] {dag.py:2273} INFO - Setting next_dagrun for tutorial_etl_dag to None
[2021-03-02 07:13:07,410] {scheduler_job.py:190} INFO - Processing /media/thiagola92/LinuxHD/Documents/public/learning-apache-airflow/venv/lib/python3.7/site-packages/airflow/example_dags/tutorial_etl_dag.py took 0.047 seconds
[2021-03-02 07:13:37,526] {scheduler_job.py:182} INFO - Started process (PID=25498) to work on /media/thiagola92/LinuxHD/Documents/public/learning-apache-airflow/venv/lib/python3.7/site-packages/airflow/example_dags/tutorial_etl_dag.py
[2021-03-02 07:13:37,528] {scheduler_job.py:629} INFO - Processing file /media/thiagola92/LinuxHD/Documents/public/learning-apache-airflow/venv/lib/python3.7/site-packages/airflow/example_dags/tutorial_etl_dag.py for tasks to queue
[2021-03-02 07:13:37,529] {logging_mixin.py:104} INFO - [2021-03-02 07:13:37,529] {dagbag.py:448} INFO - Filling up the DagBag from /media/thiagola92/LinuxHD/Documents/public/learning-apache-airflow/venv/lib/python3.7/site-packages/airflow/example_dags/tutorial_etl_dag.py
[2021-03-02 07:13:37,544] {scheduler_job.py:639} INFO - DAG(s) dict_keys(['tutorial_etl_dag']) retrieved from /media/thiagola92/LinuxHD/Documents/public/learning-apache-airflow/venv/lib/python3.7/site-packages/airflow/example_dags/tutorial_etl_dag.py
[2021-03-02 07:13:37,555] {logging_mixin.py:104} INFO - [2021-03-02 07:13:37,555] {dag.py:1818} INFO - Sync 1 DAGs
[2021-03-02 07:13:37,562] {logging_mixin.py:104} INFO - [2021-03-02 07:13:37,562] {dag.py:2273} INFO - Setting next_dagrun for tutorial_etl_dag to None
[2021-03-02 07:13:37,566] {scheduler_job.py:190} INFO - Processing /media/thiagola92/LinuxHD/Documents/public/learning-apache-airflow/venv/lib/python3.7/site-packages/airflow/example_dags/tutorial_etl_dag.py took 0.047 seconds
[2021-03-02 07:14:28,808] {scheduler_job.py:182} INFO - Started process (PID=26190) to work on /media/thiagola92/LinuxHD/Documents/public/learning-apache-airflow/venv/lib/python3.7/site-packages/airflow/example_dags/tutorial_etl_dag.py
[2021-03-02 07:14:28,808] {scheduler_job.py:629} INFO - Processing file /media/thiagola92/LinuxHD/Documents/public/learning-apache-airflow/venv/lib/python3.7/site-packages/airflow/example_dags/tutorial_etl_dag.py for tasks to queue
[2021-03-02 07:14:28,809] {logging_mixin.py:104} INFO - [2021-03-02 07:14:28,808] {dagbag.py:448} INFO - Filling up the DagBag from /media/thiagola92/LinuxHD/Documents/public/learning-apache-airflow/venv/lib/python3.7/site-packages/airflow/example_dags/tutorial_etl_dag.py
[2021-03-02 07:14:28,815] {scheduler_job.py:639} INFO - DAG(s) dict_keys(['tutorial_etl_dag']) retrieved from /media/thiagola92/LinuxHD/Documents/public/learning-apache-airflow/venv/lib/python3.7/site-packages/airflow/example_dags/tutorial_etl_dag.py
[2021-03-02 07:14:28,823] {logging_mixin.py:104} INFO - [2021-03-02 07:14:28,822] {dag.py:1818} INFO - Sync 1 DAGs
[2021-03-02 07:14:28,830] {logging_mixin.py:104} INFO - [2021-03-02 07:14:28,829] {dag.py:2273} INFO - Setting next_dagrun for tutorial_etl_dag to None
[2021-03-02 07:14:28,834] {scheduler_job.py:190} INFO - Processing /media/thiagola92/LinuxHD/Documents/public/learning-apache-airflow/venv/lib/python3.7/site-packages/airflow/example_dags/tutorial_etl_dag.py took 0.028 seconds
[2021-03-02 07:14:59,088] {scheduler_job.py:182} INFO - Started process (PID=26594) to work on /media/thiagola92/LinuxHD/Documents/public/learning-apache-airflow/venv/lib/python3.7/site-packages/airflow/example_dags/tutorial_etl_dag.py
[2021-03-02 07:14:59,090] {scheduler_job.py:629} INFO - Processing file /media/thiagola92/LinuxHD/Documents/public/learning-apache-airflow/venv/lib/python3.7/site-packages/airflow/example_dags/tutorial_etl_dag.py for tasks to queue
[2021-03-02 07:14:59,091] {logging_mixin.py:104} INFO - [2021-03-02 07:14:59,091] {dagbag.py:448} INFO - Filling up the DagBag from /media/thiagola92/LinuxHD/Documents/public/learning-apache-airflow/venv/lib/python3.7/site-packages/airflow/example_dags/tutorial_etl_dag.py
[2021-03-02 07:14:59,110] {scheduler_job.py:639} INFO - DAG(s) dict_keys(['tutorial_etl_dag']) retrieved from /media/thiagola92/LinuxHD/Documents/public/learning-apache-airflow/venv/lib/python3.7/site-packages/airflow/example_dags/tutorial_etl_dag.py
[2021-03-02 07:14:59,122] {logging_mixin.py:104} INFO - [2021-03-02 07:14:59,122] {dag.py:1818} INFO - Sync 1 DAGs
[2021-03-02 07:14:59,130] {logging_mixin.py:104} INFO - [2021-03-02 07:14:59,130] {dag.py:2273} INFO - Setting next_dagrun for tutorial_etl_dag to None
[2021-03-02 07:14:59,134] {scheduler_job.py:190} INFO - Processing /media/thiagola92/LinuxHD/Documents/public/learning-apache-airflow/venv/lib/python3.7/site-packages/airflow/example_dags/tutorial_etl_dag.py took 0.053 seconds
[2021-03-02 07:15:30,063] {scheduler_job.py:182} INFO - Started process (PID=26995) to work on /media/thiagola92/LinuxHD/Documents/public/learning-apache-airflow/venv/lib/python3.7/site-packages/airflow/example_dags/tutorial_etl_dag.py
[2021-03-02 07:15:30,064] {scheduler_job.py:629} INFO - Processing file /media/thiagola92/LinuxHD/Documents/public/learning-apache-airflow/venv/lib/python3.7/site-packages/airflow/example_dags/tutorial_etl_dag.py for tasks to queue
[2021-03-02 07:15:30,064] {logging_mixin.py:104} INFO - [2021-03-02 07:15:30,064] {dagbag.py:448} INFO - Filling up the DagBag from /media/thiagola92/LinuxHD/Documents/public/learning-apache-airflow/venv/lib/python3.7/site-packages/airflow/example_dags/tutorial_etl_dag.py
[2021-03-02 07:15:30,073] {scheduler_job.py:639} INFO - DAG(s) dict_keys(['tutorial_etl_dag']) retrieved from /media/thiagola92/LinuxHD/Documents/public/learning-apache-airflow/venv/lib/python3.7/site-packages/airflow/example_dags/tutorial_etl_dag.py
[2021-03-02 07:15:30,084] {logging_mixin.py:104} INFO - [2021-03-02 07:15:30,083] {dag.py:1818} INFO - Sync 1 DAGs
[2021-03-02 07:15:30,091] {logging_mixin.py:104} INFO - [2021-03-02 07:15:30,091] {dag.py:2273} INFO - Setting next_dagrun for tutorial_etl_dag to None
[2021-03-02 07:15:30,096] {scheduler_job.py:190} INFO - Processing /media/thiagola92/LinuxHD/Documents/public/learning-apache-airflow/venv/lib/python3.7/site-packages/airflow/example_dags/tutorial_etl_dag.py took 0.035 seconds
[2021-03-02 07:16:00,361] {scheduler_job.py:182} INFO - Started process (PID=27437) to work on /media/thiagola92/LinuxHD/Documents/public/learning-apache-airflow/venv/lib/python3.7/site-packages/airflow/example_dags/tutorial_etl_dag.py
[2021-03-02 07:16:00,363] {scheduler_job.py:629} INFO - Processing file /media/thiagola92/LinuxHD/Documents/public/learning-apache-airflow/venv/lib/python3.7/site-packages/airflow/example_dags/tutorial_etl_dag.py for tasks to queue
[2021-03-02 07:16:00,364] {logging_mixin.py:104} INFO - [2021-03-02 07:16:00,364] {dagbag.py:448} INFO - Filling up the DagBag from /media/thiagola92/LinuxHD/Documents/public/learning-apache-airflow/venv/lib/python3.7/site-packages/airflow/example_dags/tutorial_etl_dag.py
[2021-03-02 07:16:00,376] {scheduler_job.py:639} INFO - DAG(s) dict_keys(['tutorial_etl_dag']) retrieved from /media/thiagola92/LinuxHD/Documents/public/learning-apache-airflow/venv/lib/python3.7/site-packages/airflow/example_dags/tutorial_etl_dag.py
[2021-03-02 07:16:00,387] {logging_mixin.py:104} INFO - [2021-03-02 07:16:00,387] {dag.py:1818} INFO - Sync 1 DAGs
[2021-03-02 07:16:00,394] {logging_mixin.py:104} INFO - [2021-03-02 07:16:00,394] {dag.py:2273} INFO - Setting next_dagrun for tutorial_etl_dag to None
[2021-03-02 07:16:00,398] {scheduler_job.py:190} INFO - Processing /media/thiagola92/LinuxHD/Documents/public/learning-apache-airflow/venv/lib/python3.7/site-packages/airflow/example_dags/tutorial_etl_dag.py took 0.040 seconds
[2021-03-02 07:16:30,833] {scheduler_job.py:182} INFO - Started process (PID=27823) to work on /media/thiagola92/LinuxHD/Documents/public/learning-apache-airflow/venv/lib/python3.7/site-packages/airflow/example_dags/tutorial_etl_dag.py
[2021-03-02 07:16:30,834] {scheduler_job.py:629} INFO - Processing file /media/thiagola92/LinuxHD/Documents/public/learning-apache-airflow/venv/lib/python3.7/site-packages/airflow/example_dags/tutorial_etl_dag.py for tasks to queue
[2021-03-02 07:16:30,835] {logging_mixin.py:104} INFO - [2021-03-02 07:16:30,835] {dagbag.py:448} INFO - Filling up the DagBag from /media/thiagola92/LinuxHD/Documents/public/learning-apache-airflow/venv/lib/python3.7/site-packages/airflow/example_dags/tutorial_etl_dag.py
[2021-03-02 07:16:30,843] {scheduler_job.py:639} INFO - DAG(s) dict_keys(['tutorial_etl_dag']) retrieved from /media/thiagola92/LinuxHD/Documents/public/learning-apache-airflow/venv/lib/python3.7/site-packages/airflow/example_dags/tutorial_etl_dag.py
[2021-03-02 07:16:30,851] {logging_mixin.py:104} INFO - [2021-03-02 07:16:30,851] {dag.py:1818} INFO - Sync 1 DAGs
[2021-03-02 07:16:30,856] {logging_mixin.py:104} INFO - [2021-03-02 07:16:30,856] {dag.py:2273} INFO - Setting next_dagrun for tutorial_etl_dag to None
[2021-03-02 07:16:30,860] {scheduler_job.py:190} INFO - Processing /media/thiagola92/LinuxHD/Documents/public/learning-apache-airflow/venv/lib/python3.7/site-packages/airflow/example_dags/tutorial_etl_dag.py took 0.030 seconds
[2021-03-02 07:17:01,160] {scheduler_job.py:182} INFO - Started process (PID=28226) to work on /media/thiagola92/LinuxHD/Documents/public/learning-apache-airflow/venv/lib/python3.7/site-packages/airflow/example_dags/tutorial_etl_dag.py
[2021-03-02 07:17:01,160] {scheduler_job.py:629} INFO - Processing file /media/thiagola92/LinuxHD/Documents/public/learning-apache-airflow/venv/lib/python3.7/site-packages/airflow/example_dags/tutorial_etl_dag.py for tasks to queue
[2021-03-02 07:17:01,161] {logging_mixin.py:104} INFO - [2021-03-02 07:17:01,161] {dagbag.py:448} INFO - Filling up the DagBag from /media/thiagola92/LinuxHD/Documents/public/learning-apache-airflow/venv/lib/python3.7/site-packages/airflow/example_dags/tutorial_etl_dag.py
[2021-03-02 07:17:01,169] {scheduler_job.py:639} INFO - DAG(s) dict_keys(['tutorial_etl_dag']) retrieved from /media/thiagola92/LinuxHD/Documents/public/learning-apache-airflow/venv/lib/python3.7/site-packages/airflow/example_dags/tutorial_etl_dag.py
[2021-03-02 07:17:01,176] {logging_mixin.py:104} INFO - [2021-03-02 07:17:01,176] {dag.py:1818} INFO - Sync 1 DAGs
[2021-03-02 07:17:01,182] {logging_mixin.py:104} INFO - [2021-03-02 07:17:01,182] {dag.py:2273} INFO - Setting next_dagrun for tutorial_etl_dag to None
[2021-03-02 07:17:01,186] {scheduler_job.py:190} INFO - Processing /media/thiagola92/LinuxHD/Documents/public/learning-apache-airflow/venv/lib/python3.7/site-packages/airflow/example_dags/tutorial_etl_dag.py took 0.029 seconds
[2021-03-02 07:17:32,016] {scheduler_job.py:182} INFO - Started process (PID=28667) to work on /media/thiagola92/LinuxHD/Documents/public/learning-apache-airflow/venv/lib/python3.7/site-packages/airflow/example_dags/tutorial_etl_dag.py
[2021-03-02 07:17:32,017] {scheduler_job.py:629} INFO - Processing file /media/thiagola92/LinuxHD/Documents/public/learning-apache-airflow/venv/lib/python3.7/site-packages/airflow/example_dags/tutorial_etl_dag.py for tasks to queue
[2021-03-02 07:17:32,018] {logging_mixin.py:104} INFO - [2021-03-02 07:17:32,018] {dagbag.py:448} INFO - Filling up the DagBag from /media/thiagola92/LinuxHD/Documents/public/learning-apache-airflow/venv/lib/python3.7/site-packages/airflow/example_dags/tutorial_etl_dag.py
[2021-03-02 07:17:32,029] {scheduler_job.py:639} INFO - DAG(s) dict_keys(['tutorial_etl_dag']) retrieved from /media/thiagola92/LinuxHD/Documents/public/learning-apache-airflow/venv/lib/python3.7/site-packages/airflow/example_dags/tutorial_etl_dag.py
[2021-03-02 07:17:32,043] {logging_mixin.py:104} INFO - [2021-03-02 07:17:32,043] {dag.py:1818} INFO - Sync 1 DAGs
[2021-03-02 07:17:32,052] {logging_mixin.py:104} INFO - [2021-03-02 07:17:32,052] {dag.py:2273} INFO - Setting next_dagrun for tutorial_etl_dag to None
[2021-03-02 07:17:32,057] {scheduler_job.py:190} INFO - Processing /media/thiagola92/LinuxHD/Documents/public/learning-apache-airflow/venv/lib/python3.7/site-packages/airflow/example_dags/tutorial_etl_dag.py took 0.044 seconds
[2021-03-02 07:18:06,949] {scheduler_job.py:182} INFO - Started process (PID=29149) to work on /media/thiagola92/LinuxHD/Documents/public/learning-apache-airflow/venv/lib/python3.7/site-packages/airflow/example_dags/tutorial_etl_dag.py
[2021-03-02 07:18:06,951] {scheduler_job.py:629} INFO - Processing file /media/thiagola92/LinuxHD/Documents/public/learning-apache-airflow/venv/lib/python3.7/site-packages/airflow/example_dags/tutorial_etl_dag.py for tasks to queue
[2021-03-02 07:18:06,952] {logging_mixin.py:104} INFO - [2021-03-02 07:18:06,952] {dagbag.py:448} INFO - Filling up the DagBag from /media/thiagola92/LinuxHD/Documents/public/learning-apache-airflow/venv/lib/python3.7/site-packages/airflow/example_dags/tutorial_etl_dag.py
[2021-03-02 07:18:06,973] {scheduler_job.py:639} INFO - DAG(s) dict_keys(['tutorial_etl_dag']) retrieved from /media/thiagola92/LinuxHD/Documents/public/learning-apache-airflow/venv/lib/python3.7/site-packages/airflow/example_dags/tutorial_etl_dag.py
[2021-03-02 07:18:06,986] {logging_mixin.py:104} INFO - [2021-03-02 07:18:06,986] {dag.py:1818} INFO - Sync 1 DAGs
[2021-03-02 07:18:06,993] {logging_mixin.py:104} INFO - [2021-03-02 07:18:06,993] {dag.py:2273} INFO - Setting next_dagrun for tutorial_etl_dag to None
[2021-03-02 07:18:06,998] {scheduler_job.py:190} INFO - Processing /media/thiagola92/LinuxHD/Documents/public/learning-apache-airflow/venv/lib/python3.7/site-packages/airflow/example_dags/tutorial_etl_dag.py took 0.056 seconds
[2021-03-02 07:21:34,008] {scheduler_job.py:182} INFO - Started process (PID=31813) to work on /media/thiagola92/LinuxHD/Documents/public/learning-apache-airflow/venv/lib/python3.7/site-packages/airflow/example_dags/tutorial_etl_dag.py
[2021-03-02 07:21:34,009] {scheduler_job.py:629} INFO - Processing file /media/thiagola92/LinuxHD/Documents/public/learning-apache-airflow/venv/lib/python3.7/site-packages/airflow/example_dags/tutorial_etl_dag.py for tasks to queue
[2021-03-02 07:21:34,009] {logging_mixin.py:104} INFO - [2021-03-02 07:21:34,009] {dagbag.py:448} INFO - Filling up the DagBag from /media/thiagola92/LinuxHD/Documents/public/learning-apache-airflow/venv/lib/python3.7/site-packages/airflow/example_dags/tutorial_etl_dag.py
[2021-03-02 07:21:34,015] {scheduler_job.py:639} INFO - DAG(s) dict_keys(['tutorial_etl_dag']) retrieved from /media/thiagola92/LinuxHD/Documents/public/learning-apache-airflow/venv/lib/python3.7/site-packages/airflow/example_dags/tutorial_etl_dag.py
[2021-03-02 07:21:34,022] {logging_mixin.py:104} INFO - [2021-03-02 07:21:34,022] {dag.py:1818} INFO - Sync 1 DAGs
[2021-03-02 07:21:34,029] {logging_mixin.py:104} INFO - [2021-03-02 07:21:34,029] {dag.py:2273} INFO - Setting next_dagrun for tutorial_etl_dag to None
[2021-03-02 07:21:34,034] {scheduler_job.py:190} INFO - Processing /media/thiagola92/LinuxHD/Documents/public/learning-apache-airflow/venv/lib/python3.7/site-packages/airflow/example_dags/tutorial_etl_dag.py took 0.028 seconds
[2021-03-02 07:22:04,750] {scheduler_job.py:182} INFO - Started process (PID=32179) to work on /media/thiagola92/LinuxHD/Documents/public/learning-apache-airflow/venv/lib/python3.7/site-packages/airflow/example_dags/tutorial_etl_dag.py
[2021-03-02 07:22:04,751] {scheduler_job.py:629} INFO - Processing file /media/thiagola92/LinuxHD/Documents/public/learning-apache-airflow/venv/lib/python3.7/site-packages/airflow/example_dags/tutorial_etl_dag.py for tasks to queue
[2021-03-02 07:22:04,751] {logging_mixin.py:104} INFO - [2021-03-02 07:22:04,751] {dagbag.py:448} INFO - Filling up the DagBag from /media/thiagola92/LinuxHD/Documents/public/learning-apache-airflow/venv/lib/python3.7/site-packages/airflow/example_dags/tutorial_etl_dag.py
[2021-03-02 07:22:04,759] {scheduler_job.py:639} INFO - DAG(s) dict_keys(['tutorial_etl_dag']) retrieved from /media/thiagola92/LinuxHD/Documents/public/learning-apache-airflow/venv/lib/python3.7/site-packages/airflow/example_dags/tutorial_etl_dag.py
[2021-03-02 07:22:04,767] {logging_mixin.py:104} INFO - [2021-03-02 07:22:04,767] {dag.py:1818} INFO - Sync 1 DAGs
[2021-03-02 07:22:04,774] {logging_mixin.py:104} INFO - [2021-03-02 07:22:04,774] {dag.py:2273} INFO - Setting next_dagrun for tutorial_etl_dag to None
[2021-03-02 07:22:04,778] {scheduler_job.py:190} INFO - Processing /media/thiagola92/LinuxHD/Documents/public/learning-apache-airflow/venv/lib/python3.7/site-packages/airflow/example_dags/tutorial_etl_dag.py took 0.030 seconds
[2021-03-02 07:22:35,253] {scheduler_job.py:182} INFO - Started process (PID=32596) to work on /media/thiagola92/LinuxHD/Documents/public/learning-apache-airflow/venv/lib/python3.7/site-packages/airflow/example_dags/tutorial_etl_dag.py
[2021-03-02 07:22:35,253] {scheduler_job.py:629} INFO - Processing file /media/thiagola92/LinuxHD/Documents/public/learning-apache-airflow/venv/lib/python3.7/site-packages/airflow/example_dags/tutorial_etl_dag.py for tasks to queue
[2021-03-02 07:22:35,254] {logging_mixin.py:104} INFO - [2021-03-02 07:22:35,254] {dagbag.py:448} INFO - Filling up the DagBag from /media/thiagola92/LinuxHD/Documents/public/learning-apache-airflow/venv/lib/python3.7/site-packages/airflow/example_dags/tutorial_etl_dag.py
[2021-03-02 07:22:35,259] {scheduler_job.py:639} INFO - DAG(s) dict_keys(['tutorial_etl_dag']) retrieved from /media/thiagola92/LinuxHD/Documents/public/learning-apache-airflow/venv/lib/python3.7/site-packages/airflow/example_dags/tutorial_etl_dag.py
[2021-03-02 07:22:35,266] {logging_mixin.py:104} INFO - [2021-03-02 07:22:35,266] {dag.py:1818} INFO - Sync 1 DAGs
[2021-03-02 07:22:35,272] {logging_mixin.py:104} INFO - [2021-03-02 07:22:35,272] {dag.py:2273} INFO - Setting next_dagrun for tutorial_etl_dag to None
[2021-03-02 07:22:35,276] {scheduler_job.py:190} INFO - Processing /media/thiagola92/LinuxHD/Documents/public/learning-apache-airflow/venv/lib/python3.7/site-packages/airflow/example_dags/tutorial_etl_dag.py took 0.024 seconds
[2021-03-02 07:23:05,669] {scheduler_job.py:182} INFO - Started process (PID=33029) to work on /media/thiagola92/LinuxHD/Documents/public/learning-apache-airflow/venv/lib/python3.7/site-packages/airflow/example_dags/tutorial_etl_dag.py
[2021-03-02 07:23:05,670] {scheduler_job.py:629} INFO - Processing file /media/thiagola92/LinuxHD/Documents/public/learning-apache-airflow/venv/lib/python3.7/site-packages/airflow/example_dags/tutorial_etl_dag.py for tasks to queue
[2021-03-02 07:23:05,670] {logging_mixin.py:104} INFO - [2021-03-02 07:23:05,670] {dagbag.py:448} INFO - Filling up the DagBag from /media/thiagola92/LinuxHD/Documents/public/learning-apache-airflow/venv/lib/python3.7/site-packages/airflow/example_dags/tutorial_etl_dag.py
[2021-03-02 07:23:05,679] {scheduler_job.py:639} INFO - DAG(s) dict_keys(['tutorial_etl_dag']) retrieved from /media/thiagola92/LinuxHD/Documents/public/learning-apache-airflow/venv/lib/python3.7/site-packages/airflow/example_dags/tutorial_etl_dag.py
[2021-03-02 07:23:05,686] {logging_mixin.py:104} INFO - [2021-03-02 07:23:05,686] {dag.py:1818} INFO - Sync 1 DAGs
[2021-03-02 07:23:05,694] {logging_mixin.py:104} INFO - [2021-03-02 07:23:05,694] {dag.py:2273} INFO - Setting next_dagrun for tutorial_etl_dag to None
[2021-03-02 07:23:05,699] {scheduler_job.py:190} INFO - Processing /media/thiagola92/LinuxHD/Documents/public/learning-apache-airflow/venv/lib/python3.7/site-packages/airflow/example_dags/tutorial_etl_dag.py took 0.031 seconds
[2021-03-02 07:23:36,051] {scheduler_job.py:182} INFO - Started process (PID=33527) to work on /media/thiagola92/LinuxHD/Documents/public/learning-apache-airflow/venv/lib/python3.7/site-packages/airflow/example_dags/tutorial_etl_dag.py
[2021-03-02 07:23:36,052] {scheduler_job.py:629} INFO - Processing file /media/thiagola92/LinuxHD/Documents/public/learning-apache-airflow/venv/lib/python3.7/site-packages/airflow/example_dags/tutorial_etl_dag.py for tasks to queue
[2021-03-02 07:23:36,052] {logging_mixin.py:104} INFO - [2021-03-02 07:23:36,052] {dagbag.py:448} INFO - Filling up the DagBag from /media/thiagola92/LinuxHD/Documents/public/learning-apache-airflow/venv/lib/python3.7/site-packages/airflow/example_dags/tutorial_etl_dag.py
[2021-03-02 07:23:36,061] {scheduler_job.py:639} INFO - DAG(s) dict_keys(['tutorial_etl_dag']) retrieved from /media/thiagola92/LinuxHD/Documents/public/learning-apache-airflow/venv/lib/python3.7/site-packages/airflow/example_dags/tutorial_etl_dag.py
[2021-03-02 07:23:36,069] {logging_mixin.py:104} INFO - [2021-03-02 07:23:36,069] {dag.py:1818} INFO - Sync 1 DAGs
[2021-03-02 07:23:36,075] {logging_mixin.py:104} INFO - [2021-03-02 07:23:36,075] {dag.py:2273} INFO - Setting next_dagrun for tutorial_etl_dag to None
[2021-03-02 07:23:36,079] {scheduler_job.py:190} INFO - Processing /media/thiagola92/LinuxHD/Documents/public/learning-apache-airflow/venv/lib/python3.7/site-packages/airflow/example_dags/tutorial_etl_dag.py took 0.032 seconds
