[2021-03-02 07:11:57,709] {scheduler_job.py:182} INFO - Started process (PID=23831) to work on /media/thiagola92/LinuxHD/Documents/public/learning-apache-airflow/venv/lib/python3.7/site-packages/airflow/example_dags/tutorial_taskflow_api_etl.py
[2021-03-02 07:11:57,712] {scheduler_job.py:629} INFO - Processing file /media/thiagola92/LinuxHD/Documents/public/learning-apache-airflow/venv/lib/python3.7/site-packages/airflow/example_dags/tutorial_taskflow_api_etl.py for tasks to queue
[2021-03-02 07:11:57,713] {logging_mixin.py:104} INFO - [2021-03-02 07:11:57,713] {dagbag.py:448} INFO - Filling up the DagBag from /media/thiagola92/LinuxHD/Documents/public/learning-apache-airflow/venv/lib/python3.7/site-packages/airflow/example_dags/tutorial_taskflow_api_etl.py
[2021-03-02 07:11:57,733] {scheduler_job.py:639} INFO - DAG(s) dict_keys(['tutorial_taskflow_api_etl']) retrieved from /media/thiagola92/LinuxHD/Documents/public/learning-apache-airflow/venv/lib/python3.7/site-packages/airflow/example_dags/tutorial_taskflow_api_etl.py
[2021-03-02 07:11:57,745] {logging_mixin.py:104} INFO - [2021-03-02 07:11:57,745] {dag.py:1818} INFO - Sync 1 DAGs
[2021-03-02 07:11:57,752] {logging_mixin.py:104} INFO - [2021-03-02 07:11:57,752] {dag.py:2273} INFO - Setting next_dagrun for tutorial_taskflow_api_etl to None
[2021-03-02 07:11:57,834] {scheduler_job.py:190} INFO - Processing /media/thiagola92/LinuxHD/Documents/public/learning-apache-airflow/venv/lib/python3.7/site-packages/airflow/example_dags/tutorial_taskflow_api_etl.py took 0.130 seconds
[2021-03-02 07:12:28,938] {scheduler_job.py:182} INFO - Started process (PID=24294) to work on /media/thiagola92/LinuxHD/Documents/public/learning-apache-airflow/venv/lib/python3.7/site-packages/airflow/example_dags/tutorial_taskflow_api_etl.py
[2021-03-02 07:12:28,939] {scheduler_job.py:629} INFO - Processing file /media/thiagola92/LinuxHD/Documents/public/learning-apache-airflow/venv/lib/python3.7/site-packages/airflow/example_dags/tutorial_taskflow_api_etl.py for tasks to queue
[2021-03-02 07:12:28,939] {logging_mixin.py:104} INFO - [2021-03-02 07:12:28,939] {dagbag.py:448} INFO - Filling up the DagBag from /media/thiagola92/LinuxHD/Documents/public/learning-apache-airflow/venv/lib/python3.7/site-packages/airflow/example_dags/tutorial_taskflow_api_etl.py
[2021-03-02 07:12:28,947] {scheduler_job.py:639} INFO - DAG(s) dict_keys(['tutorial_taskflow_api_etl']) retrieved from /media/thiagola92/LinuxHD/Documents/public/learning-apache-airflow/venv/lib/python3.7/site-packages/airflow/example_dags/tutorial_taskflow_api_etl.py
[2021-03-02 07:12:28,956] {logging_mixin.py:104} INFO - [2021-03-02 07:12:28,956] {dag.py:1818} INFO - Sync 1 DAGs
[2021-03-02 07:12:28,962] {logging_mixin.py:104} INFO - [2021-03-02 07:12:28,962] {dag.py:2273} INFO - Setting next_dagrun for tutorial_taskflow_api_etl to None
[2021-03-02 07:12:29,049] {scheduler_job.py:190} INFO - Processing /media/thiagola92/LinuxHD/Documents/public/learning-apache-airflow/venv/lib/python3.7/site-packages/airflow/example_dags/tutorial_taskflow_api_etl.py took 0.113 seconds
[2021-03-02 07:12:59,341] {scheduler_job.py:182} INFO - Started process (PID=24969) to work on /media/thiagola92/LinuxHD/Documents/public/learning-apache-airflow/venv/lib/python3.7/site-packages/airflow/example_dags/tutorial_taskflow_api_etl.py
[2021-03-02 07:12:59,342] {scheduler_job.py:629} INFO - Processing file /media/thiagola92/LinuxHD/Documents/public/learning-apache-airflow/venv/lib/python3.7/site-packages/airflow/example_dags/tutorial_taskflow_api_etl.py for tasks to queue
[2021-03-02 07:12:59,343] {logging_mixin.py:104} INFO - [2021-03-02 07:12:59,343] {dagbag.py:448} INFO - Filling up the DagBag from /media/thiagola92/LinuxHD/Documents/public/learning-apache-airflow/venv/lib/python3.7/site-packages/airflow/example_dags/tutorial_taskflow_api_etl.py
[2021-03-02 07:12:59,355] {scheduler_job.py:639} INFO - DAG(s) dict_keys(['tutorial_taskflow_api_etl']) retrieved from /media/thiagola92/LinuxHD/Documents/public/learning-apache-airflow/venv/lib/python3.7/site-packages/airflow/example_dags/tutorial_taskflow_api_etl.py
[2021-03-02 07:12:59,371] {logging_mixin.py:104} INFO - [2021-03-02 07:12:59,371] {dag.py:1818} INFO - Sync 1 DAGs
[2021-03-02 07:12:59,382] {logging_mixin.py:104} INFO - [2021-03-02 07:12:59,382] {dag.py:2273} INFO - Setting next_dagrun for tutorial_taskflow_api_etl to None
[2021-03-02 07:12:59,487] {scheduler_job.py:190} INFO - Processing /media/thiagola92/LinuxHD/Documents/public/learning-apache-airflow/venv/lib/python3.7/site-packages/airflow/example_dags/tutorial_taskflow_api_etl.py took 0.149 seconds
[2021-03-02 07:13:30,645] {scheduler_job.py:182} INFO - Started process (PID=25413) to work on /media/thiagola92/LinuxHD/Documents/public/learning-apache-airflow/venv/lib/python3.7/site-packages/airflow/example_dags/tutorial_taskflow_api_etl.py
[2021-03-02 07:13:30,646] {scheduler_job.py:629} INFO - Processing file /media/thiagola92/LinuxHD/Documents/public/learning-apache-airflow/venv/lib/python3.7/site-packages/airflow/example_dags/tutorial_taskflow_api_etl.py for tasks to queue
[2021-03-02 07:13:30,647] {logging_mixin.py:104} INFO - [2021-03-02 07:13:30,646] {dagbag.py:448} INFO - Filling up the DagBag from /media/thiagola92/LinuxHD/Documents/public/learning-apache-airflow/venv/lib/python3.7/site-packages/airflow/example_dags/tutorial_taskflow_api_etl.py
[2021-03-02 07:13:30,654] {scheduler_job.py:639} INFO - DAG(s) dict_keys(['tutorial_taskflow_api_etl']) retrieved from /media/thiagola92/LinuxHD/Documents/public/learning-apache-airflow/venv/lib/python3.7/site-packages/airflow/example_dags/tutorial_taskflow_api_etl.py
[2021-03-02 07:13:30,664] {logging_mixin.py:104} INFO - [2021-03-02 07:13:30,663] {dag.py:1818} INFO - Sync 1 DAGs
[2021-03-02 07:13:30,669] {logging_mixin.py:104} INFO - [2021-03-02 07:13:30,669] {dag.py:2273} INFO - Setting next_dagrun for tutorial_taskflow_api_etl to None
[2021-03-02 07:13:30,756] {scheduler_job.py:190} INFO - Processing /media/thiagola92/LinuxHD/Documents/public/learning-apache-airflow/venv/lib/python3.7/site-packages/airflow/example_dags/tutorial_taskflow_api_etl.py took 0.112 seconds
[2021-03-02 07:14:23,080] {scheduler_job.py:182} INFO - Started process (PID=26114) to work on /media/thiagola92/LinuxHD/Documents/public/learning-apache-airflow/venv/lib/python3.7/site-packages/airflow/example_dags/tutorial_taskflow_api_etl.py
[2021-03-02 07:14:23,081] {scheduler_job.py:629} INFO - Processing file /media/thiagola92/LinuxHD/Documents/public/learning-apache-airflow/venv/lib/python3.7/site-packages/airflow/example_dags/tutorial_taskflow_api_etl.py for tasks to queue
[2021-03-02 07:14:23,082] {logging_mixin.py:104} INFO - [2021-03-02 07:14:23,082] {dagbag.py:448} INFO - Filling up the DagBag from /media/thiagola92/LinuxHD/Documents/public/learning-apache-airflow/venv/lib/python3.7/site-packages/airflow/example_dags/tutorial_taskflow_api_etl.py
[2021-03-02 07:14:23,090] {scheduler_job.py:639} INFO - DAG(s) dict_keys(['tutorial_taskflow_api_etl']) retrieved from /media/thiagola92/LinuxHD/Documents/public/learning-apache-airflow/venv/lib/python3.7/site-packages/airflow/example_dags/tutorial_taskflow_api_etl.py
[2021-03-02 07:14:23,100] {logging_mixin.py:104} INFO - [2021-03-02 07:14:23,100] {dag.py:1818} INFO - Sync 1 DAGs
[2021-03-02 07:14:23,106] {logging_mixin.py:104} INFO - [2021-03-02 07:14:23,106] {dag.py:2273} INFO - Setting next_dagrun for tutorial_taskflow_api_etl to None
[2021-03-02 07:14:23,201] {scheduler_job.py:190} INFO - Processing /media/thiagola92/LinuxHD/Documents/public/learning-apache-airflow/venv/lib/python3.7/site-packages/airflow/example_dags/tutorial_taskflow_api_etl.py took 0.123 seconds
[2021-03-02 07:14:53,404] {scheduler_job.py:182} INFO - Started process (PID=26514) to work on /media/thiagola92/LinuxHD/Documents/public/learning-apache-airflow/venv/lib/python3.7/site-packages/airflow/example_dags/tutorial_taskflow_api_etl.py
[2021-03-02 07:14:53,408] {scheduler_job.py:629} INFO - Processing file /media/thiagola92/LinuxHD/Documents/public/learning-apache-airflow/venv/lib/python3.7/site-packages/airflow/example_dags/tutorial_taskflow_api_etl.py for tasks to queue
[2021-03-02 07:14:53,410] {logging_mixin.py:104} INFO - [2021-03-02 07:14:53,409] {dagbag.py:448} INFO - Filling up the DagBag from /media/thiagola92/LinuxHD/Documents/public/learning-apache-airflow/venv/lib/python3.7/site-packages/airflow/example_dags/tutorial_taskflow_api_etl.py
[2021-03-02 07:14:53,429] {scheduler_job.py:639} INFO - DAG(s) dict_keys(['tutorial_taskflow_api_etl']) retrieved from /media/thiagola92/LinuxHD/Documents/public/learning-apache-airflow/venv/lib/python3.7/site-packages/airflow/example_dags/tutorial_taskflow_api_etl.py
[2021-03-02 07:14:53,443] {logging_mixin.py:104} INFO - [2021-03-02 07:14:53,443] {dag.py:1818} INFO - Sync 1 DAGs
[2021-03-02 07:14:53,449] {logging_mixin.py:104} INFO - [2021-03-02 07:14:53,449] {dag.py:2273} INFO - Setting next_dagrun for tutorial_taskflow_api_etl to None
[2021-03-02 07:14:53,541] {scheduler_job.py:190} INFO - Processing /media/thiagola92/LinuxHD/Documents/public/learning-apache-airflow/venv/lib/python3.7/site-packages/airflow/example_dags/tutorial_taskflow_api_etl.py took 0.143 seconds
[2021-03-02 07:15:23,757] {scheduler_job.py:182} INFO - Started process (PID=26916) to work on /media/thiagola92/LinuxHD/Documents/public/learning-apache-airflow/venv/lib/python3.7/site-packages/airflow/example_dags/tutorial_taskflow_api_etl.py
[2021-03-02 07:15:23,759] {scheduler_job.py:629} INFO - Processing file /media/thiagola92/LinuxHD/Documents/public/learning-apache-airflow/venv/lib/python3.7/site-packages/airflow/example_dags/tutorial_taskflow_api_etl.py for tasks to queue
[2021-03-02 07:15:23,761] {logging_mixin.py:104} INFO - [2021-03-02 07:15:23,761] {dagbag.py:448} INFO - Filling up the DagBag from /media/thiagola92/LinuxHD/Documents/public/learning-apache-airflow/venv/lib/python3.7/site-packages/airflow/example_dags/tutorial_taskflow_api_etl.py
[2021-03-02 07:15:23,787] {scheduler_job.py:639} INFO - DAG(s) dict_keys(['tutorial_taskflow_api_etl']) retrieved from /media/thiagola92/LinuxHD/Documents/public/learning-apache-airflow/venv/lib/python3.7/site-packages/airflow/example_dags/tutorial_taskflow_api_etl.py
[2021-03-02 07:15:23,817] {logging_mixin.py:104} INFO - [2021-03-02 07:15:23,817] {dag.py:1818} INFO - Sync 1 DAGs
[2021-03-02 07:15:23,828] {logging_mixin.py:104} INFO - [2021-03-02 07:15:23,828] {dag.py:2273} INFO - Setting next_dagrun for tutorial_taskflow_api_etl to None
[2021-03-02 07:15:23,925] {scheduler_job.py:190} INFO - Processing /media/thiagola92/LinuxHD/Documents/public/learning-apache-airflow/venv/lib/python3.7/site-packages/airflow/example_dags/tutorial_taskflow_api_etl.py took 0.174 seconds
[2021-03-02 07:15:54,003] {scheduler_job.py:182} INFO - Started process (PID=27359) to work on /media/thiagola92/LinuxHD/Documents/public/learning-apache-airflow/venv/lib/python3.7/site-packages/airflow/example_dags/tutorial_taskflow_api_etl.py
[2021-03-02 07:15:54,006] {scheduler_job.py:629} INFO - Processing file /media/thiagola92/LinuxHD/Documents/public/learning-apache-airflow/venv/lib/python3.7/site-packages/airflow/example_dags/tutorial_taskflow_api_etl.py for tasks to queue
[2021-03-02 07:15:54,007] {logging_mixin.py:104} INFO - [2021-03-02 07:15:54,007] {dagbag.py:448} INFO - Filling up the DagBag from /media/thiagola92/LinuxHD/Documents/public/learning-apache-airflow/venv/lib/python3.7/site-packages/airflow/example_dags/tutorial_taskflow_api_etl.py
[2021-03-02 07:15:54,026] {scheduler_job.py:639} INFO - DAG(s) dict_keys(['tutorial_taskflow_api_etl']) retrieved from /media/thiagola92/LinuxHD/Documents/public/learning-apache-airflow/venv/lib/python3.7/site-packages/airflow/example_dags/tutorial_taskflow_api_etl.py
[2021-03-02 07:15:54,039] {logging_mixin.py:104} INFO - [2021-03-02 07:15:54,039] {dag.py:1818} INFO - Sync 1 DAGs
[2021-03-02 07:15:54,045] {logging_mixin.py:104} INFO - [2021-03-02 07:15:54,045] {dag.py:2273} INFO - Setting next_dagrun for tutorial_taskflow_api_etl to None
[2021-03-02 07:15:54,126] {scheduler_job.py:190} INFO - Processing /media/thiagola92/LinuxHD/Documents/public/learning-apache-airflow/venv/lib/python3.7/site-packages/airflow/example_dags/tutorial_taskflow_api_etl.py took 0.129 seconds
[2021-03-02 07:16:24,233] {scheduler_job.py:182} INFO - Started process (PID=27738) to work on /media/thiagola92/LinuxHD/Documents/public/learning-apache-airflow/venv/lib/python3.7/site-packages/airflow/example_dags/tutorial_taskflow_api_etl.py
[2021-03-02 07:16:24,236] {scheduler_job.py:629} INFO - Processing file /media/thiagola92/LinuxHD/Documents/public/learning-apache-airflow/venv/lib/python3.7/site-packages/airflow/example_dags/tutorial_taskflow_api_etl.py for tasks to queue
[2021-03-02 07:16:24,238] {logging_mixin.py:104} INFO - [2021-03-02 07:16:24,237] {dagbag.py:448} INFO - Filling up the DagBag from /media/thiagola92/LinuxHD/Documents/public/learning-apache-airflow/venv/lib/python3.7/site-packages/airflow/example_dags/tutorial_taskflow_api_etl.py
[2021-03-02 07:16:24,265] {scheduler_job.py:639} INFO - DAG(s) dict_keys(['tutorial_taskflow_api_etl']) retrieved from /media/thiagola92/LinuxHD/Documents/public/learning-apache-airflow/venv/lib/python3.7/site-packages/airflow/example_dags/tutorial_taskflow_api_etl.py
[2021-03-02 07:16:24,299] {logging_mixin.py:104} INFO - [2021-03-02 07:16:24,299] {dag.py:1818} INFO - Sync 1 DAGs
[2021-03-02 07:16:24,311] {logging_mixin.py:104} INFO - [2021-03-02 07:16:24,311] {dag.py:2273} INFO - Setting next_dagrun for tutorial_taskflow_api_etl to None
[2021-03-02 07:16:24,414] {scheduler_job.py:190} INFO - Processing /media/thiagola92/LinuxHD/Documents/public/learning-apache-airflow/venv/lib/python3.7/site-packages/airflow/example_dags/tutorial_taskflow_api_etl.py took 0.187 seconds
[2021-03-02 07:16:55,270] {scheduler_job.py:182} INFO - Started process (PID=28136) to work on /media/thiagola92/LinuxHD/Documents/public/learning-apache-airflow/venv/lib/python3.7/site-packages/airflow/example_dags/tutorial_taskflow_api_etl.py
[2021-03-02 07:16:55,271] {scheduler_job.py:629} INFO - Processing file /media/thiagola92/LinuxHD/Documents/public/learning-apache-airflow/venv/lib/python3.7/site-packages/airflow/example_dags/tutorial_taskflow_api_etl.py for tasks to queue
[2021-03-02 07:16:55,271] {logging_mixin.py:104} INFO - [2021-03-02 07:16:55,271] {dagbag.py:448} INFO - Filling up the DagBag from /media/thiagola92/LinuxHD/Documents/public/learning-apache-airflow/venv/lib/python3.7/site-packages/airflow/example_dags/tutorial_taskflow_api_etl.py
[2021-03-02 07:16:55,278] {scheduler_job.py:639} INFO - DAG(s) dict_keys(['tutorial_taskflow_api_etl']) retrieved from /media/thiagola92/LinuxHD/Documents/public/learning-apache-airflow/venv/lib/python3.7/site-packages/airflow/example_dags/tutorial_taskflow_api_etl.py
[2021-03-02 07:16:55,288] {logging_mixin.py:104} INFO - [2021-03-02 07:16:55,288] {dag.py:1818} INFO - Sync 1 DAGs
[2021-03-02 07:16:55,293] {logging_mixin.py:104} INFO - [2021-03-02 07:16:55,293] {dag.py:2273} INFO - Setting next_dagrun for tutorial_taskflow_api_etl to None
[2021-03-02 07:16:55,387] {scheduler_job.py:190} INFO - Processing /media/thiagola92/LinuxHD/Documents/public/learning-apache-airflow/venv/lib/python3.7/site-packages/airflow/example_dags/tutorial_taskflow_api_etl.py took 0.118 seconds
[2021-03-02 07:17:25,713] {scheduler_job.py:182} INFO - Started process (PID=28576) to work on /media/thiagola92/LinuxHD/Documents/public/learning-apache-airflow/venv/lib/python3.7/site-packages/airflow/example_dags/tutorial_taskflow_api_etl.py
[2021-03-02 07:17:25,715] {scheduler_job.py:629} INFO - Processing file /media/thiagola92/LinuxHD/Documents/public/learning-apache-airflow/venv/lib/python3.7/site-packages/airflow/example_dags/tutorial_taskflow_api_etl.py for tasks to queue
[2021-03-02 07:17:25,717] {logging_mixin.py:104} INFO - [2021-03-02 07:17:25,716] {dagbag.py:448} INFO - Filling up the DagBag from /media/thiagola92/LinuxHD/Documents/public/learning-apache-airflow/venv/lib/python3.7/site-packages/airflow/example_dags/tutorial_taskflow_api_etl.py
[2021-03-02 07:17:25,736] {scheduler_job.py:639} INFO - DAG(s) dict_keys(['tutorial_taskflow_api_etl']) retrieved from /media/thiagola92/LinuxHD/Documents/public/learning-apache-airflow/venv/lib/python3.7/site-packages/airflow/example_dags/tutorial_taskflow_api_etl.py
[2021-03-02 07:17:25,748] {logging_mixin.py:104} INFO - [2021-03-02 07:17:25,748] {dag.py:1818} INFO - Sync 1 DAGs
[2021-03-02 07:17:25,755] {logging_mixin.py:104} INFO - [2021-03-02 07:17:25,755] {dag.py:2273} INFO - Setting next_dagrun for tutorial_taskflow_api_etl to None
[2021-03-02 07:17:25,847] {scheduler_job.py:190} INFO - Processing /media/thiagola92/LinuxHD/Documents/public/learning-apache-airflow/venv/lib/python3.7/site-packages/airflow/example_dags/tutorial_taskflow_api_etl.py took 0.140 seconds
[2021-03-02 07:21:50,922] {scheduler_job.py:182} INFO - Started process (PID=32003) to work on /media/thiagola92/LinuxHD/Documents/public/learning-apache-airflow/venv/lib/python3.7/site-packages/airflow/example_dags/tutorial_taskflow_api_etl.py
[2021-03-02 07:21:50,923] {scheduler_job.py:629} INFO - Processing file /media/thiagola92/LinuxHD/Documents/public/learning-apache-airflow/venv/lib/python3.7/site-packages/airflow/example_dags/tutorial_taskflow_api_etl.py for tasks to queue
[2021-03-02 07:21:50,924] {logging_mixin.py:104} INFO - [2021-03-02 07:21:50,924] {dagbag.py:448} INFO - Filling up the DagBag from /media/thiagola92/LinuxHD/Documents/public/learning-apache-airflow/venv/lib/python3.7/site-packages/airflow/example_dags/tutorial_taskflow_api_etl.py
[2021-03-02 07:21:50,932] {scheduler_job.py:639} INFO - DAG(s) dict_keys(['tutorial_taskflow_api_etl']) retrieved from /media/thiagola92/LinuxHD/Documents/public/learning-apache-airflow/venv/lib/python3.7/site-packages/airflow/example_dags/tutorial_taskflow_api_etl.py
[2021-03-02 07:21:50,943] {logging_mixin.py:104} INFO - [2021-03-02 07:21:50,943] {dag.py:1818} INFO - Sync 1 DAGs
[2021-03-02 07:21:50,949] {logging_mixin.py:104} INFO - [2021-03-02 07:21:50,949] {dag.py:2273} INFO - Setting next_dagrun for tutorial_taskflow_api_etl to None
[2021-03-02 07:21:51,046] {scheduler_job.py:190} INFO - Processing /media/thiagola92/LinuxHD/Documents/public/learning-apache-airflow/venv/lib/python3.7/site-packages/airflow/example_dags/tutorial_taskflow_api_etl.py took 0.126 seconds
[2021-03-02 07:22:21,473] {scheduler_job.py:182} INFO - Started process (PID=32408) to work on /media/thiagola92/LinuxHD/Documents/public/learning-apache-airflow/venv/lib/python3.7/site-packages/airflow/example_dags/tutorial_taskflow_api_etl.py
[2021-03-02 07:22:21,474] {scheduler_job.py:629} INFO - Processing file /media/thiagola92/LinuxHD/Documents/public/learning-apache-airflow/venv/lib/python3.7/site-packages/airflow/example_dags/tutorial_taskflow_api_etl.py for tasks to queue
[2021-03-02 07:22:21,475] {logging_mixin.py:104} INFO - [2021-03-02 07:22:21,475] {dagbag.py:448} INFO - Filling up the DagBag from /media/thiagola92/LinuxHD/Documents/public/learning-apache-airflow/venv/lib/python3.7/site-packages/airflow/example_dags/tutorial_taskflow_api_etl.py
[2021-03-02 07:22:21,485] {scheduler_job.py:639} INFO - DAG(s) dict_keys(['tutorial_taskflow_api_etl']) retrieved from /media/thiagola92/LinuxHD/Documents/public/learning-apache-airflow/venv/lib/python3.7/site-packages/airflow/example_dags/tutorial_taskflow_api_etl.py
[2021-03-02 07:22:21,495] {logging_mixin.py:104} INFO - [2021-03-02 07:22:21,495] {dag.py:1818} INFO - Sync 1 DAGs
[2021-03-02 07:22:21,502] {logging_mixin.py:104} INFO - [2021-03-02 07:22:21,502] {dag.py:2273} INFO - Setting next_dagrun for tutorial_taskflow_api_etl to None
[2021-03-02 07:22:21,585] {scheduler_job.py:190} INFO - Processing /media/thiagola92/LinuxHD/Documents/public/learning-apache-airflow/venv/lib/python3.7/site-packages/airflow/example_dags/tutorial_taskflow_api_etl.py took 0.116 seconds
[2021-03-02 07:22:52,408] {scheduler_job.py:182} INFO - Started process (PID=32842) to work on /media/thiagola92/LinuxHD/Documents/public/learning-apache-airflow/venv/lib/python3.7/site-packages/airflow/example_dags/tutorial_taskflow_api_etl.py
[2021-03-02 07:22:52,409] {scheduler_job.py:629} INFO - Processing file /media/thiagola92/LinuxHD/Documents/public/learning-apache-airflow/venv/lib/python3.7/site-packages/airflow/example_dags/tutorial_taskflow_api_etl.py for tasks to queue
[2021-03-02 07:22:52,410] {logging_mixin.py:104} INFO - [2021-03-02 07:22:52,410] {dagbag.py:448} INFO - Filling up the DagBag from /media/thiagola92/LinuxHD/Documents/public/learning-apache-airflow/venv/lib/python3.7/site-packages/airflow/example_dags/tutorial_taskflow_api_etl.py
[2021-03-02 07:22:52,421] {scheduler_job.py:639} INFO - DAG(s) dict_keys(['tutorial_taskflow_api_etl']) retrieved from /media/thiagola92/LinuxHD/Documents/public/learning-apache-airflow/venv/lib/python3.7/site-packages/airflow/example_dags/tutorial_taskflow_api_etl.py
[2021-03-02 07:22:52,432] {logging_mixin.py:104} INFO - [2021-03-02 07:22:52,432] {dag.py:1818} INFO - Sync 1 DAGs
[2021-03-02 07:22:52,438] {logging_mixin.py:104} INFO - [2021-03-02 07:22:52,438] {dag.py:2273} INFO - Setting next_dagrun for tutorial_taskflow_api_etl to None
[2021-03-02 07:22:52,573] {scheduler_job.py:190} INFO - Processing /media/thiagola92/LinuxHD/Documents/public/learning-apache-airflow/venv/lib/python3.7/site-packages/airflow/example_dags/tutorial_taskflow_api_etl.py took 0.170 seconds
[2021-03-02 07:23:22,731] {scheduler_job.py:182} INFO - Started process (PID=33328) to work on /media/thiagola92/LinuxHD/Documents/public/learning-apache-airflow/venv/lib/python3.7/site-packages/airflow/example_dags/tutorial_taskflow_api_etl.py
[2021-03-02 07:23:22,733] {scheduler_job.py:629} INFO - Processing file /media/thiagola92/LinuxHD/Documents/public/learning-apache-airflow/venv/lib/python3.7/site-packages/airflow/example_dags/tutorial_taskflow_api_etl.py for tasks to queue
[2021-03-02 07:23:22,733] {logging_mixin.py:104} INFO - [2021-03-02 07:23:22,733] {dagbag.py:448} INFO - Filling up the DagBag from /media/thiagola92/LinuxHD/Documents/public/learning-apache-airflow/venv/lib/python3.7/site-packages/airflow/example_dags/tutorial_taskflow_api_etl.py
[2021-03-02 07:23:22,746] {scheduler_job.py:639} INFO - DAG(s) dict_keys(['tutorial_taskflow_api_etl']) retrieved from /media/thiagola92/LinuxHD/Documents/public/learning-apache-airflow/venv/lib/python3.7/site-packages/airflow/example_dags/tutorial_taskflow_api_etl.py
[2021-03-02 07:23:22,761] {logging_mixin.py:104} INFO - [2021-03-02 07:23:22,761] {dag.py:1818} INFO - Sync 1 DAGs
[2021-03-02 07:23:22,768] {logging_mixin.py:104} INFO - [2021-03-02 07:23:22,768] {dag.py:2273} INFO - Setting next_dagrun for tutorial_taskflow_api_etl to None
[2021-03-02 07:23:22,867] {scheduler_job.py:190} INFO - Processing /media/thiagola92/LinuxHD/Documents/public/learning-apache-airflow/venv/lib/python3.7/site-packages/airflow/example_dags/tutorial_taskflow_api_etl.py took 0.139 seconds
