[2021-03-02 07:13:51,509] {taskinstance.py:851} INFO - Dependencies all met for <TaskInstance: example_bash_operator.runme_2 2021-02-28T00:00:00+00:00 [queued]>
[2021-03-02 07:13:51,515] {taskinstance.py:851} INFO - Dependencies all met for <TaskInstance: example_bash_operator.runme_2 2021-02-28T00:00:00+00:00 [queued]>
[2021-03-02 07:13:51,515] {taskinstance.py:1042} INFO - 
--------------------------------------------------------------------------------
[2021-03-02 07:13:51,515] {taskinstance.py:1043} INFO - Starting attempt 1 of 1
[2021-03-02 07:13:51,515] {taskinstance.py:1044} INFO - 
--------------------------------------------------------------------------------
[2021-03-02 07:13:51,615] {taskinstance.py:1063} INFO - Executing <Task(BashOperator): runme_2> on 2021-02-28T00:00:00+00:00
[2021-03-02 07:13:51,619] {standard_task_runner.py:52} INFO - Started process 25684 to run task
[2021-03-02 07:13:51,629] {standard_task_runner.py:76} INFO - Running: ['airflow', 'tasks', 'run', 'example_bash_operator', 'runme_2', '2021-02-28T00:00:00+00:00', '--job-id', '4', '--pool', 'default_pool', '--raw', '--subdir', '/media/thiagola92/LinuxHD/Documents/public/learning-apache-airflow/venv/lib/python3.7/site-packages/airflow/example_dags/example_bash_operator.py', '--cfg-path', '/tmp/tmpwpj88qcn', '--error-file', '/tmp/tmp879oo8ao']
[2021-03-02 07:13:51,631] {standard_task_runner.py:77} INFO - Job 4: Subtask runme_2
[2021-03-02 07:13:51,782] {logging_mixin.py:104} INFO - Running <TaskInstance: example_bash_operator.runme_2 2021-02-28T00:00:00+00:00 [running]> on host thiagola92-ubuntu
[2021-03-02 07:13:51,913] {taskinstance.py:1257} INFO - Exporting the following env vars:
AIRFLOW_CTX_DAG_OWNER=airflow
AIRFLOW_CTX_DAG_ID=example_bash_operator
AIRFLOW_CTX_TASK_ID=runme_2
AIRFLOW_CTX_EXECUTION_DATE=2021-02-28T00:00:00+00:00
AIRFLOW_CTX_DAG_RUN_ID=scheduled__2021-02-28T00:00:00+00:00
[2021-03-02 07:13:51,914] {bash.py:135} INFO - Tmp dir root location: 
 /tmp
[2021-03-02 07:13:51,916] {bash.py:158} INFO - Running command: echo "example_bash_operator__runme_2__20210228" && sleep 1
[2021-03-02 07:13:51,926] {bash.py:169} INFO - Output:
[2021-03-02 07:13:51,929] {bash.py:173} INFO - example_bash_operator__runme_2__20210228
[2021-03-02 07:13:52,931] {bash.py:177} INFO - Command exited with return code 0
[2021-03-02 07:13:53,044] {taskinstance.py:1166} INFO - Marking task as SUCCESS. dag_id=example_bash_operator, task_id=runme_2, execution_date=20210228T000000, start_date=20210302T101351, end_date=20210302T101353
[2021-03-02 07:13:53,305] {taskinstance.py:1220} INFO - 1 downstream tasks scheduled from follow-on schedule check
[2021-03-02 07:13:53,324] {local_task_job.py:146} INFO - Task exited with return code 0
