[2021-03-02 07:12:07,836] {scheduler_job.py:182} INFO - Started process (PID=23957) to work on /media/thiagola92/LinuxHD/Documents/public/learning-apache-airflow/venv/lib/python3.7/site-packages/airflow/example_dags/subdags/subdag.py
[2021-03-02 07:12:07,837] {scheduler_job.py:629} INFO - Processing file /media/thiagola92/LinuxHD/Documents/public/learning-apache-airflow/venv/lib/python3.7/site-packages/airflow/example_dags/subdags/subdag.py for tasks to queue
[2021-03-02 07:12:07,837] {logging_mixin.py:104} INFO - [2021-03-02 07:12:07,837] {dagbag.py:448} INFO - Filling up the DagBag from /media/thiagola92/LinuxHD/Documents/public/learning-apache-airflow/venv/lib/python3.7/site-packages/airflow/example_dags/subdags/subdag.py
[2021-03-02 07:12:07,839] {scheduler_job.py:641} WARNING - No viable dags retrieved from /media/thiagola92/LinuxHD/Documents/public/learning-apache-airflow/venv/lib/python3.7/site-packages/airflow/example_dags/subdags/subdag.py
[2021-03-02 07:12:07,842] {scheduler_job.py:190} INFO - Processing /media/thiagola92/LinuxHD/Documents/public/learning-apache-airflow/venv/lib/python3.7/site-packages/airflow/example_dags/subdags/subdag.py took 0.007 seconds
[2021-03-02 07:12:38,391] {scheduler_job.py:182} INFO - Started process (PID=24664) to work on /media/thiagola92/LinuxHD/Documents/public/learning-apache-airflow/venv/lib/python3.7/site-packages/airflow/example_dags/subdags/subdag.py
[2021-03-02 07:12:38,394] {scheduler_job.py:629} INFO - Processing file /media/thiagola92/LinuxHD/Documents/public/learning-apache-airflow/venv/lib/python3.7/site-packages/airflow/example_dags/subdags/subdag.py for tasks to queue
[2021-03-02 07:12:38,396] {logging_mixin.py:104} INFO - [2021-03-02 07:12:38,396] {dagbag.py:448} INFO - Filling up the DagBag from /media/thiagola92/LinuxHD/Documents/public/learning-apache-airflow/venv/lib/python3.7/site-packages/airflow/example_dags/subdags/subdag.py
[2021-03-02 07:12:38,403] {scheduler_job.py:641} WARNING - No viable dags retrieved from /media/thiagola92/LinuxHD/Documents/public/learning-apache-airflow/venv/lib/python3.7/site-packages/airflow/example_dags/subdags/subdag.py
[2021-03-02 07:12:38,419] {scheduler_job.py:190} INFO - Processing /media/thiagola92/LinuxHD/Documents/public/learning-apache-airflow/venv/lib/python3.7/site-packages/airflow/example_dags/subdags/subdag.py took 0.035 seconds
[2021-03-02 07:13:09,610] {scheduler_job.py:182} INFO - Started process (PID=25140) to work on /media/thiagola92/LinuxHD/Documents/public/learning-apache-airflow/venv/lib/python3.7/site-packages/airflow/example_dags/subdags/subdag.py
[2021-03-02 07:13:09,611] {scheduler_job.py:629} INFO - Processing file /media/thiagola92/LinuxHD/Documents/public/learning-apache-airflow/venv/lib/python3.7/site-packages/airflow/example_dags/subdags/subdag.py for tasks to queue
[2021-03-02 07:13:09,611] {logging_mixin.py:104} INFO - [2021-03-02 07:13:09,611] {dagbag.py:448} INFO - Filling up the DagBag from /media/thiagola92/LinuxHD/Documents/public/learning-apache-airflow/venv/lib/python3.7/site-packages/airflow/example_dags/subdags/subdag.py
[2021-03-02 07:13:09,613] {scheduler_job.py:641} WARNING - No viable dags retrieved from /media/thiagola92/LinuxHD/Documents/public/learning-apache-airflow/venv/lib/python3.7/site-packages/airflow/example_dags/subdags/subdag.py
[2021-03-02 07:13:09,617] {scheduler_job.py:190} INFO - Processing /media/thiagola92/LinuxHD/Documents/public/learning-apache-airflow/venv/lib/python3.7/site-packages/airflow/example_dags/subdags/subdag.py took 0.009 seconds
[2021-03-02 07:13:39,903] {scheduler_job.py:182} INFO - Started process (PID=25533) to work on /media/thiagola92/LinuxHD/Documents/public/learning-apache-airflow/venv/lib/python3.7/site-packages/airflow/example_dags/subdags/subdag.py
[2021-03-02 07:13:39,904] {scheduler_job.py:629} INFO - Processing file /media/thiagola92/LinuxHD/Documents/public/learning-apache-airflow/venv/lib/python3.7/site-packages/airflow/example_dags/subdags/subdag.py for tasks to queue
[2021-03-02 07:13:39,904] {logging_mixin.py:104} INFO - [2021-03-02 07:13:39,904] {dagbag.py:448} INFO - Filling up the DagBag from /media/thiagola92/LinuxHD/Documents/public/learning-apache-airflow/venv/lib/python3.7/site-packages/airflow/example_dags/subdags/subdag.py
[2021-03-02 07:13:39,905] {scheduler_job.py:641} WARNING - No viable dags retrieved from /media/thiagola92/LinuxHD/Documents/public/learning-apache-airflow/venv/lib/python3.7/site-packages/airflow/example_dags/subdags/subdag.py
[2021-03-02 07:13:39,910] {scheduler_job.py:190} INFO - Processing /media/thiagola92/LinuxHD/Documents/public/learning-apache-airflow/venv/lib/python3.7/site-packages/airflow/example_dags/subdags/subdag.py took 0.009 seconds
[2021-03-02 07:14:31,275] {scheduler_job.py:182} INFO - Started process (PID=26223) to work on /media/thiagola92/LinuxHD/Documents/public/learning-apache-airflow/venv/lib/python3.7/site-packages/airflow/example_dags/subdags/subdag.py
[2021-03-02 07:14:31,275] {scheduler_job.py:629} INFO - Processing file /media/thiagola92/LinuxHD/Documents/public/learning-apache-airflow/venv/lib/python3.7/site-packages/airflow/example_dags/subdags/subdag.py for tasks to queue
[2021-03-02 07:14:31,276] {logging_mixin.py:104} INFO - [2021-03-02 07:14:31,276] {dagbag.py:448} INFO - Filling up the DagBag from /media/thiagola92/LinuxHD/Documents/public/learning-apache-airflow/venv/lib/python3.7/site-packages/airflow/example_dags/subdags/subdag.py
[2021-03-02 07:14:31,277] {scheduler_job.py:641} WARNING - No viable dags retrieved from /media/thiagola92/LinuxHD/Documents/public/learning-apache-airflow/venv/lib/python3.7/site-packages/airflow/example_dags/subdags/subdag.py
[2021-03-02 07:14:31,281] {scheduler_job.py:190} INFO - Processing /media/thiagola92/LinuxHD/Documents/public/learning-apache-airflow/venv/lib/python3.7/site-packages/airflow/example_dags/subdags/subdag.py took 0.008 seconds
[2021-03-02 07:15:02,707] {scheduler_job.py:182} INFO - Started process (PID=26642) to work on /media/thiagola92/LinuxHD/Documents/public/learning-apache-airflow/venv/lib/python3.7/site-packages/airflow/example_dags/subdags/subdag.py
[2021-03-02 07:15:02,708] {scheduler_job.py:629} INFO - Processing file /media/thiagola92/LinuxHD/Documents/public/learning-apache-airflow/venv/lib/python3.7/site-packages/airflow/example_dags/subdags/subdag.py for tasks to queue
[2021-03-02 07:15:02,708] {logging_mixin.py:104} INFO - [2021-03-02 07:15:02,708] {dagbag.py:448} INFO - Filling up the DagBag from /media/thiagola92/LinuxHD/Documents/public/learning-apache-airflow/venv/lib/python3.7/site-packages/airflow/example_dags/subdags/subdag.py
[2021-03-02 07:15:02,710] {scheduler_job.py:641} WARNING - No viable dags retrieved from /media/thiagola92/LinuxHD/Documents/public/learning-apache-airflow/venv/lib/python3.7/site-packages/airflow/example_dags/subdags/subdag.py
[2021-03-02 07:15:02,715] {scheduler_job.py:190} INFO - Processing /media/thiagola92/LinuxHD/Documents/public/learning-apache-airflow/venv/lib/python3.7/site-packages/airflow/example_dags/subdags/subdag.py took 0.010 seconds
[2021-03-02 07:15:33,061] {scheduler_job.py:182} INFO - Started process (PID=27034) to work on /media/thiagola92/LinuxHD/Documents/public/learning-apache-airflow/venv/lib/python3.7/site-packages/airflow/example_dags/subdags/subdag.py
[2021-03-02 07:15:33,064] {scheduler_job.py:629} INFO - Processing file /media/thiagola92/LinuxHD/Documents/public/learning-apache-airflow/venv/lib/python3.7/site-packages/airflow/example_dags/subdags/subdag.py for tasks to queue
[2021-03-02 07:15:33,065] {logging_mixin.py:104} INFO - [2021-03-02 07:15:33,065] {dagbag.py:448} INFO - Filling up the DagBag from /media/thiagola92/LinuxHD/Documents/public/learning-apache-airflow/venv/lib/python3.7/site-packages/airflow/example_dags/subdags/subdag.py
[2021-03-02 07:15:33,072] {scheduler_job.py:641} WARNING - No viable dags retrieved from /media/thiagola92/LinuxHD/Documents/public/learning-apache-airflow/venv/lib/python3.7/site-packages/airflow/example_dags/subdags/subdag.py
[2021-03-02 07:15:33,085] {scheduler_job.py:190} INFO - Processing /media/thiagola92/LinuxHD/Documents/public/learning-apache-airflow/venv/lib/python3.7/site-packages/airflow/example_dags/subdags/subdag.py took 0.030 seconds
[2021-03-02 07:16:05,476] {scheduler_job.py:182} INFO - Started process (PID=27499) to work on /media/thiagola92/LinuxHD/Documents/public/learning-apache-airflow/venv/lib/python3.7/site-packages/airflow/example_dags/subdags/subdag.py
[2021-03-02 07:16:05,477] {scheduler_job.py:629} INFO - Processing file /media/thiagola92/LinuxHD/Documents/public/learning-apache-airflow/venv/lib/python3.7/site-packages/airflow/example_dags/subdags/subdag.py for tasks to queue
[2021-03-02 07:16:05,478] {logging_mixin.py:104} INFO - [2021-03-02 07:16:05,477] {dagbag.py:448} INFO - Filling up the DagBag from /media/thiagola92/LinuxHD/Documents/public/learning-apache-airflow/venv/lib/python3.7/site-packages/airflow/example_dags/subdags/subdag.py
[2021-03-02 07:16:05,479] {scheduler_job.py:641} WARNING - No viable dags retrieved from /media/thiagola92/LinuxHD/Documents/public/learning-apache-airflow/venv/lib/python3.7/site-packages/airflow/example_dags/subdags/subdag.py
[2021-03-02 07:16:05,483] {scheduler_job.py:190} INFO - Processing /media/thiagola92/LinuxHD/Documents/public/learning-apache-airflow/venv/lib/python3.7/site-packages/airflow/example_dags/subdags/subdag.py took 0.008 seconds
[2021-03-02 07:16:36,089] {scheduler_job.py:182} INFO - Started process (PID=27894) to work on /media/thiagola92/LinuxHD/Documents/public/learning-apache-airflow/venv/lib/python3.7/site-packages/airflow/example_dags/subdags/subdag.py
[2021-03-02 07:16:36,091] {scheduler_job.py:629} INFO - Processing file /media/thiagola92/LinuxHD/Documents/public/learning-apache-airflow/venv/lib/python3.7/site-packages/airflow/example_dags/subdags/subdag.py for tasks to queue
[2021-03-02 07:16:36,092] {logging_mixin.py:104} INFO - [2021-03-02 07:16:36,091] {dagbag.py:448} INFO - Filling up the DagBag from /media/thiagola92/LinuxHD/Documents/public/learning-apache-airflow/venv/lib/python3.7/site-packages/airflow/example_dags/subdags/subdag.py
[2021-03-02 07:16:36,096] {scheduler_job.py:641} WARNING - No viable dags retrieved from /media/thiagola92/LinuxHD/Documents/public/learning-apache-airflow/venv/lib/python3.7/site-packages/airflow/example_dags/subdags/subdag.py
[2021-03-02 07:16:36,106] {scheduler_job.py:190} INFO - Processing /media/thiagola92/LinuxHD/Documents/public/learning-apache-airflow/venv/lib/python3.7/site-packages/airflow/example_dags/subdags/subdag.py took 0.022 seconds
[2021-03-02 07:17:06,436] {scheduler_job.py:182} INFO - Started process (PID=28314) to work on /media/thiagola92/LinuxHD/Documents/public/learning-apache-airflow/venv/lib/python3.7/site-packages/airflow/example_dags/subdags/subdag.py
[2021-03-02 07:17:06,438] {scheduler_job.py:629} INFO - Processing file /media/thiagola92/LinuxHD/Documents/public/learning-apache-airflow/venv/lib/python3.7/site-packages/airflow/example_dags/subdags/subdag.py for tasks to queue
[2021-03-02 07:17:06,439] {logging_mixin.py:104} INFO - [2021-03-02 07:17:06,439] {dagbag.py:448} INFO - Filling up the DagBag from /media/thiagola92/LinuxHD/Documents/public/learning-apache-airflow/venv/lib/python3.7/site-packages/airflow/example_dags/subdags/subdag.py
[2021-03-02 07:17:06,444] {scheduler_job.py:641} WARNING - No viable dags retrieved from /media/thiagola92/LinuxHD/Documents/public/learning-apache-airflow/venv/lib/python3.7/site-packages/airflow/example_dags/subdags/subdag.py
[2021-03-02 07:17:06,454] {scheduler_job.py:190} INFO - Processing /media/thiagola92/LinuxHD/Documents/public/learning-apache-airflow/venv/lib/python3.7/site-packages/airflow/example_dags/subdags/subdag.py took 0.023 seconds
[2021-03-02 07:17:37,331] {scheduler_job.py:182} INFO - Started process (PID=28741) to work on /media/thiagola92/LinuxHD/Documents/public/learning-apache-airflow/venv/lib/python3.7/site-packages/airflow/example_dags/subdags/subdag.py
[2021-03-02 07:17:37,332] {scheduler_job.py:629} INFO - Processing file /media/thiagola92/LinuxHD/Documents/public/learning-apache-airflow/venv/lib/python3.7/site-packages/airflow/example_dags/subdags/subdag.py for tasks to queue
[2021-03-02 07:17:37,333] {logging_mixin.py:104} INFO - [2021-03-02 07:17:37,333] {dagbag.py:448} INFO - Filling up the DagBag from /media/thiagola92/LinuxHD/Documents/public/learning-apache-airflow/venv/lib/python3.7/site-packages/airflow/example_dags/subdags/subdag.py
[2021-03-02 07:17:37,338] {scheduler_job.py:641} WARNING - No viable dags retrieved from /media/thiagola92/LinuxHD/Documents/public/learning-apache-airflow/venv/lib/python3.7/site-packages/airflow/example_dags/subdags/subdag.py
[2021-03-02 07:17:37,347] {scheduler_job.py:190} INFO - Processing /media/thiagola92/LinuxHD/Documents/public/learning-apache-airflow/venv/lib/python3.7/site-packages/airflow/example_dags/subdags/subdag.py took 0.021 seconds
[2021-03-02 07:21:37,553] {scheduler_job.py:182} INFO - Started process (PID=31859) to work on /media/thiagola92/LinuxHD/Documents/public/learning-apache-airflow/venv/lib/python3.7/site-packages/airflow/example_dags/subdags/subdag.py
[2021-03-02 07:21:37,554] {scheduler_job.py:629} INFO - Processing file /media/thiagola92/LinuxHD/Documents/public/learning-apache-airflow/venv/lib/python3.7/site-packages/airflow/example_dags/subdags/subdag.py for tasks to queue
[2021-03-02 07:21:37,555] {logging_mixin.py:104} INFO - [2021-03-02 07:21:37,554] {dagbag.py:448} INFO - Filling up the DagBag from /media/thiagola92/LinuxHD/Documents/public/learning-apache-airflow/venv/lib/python3.7/site-packages/airflow/example_dags/subdags/subdag.py
[2021-03-02 07:21:37,557] {scheduler_job.py:641} WARNING - No viable dags retrieved from /media/thiagola92/LinuxHD/Documents/public/learning-apache-airflow/venv/lib/python3.7/site-packages/airflow/example_dags/subdags/subdag.py
[2021-03-02 07:21:37,563] {scheduler_job.py:190} INFO - Processing /media/thiagola92/LinuxHD/Documents/public/learning-apache-airflow/venv/lib/python3.7/site-packages/airflow/example_dags/subdags/subdag.py took 0.014 seconds
[2021-03-02 07:22:08,109] {scheduler_job.py:182} INFO - Started process (PID=32225) to work on /media/thiagola92/LinuxHD/Documents/public/learning-apache-airflow/venv/lib/python3.7/site-packages/airflow/example_dags/subdags/subdag.py
[2021-03-02 07:22:08,111] {scheduler_job.py:629} INFO - Processing file /media/thiagola92/LinuxHD/Documents/public/learning-apache-airflow/venv/lib/python3.7/site-packages/airflow/example_dags/subdags/subdag.py for tasks to queue
[2021-03-02 07:22:08,113] {logging_mixin.py:104} INFO - [2021-03-02 07:22:08,113] {dagbag.py:448} INFO - Filling up the DagBag from /media/thiagola92/LinuxHD/Documents/public/learning-apache-airflow/venv/lib/python3.7/site-packages/airflow/example_dags/subdags/subdag.py
[2021-03-02 07:22:08,117] {scheduler_job.py:641} WARNING - No viable dags retrieved from /media/thiagola92/LinuxHD/Documents/public/learning-apache-airflow/venv/lib/python3.7/site-packages/airflow/example_dags/subdags/subdag.py
[2021-03-02 07:22:08,125] {scheduler_job.py:190} INFO - Processing /media/thiagola92/LinuxHD/Documents/public/learning-apache-airflow/venv/lib/python3.7/site-packages/airflow/example_dags/subdags/subdag.py took 0.023 seconds
[2021-03-02 07:22:38,524] {scheduler_job.py:182} INFO - Started process (PID=32640) to work on /media/thiagola92/LinuxHD/Documents/public/learning-apache-airflow/venv/lib/python3.7/site-packages/airflow/example_dags/subdags/subdag.py
[2021-03-02 07:22:38,525] {scheduler_job.py:629} INFO - Processing file /media/thiagola92/LinuxHD/Documents/public/learning-apache-airflow/venv/lib/python3.7/site-packages/airflow/example_dags/subdags/subdag.py for tasks to queue
[2021-03-02 07:22:38,526] {logging_mixin.py:104} INFO - [2021-03-02 07:22:38,526] {dagbag.py:448} INFO - Filling up the DagBag from /media/thiagola92/LinuxHD/Documents/public/learning-apache-airflow/venv/lib/python3.7/site-packages/airflow/example_dags/subdags/subdag.py
[2021-03-02 07:22:38,528] {scheduler_job.py:641} WARNING - No viable dags retrieved from /media/thiagola92/LinuxHD/Documents/public/learning-apache-airflow/venv/lib/python3.7/site-packages/airflow/example_dags/subdags/subdag.py
[2021-03-02 07:22:38,532] {scheduler_job.py:190} INFO - Processing /media/thiagola92/LinuxHD/Documents/public/learning-apache-airflow/venv/lib/python3.7/site-packages/airflow/example_dags/subdags/subdag.py took 0.010 seconds
[2021-03-02 07:23:08,641] {scheduler_job.py:182} INFO - Started process (PID=33097) to work on /media/thiagola92/LinuxHD/Documents/public/learning-apache-airflow/venv/lib/python3.7/site-packages/airflow/example_dags/subdags/subdag.py
[2021-03-02 07:23:08,642] {scheduler_job.py:629} INFO - Processing file /media/thiagola92/LinuxHD/Documents/public/learning-apache-airflow/venv/lib/python3.7/site-packages/airflow/example_dags/subdags/subdag.py for tasks to queue
[2021-03-02 07:23:08,642] {logging_mixin.py:104} INFO - [2021-03-02 07:23:08,642] {dagbag.py:448} INFO - Filling up the DagBag from /media/thiagola92/LinuxHD/Documents/public/learning-apache-airflow/venv/lib/python3.7/site-packages/airflow/example_dags/subdags/subdag.py
[2021-03-02 07:23:08,644] {scheduler_job.py:641} WARNING - No viable dags retrieved from /media/thiagola92/LinuxHD/Documents/public/learning-apache-airflow/venv/lib/python3.7/site-packages/airflow/example_dags/subdags/subdag.py
[2021-03-02 07:23:08,648] {scheduler_job.py:190} INFO - Processing /media/thiagola92/LinuxHD/Documents/public/learning-apache-airflow/venv/lib/python3.7/site-packages/airflow/example_dags/subdags/subdag.py took 0.008 seconds
[2021-03-02 07:23:39,463] {scheduler_job.py:182} INFO - Started process (PID=33598) to work on /media/thiagola92/LinuxHD/Documents/public/learning-apache-airflow/venv/lib/python3.7/site-packages/airflow/example_dags/subdags/subdag.py
[2021-03-02 07:23:39,464] {scheduler_job.py:629} INFO - Processing file /media/thiagola92/LinuxHD/Documents/public/learning-apache-airflow/venv/lib/python3.7/site-packages/airflow/example_dags/subdags/subdag.py for tasks to queue
[2021-03-02 07:23:39,465] {logging_mixin.py:104} INFO - [2021-03-02 07:23:39,464] {dagbag.py:448} INFO - Filling up the DagBag from /media/thiagola92/LinuxHD/Documents/public/learning-apache-airflow/venv/lib/python3.7/site-packages/airflow/example_dags/subdags/subdag.py
[2021-03-02 07:23:39,466] {scheduler_job.py:641} WARNING - No viable dags retrieved from /media/thiagola92/LinuxHD/Documents/public/learning-apache-airflow/venv/lib/python3.7/site-packages/airflow/example_dags/subdags/subdag.py
[2021-03-02 07:23:39,471] {scheduler_job.py:190} INFO - Processing /media/thiagola92/LinuxHD/Documents/public/learning-apache-airflow/venv/lib/python3.7/site-packages/airflow/example_dags/subdags/subdag.py took 0.010 seconds
