[2021-03-02 07:17:44,110] {taskinstance.py:851} INFO - Dependencies all met for <TaskInstance: example_bash_operator.runme_0 2021-03-02T10:17:42.764137+00:00 [queued]>
[2021-03-02 07:17:44,115] {taskinstance.py:851} INFO - Dependencies all met for <TaskInstance: example_bash_operator.runme_0 2021-03-02T10:17:42.764137+00:00 [queued]>
[2021-03-02 07:17:44,115] {taskinstance.py:1042} INFO - 
--------------------------------------------------------------------------------
[2021-03-02 07:17:44,115] {taskinstance.py:1043} INFO - Starting attempt 1 of 1
[2021-03-02 07:17:44,115] {taskinstance.py:1044} INFO - 
--------------------------------------------------------------------------------
[2021-03-02 07:17:44,205] {taskinstance.py:1063} INFO - Executing <Task(BashOperator): runme_0> on 2021-03-02T10:17:42.764137+00:00
[2021-03-02 07:17:44,206] {standard_task_runner.py:52} INFO - Started process 28829 to run task
[2021-03-02 07:17:44,208] {standard_task_runner.py:76} INFO - Running: ['airflow', 'tasks', 'run', 'example_bash_operator', 'runme_0', '2021-03-02T10:17:42.764137+00:00', '--job-id', '12', '--pool', 'default_pool', '--raw', '--subdir', '/media/thiagola92/LinuxHD/Documents/public/learning-apache-airflow/venv/lib/python3.7/site-packages/airflow/example_dags/example_bash_operator.py', '--cfg-path', '/tmp/tmp3fno8j55', '--error-file', '/tmp/tmp6is1wcvf']
[2021-03-02 07:17:44,209] {standard_task_runner.py:77} INFO - Job 12: Subtask runme_0
[2021-03-02 07:17:44,307] {logging_mixin.py:104} INFO - Running <TaskInstance: example_bash_operator.runme_0 2021-03-02T10:17:42.764137+00:00 [running]> on host thiagola92-ubuntu
[2021-03-02 07:17:44,413] {taskinstance.py:1257} INFO - Exporting the following env vars:
AIRFLOW_CTX_DAG_OWNER=airflow
AIRFLOW_CTX_DAG_ID=example_bash_operator
AIRFLOW_CTX_TASK_ID=runme_0
AIRFLOW_CTX_EXECUTION_DATE=2021-03-02T10:17:42.764137+00:00
AIRFLOW_CTX_DAG_RUN_ID=manual__2021-03-02T10:17:42.764137+00:00
[2021-03-02 07:17:44,413] {bash.py:135} INFO - Tmp dir root location: 
 /tmp
[2021-03-02 07:17:44,414] {bash.py:158} INFO - Running command: echo "example_bash_operator__runme_0__20210302" && sleep 1
[2021-03-02 07:17:44,417] {bash.py:169} INFO - Output:
[2021-03-02 07:17:44,418] {bash.py:173} INFO - example_bash_operator__runme_0__20210302
[2021-03-02 07:17:45,419] {bash.py:177} INFO - Command exited with return code 0
[2021-03-02 07:17:45,522] {taskinstance.py:1166} INFO - Marking task as SUCCESS. dag_id=example_bash_operator, task_id=runme_0, execution_date=20210302T101742, start_date=20210302T101744, end_date=20210302T101745
[2021-03-02 07:17:45,645] {taskinstance.py:1220} INFO - 0 downstream tasks scheduled from follow-on schedule check
[2021-03-02 07:17:45,665] {local_task_job.py:146} INFO - Task exited with return code 0
