[2021-03-02 07:14:07,046] {taskinstance.py:851} INFO - Dependencies all met for <TaskInstance: example_bash_operator.also_run_this 2021-03-01T00:00:00+00:00 [queued]>
[2021-03-02 07:14:07,053] {taskinstance.py:851} INFO - Dependencies all met for <TaskInstance: example_bash_operator.also_run_this 2021-03-01T00:00:00+00:00 [queued]>
[2021-03-02 07:14:07,054] {taskinstance.py:1042} INFO - 
--------------------------------------------------------------------------------
[2021-03-02 07:14:07,054] {taskinstance.py:1043} INFO - Starting attempt 1 of 1
[2021-03-02 07:14:07,054] {taskinstance.py:1044} INFO - 
--------------------------------------------------------------------------------
[2021-03-02 07:14:07,145] {taskinstance.py:1063} INFO - Executing <Task(BashOperator): also_run_this> on 2021-03-01T00:00:00+00:00
[2021-03-02 07:14:07,150] {standard_task_runner.py:52} INFO - Started process 25904 to run task
[2021-03-02 07:14:07,160] {standard_task_runner.py:76} INFO - Running: ['airflow', 'tasks', 'run', 'example_bash_operator', 'also_run_this', '2021-03-01T00:00:00+00:00', '--job-id', '10', '--pool', 'default_pool', '--raw', '--subdir', '/media/thiagola92/LinuxHD/Documents/public/learning-apache-airflow/venv/lib/python3.7/site-packages/airflow/example_dags/example_bash_operator.py', '--cfg-path', '/tmp/tmp5k_gc61p', '--error-file', '/tmp/tmpczin9e7c']
[2021-03-02 07:14:07,161] {standard_task_runner.py:77} INFO - Job 10: Subtask also_run_this
[2021-03-02 07:14:07,299] {logging_mixin.py:104} INFO - Running <TaskInstance: example_bash_operator.also_run_this 2021-03-01T00:00:00+00:00 [running]> on host thiagola92-ubuntu
[2021-03-02 07:14:07,410] {taskinstance.py:1257} INFO - Exporting the following env vars:
AIRFLOW_CTX_DAG_OWNER=airflow
AIRFLOW_CTX_DAG_ID=example_bash_operator
AIRFLOW_CTX_TASK_ID=also_run_this
AIRFLOW_CTX_EXECUTION_DATE=2021-03-01T00:00:00+00:00
AIRFLOW_CTX_DAG_RUN_ID=scheduled__2021-03-01T00:00:00+00:00
[2021-03-02 07:14:07,411] {bash.py:135} INFO - Tmp dir root location: 
 /tmp
[2021-03-02 07:14:07,413] {bash.py:158} INFO - Running command: echo "run_id=scheduled__2021-03-01T00:00:00+00:00 | dag_run=<DagRun example_bash_operator @ 2021-03-01 00:00:00+00:00: scheduled__2021-03-01T00:00:00+00:00, externally triggered: False>"
[2021-03-02 07:14:07,424] {bash.py:169} INFO - Output:
[2021-03-02 07:14:07,427] {bash.py:173} INFO - run_id=scheduled__2021-03-01T00:00:00+00:00 | dag_run=<DagRun example_bash_operator @ 2021-03-01 00:00:00+00:00: scheduled__2021-03-01T00:00:00+00:00, externally triggered: False>
[2021-03-02 07:14:07,427] {bash.py:177} INFO - Command exited with return code 0
[2021-03-02 07:14:07,529] {taskinstance.py:1166} INFO - Marking task as SUCCESS. dag_id=example_bash_operator, task_id=also_run_this, execution_date=20210301T000000, start_date=20210302T101407, end_date=20210302T101407
[2021-03-02 07:14:07,651] {taskinstance.py:1220} INFO - 0 downstream tasks scheduled from follow-on schedule check
[2021-03-02 07:14:07,691] {local_task_job.py:146} INFO - Task exited with return code 0
