[2021-03-02 07:17:54,324] {taskinstance.py:851} INFO - Dependencies all met for <TaskInstance: example_bash_operator.run_after_loop 2021-03-02T10:17:42.764137+00:00 [queued]>
[2021-03-02 07:17:54,329] {taskinstance.py:851} INFO - Dependencies all met for <TaskInstance: example_bash_operator.run_after_loop 2021-03-02T10:17:42.764137+00:00 [queued]>
[2021-03-02 07:17:54,329] {taskinstance.py:1042} INFO - 
--------------------------------------------------------------------------------
[2021-03-02 07:17:54,329] {taskinstance.py:1043} INFO - Starting attempt 1 of 1
[2021-03-02 07:17:54,329] {taskinstance.py:1044} INFO - 
--------------------------------------------------------------------------------
[2021-03-02 07:17:54,466] {taskinstance.py:1063} INFO - Executing <Task(BashOperator): run_after_loop> on 2021-03-02T10:17:42.764137+00:00
[2021-03-02 07:17:54,468] {standard_task_runner.py:52} INFO - Started process 28965 to run task
[2021-03-02 07:17:54,474] {standard_task_runner.py:76} INFO - Running: ['airflow', 'tasks', 'run', 'example_bash_operator', 'run_after_loop', '2021-03-02T10:17:42.764137+00:00', '--job-id', '16', '--pool', 'default_pool', '--raw', '--subdir', '/media/thiagola92/LinuxHD/Documents/public/learning-apache-airflow/venv/lib/python3.7/site-packages/airflow/example_dags/example_bash_operator.py', '--cfg-path', '/tmp/tmpr96lc1h_', '--error-file', '/tmp/tmp75k02w5r']
[2021-03-02 07:17:54,474] {standard_task_runner.py:77} INFO - Job 16: Subtask run_after_loop
[2021-03-02 07:17:54,568] {logging_mixin.py:104} INFO - Running <TaskInstance: example_bash_operator.run_after_loop 2021-03-02T10:17:42.764137+00:00 [running]> on host thiagola92-ubuntu
[2021-03-02 07:17:54,684] {taskinstance.py:1257} INFO - Exporting the following env vars:
AIRFLOW_CTX_DAG_OWNER=airflow
AIRFLOW_CTX_DAG_ID=example_bash_operator
AIRFLOW_CTX_TASK_ID=run_after_loop
AIRFLOW_CTX_EXECUTION_DATE=2021-03-02T10:17:42.764137+00:00
AIRFLOW_CTX_DAG_RUN_ID=manual__2021-03-02T10:17:42.764137+00:00
[2021-03-02 07:17:54,684] {bash.py:135} INFO - Tmp dir root location: 
 /tmp
[2021-03-02 07:17:54,685] {bash.py:158} INFO - Running command: echo 1
[2021-03-02 07:17:54,689] {bash.py:169} INFO - Output:
[2021-03-02 07:17:54,690] {bash.py:173} INFO - 1
[2021-03-02 07:17:54,690] {bash.py:177} INFO - Command exited with return code 0
[2021-03-02 07:17:54,816] {taskinstance.py:1166} INFO - Marking task as SUCCESS. dag_id=example_bash_operator, task_id=run_after_loop, execution_date=20210302T101742, start_date=20210302T101754, end_date=20210302T101754
[2021-03-02 07:17:55,033] {taskinstance.py:1220} INFO - 1 downstream tasks scheduled from follow-on schedule check
[2021-03-02 07:17:55,044] {local_task_job.py:146} INFO - Task exited with return code 0
