[2021-03-02 07:17:52,052] {taskinstance.py:851} INFO - Dependencies all met for <TaskInstance: example_bash_operator.also_run_this 2021-03-02T10:17:42.764137+00:00 [queued]>
[2021-03-02 07:17:52,063] {taskinstance.py:851} INFO - Dependencies all met for <TaskInstance: example_bash_operator.also_run_this 2021-03-02T10:17:42.764137+00:00 [queued]>
[2021-03-02 07:17:52,064] {taskinstance.py:1042} INFO - 
--------------------------------------------------------------------------------
[2021-03-02 07:17:52,064] {taskinstance.py:1043} INFO - Starting attempt 1 of 1
[2021-03-02 07:17:52,064] {taskinstance.py:1044} INFO - 
--------------------------------------------------------------------------------
[2021-03-02 07:17:52,174] {taskinstance.py:1063} INFO - Executing <Task(BashOperator): also_run_this> on 2021-03-02T10:17:42.764137+00:00
[2021-03-02 07:17:52,178] {standard_task_runner.py:52} INFO - Started process 28936 to run task
[2021-03-02 07:17:52,185] {standard_task_runner.py:76} INFO - Running: ['airflow', 'tasks', 'run', 'example_bash_operator', 'also_run_this', '2021-03-02T10:17:42.764137+00:00', '--job-id', '15', '--pool', 'default_pool', '--raw', '--subdir', '/media/thiagola92/LinuxHD/Documents/public/learning-apache-airflow/venv/lib/python3.7/site-packages/airflow/example_dags/example_bash_operator.py', '--cfg-path', '/tmp/tmpv82bwcc_', '--error-file', '/tmp/tmplw37dznf']
[2021-03-02 07:17:52,186] {standard_task_runner.py:77} INFO - Job 15: Subtask also_run_this
[2021-03-02 07:17:52,305] {logging_mixin.py:104} INFO - Running <TaskInstance: example_bash_operator.also_run_this 2021-03-02T10:17:42.764137+00:00 [running]> on host thiagola92-ubuntu
[2021-03-02 07:17:52,422] {taskinstance.py:1257} INFO - Exporting the following env vars:
AIRFLOW_CTX_DAG_OWNER=airflow
AIRFLOW_CTX_DAG_ID=example_bash_operator
AIRFLOW_CTX_TASK_ID=also_run_this
AIRFLOW_CTX_EXECUTION_DATE=2021-03-02T10:17:42.764137+00:00
AIRFLOW_CTX_DAG_RUN_ID=manual__2021-03-02T10:17:42.764137+00:00
[2021-03-02 07:17:52,423] {bash.py:135} INFO - Tmp dir root location: 
 /tmp
[2021-03-02 07:17:52,425] {bash.py:158} INFO - Running command: echo "run_id=manual__2021-03-02T10:17:42.764137+00:00 | dag_run=<DagRun example_bash_operator @ 2021-03-02 10:17:42.764137+00:00: manual__2021-03-02T10:17:42.764137+00:00, externally triggered: True>"
[2021-03-02 07:17:52,436] {bash.py:169} INFO - Output:
[2021-03-02 07:17:52,439] {bash.py:173} INFO - run_id=manual__2021-03-02T10:17:42.764137+00:00 | dag_run=<DagRun example_bash_operator @ 2021-03-02 10:17:42.764137+00:00: manual__2021-03-02T10:17:42.764137+00:00, externally triggered: True>
[2021-03-02 07:17:52,439] {bash.py:177} INFO - Command exited with return code 0
[2021-03-02 07:17:52,551] {taskinstance.py:1166} INFO - Marking task as SUCCESS. dag_id=example_bash_operator, task_id=also_run_this, execution_date=20210302T101742, start_date=20210302T101752, end_date=20210302T101752
[2021-03-02 07:17:52,659] {taskinstance.py:1220} INFO - 0 downstream tasks scheduled from follow-on schedule check
[2021-03-02 07:17:52,686] {local_task_job.py:146} INFO - Task exited with return code 0
