[2021-03-02 07:14:01,950] {taskinstance.py:851} INFO - Dependencies all met for <TaskInstance: example_bash_operator.runme_2 2021-03-01T00:00:00+00:00 [queued]>
[2021-03-02 07:14:01,954] {taskinstance.py:851} INFO - Dependencies all met for <TaskInstance: example_bash_operator.runme_2 2021-03-01T00:00:00+00:00 [queued]>
[2021-03-02 07:14:01,955] {taskinstance.py:1042} INFO - 
--------------------------------------------------------------------------------
[2021-03-02 07:14:01,955] {taskinstance.py:1043} INFO - Starting attempt 1 of 1
[2021-03-02 07:14:01,955] {taskinstance.py:1044} INFO - 
--------------------------------------------------------------------------------
[2021-03-02 07:14:02,084] {taskinstance.py:1063} INFO - Executing <Task(BashOperator): runme_2> on 2021-03-01T00:00:00+00:00
[2021-03-02 07:14:02,086] {standard_task_runner.py:52} INFO - Started process 25834 to run task
[2021-03-02 07:14:02,088] {standard_task_runner.py:76} INFO - Running: ['airflow', 'tasks', 'run', 'example_bash_operator', 'runme_2', '2021-03-01T00:00:00+00:00', '--job-id', '8', '--pool', 'default_pool', '--raw', '--subdir', '/media/thiagola92/LinuxHD/Documents/public/learning-apache-airflow/venv/lib/python3.7/site-packages/airflow/example_dags/example_bash_operator.py', '--cfg-path', '/tmp/tmpxhd80iq4', '--error-file', '/tmp/tmpwzbzir9c']
[2021-03-02 07:14:02,089] {standard_task_runner.py:77} INFO - Job 8: Subtask runme_2
[2021-03-02 07:14:02,196] {logging_mixin.py:104} INFO - Running <TaskInstance: example_bash_operator.runme_2 2021-03-01T00:00:00+00:00 [running]> on host thiagola92-ubuntu
[2021-03-02 07:14:02,308] {taskinstance.py:1257} INFO - Exporting the following env vars:
AIRFLOW_CTX_DAG_OWNER=airflow
AIRFLOW_CTX_DAG_ID=example_bash_operator
AIRFLOW_CTX_TASK_ID=runme_2
AIRFLOW_CTX_EXECUTION_DATE=2021-03-01T00:00:00+00:00
AIRFLOW_CTX_DAG_RUN_ID=scheduled__2021-03-01T00:00:00+00:00
[2021-03-02 07:14:02,309] {bash.py:135} INFO - Tmp dir root location: 
 /tmp
[2021-03-02 07:14:02,311] {bash.py:158} INFO - Running command: echo "example_bash_operator__runme_2__20210301" && sleep 1
[2021-03-02 07:14:02,321] {bash.py:169} INFO - Output:
[2021-03-02 07:14:02,323] {bash.py:173} INFO - example_bash_operator__runme_2__20210301
[2021-03-02 07:14:03,325] {bash.py:177} INFO - Command exited with return code 0
[2021-03-02 07:14:03,420] {taskinstance.py:1166} INFO - Marking task as SUCCESS. dag_id=example_bash_operator, task_id=runme_2, execution_date=20210301T000000, start_date=20210302T101401, end_date=20210302T101403
[2021-03-02 07:14:03,625] {taskinstance.py:1220} INFO - 1 downstream tasks scheduled from follow-on schedule check
[2021-03-02 07:14:03,665] {local_task_job.py:146} INFO - Task exited with return code 0
