[2021-03-02 07:13:56,538] {taskinstance.py:851} INFO - Dependencies all met for <TaskInstance: example_bash_operator.runme_0 2021-03-01T00:00:00+00:00 [queued]>
[2021-03-02 07:13:56,545] {taskinstance.py:851} INFO - Dependencies all met for <TaskInstance: example_bash_operator.runme_0 2021-03-01T00:00:00+00:00 [queued]>
[2021-03-02 07:13:56,545] {taskinstance.py:1042} INFO - 
--------------------------------------------------------------------------------
[2021-03-02 07:13:56,545] {taskinstance.py:1043} INFO - Starting attempt 1 of 1
[2021-03-02 07:13:56,545] {taskinstance.py:1044} INFO - 
--------------------------------------------------------------------------------
[2021-03-02 07:13:56,676] {taskinstance.py:1063} INFO - Executing <Task(BashOperator): runme_0> on 2021-03-01T00:00:00+00:00
[2021-03-02 07:13:56,680] {standard_task_runner.py:52} INFO - Started process 25756 to run task
[2021-03-02 07:13:56,689] {standard_task_runner.py:76} INFO - Running: ['airflow', 'tasks', 'run', 'example_bash_operator', 'runme_0', '2021-03-01T00:00:00+00:00', '--job-id', '6', '--pool', 'default_pool', '--raw', '--subdir', '/media/thiagola92/LinuxHD/Documents/public/learning-apache-airflow/venv/lib/python3.7/site-packages/airflow/example_dags/example_bash_operator.py', '--cfg-path', '/tmp/tmpgi0nouap', '--error-file', '/tmp/tmp33ltk36v']
[2021-03-02 07:13:56,691] {standard_task_runner.py:77} INFO - Job 6: Subtask runme_0
[2021-03-02 07:13:56,884] {logging_mixin.py:104} INFO - Running <TaskInstance: example_bash_operator.runme_0 2021-03-01T00:00:00+00:00 [running]> on host thiagola92-ubuntu
[2021-03-02 07:13:56,998] {taskinstance.py:1257} INFO - Exporting the following env vars:
AIRFLOW_CTX_DAG_OWNER=airflow
AIRFLOW_CTX_DAG_ID=example_bash_operator
AIRFLOW_CTX_TASK_ID=runme_0
AIRFLOW_CTX_EXECUTION_DATE=2021-03-01T00:00:00+00:00
AIRFLOW_CTX_DAG_RUN_ID=scheduled__2021-03-01T00:00:00+00:00
[2021-03-02 07:13:56,999] {bash.py:135} INFO - Tmp dir root location: 
 /tmp
[2021-03-02 07:13:57,001] {bash.py:158} INFO - Running command: echo "example_bash_operator__runme_0__20210301" && sleep 1
[2021-03-02 07:13:57,011] {bash.py:169} INFO - Output:
[2021-03-02 07:13:57,014] {bash.py:173} INFO - example_bash_operator__runme_0__20210301
[2021-03-02 07:13:58,016] {bash.py:177} INFO - Command exited with return code 0
[2021-03-02 07:13:58,099] {taskinstance.py:1166} INFO - Marking task as SUCCESS. dag_id=example_bash_operator, task_id=runme_0, execution_date=20210301T000000, start_date=20210302T101356, end_date=20210302T101358
[2021-03-02 07:13:58,249] {taskinstance.py:1220} INFO - 0 downstream tasks scheduled from follow-on schedule check
[2021-03-02 07:13:58,262] {local_task_job.py:146} INFO - Task exited with return code 0
