[2021-03-02 07:13:59,291] {taskinstance.py:851} INFO - Dependencies all met for <TaskInstance: example_bash_operator.runme_1 2021-03-01T00:00:00+00:00 [queued]>
[2021-03-02 07:13:59,298] {taskinstance.py:851} INFO - Dependencies all met for <TaskInstance: example_bash_operator.runme_1 2021-03-01T00:00:00+00:00 [queued]>
[2021-03-02 07:13:59,298] {taskinstance.py:1042} INFO - 
--------------------------------------------------------------------------------
[2021-03-02 07:13:59,298] {taskinstance.py:1043} INFO - Starting attempt 1 of 1
[2021-03-02 07:13:59,299] {taskinstance.py:1044} INFO - 
--------------------------------------------------------------------------------
[2021-03-02 07:13:59,383] {taskinstance.py:1063} INFO - Executing <Task(BashOperator): runme_1> on 2021-03-01T00:00:00+00:00
[2021-03-02 07:13:59,385] {standard_task_runner.py:52} INFO - Started process 25795 to run task
[2021-03-02 07:13:59,387] {standard_task_runner.py:76} INFO - Running: ['airflow', 'tasks', 'run', 'example_bash_operator', 'runme_1', '2021-03-01T00:00:00+00:00', '--job-id', '7', '--pool', 'default_pool', '--raw', '--subdir', '/media/thiagola92/LinuxHD/Documents/public/learning-apache-airflow/venv/lib/python3.7/site-packages/airflow/example_dags/example_bash_operator.py', '--cfg-path', '/tmp/tmp77bznpbh', '--error-file', '/tmp/tmpbx7yjnua']
[2021-03-02 07:13:59,387] {standard_task_runner.py:77} INFO - Job 7: Subtask runme_1
[2021-03-02 07:13:59,525] {logging_mixin.py:104} INFO - Running <TaskInstance: example_bash_operator.runme_1 2021-03-01T00:00:00+00:00 [running]> on host thiagola92-ubuntu
[2021-03-02 07:13:59,640] {taskinstance.py:1257} INFO - Exporting the following env vars:
AIRFLOW_CTX_DAG_OWNER=airflow
AIRFLOW_CTX_DAG_ID=example_bash_operator
AIRFLOW_CTX_TASK_ID=runme_1
AIRFLOW_CTX_EXECUTION_DATE=2021-03-01T00:00:00+00:00
AIRFLOW_CTX_DAG_RUN_ID=scheduled__2021-03-01T00:00:00+00:00
[2021-03-02 07:13:59,641] {bash.py:135} INFO - Tmp dir root location: 
 /tmp
[2021-03-02 07:13:59,643] {bash.py:158} INFO - Running command: echo "example_bash_operator__runme_1__20210301" && sleep 1
[2021-03-02 07:13:59,654] {bash.py:169} INFO - Output:
[2021-03-02 07:13:59,655] {bash.py:173} INFO - example_bash_operator__runme_1__20210301
[2021-03-02 07:14:00,657] {bash.py:177} INFO - Command exited with return code 0
[2021-03-02 07:14:00,767] {taskinstance.py:1166} INFO - Marking task as SUCCESS. dag_id=example_bash_operator, task_id=runme_1, execution_date=20210301T000000, start_date=20210302T101359, end_date=20210302T101400
[2021-03-02 07:14:00,904] {taskinstance.py:1220} INFO - 0 downstream tasks scheduled from follow-on schedule check
[2021-03-02 07:14:00,924] {local_task_job.py:146} INFO - Task exited with return code 0
