[2021-03-02 07:17:49,314] {taskinstance.py:851} INFO - Dependencies all met for <TaskInstance: example_bash_operator.runme_2 2021-03-02T10:17:42.764137+00:00 [queued]>
[2021-03-02 07:17:49,334] {taskinstance.py:851} INFO - Dependencies all met for <TaskInstance: example_bash_operator.runme_2 2021-03-02T10:17:42.764137+00:00 [queued]>
[2021-03-02 07:17:49,336] {taskinstance.py:1042} INFO - 
--------------------------------------------------------------------------------
[2021-03-02 07:17:49,337] {taskinstance.py:1043} INFO - Starting attempt 1 of 1
[2021-03-02 07:17:49,338] {taskinstance.py:1044} INFO - 
--------------------------------------------------------------------------------
[2021-03-02 07:17:49,448] {taskinstance.py:1063} INFO - Executing <Task(BashOperator): runme_2> on 2021-03-02T10:17:42.764137+00:00
[2021-03-02 07:17:49,449] {standard_task_runner.py:52} INFO - Started process 28902 to run task
[2021-03-02 07:17:49,455] {standard_task_runner.py:76} INFO - Running: ['airflow', 'tasks', 'run', 'example_bash_operator', 'runme_2', '2021-03-02T10:17:42.764137+00:00', '--job-id', '14', '--pool', 'default_pool', '--raw', '--subdir', '/media/thiagola92/LinuxHD/Documents/public/learning-apache-airflow/venv/lib/python3.7/site-packages/airflow/example_dags/example_bash_operator.py', '--cfg-path', '/tmp/tmpsjnifuv_', '--error-file', '/tmp/tmpw4lghuab']
[2021-03-02 07:17:49,455] {standard_task_runner.py:77} INFO - Job 14: Subtask runme_2
[2021-03-02 07:17:49,586] {logging_mixin.py:104} INFO - Running <TaskInstance: example_bash_operator.runme_2 2021-03-02T10:17:42.764137+00:00 [running]> on host thiagola92-ubuntu
[2021-03-02 07:17:49,715] {taskinstance.py:1257} INFO - Exporting the following env vars:
AIRFLOW_CTX_DAG_OWNER=airflow
AIRFLOW_CTX_DAG_ID=example_bash_operator
AIRFLOW_CTX_TASK_ID=runme_2
AIRFLOW_CTX_EXECUTION_DATE=2021-03-02T10:17:42.764137+00:00
AIRFLOW_CTX_DAG_RUN_ID=manual__2021-03-02T10:17:42.764137+00:00
[2021-03-02 07:17:49,715] {bash.py:135} INFO - Tmp dir root location: 
 /tmp
[2021-03-02 07:17:49,715] {bash.py:158} INFO - Running command: echo "example_bash_operator__runme_2__20210302" && sleep 1
[2021-03-02 07:17:49,719] {bash.py:169} INFO - Output:
[2021-03-02 07:17:49,720] {bash.py:173} INFO - example_bash_operator__runme_2__20210302
[2021-03-02 07:17:50,721] {bash.py:177} INFO - Command exited with return code 0
[2021-03-02 07:17:50,811] {taskinstance.py:1166} INFO - Marking task as SUCCESS. dag_id=example_bash_operator, task_id=runme_2, execution_date=20210302T101742, start_date=20210302T101749, end_date=20210302T101750
[2021-03-02 07:17:51,030] {taskinstance.py:1220} INFO - 1 downstream tasks scheduled from follow-on schedule check
[2021-03-02 07:17:51,069] {local_task_job.py:146} INFO - Task exited with return code 0
